ARM GAS  /tmp/ccVMDGpl.s 			page 1


   1              		.cpu cortex-m7
   2              		.eabi_attribute 28, 1
   3              		.eabi_attribute 20, 1
   4              		.eabi_attribute 21, 1
   5              		.eabi_attribute 23, 3
   6              		.eabi_attribute 24, 1
   7              		.eabi_attribute 25, 1
   8              		.eabi_attribute 26, 1
   9              		.eabi_attribute 30, 6
  10              		.eabi_attribute 34, 1
  11              		.eabi_attribute 18, 4
  12              		.file	"arm_mult_f32.c"
  13              		.text
  14              	.Ltext0:
  15              		.cfi_sections	.debug_frame
  16              		.section	.text.arm_mult_f32,"ax",%progbits
  17              		.align	1
  18              		.global	arm_mult_f32
  19              		.arch armv7e-m
  20              		.syntax unified
  21              		.thumb
  22              		.thumb_func
  23              		.fpu fpv5-d16
  25              	arm_mult_f32:
  26              	.LFB145:
  27              		.file 1 "./Libraries/CMSIS/DSP/Source/BasicMathFunctions/arm_mult_f32.c"
   1:./Libraries/CMSIS/DSP/Source/BasicMathFunctions/arm_mult_f32.c **** /* ----------------------------------------------------------------------
   2:./Libraries/CMSIS/DSP/Source/BasicMathFunctions/arm_mult_f32.c ****  * Project:      CMSIS DSP Library
   3:./Libraries/CMSIS/DSP/Source/BasicMathFunctions/arm_mult_f32.c ****  * Title:        arm_mult_f32.c
   4:./Libraries/CMSIS/DSP/Source/BasicMathFunctions/arm_mult_f32.c ****  * Description:  Floating-point vector multiplication
   5:./Libraries/CMSIS/DSP/Source/BasicMathFunctions/arm_mult_f32.c ****  *
   6:./Libraries/CMSIS/DSP/Source/BasicMathFunctions/arm_mult_f32.c ****  * $Date:        18. March 2019
   7:./Libraries/CMSIS/DSP/Source/BasicMathFunctions/arm_mult_f32.c ****  * $Revision:    V1.6.0
   8:./Libraries/CMSIS/DSP/Source/BasicMathFunctions/arm_mult_f32.c ****  *
   9:./Libraries/CMSIS/DSP/Source/BasicMathFunctions/arm_mult_f32.c ****  * Target Processor: Cortex-M cores
  10:./Libraries/CMSIS/DSP/Source/BasicMathFunctions/arm_mult_f32.c ****  * -------------------------------------------------------------------- */
  11:./Libraries/CMSIS/DSP/Source/BasicMathFunctions/arm_mult_f32.c **** /*
  12:./Libraries/CMSIS/DSP/Source/BasicMathFunctions/arm_mult_f32.c ****  * Copyright (C) 2010-2019 ARM Limited or its affiliates. All rights reserved.
  13:./Libraries/CMSIS/DSP/Source/BasicMathFunctions/arm_mult_f32.c ****  *
  14:./Libraries/CMSIS/DSP/Source/BasicMathFunctions/arm_mult_f32.c ****  * SPDX-License-Identifier: Apache-2.0
  15:./Libraries/CMSIS/DSP/Source/BasicMathFunctions/arm_mult_f32.c ****  *
  16:./Libraries/CMSIS/DSP/Source/BasicMathFunctions/arm_mult_f32.c ****  * Licensed under the Apache License, Version 2.0 (the License); you may
  17:./Libraries/CMSIS/DSP/Source/BasicMathFunctions/arm_mult_f32.c ****  * not use this file except in compliance with the License.
  18:./Libraries/CMSIS/DSP/Source/BasicMathFunctions/arm_mult_f32.c ****  * You may obtain a copy of the License at
  19:./Libraries/CMSIS/DSP/Source/BasicMathFunctions/arm_mult_f32.c ****  *
  20:./Libraries/CMSIS/DSP/Source/BasicMathFunctions/arm_mult_f32.c ****  * www.apache.org/licenses/LICENSE-2.0
  21:./Libraries/CMSIS/DSP/Source/BasicMathFunctions/arm_mult_f32.c ****  *
  22:./Libraries/CMSIS/DSP/Source/BasicMathFunctions/arm_mult_f32.c ****  * Unless required by applicable law or agreed to in writing, software
  23:./Libraries/CMSIS/DSP/Source/BasicMathFunctions/arm_mult_f32.c ****  * distributed under the License is distributed on an AS IS BASIS, WITHOUT
  24:./Libraries/CMSIS/DSP/Source/BasicMathFunctions/arm_mult_f32.c ****  * WARRANTIES OR CONDITIONS OF ANY KIND, either express or implied.
  25:./Libraries/CMSIS/DSP/Source/BasicMathFunctions/arm_mult_f32.c ****  * See the License for the specific language governing permissions and
  26:./Libraries/CMSIS/DSP/Source/BasicMathFunctions/arm_mult_f32.c ****  * limitations under the License.
  27:./Libraries/CMSIS/DSP/Source/BasicMathFunctions/arm_mult_f32.c ****  */
  28:./Libraries/CMSIS/DSP/Source/BasicMathFunctions/arm_mult_f32.c **** 
  29:./Libraries/CMSIS/DSP/Source/BasicMathFunctions/arm_mult_f32.c **** #include "arm_math.h"
  30:./Libraries/CMSIS/DSP/Source/BasicMathFunctions/arm_mult_f32.c **** 
  31:./Libraries/CMSIS/DSP/Source/BasicMathFunctions/arm_mult_f32.c **** /**
ARM GAS  /tmp/ccVMDGpl.s 			page 2


  32:./Libraries/CMSIS/DSP/Source/BasicMathFunctions/arm_mult_f32.c ****   @ingroup groupMath
  33:./Libraries/CMSIS/DSP/Source/BasicMathFunctions/arm_mult_f32.c ****  */
  34:./Libraries/CMSIS/DSP/Source/BasicMathFunctions/arm_mult_f32.c **** 
  35:./Libraries/CMSIS/DSP/Source/BasicMathFunctions/arm_mult_f32.c **** /**
  36:./Libraries/CMSIS/DSP/Source/BasicMathFunctions/arm_mult_f32.c ****   @defgroup BasicMult Vector Multiplication
  37:./Libraries/CMSIS/DSP/Source/BasicMathFunctions/arm_mult_f32.c **** 
  38:./Libraries/CMSIS/DSP/Source/BasicMathFunctions/arm_mult_f32.c ****   Element-by-element multiplication of two vectors.
  39:./Libraries/CMSIS/DSP/Source/BasicMathFunctions/arm_mult_f32.c **** 
  40:./Libraries/CMSIS/DSP/Source/BasicMathFunctions/arm_mult_f32.c ****   <pre>
  41:./Libraries/CMSIS/DSP/Source/BasicMathFunctions/arm_mult_f32.c ****       pDst[n] = pSrcA[n] * pSrcB[n],   0 <= n < blockSize.
  42:./Libraries/CMSIS/DSP/Source/BasicMathFunctions/arm_mult_f32.c ****   </pre>
  43:./Libraries/CMSIS/DSP/Source/BasicMathFunctions/arm_mult_f32.c **** 
  44:./Libraries/CMSIS/DSP/Source/BasicMathFunctions/arm_mult_f32.c ****   There are separate functions for floating-point, Q7, Q15, and Q31 data types.
  45:./Libraries/CMSIS/DSP/Source/BasicMathFunctions/arm_mult_f32.c ****  */
  46:./Libraries/CMSIS/DSP/Source/BasicMathFunctions/arm_mult_f32.c **** 
  47:./Libraries/CMSIS/DSP/Source/BasicMathFunctions/arm_mult_f32.c **** /**
  48:./Libraries/CMSIS/DSP/Source/BasicMathFunctions/arm_mult_f32.c ****   @addtogroup BasicMult
  49:./Libraries/CMSIS/DSP/Source/BasicMathFunctions/arm_mult_f32.c ****   @{
  50:./Libraries/CMSIS/DSP/Source/BasicMathFunctions/arm_mult_f32.c ****  */
  51:./Libraries/CMSIS/DSP/Source/BasicMathFunctions/arm_mult_f32.c **** 
  52:./Libraries/CMSIS/DSP/Source/BasicMathFunctions/arm_mult_f32.c **** /**
  53:./Libraries/CMSIS/DSP/Source/BasicMathFunctions/arm_mult_f32.c ****   @brief         Floating-point vector multiplication.
  54:./Libraries/CMSIS/DSP/Source/BasicMathFunctions/arm_mult_f32.c ****   @param[in]     pSrcA      points to the first input vector.
  55:./Libraries/CMSIS/DSP/Source/BasicMathFunctions/arm_mult_f32.c ****   @param[in]     pSrcB      points to the second input vector.
  56:./Libraries/CMSIS/DSP/Source/BasicMathFunctions/arm_mult_f32.c ****   @param[out]    pDst       points to the output vector.
  57:./Libraries/CMSIS/DSP/Source/BasicMathFunctions/arm_mult_f32.c ****   @param[in]     blockSize  number of samples in each vector.
  58:./Libraries/CMSIS/DSP/Source/BasicMathFunctions/arm_mult_f32.c ****   @return        none
  59:./Libraries/CMSIS/DSP/Source/BasicMathFunctions/arm_mult_f32.c ****  */
  60:./Libraries/CMSIS/DSP/Source/BasicMathFunctions/arm_mult_f32.c **** 
  61:./Libraries/CMSIS/DSP/Source/BasicMathFunctions/arm_mult_f32.c **** void arm_mult_f32(
  62:./Libraries/CMSIS/DSP/Source/BasicMathFunctions/arm_mult_f32.c ****   const float32_t * pSrcA,
  63:./Libraries/CMSIS/DSP/Source/BasicMathFunctions/arm_mult_f32.c ****   const float32_t * pSrcB,
  64:./Libraries/CMSIS/DSP/Source/BasicMathFunctions/arm_mult_f32.c ****         float32_t * pDst,
  65:./Libraries/CMSIS/DSP/Source/BasicMathFunctions/arm_mult_f32.c ****         uint32_t blockSize)
  66:./Libraries/CMSIS/DSP/Source/BasicMathFunctions/arm_mult_f32.c **** {
  28              		.loc 1 66 1
  29              		.cfi_startproc
  30              		@ args = 0, pretend = 0, frame = 24
  31              		@ frame_needed = 1, uses_anonymous_args = 0
  32              		@ link register save eliminated.
  33 0000 80B4     		push	{r7}
  34              	.LCFI0:
  35              		.cfi_def_cfa_offset 4
  36              		.cfi_offset 7, -4
  37 0002 87B0     		sub	sp, sp, #28
  38              	.LCFI1:
  39              		.cfi_def_cfa_offset 32
  40 0004 00AF     		add	r7, sp, #0
  41              	.LCFI2:
  42              		.cfi_def_cfa_register 7
  43 0006 F860     		str	r0, [r7, #12]
  44 0008 B960     		str	r1, [r7, #8]
  45 000a 7A60     		str	r2, [r7, #4]
  46 000c 3B60     		str	r3, [r7]
  67:./Libraries/CMSIS/DSP/Source/BasicMathFunctions/arm_mult_f32.c ****     uint32_t blkCnt;                               /* Loop counter */
  68:./Libraries/CMSIS/DSP/Source/BasicMathFunctions/arm_mult_f32.c **** 
  69:./Libraries/CMSIS/DSP/Source/BasicMathFunctions/arm_mult_f32.c **** #if defined(ARM_MATH_NEON)
ARM GAS  /tmp/ccVMDGpl.s 			page 3


  70:./Libraries/CMSIS/DSP/Source/BasicMathFunctions/arm_mult_f32.c ****     float32x4_t vec1;
  71:./Libraries/CMSIS/DSP/Source/BasicMathFunctions/arm_mult_f32.c ****     float32x4_t vec2;
  72:./Libraries/CMSIS/DSP/Source/BasicMathFunctions/arm_mult_f32.c ****     float32x4_t res;
  73:./Libraries/CMSIS/DSP/Source/BasicMathFunctions/arm_mult_f32.c **** 
  74:./Libraries/CMSIS/DSP/Source/BasicMathFunctions/arm_mult_f32.c ****     /* Compute 4 outputs at a time */
  75:./Libraries/CMSIS/DSP/Source/BasicMathFunctions/arm_mult_f32.c ****     blkCnt = blockSize >> 2U;
  76:./Libraries/CMSIS/DSP/Source/BasicMathFunctions/arm_mult_f32.c **** 
  77:./Libraries/CMSIS/DSP/Source/BasicMathFunctions/arm_mult_f32.c ****     while (blkCnt > 0U)
  78:./Libraries/CMSIS/DSP/Source/BasicMathFunctions/arm_mult_f32.c ****     {
  79:./Libraries/CMSIS/DSP/Source/BasicMathFunctions/arm_mult_f32.c ****         /* C = A * B */
  80:./Libraries/CMSIS/DSP/Source/BasicMathFunctions/arm_mult_f32.c **** 
  81:./Libraries/CMSIS/DSP/Source/BasicMathFunctions/arm_mult_f32.c ****     	/* Multiply the inputs and then store the results in the destination buffer. */
  82:./Libraries/CMSIS/DSP/Source/BasicMathFunctions/arm_mult_f32.c ****         vec1 = vld1q_f32(pSrcA);
  83:./Libraries/CMSIS/DSP/Source/BasicMathFunctions/arm_mult_f32.c ****         vec2 = vld1q_f32(pSrcB);
  84:./Libraries/CMSIS/DSP/Source/BasicMathFunctions/arm_mult_f32.c ****         res = vmulq_f32(vec1, vec2);
  85:./Libraries/CMSIS/DSP/Source/BasicMathFunctions/arm_mult_f32.c ****         vst1q_f32(pDst, res);
  86:./Libraries/CMSIS/DSP/Source/BasicMathFunctions/arm_mult_f32.c **** 
  87:./Libraries/CMSIS/DSP/Source/BasicMathFunctions/arm_mult_f32.c ****         /* Increment pointers */
  88:./Libraries/CMSIS/DSP/Source/BasicMathFunctions/arm_mult_f32.c ****         pSrcA += 4;
  89:./Libraries/CMSIS/DSP/Source/BasicMathFunctions/arm_mult_f32.c ****         pSrcB += 4; 
  90:./Libraries/CMSIS/DSP/Source/BasicMathFunctions/arm_mult_f32.c ****         pDst += 4;
  91:./Libraries/CMSIS/DSP/Source/BasicMathFunctions/arm_mult_f32.c ****         
  92:./Libraries/CMSIS/DSP/Source/BasicMathFunctions/arm_mult_f32.c ****         /* Decrement the loop counter */
  93:./Libraries/CMSIS/DSP/Source/BasicMathFunctions/arm_mult_f32.c ****         blkCnt--;
  94:./Libraries/CMSIS/DSP/Source/BasicMathFunctions/arm_mult_f32.c ****     }
  95:./Libraries/CMSIS/DSP/Source/BasicMathFunctions/arm_mult_f32.c **** 
  96:./Libraries/CMSIS/DSP/Source/BasicMathFunctions/arm_mult_f32.c ****     /* Tail */
  97:./Libraries/CMSIS/DSP/Source/BasicMathFunctions/arm_mult_f32.c ****     blkCnt = blockSize & 0x3;
  98:./Libraries/CMSIS/DSP/Source/BasicMathFunctions/arm_mult_f32.c **** 
  99:./Libraries/CMSIS/DSP/Source/BasicMathFunctions/arm_mult_f32.c **** #else
 100:./Libraries/CMSIS/DSP/Source/BasicMathFunctions/arm_mult_f32.c **** #if defined (ARM_MATH_LOOPUNROLL)
 101:./Libraries/CMSIS/DSP/Source/BasicMathFunctions/arm_mult_f32.c **** 
 102:./Libraries/CMSIS/DSP/Source/BasicMathFunctions/arm_mult_f32.c ****   /* Loop unrolling: Compute 4 outputs at a time */
 103:./Libraries/CMSIS/DSP/Source/BasicMathFunctions/arm_mult_f32.c ****   blkCnt = blockSize >> 2U;
 104:./Libraries/CMSIS/DSP/Source/BasicMathFunctions/arm_mult_f32.c **** 
 105:./Libraries/CMSIS/DSP/Source/BasicMathFunctions/arm_mult_f32.c ****   while (blkCnt > 0U)
 106:./Libraries/CMSIS/DSP/Source/BasicMathFunctions/arm_mult_f32.c ****   {
 107:./Libraries/CMSIS/DSP/Source/BasicMathFunctions/arm_mult_f32.c ****     /* C = A * B */
 108:./Libraries/CMSIS/DSP/Source/BasicMathFunctions/arm_mult_f32.c **** 
 109:./Libraries/CMSIS/DSP/Source/BasicMathFunctions/arm_mult_f32.c ****     /* Multiply inputs and store result in destination buffer. */
 110:./Libraries/CMSIS/DSP/Source/BasicMathFunctions/arm_mult_f32.c ****     *pDst++ = (*pSrcA++) * (*pSrcB++);
 111:./Libraries/CMSIS/DSP/Source/BasicMathFunctions/arm_mult_f32.c **** 
 112:./Libraries/CMSIS/DSP/Source/BasicMathFunctions/arm_mult_f32.c ****     *pDst++ = (*pSrcA++) * (*pSrcB++);
 113:./Libraries/CMSIS/DSP/Source/BasicMathFunctions/arm_mult_f32.c **** 
 114:./Libraries/CMSIS/DSP/Source/BasicMathFunctions/arm_mult_f32.c ****     *pDst++ = (*pSrcA++) * (*pSrcB++);
 115:./Libraries/CMSIS/DSP/Source/BasicMathFunctions/arm_mult_f32.c **** 
 116:./Libraries/CMSIS/DSP/Source/BasicMathFunctions/arm_mult_f32.c ****     *pDst++ = (*pSrcA++) * (*pSrcB++);
 117:./Libraries/CMSIS/DSP/Source/BasicMathFunctions/arm_mult_f32.c **** 
 118:./Libraries/CMSIS/DSP/Source/BasicMathFunctions/arm_mult_f32.c ****     /* Decrement loop counter */
 119:./Libraries/CMSIS/DSP/Source/BasicMathFunctions/arm_mult_f32.c ****     blkCnt--;
 120:./Libraries/CMSIS/DSP/Source/BasicMathFunctions/arm_mult_f32.c ****   }
 121:./Libraries/CMSIS/DSP/Source/BasicMathFunctions/arm_mult_f32.c **** 
 122:./Libraries/CMSIS/DSP/Source/BasicMathFunctions/arm_mult_f32.c ****   /* Loop unrolling: Compute remaining outputs */
 123:./Libraries/CMSIS/DSP/Source/BasicMathFunctions/arm_mult_f32.c ****   blkCnt = blockSize % 0x4U;
 124:./Libraries/CMSIS/DSP/Source/BasicMathFunctions/arm_mult_f32.c **** 
 125:./Libraries/CMSIS/DSP/Source/BasicMathFunctions/arm_mult_f32.c **** #else
 126:./Libraries/CMSIS/DSP/Source/BasicMathFunctions/arm_mult_f32.c **** 
ARM GAS  /tmp/ccVMDGpl.s 			page 4


 127:./Libraries/CMSIS/DSP/Source/BasicMathFunctions/arm_mult_f32.c ****   /* Initialize blkCnt with number of samples */
 128:./Libraries/CMSIS/DSP/Source/BasicMathFunctions/arm_mult_f32.c ****   blkCnt = blockSize;
  47              		.loc 1 128 10
  48 000e 3B68     		ldr	r3, [r7]
  49 0010 7B61     		str	r3, [r7, #20]
 129:./Libraries/CMSIS/DSP/Source/BasicMathFunctions/arm_mult_f32.c **** 
 130:./Libraries/CMSIS/DSP/Source/BasicMathFunctions/arm_mult_f32.c **** #endif /* #if defined (ARM_MATH_LOOPUNROLL) */
 131:./Libraries/CMSIS/DSP/Source/BasicMathFunctions/arm_mult_f32.c **** #endif /* #if defined(ARM_MATH_NEON) */
 132:./Libraries/CMSIS/DSP/Source/BasicMathFunctions/arm_mult_f32.c **** 
 133:./Libraries/CMSIS/DSP/Source/BasicMathFunctions/arm_mult_f32.c ****   while (blkCnt > 0U)
  50              		.loc 1 133 9
  51 0012 13E0     		b	.L2
  52              	.L3:
 134:./Libraries/CMSIS/DSP/Source/BasicMathFunctions/arm_mult_f32.c ****   {
 135:./Libraries/CMSIS/DSP/Source/BasicMathFunctions/arm_mult_f32.c ****     /* C = A * B */
 136:./Libraries/CMSIS/DSP/Source/BasicMathFunctions/arm_mult_f32.c **** 
 137:./Libraries/CMSIS/DSP/Source/BasicMathFunctions/arm_mult_f32.c ****     /* Multiply input and store result in destination buffer. */
 138:./Libraries/CMSIS/DSP/Source/BasicMathFunctions/arm_mult_f32.c ****     *pDst++ = (*pSrcA++) * (*pSrcB++);
  53              		.loc 1 138 22
  54 0014 FB68     		ldr	r3, [r7, #12]
  55 0016 1A1D     		adds	r2, r3, #4
  56 0018 FA60     		str	r2, [r7, #12]
  57              		.loc 1 138 16
  58 001a 93ED007A 		vldr.32	s14, [r3]
  59              		.loc 1 138 35
  60 001e BB68     		ldr	r3, [r7, #8]
  61 0020 1A1D     		adds	r2, r3, #4
  62 0022 BA60     		str	r2, [r7, #8]
  63              		.loc 1 138 29
  64 0024 D3ED007A 		vldr.32	s15, [r3]
  65              		.loc 1 138 10
  66 0028 7B68     		ldr	r3, [r7, #4]
  67 002a 1A1D     		adds	r2, r3, #4
  68 002c 7A60     		str	r2, [r7, #4]
  69              		.loc 1 138 26
  70 002e 67EE277A 		vmul.f32	s15, s14, s15
  71              		.loc 1 138 13
  72 0032 C3ED007A 		vstr.32	s15, [r3]
 139:./Libraries/CMSIS/DSP/Source/BasicMathFunctions/arm_mult_f32.c **** 
 140:./Libraries/CMSIS/DSP/Source/BasicMathFunctions/arm_mult_f32.c ****     /* Decrement loop counter */
 141:./Libraries/CMSIS/DSP/Source/BasicMathFunctions/arm_mult_f32.c ****     blkCnt--;
  73              		.loc 1 141 11
  74 0036 7B69     		ldr	r3, [r7, #20]
  75 0038 013B     		subs	r3, r3, #1
  76 003a 7B61     		str	r3, [r7, #20]
  77              	.L2:
 133:./Libraries/CMSIS/DSP/Source/BasicMathFunctions/arm_mult_f32.c ****   {
  78              		.loc 1 133 9
  79 003c 7B69     		ldr	r3, [r7, #20]
  80 003e 002B     		cmp	r3, #0
  81 0040 E8D1     		bne	.L3
 142:./Libraries/CMSIS/DSP/Source/BasicMathFunctions/arm_mult_f32.c ****   }
 143:./Libraries/CMSIS/DSP/Source/BasicMathFunctions/arm_mult_f32.c **** 
 144:./Libraries/CMSIS/DSP/Source/BasicMathFunctions/arm_mult_f32.c **** }
  82              		.loc 1 144 1
  83 0042 00BF     		nop
  84 0044 00BF     		nop
ARM GAS  /tmp/ccVMDGpl.s 			page 5


  85 0046 1C37     		adds	r7, r7, #28
  86              	.LCFI3:
  87              		.cfi_def_cfa_offset 4
  88 0048 BD46     		mov	sp, r7
  89              	.LCFI4:
  90              		.cfi_def_cfa_register 13
  91              		@ sp needed
  92 004a 5DF8047B 		ldr	r7, [sp], #4
  93              	.LCFI5:
  94              		.cfi_restore 7
  95              		.cfi_def_cfa_offset 0
  96 004e 7047     		bx	lr
  97              		.cfi_endproc
  98              	.LFE145:
 100              		.text
 101              	.Letext0:
 102              		.file 2 "/usr/lib/gcc/arm-none-eabi/9.2.1/include/stdint.h"
 103              		.file 3 "/usr/lib/gcc/arm-none-eabi/9.2.1/include/stddef.h"
 104              		.file 4 "/usr/include/newlib/sys/_types.h"
 105              		.file 5 "/usr/include/newlib/sys/reent.h"
 106              		.file 6 "/usr/include/newlib/sys/lock.h"
 107              		.file 7 "/usr/include/newlib/math.h"
 108              		.file 8 "./Libraries/CMSIS/DSP/Include/arm_math.h"
ARM GAS  /tmp/ccVMDGpl.s 			page 6


DEFINED SYMBOLS
                            *ABS*:0000000000000000 arm_mult_f32.c
     /tmp/ccVMDGpl.s:17     .text.arm_mult_f32:0000000000000000 $t
     /tmp/ccVMDGpl.s:25     .text.arm_mult_f32:0000000000000000 arm_mult_f32

NO UNDEFINED SYMBOLS
