ARM GAS  /tmp/cc74576Z.s 			page 1


   1              		.cpu cortex-m7
   2              		.eabi_attribute 28, 1
   3              		.eabi_attribute 20, 1
   4              		.eabi_attribute 21, 1
   5              		.eabi_attribute 23, 3
   6              		.eabi_attribute 24, 1
   7              		.eabi_attribute 25, 1
   8              		.eabi_attribute 26, 1
   9              		.eabi_attribute 30, 6
  10              		.eabi_attribute 34, 1
  11              		.eabi_attribute 18, 4
  12              		.file	"arm_nntables.c"
  13              		.text
  14              	.Ltext0:
  15              		.cfi_sections	.debug_frame
  16              		.global	sigmoidTable_q7
  17              		.section	.rodata.sigmoidTable_q7,"a"
  18              		.align	2
  21              	sigmoidTable_q7:
  22 0000 40424446 		.ascii	"@BDFHJLNPRSUWYZ\\^_abcefgijklmnopqrrsttuvvwwxxyyzzz"
  22      484A4C4E 
  22      50525355 
  22      57595A5C 
  22      5E5F6162 
  23 0032 7B7B7B7C 		.ascii	"{{{|||||}}}}}~~~~~~~~\177\177\177\177\177\177\177\177"
  23      7C7C7C7C 
  23      7D7D7D7D 
  23      7D7E7E7E 
  23      7E7E7E7E 
  24 004f 7F7F7F7F 		.ascii	"\177\177\177\177\177\177\177\177\177\177\177\177\177"
  24      7F7F7F7F 
  24      7F7F7F7F 
  24      7F
  25 005c 7F7F7F7F 		.ascii	"\177\177\177\177\177\177\177\177\177\177\177\177\177"
  25      7F7F7F7F 
  25      7F7F7F7F 
  25      7F
  26 0069 7F7F7F7F 		.ascii	"\177\177\177\177\177\177\177\177\177\177\177\177\177"
  26      7F7F7F7F 
  26      7F7F7F7F 
  26      7F
  27 0076 7F7F7F7F 		.ascii	"\177\177\177\177\177\177\177\177\177\177\000\000\000"
  27      7F7F7F7F 
  27      7F7F0000 
  27      00
  28 0083 00000000 		.ascii	"\000\000\000\000\000\000\000\000\000\000\000\000\000"
  28      00000000 
  28      00000000 
  28      00
  29 0090 00000000 		.ascii	"\000\000\000\000\000\000\000\000\000\000\000\000\000"
  29      00000000 
  29      00000000 
  29      00
  30 009d 00000000 		.ascii	"\000\000\000\000\000\000\000\000\000\000\000\001\001"
  30      00000000 
  30      00000001 
  30      01
ARM GAS  /tmp/cc74576Z.s 			page 2


  31 00aa 01010101 		.ascii	"\001\001\001\001\001\001\001\001\001\001\001\001\001"
  31      01010101 
  31      01010101 
  31      01
  32 00b7 01010102 		.ascii	"\001\001\001\002\002\002\002\002\002\002\002\003\003"
  32      02020202 
  32      02020203 
  32      03
  33 00c4 03030304 		.ascii	"\003\003\003\004\004\004\004\004\005\005\005\006\006"
  33      04040404 
  33      05050506 
  33      06
  34 00d1 06070708 		.ascii	"\006\007\007\010\010\011\011\012\012\013\014\014\015"
  34      0809090A 
  34      0A0B0C0C 
  34      0D
  35 00de 0E0E0F10 		.ascii	"\016\016\017\020\021\022\023\024\025\026\027\031\032"
  35      11121314 
  35      15161719 
  35      1A
  36 00eb 1B1D1E1F 		.ascii	"\033\035\036\037!\"$&')+-.02468:<>"
  36      21222426 
  36      27292B2D 
  36      2E303234 
  36      36383A3C 
  37              		.global	sigmoidTable_q15
  38              		.section	.rodata.sigmoidTable_q15,"a"
  39              		.align	2
  42              	sigmoidTable_q15:
  43 0000 0040     		.short	16384
  44 0002 0042     		.short	16896
  45 0004 FF43     		.short	17407
  46 0006 FC45     		.short	17916
  47 0008 F547     		.short	18421
  48 000a EB49     		.short	18923
  49 000c DC4B     		.short	19420
  50 000e C84D     		.short	19912
  51 0010 AD4F     		.short	20397
  52 0012 8A51     		.short	20874
  53 0014 6053     		.short	21344
  54 0016 2C55     		.short	21804
  55 0018 EF56     		.short	22255
  56 001a A858     		.short	22696
  57 001c 575A     		.short	23127
  58 001e FB5B     		.short	23547
  59 0020 935D     		.short	23955
  60 0022 205F     		.short	24352
  61 0024 A160     		.short	24737
  62 0026 1662     		.short	25110
  63 0028 7F63     		.short	25471
  64 002a DB64     		.short	25819
  65 002c 2B66     		.short	26155
  66 002e 6F67     		.short	26479
  67 0030 A668     		.short	26790
  68 0032 D269     		.short	27090
  69 0034 F16A     		.short	27377
  70 0036 056C     		.short	27653
ARM GAS  /tmp/cc74576Z.s 			page 3


  71 0038 0D6D     		.short	27917
  72 003a 096E     		.short	28169
  73 003c FB6E     		.short	28411
  74 003e E26F     		.short	28642
  75 0040 BE70     		.short	28862
  76 0042 9071     		.short	29072
  77 0044 5872     		.short	29272
  78 0046 1673     		.short	29462
  79 0048 CC73     		.short	29644
  80 004a 7874     		.short	29816
  81 004c 1B75     		.short	29979
  82 004e B775     		.short	30135
  83 0050 4A76     		.short	30282
  84 0052 D676     		.short	30422
  85 0054 5B77     		.short	30555
  86 0056 D877     		.short	30680
  87 0058 4F78     		.short	30799
  88 005a C078     		.short	30912
  89 005c 2A79     		.short	31018
  90 005e 8F79     		.short	31119
  91 0060 EE79     		.short	31214
  92 0062 487A     		.short	31304
  93 0064 9D7A     		.short	31389
  94 0066 ED7A     		.short	31469
  95 0068 397B     		.short	31545
  96 006a 807B     		.short	31616
  97 006c C47B     		.short	31684
  98 006e 037C     		.short	31747
  99 0070 3F7C     		.short	31807
 100 0072 787C     		.short	31864
 101 0074 AD7C     		.short	31917
 102 0076 E07C     		.short	31968
 103 0078 0F7D     		.short	32015
 104 007a 3C7D     		.short	32060
 105 007c 667D     		.short	32102
 106 007e 8D7D     		.short	32141
 107 0080 B37D     		.short	32179
 108 0082 D67D     		.short	32214
 109 0084 F77D     		.short	32247
 110 0086 167E     		.short	32278
 111 0088 337E     		.short	32307
 112 008a 4F7E     		.short	32335
 113 008c 697E     		.short	32361
 114 008e 817E     		.short	32385
 115 0090 987E     		.short	32408
 116 0092 AE7E     		.short	32430
 117 0094 C27E     		.short	32450
 118 0096 D57E     		.short	32469
 119 0098 E77E     		.short	32487
 120 009a F87E     		.short	32504
 121 009c 087F     		.short	32520
 122 009e 177F     		.short	32535
 123 00a0 257F     		.short	32549
 124 00a2 327F     		.short	32562
 125 00a4 3E7F     		.short	32574
 126 00a6 4A7F     		.short	32586
 127 00a8 557F     		.short	32597
ARM GAS  /tmp/cc74576Z.s 			page 4


 128 00aa 5F7F     		.short	32607
 129 00ac 697F     		.short	32617
 130 00ae 727F     		.short	32626
 131 00b0 7B7F     		.short	32635
 132 00b2 837F     		.short	32643
 133 00b4 8A7F     		.short	32650
 134 00b6 917F     		.short	32657
 135 00b8 987F     		.short	32664
 136 00ba 9E7F     		.short	32670
 137 00bc A47F     		.short	32676
 138 00be AA7F     		.short	32682
 139 00c0 AF7F     		.short	32687
 140 00c2 B47F     		.short	32692
 141 00c4 B87F     		.short	32696
 142 00c6 BD7F     		.short	32701
 143 00c8 C17F     		.short	32705
 144 00ca C57F     		.short	32709
 145 00cc C87F     		.short	32712
 146 00ce CC7F     		.short	32716
 147 00d0 CF7F     		.short	32719
 148 00d2 D27F     		.short	32722
 149 00d4 D57F     		.short	32725
 150 00d6 D77F     		.short	32727
 151 00d8 DA7F     		.short	32730
 152 00da DC7F     		.short	32732
 153 00dc DE7F     		.short	32734
 154 00de E07F     		.short	32736
 155 00e0 E27F     		.short	32738
 156 00e2 E47F     		.short	32740
 157 00e4 E67F     		.short	32742
 158 00e6 E77F     		.short	32743
 159 00e8 E97F     		.short	32745
 160 00ea EA7F     		.short	32746
 161 00ec EB7F     		.short	32747
 162 00ee ED7F     		.short	32749
 163 00f0 EE7F     		.short	32750
 164 00f2 EF7F     		.short	32751
 165 00f4 F07F     		.short	32752
 166 00f6 F17F     		.short	32753
 167 00f8 F27F     		.short	32754
 168 00fa F37F     		.short	32755
 169 00fc F47F     		.short	32756
 170 00fe F47F     		.short	32756
 171 0100 0B00     		.short	11
 172 0102 0C00     		.short	12
 173 0104 0C00     		.short	12
 174 0106 0D00     		.short	13
 175 0108 0E00     		.short	14
 176 010a 0F00     		.short	15
 177 010c 1000     		.short	16
 178 010e 1100     		.short	17
 179 0110 1200     		.short	18
 180 0112 1300     		.short	19
 181 0114 1500     		.short	21
 182 0116 1600     		.short	22
 183 0118 1700     		.short	23
 184 011a 1900     		.short	25
ARM GAS  /tmp/cc74576Z.s 			page 5


 185 011c 1A00     		.short	26
 186 011e 1C00     		.short	28
 187 0120 1E00     		.short	30
 188 0122 2000     		.short	32
 189 0124 2200     		.short	34
 190 0126 2400     		.short	36
 191 0128 2600     		.short	38
 192 012a 2900     		.short	41
 193 012c 2B00     		.short	43
 194 012e 2E00     		.short	46
 195 0130 3100     		.short	49
 196 0132 3400     		.short	52
 197 0134 3800     		.short	56
 198 0136 3B00     		.short	59
 199 0138 3F00     		.short	63
 200 013a 4300     		.short	67
 201 013c 4800     		.short	72
 202 013e 4C00     		.short	76
 203 0140 5100     		.short	81
 204 0142 5600     		.short	86
 205 0144 5C00     		.short	92
 206 0146 6200     		.short	98
 207 0148 6800     		.short	104
 208 014a 6F00     		.short	111
 209 014c 7600     		.short	118
 210 014e 7D00     		.short	125
 211 0150 8500     		.short	133
 212 0152 8E00     		.short	142
 213 0154 9700     		.short	151
 214 0156 A100     		.short	161
 215 0158 AB00     		.short	171
 216 015a B600     		.short	182
 217 015c C200     		.short	194
 218 015e CE00     		.short	206
 219 0160 DB00     		.short	219
 220 0162 E900     		.short	233
 221 0164 F800     		.short	248
 222 0166 0801     		.short	264
 223 0168 1901     		.short	281
 224 016a 2B01     		.short	299
 225 016c 3E01     		.short	318
 226 016e 5201     		.short	338
 227 0170 6801     		.short	360
 228 0172 7F01     		.short	383
 229 0174 9701     		.short	407
 230 0176 B101     		.short	433
 231 0178 CD01     		.short	461
 232 017a EA01     		.short	490
 233 017c 0902     		.short	521
 234 017e 2A02     		.short	554
 235 0180 4D02     		.short	589
 236 0182 7302     		.short	627
 237 0184 9A02     		.short	666
 238 0186 C402     		.short	708
 239 0188 F102     		.short	753
 240 018a 2003     		.short	800
 241 018c 5303     		.short	851
ARM GAS  /tmp/cc74576Z.s 			page 6


 242 018e 8803     		.short	904
 243 0190 C103     		.short	961
 244 0192 FD03     		.short	1021
 245 0194 3C04     		.short	1084
 246 0196 8004     		.short	1152
 247 0198 C704     		.short	1223
 248 019a 1305     		.short	1299
 249 019c 6305     		.short	1379
 250 019e B805     		.short	1464
 251 01a0 1206     		.short	1554
 252 01a2 7106     		.short	1649
 253 01a4 D606     		.short	1750
 254 01a6 4007     		.short	1856
 255 01a8 B107     		.short	1969
 256 01aa 2808     		.short	2088
 257 01ac A508     		.short	2213
 258 01ae 2A09     		.short	2346
 259 01b0 B609     		.short	2486
 260 01b2 490A     		.short	2633
 261 01b4 E50A     		.short	2789
 262 01b6 880B     		.short	2952
 263 01b8 340C     		.short	3124
 264 01ba EA0C     		.short	3306
 265 01bc A80D     		.short	3496
 266 01be 700E     		.short	3696
 267 01c0 420F     		.short	3906
 268 01c2 1E10     		.short	4126
 269 01c4 0511     		.short	4357
 270 01c6 F711     		.short	4599
 271 01c8 F312     		.short	4851
 272 01ca FB13     		.short	5115
 273 01cc 0F15     		.short	5391
 274 01ce 2E16     		.short	5678
 275 01d0 5A17     		.short	5978
 276 01d2 9118     		.short	6289
 277 01d4 D519     		.short	6613
 278 01d6 251B     		.short	6949
 279 01d8 811C     		.short	7297
 280 01da EA1D     		.short	7658
 281 01dc 5F1F     		.short	8031
 282 01de E020     		.short	8416
 283 01e0 6D22     		.short	8813
 284 01e2 0524     		.short	9221
 285 01e4 A925     		.short	9641
 286 01e6 5827     		.short	10072
 287 01e8 1129     		.short	10513
 288 01ea D42A     		.short	10964
 289 01ec A02C     		.short	11424
 290 01ee 762E     		.short	11894
 291 01f0 5330     		.short	12371
 292 01f2 3832     		.short	12856
 293 01f4 2434     		.short	13348
 294 01f6 1536     		.short	13845
 295 01f8 0B38     		.short	14347
 296 01fa 043A     		.short	14852
 297 01fc 013C     		.short	15361
 298 01fe 003E     		.short	15872
ARM GAS  /tmp/cc74576Z.s 			page 7


 299              		.global	sigmoidLTable_q15
 300              		.section	.rodata.sigmoidLTable_q15,"a"
 301              		.align	2
 304              	sigmoidLTable_q15:
 305 0000 0040     		.short	16384
 306 0002 0041     		.short	16640
 307 0004 0042     		.short	16896
 308 0006 FF42     		.short	17151
 309 0008 FF43     		.short	17407
 310 000a FD44     		.short	17661
 311 000c FC45     		.short	17916
 312 000e F946     		.short	18169
 313 0010 F547     		.short	18421
 314 0012 F148     		.short	18673
 315 0014 EB49     		.short	18923
 316 0016 E54A     		.short	19173
 317 0018 DC4B     		.short	19420
 318 001a D34C     		.short	19667
 319 001c C84D     		.short	19912
 320 001e BB4E     		.short	20155
 321 0020 AD4F     		.short	20397
 322 0022 9C50     		.short	20636
 323 0024 8A51     		.short	20874
 324 0026 7652     		.short	21110
 325 0028 6053     		.short	21344
 326 002a 4754     		.short	21575
 327 002c 2C55     		.short	21804
 328 002e 0F56     		.short	22031
 329 0030 EF56     		.short	22255
 330 0032 CD57     		.short	22477
 331 0034 A858     		.short	22696
 332 0036 8159     		.short	22913
 333 0038 575A     		.short	23127
 334 003a 2A5B     		.short	23338
 335 003c FB5B     		.short	23547
 336 003e C95C     		.short	23753
 337 0040 935D     		.short	23955
 338 0042 5B5E     		.short	24155
 339 0044 205F     		.short	24352
 340 0046 E25F     		.short	24546
 341 0048 A160     		.short	24737
 342 004a 5D61     		.short	24925
 343 004c 1662     		.short	25110
 344 004e CC62     		.short	25292
 345 0050 7F63     		.short	25471
 346 0052 2E64     		.short	25646
 347 0054 DB64     		.short	25819
 348 0056 8465     		.short	25988
 349 0058 2B66     		.short	26155
 350 005a CE66     		.short	26318
 351 005c 6F67     		.short	26479
 352 005e 0C68     		.short	26636
 353 0060 A668     		.short	26790
 354 0062 3D69     		.short	26941
 355 0064 D269     		.short	27090
 356 0066 636A     		.short	27235
 357 0068 F16A     		.short	27377
ARM GAS  /tmp/cc74576Z.s 			page 8


 358 006a 7C6B     		.short	27516
 359 006c 056C     		.short	27653
 360 006e 8A6C     		.short	27786
 361 0070 0D6D     		.short	27917
 362 0072 8D6D     		.short	28045
 363 0074 096E     		.short	28169
 364 0076 846E     		.short	28292
 365 0078 FB6E     		.short	28411
 366 007a 706F     		.short	28528
 367 007c E26F     		.short	28642
 368 007e 5170     		.short	28753
 369 0080 420F     		.short	3906
 370 0082 AF0F     		.short	4015
 371 0084 1E10     		.short	4126
 372 0086 9010     		.short	4240
 373 0088 0511     		.short	4357
 374 008a 7C11     		.short	4476
 375 008c F711     		.short	4599
 376 008e 7312     		.short	4723
 377 0090 F312     		.short	4851
 378 0092 7613     		.short	4982
 379 0094 FB13     		.short	5115
 380 0096 8414     		.short	5252
 381 0098 0F15     		.short	5391
 382 009a 9D15     		.short	5533
 383 009c 2E16     		.short	5678
 384 009e C316     		.short	5827
 385 00a0 5A17     		.short	5978
 386 00a2 F417     		.short	6132
 387 00a4 9118     		.short	6289
 388 00a6 3219     		.short	6450
 389 00a8 D519     		.short	6613
 390 00aa 7C1A     		.short	6780
 391 00ac 251B     		.short	6949
 392 00ae D21B     		.short	7122
 393 00b0 811C     		.short	7297
 394 00b2 341D     		.short	7476
 395 00b4 EA1D     		.short	7658
 396 00b6 A31E     		.short	7843
 397 00b8 5F1F     		.short	8031
 398 00ba 1E20     		.short	8222
 399 00bc E020     		.short	8416
 400 00be A521     		.short	8613
 401 00c0 6D22     		.short	8813
 402 00c2 3723     		.short	9015
 403 00c4 0524     		.short	9221
 404 00c6 D624     		.short	9430
 405 00c8 A925     		.short	9641
 406 00ca 7F26     		.short	9855
 407 00cc 5827     		.short	10072
 408 00ce 3328     		.short	10291
 409 00d0 1129     		.short	10513
 410 00d2 F129     		.short	10737
 411 00d4 D42A     		.short	10964
 412 00d6 B92B     		.short	11193
 413 00d8 A02C     		.short	11424
 414 00da 8A2D     		.short	11658
ARM GAS  /tmp/cc74576Z.s 			page 9


 415 00dc 762E     		.short	11894
 416 00de 642F     		.short	12132
 417 00e0 5330     		.short	12371
 418 00e2 4531     		.short	12613
 419 00e4 3832     		.short	12856
 420 00e6 2D33     		.short	13101
 421 00e8 2434     		.short	13348
 422 00ea 1B35     		.short	13595
 423 00ec 1536     		.short	13845
 424 00ee 0F37     		.short	14095
 425 00f0 0B38     		.short	14347
 426 00f2 0739     		.short	14599
 427 00f4 043A     		.short	14852
 428 00f6 033B     		.short	15107
 429 00f8 013C     		.short	15361
 430 00fa 013D     		.short	15617
 431 00fc 003E     		.short	15872
 432 00fe 003F     		.short	16128
 433              		.global	sigmoidHTable_q15
 434              		.section	.rodata.sigmoidHTable_q15,"a"
 435              		.align	2
 438              	sigmoidHTable_q15:
 439 0000 BE70     		.short	28862
 440 0002 9071     		.short	29072
 441 0004 5872     		.short	29272
 442 0006 1673     		.short	29462
 443 0008 CC73     		.short	29644
 444 000a 7874     		.short	29816
 445 000c 1B75     		.short	29979
 446 000e B775     		.short	30135
 447 0010 4A76     		.short	30282
 448 0012 D676     		.short	30422
 449 0014 5B77     		.short	30555
 450 0016 D877     		.short	30680
 451 0018 4F78     		.short	30799
 452 001a C078     		.short	30912
 453 001c 2A79     		.short	31018
 454 001e 8F79     		.short	31119
 455 0020 EE79     		.short	31214
 456 0022 487A     		.short	31304
 457 0024 9D7A     		.short	31389
 458 0026 ED7A     		.short	31469
 459 0028 397B     		.short	31545
 460 002a 807B     		.short	31616
 461 002c C47B     		.short	31684
 462 002e 037C     		.short	31747
 463 0030 3F7C     		.short	31807
 464 0032 787C     		.short	31864
 465 0034 AD7C     		.short	31917
 466 0036 E07C     		.short	31968
 467 0038 0F7D     		.short	32015
 468 003a 3C7D     		.short	32060
 469 003c 667D     		.short	32102
 470 003e 8D7D     		.short	32141
 471 0040 B37D     		.short	32179
 472 0042 D67D     		.short	32214
 473 0044 F77D     		.short	32247
ARM GAS  /tmp/cc74576Z.s 			page 10


 474 0046 167E     		.short	32278
 475 0048 337E     		.short	32307
 476 004a 4F7E     		.short	32335
 477 004c 697E     		.short	32361
 478 004e 817E     		.short	32385
 479 0050 987E     		.short	32408
 480 0052 AE7E     		.short	32430
 481 0054 C27E     		.short	32450
 482 0056 D57E     		.short	32469
 483 0058 E77E     		.short	32487
 484 005a F87E     		.short	32504
 485 005c 087F     		.short	32520
 486 005e 177F     		.short	32535
 487 0060 257F     		.short	32549
 488 0062 327F     		.short	32562
 489 0064 3E7F     		.short	32574
 490 0066 4A7F     		.short	32586
 491 0068 557F     		.short	32597
 492 006a 5F7F     		.short	32607
 493 006c 697F     		.short	32617
 494 006e 727F     		.short	32626
 495 0070 7B7F     		.short	32635
 496 0072 837F     		.short	32643
 497 0074 8A7F     		.short	32650
 498 0076 917F     		.short	32657
 499 0078 987F     		.short	32664
 500 007a 9E7F     		.short	32670
 501 007c A47F     		.short	32676
 502 007e AA7F     		.short	32682
 503 0080 AF7F     		.short	32687
 504 0082 B47F     		.short	32692
 505 0084 B87F     		.short	32696
 506 0086 BD7F     		.short	32701
 507 0088 C17F     		.short	32705
 508 008a C57F     		.short	32709
 509 008c C87F     		.short	32712
 510 008e CC7F     		.short	32716
 511 0090 CF7F     		.short	32719
 512 0092 D27F     		.short	32722
 513 0094 D57F     		.short	32725
 514 0096 D77F     		.short	32727
 515 0098 DA7F     		.short	32730
 516 009a DC7F     		.short	32732
 517 009c DE7F     		.short	32734
 518 009e E07F     		.short	32736
 519 00a0 E27F     		.short	32738
 520 00a2 E47F     		.short	32740
 521 00a4 E67F     		.short	32742
 522 00a6 E77F     		.short	32743
 523 00a8 E97F     		.short	32745
 524 00aa EA7F     		.short	32746
 525 00ac EB7F     		.short	32747
 526 00ae ED7F     		.short	32749
 527 00b0 EE7F     		.short	32750
 528 00b2 EF7F     		.short	32751
 529 00b4 F07F     		.short	32752
 530 00b6 F17F     		.short	32753
ARM GAS  /tmp/cc74576Z.s 			page 11


 531 00b8 F27F     		.short	32754
 532 00ba F37F     		.short	32755
 533 00bc F47F     		.short	32756
 534 00be F47F     		.short	32756
 535 00c0 0B00     		.short	11
 536 00c2 0C00     		.short	12
 537 00c4 0C00     		.short	12
 538 00c6 0D00     		.short	13
 539 00c8 0E00     		.short	14
 540 00ca 0F00     		.short	15
 541 00cc 1000     		.short	16
 542 00ce 1100     		.short	17
 543 00d0 1200     		.short	18
 544 00d2 1300     		.short	19
 545 00d4 1500     		.short	21
 546 00d6 1600     		.short	22
 547 00d8 1700     		.short	23
 548 00da 1900     		.short	25
 549 00dc 1A00     		.short	26
 550 00de 1C00     		.short	28
 551 00e0 1E00     		.short	30
 552 00e2 2000     		.short	32
 553 00e4 2200     		.short	34
 554 00e6 2400     		.short	36
 555 00e8 2600     		.short	38
 556 00ea 2900     		.short	41
 557 00ec 2B00     		.short	43
 558 00ee 2E00     		.short	46
 559 00f0 3100     		.short	49
 560 00f2 3400     		.short	52
 561 00f4 3800     		.short	56
 562 00f6 3B00     		.short	59
 563 00f8 3F00     		.short	63
 564 00fa 4300     		.short	67
 565 00fc 4800     		.short	72
 566 00fe 4C00     		.short	76
 567 0100 5100     		.short	81
 568 0102 5600     		.short	86
 569 0104 5C00     		.short	92
 570 0106 6200     		.short	98
 571 0108 6800     		.short	104
 572 010a 6F00     		.short	111
 573 010c 7600     		.short	118
 574 010e 7D00     		.short	125
 575 0110 8500     		.short	133
 576 0112 8E00     		.short	142
 577 0114 9700     		.short	151
 578 0116 A100     		.short	161
 579 0118 AB00     		.short	171
 580 011a B600     		.short	182
 581 011c C200     		.short	194
 582 011e CE00     		.short	206
 583 0120 DB00     		.short	219
 584 0122 E900     		.short	233
 585 0124 F800     		.short	248
 586 0126 0801     		.short	264
 587 0128 1901     		.short	281
ARM GAS  /tmp/cc74576Z.s 			page 12


 588 012a 2B01     		.short	299
 589 012c 3E01     		.short	318
 590 012e 5201     		.short	338
 591 0130 6801     		.short	360
 592 0132 7F01     		.short	383
 593 0134 9701     		.short	407
 594 0136 B101     		.short	433
 595 0138 CD01     		.short	461
 596 013a EA01     		.short	490
 597 013c 0902     		.short	521
 598 013e 2A02     		.short	554
 599 0140 4D02     		.short	589
 600 0142 7302     		.short	627
 601 0144 9A02     		.short	666
 602 0146 C402     		.short	708
 603 0148 F102     		.short	753
 604 014a 2003     		.short	800
 605 014c 5303     		.short	851
 606 014e 8803     		.short	904
 607 0150 C103     		.short	961
 608 0152 FD03     		.short	1021
 609 0154 3C04     		.short	1084
 610 0156 8004     		.short	1152
 611 0158 C704     		.short	1223
 612 015a 1305     		.short	1299
 613 015c 6305     		.short	1379
 614 015e B805     		.short	1464
 615 0160 1206     		.short	1554
 616 0162 7106     		.short	1649
 617 0164 D606     		.short	1750
 618 0166 4007     		.short	1856
 619 0168 B107     		.short	1969
 620 016a 2808     		.short	2088
 621 016c A508     		.short	2213
 622 016e 2A09     		.short	2346
 623 0170 B609     		.short	2486
 624 0172 490A     		.short	2633
 625 0174 E50A     		.short	2789
 626 0176 880B     		.short	2952
 627 0178 340C     		.short	3124
 628 017a EA0C     		.short	3306
 629 017c A80D     		.short	3496
 630 017e 700E     		.short	3696
 631              		.global	tanhTable_q7
 632              		.section	.rodata.tanhTable_q7,"a"
 633              		.align	2
 636              	tanhTable_q7:
 637 0000 00081018 		.ascii	"\000\010\020\030\037'.5;AGLQVZ^aehjmoqrtuvxxyz{{||}"
 637      1F272E35 
 637      3B41474C 
 637      51565A5E 
 637      6165686A 
 638 0024 7D7E7E7E 		.ascii	"}~~~~~\177\177\177\177\177\177\177\177\177\177\177\177"
 638      7E7E7F7F 
 638      7F7F7F7F 
 638      7F7F7F7F 
 638      7F7F
ARM GAS  /tmp/cc74576Z.s 			page 13


 639 0036 7F7F7F7F 		.ascii	"\177\177\177\177\177\177\177\177\177\177\177\177\177"
 639      7F7F7F7F 
 639      7F7F7F7F 
 639      7F
 640 0043 7F7F7F7F 		.ascii	"\177\177\177\177\177\177\177\177\177\177\177\177\177"
 640      7F7F7F7F 
 640      7F7F7F7F 
 640      7F
 641 0050 7F7F7F7F 		.ascii	"\177\177\177\177\177\177\177\177\177\177\177\177\177"
 641      7F7F7F7F 
 641      7F7F7F7F 
 641      7F
 642 005d 7F7F7F7F 		.ascii	"\177\177\177\177\177\177\177\177\177\177\177\177\177"
 642      7F7F7F7F 
 642      7F7F7F7F 
 642      7F
 643 006a 7F7F7F7F 		.ascii	"\177\177\177\177\177\177\177\177\177\177\177\177\177"
 643      7F7F7F7F 
 643      7F7F7F7F 
 643      7F
 644 0077 7F7F7F7F 		.ascii	"\177\177\177\177\177\177\177\177\177\200\200\200\200"
 644      7F7F7F7F 
 644      7F808080 
 644      80
 645 0084 80808080 		.ascii	"\200\200\200\200\200\200\200\200\200\200\200\200\200"
 645      80808080 
 645      80808080 
 645      80
 646 0091 80808080 		.ascii	"\200\200\200\200\200\200\200\200\200\200\200\200\200"
 646      80808080 
 646      80808080 
 646      80
 647 009e 80808080 		.ascii	"\200\200\200\200\200\200\200\200\200\200\200\200\200"
 647      80808080 
 647      80808080 
 647      80
 648 00ab 80808080 		.ascii	"\200\200\200\200\200\200\200\200\200\200\200\200\200"
 648      80808080 
 648      80808080 
 648      80
 649 00b8 80808080 		.ascii	"\200\200\200\200\200\200\200\200\200\200\200\200\200"
 649      80808080 
 649      80808080 
 649      80
 650 00c5 80808080 		.ascii	"\200\200\200\200\200\200\200\200\200\200\201\201\201"
 650      80808080 
 650      80808181 
 650      81
 651 00d2 81818181 		.ascii	"\201\201\201\201\201\202\202\202\202\202\203\203\204"
 651      81828282 
 651      82828383 
 651      84
 652 00df 84858586 		.ascii	"\204\205\205\206\207\210\210\212\213\214\216\217\221"
 652      8788888A 
 652      8B8C8E8F 
 652      91
 653 00ec 9396989B 		.ascii	"\223\226\230\233\237\242\246\252\257\264\271\277\305"
ARM GAS  /tmp/cc74576Z.s 			page 14


 653      9FA2A6AA 
 653      AFB4B9BF 
 653      C5
 654 00f9 CBD2D9E1 		.ascii	"\313\322\331\341\350\360\370"
 654      E8F0F8
 655              		.global	tanhTable_q15
 656              		.section	.rodata.tanhTable_q15,"a"
 657              		.align	2
 660              	tanhTable_q15:
 661 0000 0000     		.short	0
 662 0002 FD07     		.short	2045
 663 0004 EB0F     		.short	4075
 664 0006 B917     		.short	6073
 665 0008 591F     		.short	8025
 666 000a BF26     		.short	9919
 667 000c DF2D     		.short	11743
 668 000e AE34     		.short	13486
 669 0010 273B     		.short	15143
 670 0012 4241     		.short	16706
 671 0014 FD46     		.short	18173
 672 0016 564C     		.short	19542
 673 0018 4D51     		.short	20813
 674 001a E255     		.short	21986
 675 001c 1A5A     		.short	23066
 676 001e F65D     		.short	24054
 677 0020 7C61     		.short	24956
 678 0022 B064     		.short	25776
 679 0024 9767     		.short	26519
 680 0026 376A     		.short	27191
 681 0028 956C     		.short	27797
 682 002a B56E     		.short	28341
 683 002c 9E70     		.short	28830
 684 002e 5472     		.short	29268
 685 0030 DC73     		.short	29660
 686 0032 3A75     		.short	30010
 687 0034 7276     		.short	30322
 688 0036 8877     		.short	30600
 689 0038 7F78     		.short	30847
 690 003a 5B79     		.short	31067
 691 003c 1E7A     		.short	31262
 692 003e CB7A     		.short	31435
 693 0040 657B     		.short	31589
 694 0042 EE7B     		.short	31726
 695 0044 667C     		.short	31846
 696 0046 D17C     		.short	31953
 697 0048 307D     		.short	32048
 698 004a 847D     		.short	32132
 699 004c CE7D     		.short	32206
 700 004e 0F7E     		.short	32271
 701 0050 497E     		.short	32329
 702 0052 7D7E     		.short	32381
 703 0054 AA7E     		.short	32426
 704 0056 D27E     		.short	32466
 705 0058 F57E     		.short	32501
 706 005a 147F     		.short	32532
 707 005c 307F     		.short	32560
 708 005e 487F     		.short	32584
ARM GAS  /tmp/cc74576Z.s 			page 15


 709 0060 5E7F     		.short	32606
 710 0062 717F     		.short	32625
 711 0064 827F     		.short	32642
 712 0066 917F     		.short	32657
 713 0068 9E7F     		.short	32670
 714 006a A97F     		.short	32681
 715 006c B37F     		.short	32691
 716 006e BC7F     		.short	32700
 717 0070 C47F     		.short	32708
 718 0072 CB7F     		.short	32715
 719 0074 D17F     		.short	32721
 720 0076 D77F     		.short	32727
 721 0078 DC7F     		.short	32732
 722 007a E07F     		.short	32736
 723 007c E47F     		.short	32740
 724 007e E77F     		.short	32743
 725 0080 EA7F     		.short	32746
 726 0082 ED7F     		.short	32749
 727 0084 EF7F     		.short	32751
 728 0086 F17F     		.short	32753
 729 0088 F37F     		.short	32755
 730 008a F47F     		.short	32756
 731 008c F67F     		.short	32758
 732 008e F77F     		.short	32759
 733 0090 F87F     		.short	32760
 734 0092 F97F     		.short	32761
 735 0094 FA7F     		.short	32762
 736 0096 FA7F     		.short	32762
 737 0098 FB7F     		.short	32763
 738 009a FC7F     		.short	32764
 739 009c FC7F     		.short	32764
 740 009e FD7F     		.short	32765
 741 00a0 FD7F     		.short	32765
 742 00a2 FD7F     		.short	32765
 743 00a4 FE7F     		.short	32766
 744 00a6 FE7F     		.short	32766
 745 00a8 FE7F     		.short	32766
 746 00aa FE7F     		.short	32766
 747 00ac FF7F     		.short	32767
 748 00ae FF7F     		.short	32767
 749 00b0 FF7F     		.short	32767
 750 00b2 FF7F     		.short	32767
 751 00b4 FF7F     		.short	32767
 752 00b6 FF7F     		.short	32767
 753 00b8 FF7F     		.short	32767
 754 00ba FF7F     		.short	32767
 755 00bc FF7F     		.short	32767
 756 00be FF7F     		.short	32767
 757 00c0 FF7F     		.short	32767
 758 00c2 FF7F     		.short	32767
 759 00c4 FF7F     		.short	32767
 760 00c6 FF7F     		.short	32767
 761 00c8 FF7F     		.short	32767
 762 00ca FF7F     		.short	32767
 763 00cc FF7F     		.short	32767
 764 00ce FF7F     		.short	32767
 765 00d0 FF7F     		.short	32767
ARM GAS  /tmp/cc74576Z.s 			page 16


 766 00d2 FF7F     		.short	32767
 767 00d4 FF7F     		.short	32767
 768 00d6 FF7F     		.short	32767
 769 00d8 FF7F     		.short	32767
 770 00da FF7F     		.short	32767
 771 00dc FF7F     		.short	32767
 772 00de FF7F     		.short	32767
 773 00e0 FF7F     		.short	32767
 774 00e2 FF7F     		.short	32767
 775 00e4 FF7F     		.short	32767
 776 00e6 FF7F     		.short	32767
 777 00e8 FF7F     		.short	32767
 778 00ea FF7F     		.short	32767
 779 00ec FF7F     		.short	32767
 780 00ee FF7F     		.short	32767
 781 00f0 FF7F     		.short	32767
 782 00f2 FF7F     		.short	32767
 783 00f4 FF7F     		.short	32767
 784 00f6 FF7F     		.short	32767
 785 00f8 FF7F     		.short	32767
 786 00fa FF7F     		.short	32767
 787 00fc FF7F     		.short	32767
 788 00fe FF7F     		.short	32767
 789 0100 0080     		.short	-32768
 790 0102 0080     		.short	-32768
 791 0104 0080     		.short	-32768
 792 0106 0080     		.short	-32768
 793 0108 0080     		.short	-32768
 794 010a 0080     		.short	-32768
 795 010c 0080     		.short	-32768
 796 010e 0080     		.short	-32768
 797 0110 0080     		.short	-32768
 798 0112 0080     		.short	-32768
 799 0114 0080     		.short	-32768
 800 0116 0080     		.short	-32768
 801 0118 0080     		.short	-32768
 802 011a 0080     		.short	-32768
 803 011c 0080     		.short	-32768
 804 011e 0080     		.short	-32768
 805 0120 0080     		.short	-32768
 806 0122 0080     		.short	-32768
 807 0124 0080     		.short	-32768
 808 0126 0080     		.short	-32768
 809 0128 0080     		.short	-32768
 810 012a 0080     		.short	-32768
 811 012c 0080     		.short	-32768
 812 012e 0080     		.short	-32768
 813 0130 0080     		.short	-32768
 814 0132 0080     		.short	-32768
 815 0134 0080     		.short	-32768
 816 0136 0080     		.short	-32768
 817 0138 0080     		.short	-32768
 818 013a 0080     		.short	-32768
 819 013c 0080     		.short	-32768
 820 013e 0080     		.short	-32768
 821 0140 0080     		.short	-32768
 822 0142 0080     		.short	-32768
ARM GAS  /tmp/cc74576Z.s 			page 17


 823 0144 0180     		.short	-32767
 824 0146 0180     		.short	-32767
 825 0148 0180     		.short	-32767
 826 014a 0180     		.short	-32767
 827 014c 0180     		.short	-32767
 828 014e 0180     		.short	-32767
 829 0150 0180     		.short	-32767
 830 0152 0180     		.short	-32767
 831 0154 0180     		.short	-32767
 832 0156 0280     		.short	-32766
 833 0158 0280     		.short	-32766
 834 015a 0280     		.short	-32766
 835 015c 0280     		.short	-32766
 836 015e 0380     		.short	-32765
 837 0160 0380     		.short	-32765
 838 0162 0380     		.short	-32765
 839 0164 0480     		.short	-32764
 840 0166 0480     		.short	-32764
 841 0168 0580     		.short	-32763
 842 016a 0680     		.short	-32762
 843 016c 0680     		.short	-32762
 844 016e 0780     		.short	-32761
 845 0170 0880     		.short	-32760
 846 0172 0980     		.short	-32759
 847 0174 0A80     		.short	-32758
 848 0176 0C80     		.short	-32756
 849 0178 0D80     		.short	-32755
 850 017a 0F80     		.short	-32753
 851 017c 1180     		.short	-32751
 852 017e 1380     		.short	-32749
 853 0180 1680     		.short	-32746
 854 0182 1980     		.short	-32743
 855 0184 1C80     		.short	-32740
 856 0186 2080     		.short	-32736
 857 0188 2480     		.short	-32732
 858 018a 2980     		.short	-32727
 859 018c 2F80     		.short	-32721
 860 018e 3580     		.short	-32715
 861 0190 3C80     		.short	-32708
 862 0192 4480     		.short	-32700
 863 0194 4D80     		.short	-32691
 864 0196 5780     		.short	-32681
 865 0198 6280     		.short	-32670
 866 019a 6F80     		.short	-32657
 867 019c 7E80     		.short	-32642
 868 019e 8F80     		.short	-32625
 869 01a0 A280     		.short	-32606
 870 01a2 B880     		.short	-32584
 871 01a4 D080     		.short	-32560
 872 01a6 EC80     		.short	-32532
 873 01a8 0B81     		.short	-32501
 874 01aa 2E81     		.short	-32466
 875 01ac 5681     		.short	-32426
 876 01ae 8381     		.short	-32381
 877 01b0 B781     		.short	-32329
 878 01b2 F181     		.short	-32271
 879 01b4 3282     		.short	-32206
ARM GAS  /tmp/cc74576Z.s 			page 18


 880 01b6 7C82     		.short	-32132
 881 01b8 D082     		.short	-32048
 882 01ba 2F83     		.short	-31953
 883 01bc 9A83     		.short	-31846
 884 01be 1284     		.short	-31726
 885 01c0 9B84     		.short	-31589
 886 01c2 3585     		.short	-31435
 887 01c4 E285     		.short	-31262
 888 01c6 A586     		.short	-31067
 889 01c8 8187     		.short	-30847
 890 01ca 7888     		.short	-30600
 891 01cc 8E89     		.short	-30322
 892 01ce C68A     		.short	-30010
 893 01d0 248C     		.short	-29660
 894 01d2 AC8D     		.short	-29268
 895 01d4 628F     		.short	-28830
 896 01d6 4B91     		.short	-28341
 897 01d8 6B93     		.short	-27797
 898 01da C995     		.short	-27191
 899 01dc 6998     		.short	-26519
 900 01de 509B     		.short	-25776
 901 01e0 849E     		.short	-24956
 902 01e2 0AA2     		.short	-24054
 903 01e4 E6A5     		.short	-23066
 904 01e6 1EAA     		.short	-21986
 905 01e8 B3AE     		.short	-20813
 906 01ea AAB3     		.short	-19542
 907 01ec 03B9     		.short	-18173
 908 01ee BEBE     		.short	-16706
 909 01f0 D9C4     		.short	-15143
 910 01f2 52CB     		.short	-13486
 911 01f4 21D2     		.short	-11743
 912 01f6 41D9     		.short	-9919
 913 01f8 A7E0     		.short	-8025
 914 01fa 47E8     		.short	-6073
 915 01fc 15F0     		.short	-4075
 916 01fe 03F8     		.short	-2045
 917              		.global	tanhLTable_q15
 918              		.section	.rodata.tanhLTable_q15,"a"
 919              		.align	2
 922              	tanhLTable_q15:
 923 0000 0000     		.short	0
 924 0002 0004     		.short	1024
 925 0004 FD07     		.short	2045
 926 0006 F70B     		.short	3063
 927 0008 EB0F     		.short	4075
 928 000a D713     		.short	5079
 929 000c B917     		.short	6073
 930 000e 901B     		.short	7056
 931 0010 591F     		.short	8025
 932 0012 1423     		.short	8980
 933 0014 BF26     		.short	9919
 934 0016 582A     		.short	10840
 935 0018 DF2D     		.short	11743
 936 001a 5131     		.short	12625
 937 001c AE34     		.short	13486
 938 001e F637     		.short	14326
ARM GAS  /tmp/cc74576Z.s 			page 19


 939 0020 273B     		.short	15143
 940 0022 403E     		.short	15936
 941 0024 4241     		.short	16706
 942 0026 2C44     		.short	17452
 943 0028 FD46     		.short	18173
 944 002a B649     		.short	18870
 945 002c 564C     		.short	19542
 946 002e DD4E     		.short	20189
 947 0030 4D51     		.short	20813
 948 0032 A353     		.short	21411
 949 0034 E255     		.short	21986
 950 0036 0A58     		.short	22538
 951 0038 1A5A     		.short	23066
 952 003a 135C     		.short	23571
 953 003c F65D     		.short	24054
 954 003e C45F     		.short	24516
 955 0040 7C61     		.short	24956
 956 0042 2063     		.short	25376
 957 0044 B064     		.short	25776
 958 0046 2D66     		.short	26157
 959 0048 9767     		.short	26519
 960 004a F068     		.short	26864
 961 004c 376A     		.short	27191
 962 004e 6E6B     		.short	27502
 963 0050 956C     		.short	27797
 964 0052 AC6D     		.short	28076
 965 0054 B56E     		.short	28341
 966 0056 B06F     		.short	28592
 967 0058 9E70     		.short	28830
 968 005a 7F71     		.short	29055
 969 005c 5472     		.short	29268
 970 005e 1E73     		.short	29470
 971 0060 DC73     		.short	29660
 972 0062 9074     		.short	29840
 973 0064 3A75     		.short	30010
 974 0066 DA75     		.short	30170
 975 0068 7276     		.short	30322
 976 006a 0177     		.short	30465
 977 006c 8877     		.short	30600
 978 006e 0778     		.short	30727
 979 0070 7F78     		.short	30847
 980 0072 F078     		.short	30960
 981 0074 5B79     		.short	31067
 982 0076 BF79     		.short	31167
 983 0078 1E7A     		.short	31262
 984 007a 777A     		.short	31351
 985 007c CB7A     		.short	31435
 986 007e 1B7B     		.short	31515
 987 0080 9B84     		.short	-31589
 988 0082 E584     		.short	-31515
 989 0084 3585     		.short	-31435
 990 0086 8985     		.short	-31351
 991 0088 E285     		.short	-31262
 992 008a 4186     		.short	-31167
 993 008c A586     		.short	-31067
 994 008e 1087     		.short	-30960
 995 0090 8187     		.short	-30847
ARM GAS  /tmp/cc74576Z.s 			page 20


 996 0092 F987     		.short	-30727
 997 0094 7888     		.short	-30600
 998 0096 FF88     		.short	-30465
 999 0098 8E89     		.short	-30322
 1000 009a 268A     		.short	-30170
 1001 009c C68A     		.short	-30010
 1002 009e 708B     		.short	-29840
 1003 00a0 248C     		.short	-29660
 1004 00a2 E28C     		.short	-29470
 1005 00a4 AC8D     		.short	-29268
 1006 00a6 818E     		.short	-29055
 1007 00a8 628F     		.short	-28830
 1008 00aa 5090     		.short	-28592
 1009 00ac 4B91     		.short	-28341
 1010 00ae 5492     		.short	-28076
 1011 00b0 6B93     		.short	-27797
 1012 00b2 9294     		.short	-27502
 1013 00b4 C995     		.short	-27191
 1014 00b6 1097     		.short	-26864
 1015 00b8 6998     		.short	-26519
 1016 00ba D399     		.short	-26157
 1017 00bc 509B     		.short	-25776
 1018 00be E09C     		.short	-25376
 1019 00c0 849E     		.short	-24956
 1020 00c2 3CA0     		.short	-24516
 1021 00c4 0AA2     		.short	-24054
 1022 00c6 EDA3     		.short	-23571
 1023 00c8 E6A5     		.short	-23066
 1024 00ca F6A7     		.short	-22538
 1025 00cc 1EAA     		.short	-21986
 1026 00ce 5DAC     		.short	-21411
 1027 00d0 B3AE     		.short	-20813
 1028 00d2 23B1     		.short	-20189
 1029 00d4 AAB3     		.short	-19542
 1030 00d6 4AB6     		.short	-18870
 1031 00d8 03B9     		.short	-18173
 1032 00da D4BB     		.short	-17452
 1033 00dc BEBE     		.short	-16706
 1034 00de C0C1     		.short	-15936
 1035 00e0 D9C4     		.short	-15143
 1036 00e2 0AC8     		.short	-14326
 1037 00e4 52CB     		.short	-13486
 1038 00e6 AFCE     		.short	-12625
 1039 00e8 21D2     		.short	-11743
 1040 00ea A8D5     		.short	-10840
 1041 00ec 41D9     		.short	-9919
 1042 00ee ECDC     		.short	-8980
 1043 00f0 A7E0     		.short	-8025
 1044 00f2 70E4     		.short	-7056
 1045 00f4 47E8     		.short	-6073
 1046 00f6 29EC     		.short	-5079
 1047 00f8 15F0     		.short	-4075
 1048 00fa 09F4     		.short	-3063
 1049 00fc 03F8     		.short	-2045
 1050 00fe 00FC     		.short	-1024
 1051              		.global	tanhHTable_q15
 1052              		.section	.rodata.tanhHTable_q15,"a"
ARM GAS  /tmp/cc74576Z.s 			page 21


 1053              		.align	2
 1056              	tanhHTable_q15:
 1057 0000 657B     		.short	31589
 1058 0002 EE7B     		.short	31726
 1059 0004 667C     		.short	31846
 1060 0006 D17C     		.short	31953
 1061 0008 307D     		.short	32048
 1062 000a 847D     		.short	32132
 1063 000c CE7D     		.short	32206
 1064 000e 0F7E     		.short	32271
 1065 0010 497E     		.short	32329
 1066 0012 7D7E     		.short	32381
 1067 0014 AA7E     		.short	32426
 1068 0016 D27E     		.short	32466
 1069 0018 F57E     		.short	32501
 1070 001a 147F     		.short	32532
 1071 001c 307F     		.short	32560
 1072 001e 487F     		.short	32584
 1073 0020 5E7F     		.short	32606
 1074 0022 717F     		.short	32625
 1075 0024 827F     		.short	32642
 1076 0026 917F     		.short	32657
 1077 0028 9E7F     		.short	32670
 1078 002a A97F     		.short	32681
 1079 002c B37F     		.short	32691
 1080 002e BC7F     		.short	32700
 1081 0030 C47F     		.short	32708
 1082 0032 CB7F     		.short	32715
 1083 0034 D17F     		.short	32721
 1084 0036 D77F     		.short	32727
 1085 0038 DC7F     		.short	32732
 1086 003a E07F     		.short	32736
 1087 003c E47F     		.short	32740
 1088 003e E77F     		.short	32743
 1089 0040 EA7F     		.short	32746
 1090 0042 ED7F     		.short	32749
 1091 0044 EF7F     		.short	32751
 1092 0046 F17F     		.short	32753
 1093 0048 F37F     		.short	32755
 1094 004a F47F     		.short	32756
 1095 004c F67F     		.short	32758
 1096 004e F77F     		.short	32759
 1097 0050 F87F     		.short	32760
 1098 0052 F97F     		.short	32761
 1099 0054 FA7F     		.short	32762
 1100 0056 FA7F     		.short	32762
 1101 0058 FB7F     		.short	32763
 1102 005a FC7F     		.short	32764
 1103 005c FC7F     		.short	32764
 1104 005e FD7F     		.short	32765
 1105 0060 FD7F     		.short	32765
 1106 0062 FD7F     		.short	32765
 1107 0064 FE7F     		.short	32766
 1108 0066 FE7F     		.short	32766
 1109 0068 FE7F     		.short	32766
 1110 006a FE7F     		.short	32766
 1111 006c FF7F     		.short	32767
ARM GAS  /tmp/cc74576Z.s 			page 22


 1112 006e FF7F     		.short	32767
 1113 0070 FF7F     		.short	32767
 1114 0072 FF7F     		.short	32767
 1115 0074 FF7F     		.short	32767
 1116 0076 FF7F     		.short	32767
 1117 0078 FF7F     		.short	32767
 1118 007a FF7F     		.short	32767
 1119 007c FF7F     		.short	32767
 1120 007e FF7F     		.short	32767
 1121 0080 FF7F     		.short	32767
 1122 0082 FF7F     		.short	32767
 1123 0084 FF7F     		.short	32767
 1124 0086 FF7F     		.short	32767
 1125 0088 FF7F     		.short	32767
 1126 008a FF7F     		.short	32767
 1127 008c FF7F     		.short	32767
 1128 008e FF7F     		.short	32767
 1129 0090 FF7F     		.short	32767
 1130 0092 FF7F     		.short	32767
 1131 0094 FF7F     		.short	32767
 1132 0096 FF7F     		.short	32767
 1133 0098 FF7F     		.short	32767
 1134 009a FF7F     		.short	32767
 1135 009c FF7F     		.short	32767
 1136 009e FF7F     		.short	32767
 1137 00a0 FF7F     		.short	32767
 1138 00a2 FF7F     		.short	32767
 1139 00a4 FF7F     		.short	32767
 1140 00a6 FF7F     		.short	32767
 1141 00a8 FF7F     		.short	32767
 1142 00aa FF7F     		.short	32767
 1143 00ac FF7F     		.short	32767
 1144 00ae FF7F     		.short	32767
 1145 00b0 FF7F     		.short	32767
 1146 00b2 FF7F     		.short	32767
 1147 00b4 FF7F     		.short	32767
 1148 00b6 FF7F     		.short	32767
 1149 00b8 FF7F     		.short	32767
 1150 00ba FF7F     		.short	32767
 1151 00bc FF7F     		.short	32767
 1152 00be FF7F     		.short	32767
 1153 00c0 0080     		.short	-32768
 1154 00c2 0080     		.short	-32768
 1155 00c4 0080     		.short	-32768
 1156 00c6 0080     		.short	-32768
 1157 00c8 0080     		.short	-32768
 1158 00ca 0080     		.short	-32768
 1159 00cc 0080     		.short	-32768
 1160 00ce 0080     		.short	-32768
 1161 00d0 0080     		.short	-32768
 1162 00d2 0080     		.short	-32768
 1163 00d4 0080     		.short	-32768
 1164 00d6 0080     		.short	-32768
 1165 00d8 0080     		.short	-32768
 1166 00da 0080     		.short	-32768
 1167 00dc 0080     		.short	-32768
 1168 00de 0080     		.short	-32768
ARM GAS  /tmp/cc74576Z.s 			page 23


 1169 00e0 0080     		.short	-32768
 1170 00e2 0080     		.short	-32768
 1171 00e4 0080     		.short	-32768
 1172 00e6 0080     		.short	-32768
 1173 00e8 0080     		.short	-32768
 1174 00ea 0080     		.short	-32768
 1175 00ec 0080     		.short	-32768
 1176 00ee 0080     		.short	-32768
 1177 00f0 0080     		.short	-32768
 1178 00f2 0080     		.short	-32768
 1179 00f4 0080     		.short	-32768
 1180 00f6 0080     		.short	-32768
 1181 00f8 0080     		.short	-32768
 1182 00fa 0080     		.short	-32768
 1183 00fc 0080     		.short	-32768
 1184 00fe 0080     		.short	-32768
 1185 0100 0080     		.short	-32768
 1186 0102 0080     		.short	-32768
 1187 0104 0180     		.short	-32767
 1188 0106 0180     		.short	-32767
 1189 0108 0180     		.short	-32767
 1190 010a 0180     		.short	-32767
 1191 010c 0180     		.short	-32767
 1192 010e 0180     		.short	-32767
 1193 0110 0180     		.short	-32767
 1194 0112 0180     		.short	-32767
 1195 0114 0180     		.short	-32767
 1196 0116 0280     		.short	-32766
 1197 0118 0280     		.short	-32766
 1198 011a 0280     		.short	-32766
 1199 011c 0280     		.short	-32766
 1200 011e 0380     		.short	-32765
 1201 0120 0380     		.short	-32765
 1202 0122 0380     		.short	-32765
 1203 0124 0480     		.short	-32764
 1204 0126 0480     		.short	-32764
 1205 0128 0580     		.short	-32763
 1206 012a 0680     		.short	-32762
 1207 012c 0680     		.short	-32762
 1208 012e 0780     		.short	-32761
 1209 0130 0880     		.short	-32760
 1210 0132 0980     		.short	-32759
 1211 0134 0A80     		.short	-32758
 1212 0136 0C80     		.short	-32756
 1213 0138 0D80     		.short	-32755
 1214 013a 0F80     		.short	-32753
 1215 013c 1180     		.short	-32751
 1216 013e 1380     		.short	-32749
 1217 0140 1680     		.short	-32746
 1218 0142 1980     		.short	-32743
 1219 0144 1C80     		.short	-32740
 1220 0146 2080     		.short	-32736
 1221 0148 2480     		.short	-32732
 1222 014a 2980     		.short	-32727
 1223 014c 2F80     		.short	-32721
 1224 014e 3580     		.short	-32715
 1225 0150 3C80     		.short	-32708
ARM GAS  /tmp/cc74576Z.s 			page 24


 1226 0152 4480     		.short	-32700
 1227 0154 4D80     		.short	-32691
 1228 0156 5780     		.short	-32681
 1229 0158 6280     		.short	-32670
 1230 015a 6F80     		.short	-32657
 1231 015c 7E80     		.short	-32642
 1232 015e 8F80     		.short	-32625
 1233 0160 A280     		.short	-32606
 1234 0162 B880     		.short	-32584
 1235 0164 D080     		.short	-32560
 1236 0166 EC80     		.short	-32532
 1237 0168 0B81     		.short	-32501
 1238 016a 2E81     		.short	-32466
 1239 016c 5681     		.short	-32426
 1240 016e 8381     		.short	-32381
 1241 0170 B781     		.short	-32329
 1242 0172 F181     		.short	-32271
 1243 0174 3282     		.short	-32206
 1244 0176 7C82     		.short	-32132
 1245 0178 D082     		.short	-32048
 1246 017a 2F83     		.short	-31953
 1247 017c 9A83     		.short	-31846
 1248 017e 1284     		.short	-31726
 1249              		.text
 1250              	.Letext0:
 1251              		.file 1 "/usr/lib/gcc/arm-none-eabi/9.2.1/include/stdint.h"
 1252              		.file 2 "/usr/lib/gcc/arm-none-eabi/9.2.1/include/stddef.h"
 1253              		.file 3 "/usr/include/newlib/sys/_types.h"
 1254              		.file 4 "/usr/include/newlib/sys/reent.h"
 1255              		.file 5 "/usr/include/newlib/sys/lock.h"
 1256              		.file 6 "/usr/include/newlib/math.h"
 1257              		.file 7 "./Libraries/CMSIS/DSP/Include/arm_math.h"
 1258              		.file 8 "./Libraries/CMSIS/DSP/Include/arm_common_tables.h"
 1259              		.file 9 "./Libraries/CMSIS/NN/Source/NNSupportFunctions/arm_nntables.c"
ARM GAS  /tmp/cc74576Z.s 			page 25


DEFINED SYMBOLS
                            *ABS*:0000000000000000 arm_nntables.c
     /tmp/cc74576Z.s:21     .rodata.sigmoidTable_q7:0000000000000000 sigmoidTable_q7
     /tmp/cc74576Z.s:18     .rodata.sigmoidTable_q7:0000000000000000 $d
     /tmp/cc74576Z.s:42     .rodata.sigmoidTable_q15:0000000000000000 sigmoidTable_q15
     /tmp/cc74576Z.s:39     .rodata.sigmoidTable_q15:0000000000000000 $d
     /tmp/cc74576Z.s:304    .rodata.sigmoidLTable_q15:0000000000000000 sigmoidLTable_q15
     /tmp/cc74576Z.s:301    .rodata.sigmoidLTable_q15:0000000000000000 $d
     /tmp/cc74576Z.s:438    .rodata.sigmoidHTable_q15:0000000000000000 sigmoidHTable_q15
     /tmp/cc74576Z.s:435    .rodata.sigmoidHTable_q15:0000000000000000 $d
     /tmp/cc74576Z.s:636    .rodata.tanhTable_q7:0000000000000000 tanhTable_q7
     /tmp/cc74576Z.s:633    .rodata.tanhTable_q7:0000000000000000 $d
     /tmp/cc74576Z.s:660    .rodata.tanhTable_q15:0000000000000000 tanhTable_q15
     /tmp/cc74576Z.s:657    .rodata.tanhTable_q15:0000000000000000 $d
     /tmp/cc74576Z.s:922    .rodata.tanhLTable_q15:0000000000000000 tanhLTable_q15
     /tmp/cc74576Z.s:919    .rodata.tanhLTable_q15:0000000000000000 $d
     /tmp/cc74576Z.s:1056   .rodata.tanhHTable_q15:0000000000000000 tanhHTable_q15
     /tmp/cc74576Z.s:1053   .rodata.tanhHTable_q15:0000000000000000 $d

NO UNDEFINED SYMBOLS
