ARM GAS  /tmp/ccqpnnP6.s 			page 1


   1              		.cpu cortex-m7
   2              		.eabi_attribute 28, 1
   3              		.eabi_attribute 20, 1
   4              		.eabi_attribute 21, 1
   5              		.eabi_attribute 23, 3
   6              		.eabi_attribute 24, 1
   7              		.eabi_attribute 25, 1
   8              		.eabi_attribute 26, 1
   9              		.eabi_attribute 30, 6
  10              		.eabi_attribute 34, 1
  11              		.eabi_attribute 18, 4
  12              		.file	"arm_fir_fast_q31.c"
  13              		.text
  14              	.Ltext0:
  15              		.cfi_sections	.debug_frame
  16              		.section	.text.arm_fir_fast_q31,"ax",%progbits
  17              		.align	1
  18              		.global	arm_fir_fast_q31
  19              		.arch armv7e-m
  20              		.syntax unified
  21              		.thumb
  22              		.thumb_func
  23              		.fpu fpv5-d16
  25              	arm_fir_fast_q31:
  26              	.LFB145:
  27              		.file 1 "./Libraries/CMSIS/DSP/Source/FilteringFunctions/arm_fir_fast_q31.c"
   1:./Libraries/CMSIS/DSP/Source/FilteringFunctions/arm_fir_fast_q31.c **** /* ----------------------------------------------------------------------
   2:./Libraries/CMSIS/DSP/Source/FilteringFunctions/arm_fir_fast_q31.c ****  * Project:      CMSIS DSP Library
   3:./Libraries/CMSIS/DSP/Source/FilteringFunctions/arm_fir_fast_q31.c ****  * Title:        arm_fir_fast_q31.c
   4:./Libraries/CMSIS/DSP/Source/FilteringFunctions/arm_fir_fast_q31.c ****  * Description:  Processing function for the Q31 Fast FIR filter
   5:./Libraries/CMSIS/DSP/Source/FilteringFunctions/arm_fir_fast_q31.c ****  *
   6:./Libraries/CMSIS/DSP/Source/FilteringFunctions/arm_fir_fast_q31.c ****  * $Date:        18. March 2019
   7:./Libraries/CMSIS/DSP/Source/FilteringFunctions/arm_fir_fast_q31.c ****  * $Revision:    V1.6.0
   8:./Libraries/CMSIS/DSP/Source/FilteringFunctions/arm_fir_fast_q31.c ****  *
   9:./Libraries/CMSIS/DSP/Source/FilteringFunctions/arm_fir_fast_q31.c ****  * Target Processor: Cortex-M cores
  10:./Libraries/CMSIS/DSP/Source/FilteringFunctions/arm_fir_fast_q31.c ****  * -------------------------------------------------------------------- */
  11:./Libraries/CMSIS/DSP/Source/FilteringFunctions/arm_fir_fast_q31.c **** /*
  12:./Libraries/CMSIS/DSP/Source/FilteringFunctions/arm_fir_fast_q31.c ****  * Copyright (C) 2010-2019 ARM Limited or its affiliates. All rights reserved.
  13:./Libraries/CMSIS/DSP/Source/FilteringFunctions/arm_fir_fast_q31.c ****  *
  14:./Libraries/CMSIS/DSP/Source/FilteringFunctions/arm_fir_fast_q31.c ****  * SPDX-License-Identifier: Apache-2.0
  15:./Libraries/CMSIS/DSP/Source/FilteringFunctions/arm_fir_fast_q31.c ****  *
  16:./Libraries/CMSIS/DSP/Source/FilteringFunctions/arm_fir_fast_q31.c ****  * Licensed under the Apache License, Version 2.0 (the License); you may
  17:./Libraries/CMSIS/DSP/Source/FilteringFunctions/arm_fir_fast_q31.c ****  * not use this file except in compliance with the License.
  18:./Libraries/CMSIS/DSP/Source/FilteringFunctions/arm_fir_fast_q31.c ****  * You may obtain a copy of the License at
  19:./Libraries/CMSIS/DSP/Source/FilteringFunctions/arm_fir_fast_q31.c ****  *
  20:./Libraries/CMSIS/DSP/Source/FilteringFunctions/arm_fir_fast_q31.c ****  * www.apache.org/licenses/LICENSE-2.0
  21:./Libraries/CMSIS/DSP/Source/FilteringFunctions/arm_fir_fast_q31.c ****  *
  22:./Libraries/CMSIS/DSP/Source/FilteringFunctions/arm_fir_fast_q31.c ****  * Unless required by applicable law or agreed to in writing, software
  23:./Libraries/CMSIS/DSP/Source/FilteringFunctions/arm_fir_fast_q31.c ****  * distributed under the License is distributed on an AS IS BASIS, WITHOUT
  24:./Libraries/CMSIS/DSP/Source/FilteringFunctions/arm_fir_fast_q31.c ****  * WARRANTIES OR CONDITIONS OF ANY KIND, either express or implied.
  25:./Libraries/CMSIS/DSP/Source/FilteringFunctions/arm_fir_fast_q31.c ****  * See the License for the specific language governing permissions and
  26:./Libraries/CMSIS/DSP/Source/FilteringFunctions/arm_fir_fast_q31.c ****  * limitations under the License.
  27:./Libraries/CMSIS/DSP/Source/FilteringFunctions/arm_fir_fast_q31.c ****  */
  28:./Libraries/CMSIS/DSP/Source/FilteringFunctions/arm_fir_fast_q31.c **** 
  29:./Libraries/CMSIS/DSP/Source/FilteringFunctions/arm_fir_fast_q31.c **** #include "arm_math.h"
  30:./Libraries/CMSIS/DSP/Source/FilteringFunctions/arm_fir_fast_q31.c **** 
  31:./Libraries/CMSIS/DSP/Source/FilteringFunctions/arm_fir_fast_q31.c **** /**
ARM GAS  /tmp/ccqpnnP6.s 			page 2


  32:./Libraries/CMSIS/DSP/Source/FilteringFunctions/arm_fir_fast_q31.c ****   @ingroup groupFilters
  33:./Libraries/CMSIS/DSP/Source/FilteringFunctions/arm_fir_fast_q31.c ****  */
  34:./Libraries/CMSIS/DSP/Source/FilteringFunctions/arm_fir_fast_q31.c **** 
  35:./Libraries/CMSIS/DSP/Source/FilteringFunctions/arm_fir_fast_q31.c **** /**
  36:./Libraries/CMSIS/DSP/Source/FilteringFunctions/arm_fir_fast_q31.c ****   @addtogroup FIR
  37:./Libraries/CMSIS/DSP/Source/FilteringFunctions/arm_fir_fast_q31.c ****   @{
  38:./Libraries/CMSIS/DSP/Source/FilteringFunctions/arm_fir_fast_q31.c ****  */
  39:./Libraries/CMSIS/DSP/Source/FilteringFunctions/arm_fir_fast_q31.c **** 
  40:./Libraries/CMSIS/DSP/Source/FilteringFunctions/arm_fir_fast_q31.c **** /**
  41:./Libraries/CMSIS/DSP/Source/FilteringFunctions/arm_fir_fast_q31.c ****   @brief         Processing function for the Q31 FIR filter (fast version).
  42:./Libraries/CMSIS/DSP/Source/FilteringFunctions/arm_fir_fast_q31.c ****   @param[in]     S          points to an instance of the Q31 structure
  43:./Libraries/CMSIS/DSP/Source/FilteringFunctions/arm_fir_fast_q31.c ****   @param[in]     pSrc       points to the block of input data
  44:./Libraries/CMSIS/DSP/Source/FilteringFunctions/arm_fir_fast_q31.c ****   @param[out]    pDst       points to the block of output data
  45:./Libraries/CMSIS/DSP/Source/FilteringFunctions/arm_fir_fast_q31.c ****   @param[in]     blockSize  number of samples to process
  46:./Libraries/CMSIS/DSP/Source/FilteringFunctions/arm_fir_fast_q31.c ****   @return        none
  47:./Libraries/CMSIS/DSP/Source/FilteringFunctions/arm_fir_fast_q31.c **** 
  48:./Libraries/CMSIS/DSP/Source/FilteringFunctions/arm_fir_fast_q31.c ****   @par           Scaling and Overflow Behavior
  49:./Libraries/CMSIS/DSP/Source/FilteringFunctions/arm_fir_fast_q31.c ****                    This function is optimized for speed at the expense of fixed-point precision and
  50:./Libraries/CMSIS/DSP/Source/FilteringFunctions/arm_fir_fast_q31.c ****                    The result of each 1.31 x 1.31 multiplication is truncated to 2.30 format.
  51:./Libraries/CMSIS/DSP/Source/FilteringFunctions/arm_fir_fast_q31.c ****                    These intermediate results are added to a 2.30 accumulator.
  52:./Libraries/CMSIS/DSP/Source/FilteringFunctions/arm_fir_fast_q31.c ****                    Finally, the accumulator is saturated and converted to a 1.31 result.
  53:./Libraries/CMSIS/DSP/Source/FilteringFunctions/arm_fir_fast_q31.c ****                    The fast version has the same overflow behavior as the standard version and prov
  54:./Libraries/CMSIS/DSP/Source/FilteringFunctions/arm_fir_fast_q31.c ****                    In order to avoid overflows completely the input signal must be scaled down by l
  55:./Libraries/CMSIS/DSP/Source/FilteringFunctions/arm_fir_fast_q31.c **** 
  56:./Libraries/CMSIS/DSP/Source/FilteringFunctions/arm_fir_fast_q31.c ****  @remark
  57:./Libraries/CMSIS/DSP/Source/FilteringFunctions/arm_fir_fast_q31.c ****                    Refer to \ref arm_fir_q31() for a slower implementation of this function which u
  58:./Libraries/CMSIS/DSP/Source/FilteringFunctions/arm_fir_fast_q31.c ****                    Use function \ref arm_fir_init_q31() to initialize the filter structure.
  59:./Libraries/CMSIS/DSP/Source/FilteringFunctions/arm_fir_fast_q31.c ****  */
  60:./Libraries/CMSIS/DSP/Source/FilteringFunctions/arm_fir_fast_q31.c **** 
  61:./Libraries/CMSIS/DSP/Source/FilteringFunctions/arm_fir_fast_q31.c **** IAR_ONLY_LOW_OPTIMIZATION_ENTER
  62:./Libraries/CMSIS/DSP/Source/FilteringFunctions/arm_fir_fast_q31.c **** void arm_fir_fast_q31(
  63:./Libraries/CMSIS/DSP/Source/FilteringFunctions/arm_fir_fast_q31.c ****   const arm_fir_instance_q31 * S,
  64:./Libraries/CMSIS/DSP/Source/FilteringFunctions/arm_fir_fast_q31.c ****   const q31_t * pSrc,
  65:./Libraries/CMSIS/DSP/Source/FilteringFunctions/arm_fir_fast_q31.c ****         q31_t * pDst,
  66:./Libraries/CMSIS/DSP/Source/FilteringFunctions/arm_fir_fast_q31.c ****         uint32_t blockSize)
  67:./Libraries/CMSIS/DSP/Source/FilteringFunctions/arm_fir_fast_q31.c **** {
  28              		.loc 1 67 1
  29              		.cfi_startproc
  30              		@ args = 0, pretend = 0, frame = 56
  31              		@ frame_needed = 1, uses_anonymous_args = 0
  32              		@ link register save eliminated.
  33 0000 2DE9F00F 		push	{r4, r5, r6, r7, r8, r9, r10, fp}
  34              	.LCFI0:
  35              		.cfi_def_cfa_offset 32
  36              		.cfi_offset 4, -32
  37              		.cfi_offset 5, -28
  38              		.cfi_offset 6, -24
  39              		.cfi_offset 7, -20
  40              		.cfi_offset 8, -16
  41              		.cfi_offset 9, -12
  42              		.cfi_offset 10, -8
  43              		.cfi_offset 11, -4
  44 0004 8EB0     		sub	sp, sp, #56
  45              	.LCFI1:
  46              		.cfi_def_cfa_offset 88
  47 0006 00AF     		add	r7, sp, #0
  48              	.LCFI2:
ARM GAS  /tmp/ccqpnnP6.s 			page 3


  49              		.cfi_def_cfa_register 7
  50 0008 F860     		str	r0, [r7, #12]
  51 000a B960     		str	r1, [r7, #8]
  52 000c 7A60     		str	r2, [r7, #4]
  53 000e 3B60     		str	r3, [r7]
  68:./Libraries/CMSIS/DSP/Source/FilteringFunctions/arm_fir_fast_q31.c ****         q31_t *pState = S->pState;                     /* State pointer */
  54              		.loc 1 68 16
  55 0010 FB68     		ldr	r3, [r7, #12]
  56 0012 5B68     		ldr	r3, [r3, #4]
  57 0014 7B63     		str	r3, [r7, #52]
  69:./Libraries/CMSIS/DSP/Source/FilteringFunctions/arm_fir_fast_q31.c ****   const q31_t *pCoeffs = S->pCoeffs;                   /* Coefficient pointer */
  58              		.loc 1 69 16
  59 0016 FB68     		ldr	r3, [r7, #12]
  60 0018 9B68     		ldr	r3, [r3, #8]
  61 001a 7B61     		str	r3, [r7, #20]
  70:./Libraries/CMSIS/DSP/Source/FilteringFunctions/arm_fir_fast_q31.c ****         q31_t *pStateCurnt;                            /* Points to the current sample of the state
  71:./Libraries/CMSIS/DSP/Source/FilteringFunctions/arm_fir_fast_q31.c ****         q31_t *px;                                     /* Temporary pointer for state buffer */
  72:./Libraries/CMSIS/DSP/Source/FilteringFunctions/arm_fir_fast_q31.c ****   const q31_t *pb;                                     /* Temporary pointer for coefficient buffer 
  73:./Libraries/CMSIS/DSP/Source/FilteringFunctions/arm_fir_fast_q31.c ****         q31_t acc0;                                    /* Accumulators */
  74:./Libraries/CMSIS/DSP/Source/FilteringFunctions/arm_fir_fast_q31.c ****         uint32_t numTaps = S->numTaps;                 /* Number of filter coefficients in the filt
  62              		.loc 1 74 29
  63 001c FB68     		ldr	r3, [r7, #12]
  64 001e 1B88     		ldrh	r3, [r3]
  65              		.loc 1 74 18
  66 0020 3B61     		str	r3, [r7, #16]
  75:./Libraries/CMSIS/DSP/Source/FilteringFunctions/arm_fir_fast_q31.c ****         uint32_t i, tapCnt, blkCnt;                    /* Loop counters */
  76:./Libraries/CMSIS/DSP/Source/FilteringFunctions/arm_fir_fast_q31.c **** 
  77:./Libraries/CMSIS/DSP/Source/FilteringFunctions/arm_fir_fast_q31.c **** #if defined (ARM_MATH_LOOPUNROLL)
  78:./Libraries/CMSIS/DSP/Source/FilteringFunctions/arm_fir_fast_q31.c ****         q31_t acc1, acc2, acc3;                        /* Accumulators */
  79:./Libraries/CMSIS/DSP/Source/FilteringFunctions/arm_fir_fast_q31.c ****         q31_t x0, x1, x2, x3, c0;                      /* Temporary variables to hold state and coe
  80:./Libraries/CMSIS/DSP/Source/FilteringFunctions/arm_fir_fast_q31.c **** #endif
  81:./Libraries/CMSIS/DSP/Source/FilteringFunctions/arm_fir_fast_q31.c **** 
  82:./Libraries/CMSIS/DSP/Source/FilteringFunctions/arm_fir_fast_q31.c ****   /* S->pState points to state array which contains previous frame (numTaps - 1) samples */
  83:./Libraries/CMSIS/DSP/Source/FilteringFunctions/arm_fir_fast_q31.c ****   /* pStateCurnt points to the location where the new input data should be written */
  84:./Libraries/CMSIS/DSP/Source/FilteringFunctions/arm_fir_fast_q31.c ****   pStateCurnt = &(S->pState[(numTaps - 1U)]);
  67              		.loc 1 84 20
  68 0022 FB68     		ldr	r3, [r7, #12]
  69 0024 5A68     		ldr	r2, [r3, #4]
  70              		.loc 1 84 28
  71 0026 3969     		ldr	r1, [r7, #16]
  72 0028 6FF04043 		mvn	r3, #-1073741824
  73 002c 0B44     		add	r3, r3, r1
  74 002e 9B00     		lsls	r3, r3, #2
  75              		.loc 1 84 15
  76 0030 1344     		add	r3, r3, r2
  77 0032 3B63     		str	r3, [r7, #48]
  85:./Libraries/CMSIS/DSP/Source/FilteringFunctions/arm_fir_fast_q31.c **** 
  86:./Libraries/CMSIS/DSP/Source/FilteringFunctions/arm_fir_fast_q31.c **** #if defined (ARM_MATH_LOOPUNROLL)
  87:./Libraries/CMSIS/DSP/Source/FilteringFunctions/arm_fir_fast_q31.c **** 
  88:./Libraries/CMSIS/DSP/Source/FilteringFunctions/arm_fir_fast_q31.c ****   /* Loop unrolling: Compute 4 output values simultaneously.
  89:./Libraries/CMSIS/DSP/Source/FilteringFunctions/arm_fir_fast_q31.c ****    * The variables acc0 ... acc3 hold output values that are being computed:
  90:./Libraries/CMSIS/DSP/Source/FilteringFunctions/arm_fir_fast_q31.c ****    *
  91:./Libraries/CMSIS/DSP/Source/FilteringFunctions/arm_fir_fast_q31.c ****    *    acc0 =  b[numTaps-1] * x[n-numTaps-1] + b[numTaps-2] * x[n-numTaps-2] + b[numTaps-3] * x[n-
  92:./Libraries/CMSIS/DSP/Source/FilteringFunctions/arm_fir_fast_q31.c ****    *    acc1 =  b[numTaps-1] * x[n-numTaps]   + b[numTaps-2] * x[n-numTaps-1] + b[numTaps-3] * x[n-
  93:./Libraries/CMSIS/DSP/Source/FilteringFunctions/arm_fir_fast_q31.c ****    *    acc2 =  b[numTaps-1] * x[n-numTaps+1] + b[numTaps-2] * x[n-numTaps]   + b[numTaps-3] * x[n-
  94:./Libraries/CMSIS/DSP/Source/FilteringFunctions/arm_fir_fast_q31.c ****    *    acc3 =  b[numTaps-1] * x[n-numTaps+2] + b[numTaps-2] * x[n-numTaps+1] + b[numTaps-3] * x[n-
  95:./Libraries/CMSIS/DSP/Source/FilteringFunctions/arm_fir_fast_q31.c ****    */
ARM GAS  /tmp/ccqpnnP6.s 			page 4


  96:./Libraries/CMSIS/DSP/Source/FilteringFunctions/arm_fir_fast_q31.c ****   blkCnt = blockSize >> 2U;
  97:./Libraries/CMSIS/DSP/Source/FilteringFunctions/arm_fir_fast_q31.c **** 
  98:./Libraries/CMSIS/DSP/Source/FilteringFunctions/arm_fir_fast_q31.c ****   while (blkCnt > 0U)
  99:./Libraries/CMSIS/DSP/Source/FilteringFunctions/arm_fir_fast_q31.c ****   {
 100:./Libraries/CMSIS/DSP/Source/FilteringFunctions/arm_fir_fast_q31.c ****     /* Copy 4 new input samples into the state buffer. */
 101:./Libraries/CMSIS/DSP/Source/FilteringFunctions/arm_fir_fast_q31.c ****     *pStateCurnt++ = *pSrc++;
 102:./Libraries/CMSIS/DSP/Source/FilteringFunctions/arm_fir_fast_q31.c ****     *pStateCurnt++ = *pSrc++;
 103:./Libraries/CMSIS/DSP/Source/FilteringFunctions/arm_fir_fast_q31.c ****     *pStateCurnt++ = *pSrc++;
 104:./Libraries/CMSIS/DSP/Source/FilteringFunctions/arm_fir_fast_q31.c ****     *pStateCurnt++ = *pSrc++;
 105:./Libraries/CMSIS/DSP/Source/FilteringFunctions/arm_fir_fast_q31.c **** 
 106:./Libraries/CMSIS/DSP/Source/FilteringFunctions/arm_fir_fast_q31.c ****     /* Set all accumulators to zero */
 107:./Libraries/CMSIS/DSP/Source/FilteringFunctions/arm_fir_fast_q31.c ****     acc0 = 0;
 108:./Libraries/CMSIS/DSP/Source/FilteringFunctions/arm_fir_fast_q31.c ****     acc1 = 0;
 109:./Libraries/CMSIS/DSP/Source/FilteringFunctions/arm_fir_fast_q31.c ****     acc2 = 0;
 110:./Libraries/CMSIS/DSP/Source/FilteringFunctions/arm_fir_fast_q31.c ****     acc3 = 0;
 111:./Libraries/CMSIS/DSP/Source/FilteringFunctions/arm_fir_fast_q31.c **** 
 112:./Libraries/CMSIS/DSP/Source/FilteringFunctions/arm_fir_fast_q31.c ****     /* Initialize state pointer */
 113:./Libraries/CMSIS/DSP/Source/FilteringFunctions/arm_fir_fast_q31.c ****     px = pState;
 114:./Libraries/CMSIS/DSP/Source/FilteringFunctions/arm_fir_fast_q31.c **** 
 115:./Libraries/CMSIS/DSP/Source/FilteringFunctions/arm_fir_fast_q31.c ****     /* Initialize coefficient pointer */
 116:./Libraries/CMSIS/DSP/Source/FilteringFunctions/arm_fir_fast_q31.c ****     pb = pCoeffs;
 117:./Libraries/CMSIS/DSP/Source/FilteringFunctions/arm_fir_fast_q31.c **** 
 118:./Libraries/CMSIS/DSP/Source/FilteringFunctions/arm_fir_fast_q31.c ****     /* Read the first 3 samples from the state buffer:
 119:./Libraries/CMSIS/DSP/Source/FilteringFunctions/arm_fir_fast_q31.c ****      *  x[n-numTaps], x[n-numTaps-1], x[n-numTaps-2] */
 120:./Libraries/CMSIS/DSP/Source/FilteringFunctions/arm_fir_fast_q31.c ****     x0 = *px++;
 121:./Libraries/CMSIS/DSP/Source/FilteringFunctions/arm_fir_fast_q31.c ****     x1 = *px++;
 122:./Libraries/CMSIS/DSP/Source/FilteringFunctions/arm_fir_fast_q31.c ****     x2 = *px++;
 123:./Libraries/CMSIS/DSP/Source/FilteringFunctions/arm_fir_fast_q31.c **** 
 124:./Libraries/CMSIS/DSP/Source/FilteringFunctions/arm_fir_fast_q31.c ****     /* Loop unrolling. Process 4 taps at a time. */
 125:./Libraries/CMSIS/DSP/Source/FilteringFunctions/arm_fir_fast_q31.c ****     tapCnt = numTaps >> 2U;
 126:./Libraries/CMSIS/DSP/Source/FilteringFunctions/arm_fir_fast_q31.c **** 
 127:./Libraries/CMSIS/DSP/Source/FilteringFunctions/arm_fir_fast_q31.c ****     /* Loop over the number of taps.  Unroll by a factor of 4.
 128:./Libraries/CMSIS/DSP/Source/FilteringFunctions/arm_fir_fast_q31.c ****        Repeat until we've computed numTaps-4 coefficients. */
 129:./Libraries/CMSIS/DSP/Source/FilteringFunctions/arm_fir_fast_q31.c ****     while (tapCnt > 0U)
 130:./Libraries/CMSIS/DSP/Source/FilteringFunctions/arm_fir_fast_q31.c ****     {
 131:./Libraries/CMSIS/DSP/Source/FilteringFunctions/arm_fir_fast_q31.c ****       /* Read the b[numTaps] coefficient */
 132:./Libraries/CMSIS/DSP/Source/FilteringFunctions/arm_fir_fast_q31.c ****       c0 = *pb;
 133:./Libraries/CMSIS/DSP/Source/FilteringFunctions/arm_fir_fast_q31.c **** 
 134:./Libraries/CMSIS/DSP/Source/FilteringFunctions/arm_fir_fast_q31.c ****       /* Read x[n-numTaps-3] sample */
 135:./Libraries/CMSIS/DSP/Source/FilteringFunctions/arm_fir_fast_q31.c ****       x3 = *px;
 136:./Libraries/CMSIS/DSP/Source/FilteringFunctions/arm_fir_fast_q31.c **** 
 137:./Libraries/CMSIS/DSP/Source/FilteringFunctions/arm_fir_fast_q31.c ****       /* acc0 +=  b[numTaps] * x[n-numTaps] */
 138:./Libraries/CMSIS/DSP/Source/FilteringFunctions/arm_fir_fast_q31.c ****       multAcc_32x32_keep32_R(acc0, x0, c0);
 139:./Libraries/CMSIS/DSP/Source/FilteringFunctions/arm_fir_fast_q31.c **** 
 140:./Libraries/CMSIS/DSP/Source/FilteringFunctions/arm_fir_fast_q31.c ****       /* acc1 +=  b[numTaps] * x[n-numTaps-1] */
 141:./Libraries/CMSIS/DSP/Source/FilteringFunctions/arm_fir_fast_q31.c ****       multAcc_32x32_keep32_R(acc1, x1, c0);
 142:./Libraries/CMSIS/DSP/Source/FilteringFunctions/arm_fir_fast_q31.c **** 
 143:./Libraries/CMSIS/DSP/Source/FilteringFunctions/arm_fir_fast_q31.c ****       /* acc2 +=  b[numTaps] * x[n-numTaps-2] */
 144:./Libraries/CMSIS/DSP/Source/FilteringFunctions/arm_fir_fast_q31.c ****       multAcc_32x32_keep32_R(acc2, x2, c0);
 145:./Libraries/CMSIS/DSP/Source/FilteringFunctions/arm_fir_fast_q31.c **** 
 146:./Libraries/CMSIS/DSP/Source/FilteringFunctions/arm_fir_fast_q31.c ****       /* acc3 +=  b[numTaps] * x[n-numTaps-3] */
 147:./Libraries/CMSIS/DSP/Source/FilteringFunctions/arm_fir_fast_q31.c ****       multAcc_32x32_keep32_R(acc3, x3, c0);
 148:./Libraries/CMSIS/DSP/Source/FilteringFunctions/arm_fir_fast_q31.c **** 
 149:./Libraries/CMSIS/DSP/Source/FilteringFunctions/arm_fir_fast_q31.c ****       /* Read the b[numTaps-1] coefficient */
 150:./Libraries/CMSIS/DSP/Source/FilteringFunctions/arm_fir_fast_q31.c ****       c0 = *(pb + 1U);
 151:./Libraries/CMSIS/DSP/Source/FilteringFunctions/arm_fir_fast_q31.c **** 
 152:./Libraries/CMSIS/DSP/Source/FilteringFunctions/arm_fir_fast_q31.c ****       /* Read x[n-numTaps-4] sample */
ARM GAS  /tmp/ccqpnnP6.s 			page 5


 153:./Libraries/CMSIS/DSP/Source/FilteringFunctions/arm_fir_fast_q31.c ****       x0 = *(px + 1U);
 154:./Libraries/CMSIS/DSP/Source/FilteringFunctions/arm_fir_fast_q31.c **** 
 155:./Libraries/CMSIS/DSP/Source/FilteringFunctions/arm_fir_fast_q31.c ****       /* Perform the multiply-accumulates */
 156:./Libraries/CMSIS/DSP/Source/FilteringFunctions/arm_fir_fast_q31.c ****       multAcc_32x32_keep32_R(acc0, x1, c0);
 157:./Libraries/CMSIS/DSP/Source/FilteringFunctions/arm_fir_fast_q31.c ****       multAcc_32x32_keep32_R(acc1, x2, c0);
 158:./Libraries/CMSIS/DSP/Source/FilteringFunctions/arm_fir_fast_q31.c ****       multAcc_32x32_keep32_R(acc2, x3, c0);
 159:./Libraries/CMSIS/DSP/Source/FilteringFunctions/arm_fir_fast_q31.c ****       multAcc_32x32_keep32_R(acc3, x0, c0);
 160:./Libraries/CMSIS/DSP/Source/FilteringFunctions/arm_fir_fast_q31.c **** 
 161:./Libraries/CMSIS/DSP/Source/FilteringFunctions/arm_fir_fast_q31.c ****       /* Read the b[numTaps-2] coefficient */
 162:./Libraries/CMSIS/DSP/Source/FilteringFunctions/arm_fir_fast_q31.c ****       c0 = *(pb + 2U);
 163:./Libraries/CMSIS/DSP/Source/FilteringFunctions/arm_fir_fast_q31.c **** 
 164:./Libraries/CMSIS/DSP/Source/FilteringFunctions/arm_fir_fast_q31.c ****       /* Read x[n-numTaps-5] sample */
 165:./Libraries/CMSIS/DSP/Source/FilteringFunctions/arm_fir_fast_q31.c ****       x1 = *(px + 2U);
 166:./Libraries/CMSIS/DSP/Source/FilteringFunctions/arm_fir_fast_q31.c **** 
 167:./Libraries/CMSIS/DSP/Source/FilteringFunctions/arm_fir_fast_q31.c ****       /* Perform the multiply-accumulates */
 168:./Libraries/CMSIS/DSP/Source/FilteringFunctions/arm_fir_fast_q31.c ****       multAcc_32x32_keep32_R(acc0, x2, c0);
 169:./Libraries/CMSIS/DSP/Source/FilteringFunctions/arm_fir_fast_q31.c ****       multAcc_32x32_keep32_R(acc1, x3, c0);
 170:./Libraries/CMSIS/DSP/Source/FilteringFunctions/arm_fir_fast_q31.c ****       multAcc_32x32_keep32_R(acc2, x0, c0);
 171:./Libraries/CMSIS/DSP/Source/FilteringFunctions/arm_fir_fast_q31.c ****       multAcc_32x32_keep32_R(acc3, x1, c0);
 172:./Libraries/CMSIS/DSP/Source/FilteringFunctions/arm_fir_fast_q31.c **** 
 173:./Libraries/CMSIS/DSP/Source/FilteringFunctions/arm_fir_fast_q31.c ****       /* Read the b[numTaps-3] coefficients */
 174:./Libraries/CMSIS/DSP/Source/FilteringFunctions/arm_fir_fast_q31.c ****       c0 = *(pb + 3U);
 175:./Libraries/CMSIS/DSP/Source/FilteringFunctions/arm_fir_fast_q31.c **** 
 176:./Libraries/CMSIS/DSP/Source/FilteringFunctions/arm_fir_fast_q31.c ****       /* Read x[n-numTaps-6] sample */
 177:./Libraries/CMSIS/DSP/Source/FilteringFunctions/arm_fir_fast_q31.c ****       x2 = *(px + 3U);
 178:./Libraries/CMSIS/DSP/Source/FilteringFunctions/arm_fir_fast_q31.c **** 
 179:./Libraries/CMSIS/DSP/Source/FilteringFunctions/arm_fir_fast_q31.c ****       /* Perform the multiply-accumulates */
 180:./Libraries/CMSIS/DSP/Source/FilteringFunctions/arm_fir_fast_q31.c ****       multAcc_32x32_keep32_R(acc0, x3, c0);
 181:./Libraries/CMSIS/DSP/Source/FilteringFunctions/arm_fir_fast_q31.c ****       multAcc_32x32_keep32_R(acc1, x0, c0);
 182:./Libraries/CMSIS/DSP/Source/FilteringFunctions/arm_fir_fast_q31.c ****       multAcc_32x32_keep32_R(acc2, x1, c0);
 183:./Libraries/CMSIS/DSP/Source/FilteringFunctions/arm_fir_fast_q31.c ****       multAcc_32x32_keep32_R(acc3, x2, c0);
 184:./Libraries/CMSIS/DSP/Source/FilteringFunctions/arm_fir_fast_q31.c **** 
 185:./Libraries/CMSIS/DSP/Source/FilteringFunctions/arm_fir_fast_q31.c ****       /* update coefficient pointer */
 186:./Libraries/CMSIS/DSP/Source/FilteringFunctions/arm_fir_fast_q31.c ****       pb += 4U;
 187:./Libraries/CMSIS/DSP/Source/FilteringFunctions/arm_fir_fast_q31.c ****       px += 4U;
 188:./Libraries/CMSIS/DSP/Source/FilteringFunctions/arm_fir_fast_q31.c **** 
 189:./Libraries/CMSIS/DSP/Source/FilteringFunctions/arm_fir_fast_q31.c ****       /* Decrement loop counter */
 190:./Libraries/CMSIS/DSP/Source/FilteringFunctions/arm_fir_fast_q31.c ****       tapCnt--;
 191:./Libraries/CMSIS/DSP/Source/FilteringFunctions/arm_fir_fast_q31.c ****     }
 192:./Libraries/CMSIS/DSP/Source/FilteringFunctions/arm_fir_fast_q31.c **** 
 193:./Libraries/CMSIS/DSP/Source/FilteringFunctions/arm_fir_fast_q31.c ****     /* If the filter length is not a multiple of 4, compute the remaining filter taps */
 194:./Libraries/CMSIS/DSP/Source/FilteringFunctions/arm_fir_fast_q31.c ****     tapCnt = numTaps % 0x4U;
 195:./Libraries/CMSIS/DSP/Source/FilteringFunctions/arm_fir_fast_q31.c **** 
 196:./Libraries/CMSIS/DSP/Source/FilteringFunctions/arm_fir_fast_q31.c ****     while (tapCnt > 0U)
 197:./Libraries/CMSIS/DSP/Source/FilteringFunctions/arm_fir_fast_q31.c ****     {
 198:./Libraries/CMSIS/DSP/Source/FilteringFunctions/arm_fir_fast_q31.c ****       /* Read coefficients */
 199:./Libraries/CMSIS/DSP/Source/FilteringFunctions/arm_fir_fast_q31.c ****       c0 = *(pb++);
 200:./Libraries/CMSIS/DSP/Source/FilteringFunctions/arm_fir_fast_q31.c **** 
 201:./Libraries/CMSIS/DSP/Source/FilteringFunctions/arm_fir_fast_q31.c ****       /* Fetch 1 state variable */
 202:./Libraries/CMSIS/DSP/Source/FilteringFunctions/arm_fir_fast_q31.c ****       x3 = *(px++);
 203:./Libraries/CMSIS/DSP/Source/FilteringFunctions/arm_fir_fast_q31.c **** 
 204:./Libraries/CMSIS/DSP/Source/FilteringFunctions/arm_fir_fast_q31.c ****       /* Perform the multiply-accumulates */
 205:./Libraries/CMSIS/DSP/Source/FilteringFunctions/arm_fir_fast_q31.c ****       multAcc_32x32_keep32_R(acc0, x0, c0);
 206:./Libraries/CMSIS/DSP/Source/FilteringFunctions/arm_fir_fast_q31.c ****       multAcc_32x32_keep32_R(acc1, x1, c0);
 207:./Libraries/CMSIS/DSP/Source/FilteringFunctions/arm_fir_fast_q31.c ****       multAcc_32x32_keep32_R(acc2, x2, c0);
 208:./Libraries/CMSIS/DSP/Source/FilteringFunctions/arm_fir_fast_q31.c ****       multAcc_32x32_keep32_R(acc3, x3, c0);
 209:./Libraries/CMSIS/DSP/Source/FilteringFunctions/arm_fir_fast_q31.c **** 
ARM GAS  /tmp/ccqpnnP6.s 			page 6


 210:./Libraries/CMSIS/DSP/Source/FilteringFunctions/arm_fir_fast_q31.c ****       /* Reuse the present sample states for next sample */
 211:./Libraries/CMSIS/DSP/Source/FilteringFunctions/arm_fir_fast_q31.c ****       x0 = x1;
 212:./Libraries/CMSIS/DSP/Source/FilteringFunctions/arm_fir_fast_q31.c ****       x1 = x2;
 213:./Libraries/CMSIS/DSP/Source/FilteringFunctions/arm_fir_fast_q31.c ****       x2 = x3;
 214:./Libraries/CMSIS/DSP/Source/FilteringFunctions/arm_fir_fast_q31.c **** 
 215:./Libraries/CMSIS/DSP/Source/FilteringFunctions/arm_fir_fast_q31.c ****       /* Decrement loop counter */
 216:./Libraries/CMSIS/DSP/Source/FilteringFunctions/arm_fir_fast_q31.c ****       tapCnt--;
 217:./Libraries/CMSIS/DSP/Source/FilteringFunctions/arm_fir_fast_q31.c ****     }
 218:./Libraries/CMSIS/DSP/Source/FilteringFunctions/arm_fir_fast_q31.c **** 
 219:./Libraries/CMSIS/DSP/Source/FilteringFunctions/arm_fir_fast_q31.c ****     /* The results in the 4 accumulators are in 2.30 format. Convert to 1.31
 220:./Libraries/CMSIS/DSP/Source/FilteringFunctions/arm_fir_fast_q31.c ****        Then store the 4 outputs in the destination buffer. */
 221:./Libraries/CMSIS/DSP/Source/FilteringFunctions/arm_fir_fast_q31.c ****     *pDst++ = (q31_t) (acc0 << 1);
 222:./Libraries/CMSIS/DSP/Source/FilteringFunctions/arm_fir_fast_q31.c ****     *pDst++ = (q31_t) (acc1 << 1);
 223:./Libraries/CMSIS/DSP/Source/FilteringFunctions/arm_fir_fast_q31.c ****     *pDst++ = (q31_t) (acc2 << 1);
 224:./Libraries/CMSIS/DSP/Source/FilteringFunctions/arm_fir_fast_q31.c ****     *pDst++ = (q31_t) (acc3 << 1);
 225:./Libraries/CMSIS/DSP/Source/FilteringFunctions/arm_fir_fast_q31.c **** 
 226:./Libraries/CMSIS/DSP/Source/FilteringFunctions/arm_fir_fast_q31.c ****     /* Advance the state pointer by 4 to process the next group of 4 samples */
 227:./Libraries/CMSIS/DSP/Source/FilteringFunctions/arm_fir_fast_q31.c ****     pState = pState + 4U;
 228:./Libraries/CMSIS/DSP/Source/FilteringFunctions/arm_fir_fast_q31.c **** 
 229:./Libraries/CMSIS/DSP/Source/FilteringFunctions/arm_fir_fast_q31.c ****     /* Decrement loop counter */
 230:./Libraries/CMSIS/DSP/Source/FilteringFunctions/arm_fir_fast_q31.c ****     blkCnt--;
 231:./Libraries/CMSIS/DSP/Source/FilteringFunctions/arm_fir_fast_q31.c ****   }
 232:./Libraries/CMSIS/DSP/Source/FilteringFunctions/arm_fir_fast_q31.c **** 
 233:./Libraries/CMSIS/DSP/Source/FilteringFunctions/arm_fir_fast_q31.c ****   /* Loop unrolling: Compute remaining output samples */
 234:./Libraries/CMSIS/DSP/Source/FilteringFunctions/arm_fir_fast_q31.c ****   blkCnt = blockSize % 0x4U;
 235:./Libraries/CMSIS/DSP/Source/FilteringFunctions/arm_fir_fast_q31.c **** 
 236:./Libraries/CMSIS/DSP/Source/FilteringFunctions/arm_fir_fast_q31.c **** #else
 237:./Libraries/CMSIS/DSP/Source/FilteringFunctions/arm_fir_fast_q31.c **** 
 238:./Libraries/CMSIS/DSP/Source/FilteringFunctions/arm_fir_fast_q31.c ****   /* Initialize blkCnt with number of taps */
 239:./Libraries/CMSIS/DSP/Source/FilteringFunctions/arm_fir_fast_q31.c ****   blkCnt = blockSize;
  78              		.loc 1 239 10
  79 0034 3B68     		ldr	r3, [r7]
  80 0036 BB61     		str	r3, [r7, #24]
 240:./Libraries/CMSIS/DSP/Source/FilteringFunctions/arm_fir_fast_q31.c **** 
 241:./Libraries/CMSIS/DSP/Source/FilteringFunctions/arm_fir_fast_q31.c **** #endif /* #if defined (ARM_MATH_LOOPUNROLL) */
 242:./Libraries/CMSIS/DSP/Source/FilteringFunctions/arm_fir_fast_q31.c **** 
 243:./Libraries/CMSIS/DSP/Source/FilteringFunctions/arm_fir_fast_q31.c ****   while (blkCnt > 0U)
  81              		.loc 1 243 9
  82 0038 52E0     		b	.L2
  83              	.L4:
 244:./Libraries/CMSIS/DSP/Source/FilteringFunctions/arm_fir_fast_q31.c ****   {
 245:./Libraries/CMSIS/DSP/Source/FilteringFunctions/arm_fir_fast_q31.c ****     /* Copy one sample at a time into state buffer */
 246:./Libraries/CMSIS/DSP/Source/FilteringFunctions/arm_fir_fast_q31.c ****     *pStateCurnt++ = *pSrc++;
  84              		.loc 1 246 27
  85 003a BA68     		ldr	r2, [r7, #8]
  86 003c 131D     		adds	r3, r2, #4
  87 003e BB60     		str	r3, [r7, #8]
  88              		.loc 1 246 17
  89 0040 3B6B     		ldr	r3, [r7, #48]
  90 0042 191D     		adds	r1, r3, #4
  91 0044 3963     		str	r1, [r7, #48]
  92              		.loc 1 246 22
  93 0046 1268     		ldr	r2, [r2]
  94              		.loc 1 246 20
  95 0048 1A60     		str	r2, [r3]
 247:./Libraries/CMSIS/DSP/Source/FilteringFunctions/arm_fir_fast_q31.c **** 
 248:./Libraries/CMSIS/DSP/Source/FilteringFunctions/arm_fir_fast_q31.c ****     /* Set the accumulator to zero */
ARM GAS  /tmp/ccqpnnP6.s 			page 7


 249:./Libraries/CMSIS/DSP/Source/FilteringFunctions/arm_fir_fast_q31.c ****     acc0 = 0;
  96              		.loc 1 249 10
  97 004a 0023     		movs	r3, #0
  98 004c 7B62     		str	r3, [r7, #36]
 250:./Libraries/CMSIS/DSP/Source/FilteringFunctions/arm_fir_fast_q31.c **** 
 251:./Libraries/CMSIS/DSP/Source/FilteringFunctions/arm_fir_fast_q31.c ****     /* Initialize state pointer */
 252:./Libraries/CMSIS/DSP/Source/FilteringFunctions/arm_fir_fast_q31.c ****     px = pState;
  99              		.loc 1 252 8
 100 004e 7B6B     		ldr	r3, [r7, #52]
 101 0050 FB62     		str	r3, [r7, #44]
 253:./Libraries/CMSIS/DSP/Source/FilteringFunctions/arm_fir_fast_q31.c **** 
 254:./Libraries/CMSIS/DSP/Source/FilteringFunctions/arm_fir_fast_q31.c ****     /* Initialize Coefficient pointer */
 255:./Libraries/CMSIS/DSP/Source/FilteringFunctions/arm_fir_fast_q31.c ****     pb = pCoeffs;
 102              		.loc 1 255 8
 103 0052 7B69     		ldr	r3, [r7, #20]
 104 0054 BB62     		str	r3, [r7, #40]
 256:./Libraries/CMSIS/DSP/Source/FilteringFunctions/arm_fir_fast_q31.c **** 
 257:./Libraries/CMSIS/DSP/Source/FilteringFunctions/arm_fir_fast_q31.c ****     i = numTaps;
 105              		.loc 1 257 7
 106 0056 3B69     		ldr	r3, [r7, #16]
 107 0058 3B62     		str	r3, [r7, #32]
 108              	.L3:
 258:./Libraries/CMSIS/DSP/Source/FilteringFunctions/arm_fir_fast_q31.c **** 
 259:./Libraries/CMSIS/DSP/Source/FilteringFunctions/arm_fir_fast_q31.c ****     /* Perform the multiply-accumulates */
 260:./Libraries/CMSIS/DSP/Source/FilteringFunctions/arm_fir_fast_q31.c ****     do
 261:./Libraries/CMSIS/DSP/Source/FilteringFunctions/arm_fir_fast_q31.c ****     {
 262:./Libraries/CMSIS/DSP/Source/FilteringFunctions/arm_fir_fast_q31.c ****       multAcc_32x32_keep32_R(acc0, (*px++), (*pb++));
 109              		.loc 1 262 7 discriminator 1
 110 005a 7B6A     		ldr	r3, [r7, #36]
 111 005c 1A46     		mov	r2, r3
 112 005e 4FEAE273 		asr	r3, r2, #31
 113 0062 4FF00000 		mov	r0, #0
 114 0066 4FF00001 		mov	r1, #0
 115 006a 1100     		movs	r1, r2
 116 006c 0020     		movs	r0, #0
 117 006e FB6A     		ldr	r3, [r7, #44]
 118 0070 1A1D     		adds	r2, r3, #4
 119 0072 FA62     		str	r2, [r7, #44]
 120 0074 1B68     		ldr	r3, [r3]
 121 0076 9A46     		mov	r10, r3
 122 0078 4FEAEA7B 		asr	fp, r10, #31
 123 007c BB6A     		ldr	r3, [r7, #40]
 124 007e 1A1D     		adds	r2, r3, #4
 125 0080 BA62     		str	r2, [r7, #40]
 126 0082 1B68     		ldr	r3, [r3]
 127 0084 1A46     		mov	r2, r3
 128 0086 4FEAE273 		asr	r3, r2, #31
 129 008a 02FB0BFC 		mul	ip, r2, fp
 130 008e 0AFB03F6 		mul	r6, r10, r3
 131 0092 6644     		add	r6, r6, ip
 132 0094 AAFB0223 		umull	r2, r3, r10, r2
 133 0098 1E44     		add	r6, r6, r3
 134 009a 3346     		mov	r3, r6
 135 009c 8418     		adds	r4, r0, r2
 136 009e 41EB0305 		adc	r5, r1, r3
 137 00a2 14F10048 		adds	r8, r4, #-2147483648
 138 00a6 45F10009 		adc	r9, r5, #0
ARM GAS  /tmp/ccqpnnP6.s 			page 8


 139 00aa 4FF00002 		mov	r2, #0
 140 00ae 4FF00003 		mov	r3, #0
 141 00b2 4A46     		mov	r2, r9
 142 00b4 4FEAE973 		asr	r3, r9, #31
 143 00b8 1346     		mov	r3, r2
 144 00ba 7B62     		str	r3, [r7, #36]
 263:./Libraries/CMSIS/DSP/Source/FilteringFunctions/arm_fir_fast_q31.c ****       i--;
 145              		.loc 1 263 8 discriminator 1
 146 00bc 3B6A     		ldr	r3, [r7, #32]
 147 00be 013B     		subs	r3, r3, #1
 148 00c0 3B62     		str	r3, [r7, #32]
 264:./Libraries/CMSIS/DSP/Source/FilteringFunctions/arm_fir_fast_q31.c ****     } while (i > 0U);
 149              		.loc 1 264 5 discriminator 1
 150 00c2 3B6A     		ldr	r3, [r7, #32]
 151 00c4 002B     		cmp	r3, #0
 152 00c6 C8D1     		bne	.L3
 265:./Libraries/CMSIS/DSP/Source/FilteringFunctions/arm_fir_fast_q31.c **** 
 266:./Libraries/CMSIS/DSP/Source/FilteringFunctions/arm_fir_fast_q31.c ****     /* The result is in 2.30 format. Convert to 1.31
 267:./Libraries/CMSIS/DSP/Source/FilteringFunctions/arm_fir_fast_q31.c ****        Then store the output in the destination buffer. */
 268:./Libraries/CMSIS/DSP/Source/FilteringFunctions/arm_fir_fast_q31.c ****     *pDst++ = (q31_t) (acc0 << 1);
 153              		.loc 1 268 10
 154 00c8 7B68     		ldr	r3, [r7, #4]
 155 00ca 1A1D     		adds	r2, r3, #4
 156 00cc 7A60     		str	r2, [r7, #4]
 157              		.loc 1 268 29
 158 00ce 7A6A     		ldr	r2, [r7, #36]
 159 00d0 5200     		lsls	r2, r2, #1
 160              		.loc 1 268 13
 161 00d2 1A60     		str	r2, [r3]
 269:./Libraries/CMSIS/DSP/Source/FilteringFunctions/arm_fir_fast_q31.c **** 
 270:./Libraries/CMSIS/DSP/Source/FilteringFunctions/arm_fir_fast_q31.c ****     /* Advance state pointer by 1 for the next sample */
 271:./Libraries/CMSIS/DSP/Source/FilteringFunctions/arm_fir_fast_q31.c ****     pState = pState + 1U;
 162              		.loc 1 271 12
 163 00d4 7B6B     		ldr	r3, [r7, #52]
 164 00d6 0433     		adds	r3, r3, #4
 165 00d8 7B63     		str	r3, [r7, #52]
 272:./Libraries/CMSIS/DSP/Source/FilteringFunctions/arm_fir_fast_q31.c **** 
 273:./Libraries/CMSIS/DSP/Source/FilteringFunctions/arm_fir_fast_q31.c ****     /* Decrement loop counter */
 274:./Libraries/CMSIS/DSP/Source/FilteringFunctions/arm_fir_fast_q31.c ****     blkCnt--;
 166              		.loc 1 274 11
 167 00da BB69     		ldr	r3, [r7, #24]
 168 00dc 013B     		subs	r3, r3, #1
 169 00de BB61     		str	r3, [r7, #24]
 170              	.L2:
 243:./Libraries/CMSIS/DSP/Source/FilteringFunctions/arm_fir_fast_q31.c ****   {
 171              		.loc 1 243 9
 172 00e0 BB69     		ldr	r3, [r7, #24]
 173 00e2 002B     		cmp	r3, #0
 174 00e4 A9D1     		bne	.L4
 275:./Libraries/CMSIS/DSP/Source/FilteringFunctions/arm_fir_fast_q31.c ****   }
 276:./Libraries/CMSIS/DSP/Source/FilteringFunctions/arm_fir_fast_q31.c **** 
 277:./Libraries/CMSIS/DSP/Source/FilteringFunctions/arm_fir_fast_q31.c ****   /* Processing is complete.
 278:./Libraries/CMSIS/DSP/Source/FilteringFunctions/arm_fir_fast_q31.c ****      Now copy the last numTaps - 1 samples to the start of the state buffer.
 279:./Libraries/CMSIS/DSP/Source/FilteringFunctions/arm_fir_fast_q31.c ****      This prepares the state buffer for the next function call. */
 280:./Libraries/CMSIS/DSP/Source/FilteringFunctions/arm_fir_fast_q31.c **** 
 281:./Libraries/CMSIS/DSP/Source/FilteringFunctions/arm_fir_fast_q31.c ****   /* Points to the start of the state buffer */
 282:./Libraries/CMSIS/DSP/Source/FilteringFunctions/arm_fir_fast_q31.c ****   pStateCurnt = S->pState;
ARM GAS  /tmp/ccqpnnP6.s 			page 9


 175              		.loc 1 282 15
 176 00e6 FB68     		ldr	r3, [r7, #12]
 177 00e8 5B68     		ldr	r3, [r3, #4]
 178 00ea 3B63     		str	r3, [r7, #48]
 283:./Libraries/CMSIS/DSP/Source/FilteringFunctions/arm_fir_fast_q31.c **** 
 284:./Libraries/CMSIS/DSP/Source/FilteringFunctions/arm_fir_fast_q31.c **** #if defined (ARM_MATH_LOOPUNROLL)
 285:./Libraries/CMSIS/DSP/Source/FilteringFunctions/arm_fir_fast_q31.c **** 
 286:./Libraries/CMSIS/DSP/Source/FilteringFunctions/arm_fir_fast_q31.c ****   /* Loop unrolling: Compute 4 taps at a time */
 287:./Libraries/CMSIS/DSP/Source/FilteringFunctions/arm_fir_fast_q31.c ****   tapCnt = (numTaps - 1U) >> 2U;
 288:./Libraries/CMSIS/DSP/Source/FilteringFunctions/arm_fir_fast_q31.c **** 
 289:./Libraries/CMSIS/DSP/Source/FilteringFunctions/arm_fir_fast_q31.c ****   /* Copy data */
 290:./Libraries/CMSIS/DSP/Source/FilteringFunctions/arm_fir_fast_q31.c ****   while (tapCnt > 0U)
 291:./Libraries/CMSIS/DSP/Source/FilteringFunctions/arm_fir_fast_q31.c ****   {
 292:./Libraries/CMSIS/DSP/Source/FilteringFunctions/arm_fir_fast_q31.c ****     *pStateCurnt++ = *pState++;
 293:./Libraries/CMSIS/DSP/Source/FilteringFunctions/arm_fir_fast_q31.c ****     *pStateCurnt++ = *pState++;
 294:./Libraries/CMSIS/DSP/Source/FilteringFunctions/arm_fir_fast_q31.c ****     *pStateCurnt++ = *pState++;
 295:./Libraries/CMSIS/DSP/Source/FilteringFunctions/arm_fir_fast_q31.c ****     *pStateCurnt++ = *pState++;
 296:./Libraries/CMSIS/DSP/Source/FilteringFunctions/arm_fir_fast_q31.c **** 
 297:./Libraries/CMSIS/DSP/Source/FilteringFunctions/arm_fir_fast_q31.c ****     /* Decrement loop counter */
 298:./Libraries/CMSIS/DSP/Source/FilteringFunctions/arm_fir_fast_q31.c ****     tapCnt--;
 299:./Libraries/CMSIS/DSP/Source/FilteringFunctions/arm_fir_fast_q31.c ****   }
 300:./Libraries/CMSIS/DSP/Source/FilteringFunctions/arm_fir_fast_q31.c **** 
 301:./Libraries/CMSIS/DSP/Source/FilteringFunctions/arm_fir_fast_q31.c ****   /* Calculate remaining number of copies */
 302:./Libraries/CMSIS/DSP/Source/FilteringFunctions/arm_fir_fast_q31.c ****   tapCnt = (numTaps - 1U) % 0x4U;
 303:./Libraries/CMSIS/DSP/Source/FilteringFunctions/arm_fir_fast_q31.c **** 
 304:./Libraries/CMSIS/DSP/Source/FilteringFunctions/arm_fir_fast_q31.c **** #else
 305:./Libraries/CMSIS/DSP/Source/FilteringFunctions/arm_fir_fast_q31.c **** 
 306:./Libraries/CMSIS/DSP/Source/FilteringFunctions/arm_fir_fast_q31.c ****   /* Initialize tapCnt with number of taps */
 307:./Libraries/CMSIS/DSP/Source/FilteringFunctions/arm_fir_fast_q31.c ****   tapCnt = (numTaps - 1U);
 179              		.loc 1 307 10
 180 00ec 3B69     		ldr	r3, [r7, #16]
 181 00ee 013B     		subs	r3, r3, #1
 182 00f0 FB61     		str	r3, [r7, #28]
 308:./Libraries/CMSIS/DSP/Source/FilteringFunctions/arm_fir_fast_q31.c **** 
 309:./Libraries/CMSIS/DSP/Source/FilteringFunctions/arm_fir_fast_q31.c **** #endif /* #if defined (ARM_MATH_LOOPUNROLL) */
 310:./Libraries/CMSIS/DSP/Source/FilteringFunctions/arm_fir_fast_q31.c **** 
 311:./Libraries/CMSIS/DSP/Source/FilteringFunctions/arm_fir_fast_q31.c ****   /* Copy remaining data */
 312:./Libraries/CMSIS/DSP/Source/FilteringFunctions/arm_fir_fast_q31.c ****   while (tapCnt > 0U)
 183              		.loc 1 312 9
 184 00f2 0AE0     		b	.L5
 185              	.L6:
 313:./Libraries/CMSIS/DSP/Source/FilteringFunctions/arm_fir_fast_q31.c ****   {
 314:./Libraries/CMSIS/DSP/Source/FilteringFunctions/arm_fir_fast_q31.c ****     *pStateCurnt++ = *pState++;
 186              		.loc 1 314 29
 187 00f4 7A6B     		ldr	r2, [r7, #52]
 188 00f6 131D     		adds	r3, r2, #4
 189 00f8 7B63     		str	r3, [r7, #52]
 190              		.loc 1 314 17
 191 00fa 3B6B     		ldr	r3, [r7, #48]
 192 00fc 191D     		adds	r1, r3, #4
 193 00fe 3963     		str	r1, [r7, #48]
 194              		.loc 1 314 22
 195 0100 1268     		ldr	r2, [r2]
 196              		.loc 1 314 20
 197 0102 1A60     		str	r2, [r3]
 315:./Libraries/CMSIS/DSP/Source/FilteringFunctions/arm_fir_fast_q31.c **** 
 316:./Libraries/CMSIS/DSP/Source/FilteringFunctions/arm_fir_fast_q31.c ****     /* Decrement the loop counter */
ARM GAS  /tmp/ccqpnnP6.s 			page 10


 317:./Libraries/CMSIS/DSP/Source/FilteringFunctions/arm_fir_fast_q31.c ****     tapCnt--;
 198              		.loc 1 317 11
 199 0104 FB69     		ldr	r3, [r7, #28]
 200 0106 013B     		subs	r3, r3, #1
 201 0108 FB61     		str	r3, [r7, #28]
 202              	.L5:
 312:./Libraries/CMSIS/DSP/Source/FilteringFunctions/arm_fir_fast_q31.c ****   {
 203              		.loc 1 312 9
 204 010a FB69     		ldr	r3, [r7, #28]
 205 010c 002B     		cmp	r3, #0
 206 010e F1D1     		bne	.L6
 318:./Libraries/CMSIS/DSP/Source/FilteringFunctions/arm_fir_fast_q31.c ****   }
 319:./Libraries/CMSIS/DSP/Source/FilteringFunctions/arm_fir_fast_q31.c **** 
 320:./Libraries/CMSIS/DSP/Source/FilteringFunctions/arm_fir_fast_q31.c **** }
 207              		.loc 1 320 1
 208 0110 00BF     		nop
 209 0112 00BF     		nop
 210 0114 3837     		adds	r7, r7, #56
 211              	.LCFI3:
 212              		.cfi_def_cfa_offset 32
 213 0116 BD46     		mov	sp, r7
 214              	.LCFI4:
 215              		.cfi_def_cfa_register 13
 216              		@ sp needed
 217 0118 BDE8F00F 		pop	{r4, r5, r6, r7, r8, r9, r10, fp}
 218              	.LCFI5:
 219              		.cfi_restore 11
 220              		.cfi_restore 10
 221              		.cfi_restore 9
 222              		.cfi_restore 8
 223              		.cfi_restore 7
 224              		.cfi_restore 6
 225              		.cfi_restore 5
 226              		.cfi_restore 4
 227              		.cfi_def_cfa_offset 0
 228 011c 7047     		bx	lr
 229              		.cfi_endproc
 230              	.LFE145:
 232              		.text
 233              	.Letext0:
 234              		.file 2 "/usr/lib/gcc/arm-none-eabi/9.2.1/include/stdint.h"
 235              		.file 3 "/usr/lib/gcc/arm-none-eabi/9.2.1/include/stddef.h"
 236              		.file 4 "/usr/include/newlib/sys/_types.h"
 237              		.file 5 "/usr/include/newlib/sys/reent.h"
 238              		.file 6 "/usr/include/newlib/sys/lock.h"
 239              		.file 7 "/usr/include/newlib/math.h"
 240              		.file 8 "./Libraries/CMSIS/DSP/Include/arm_math.h"
ARM GAS  /tmp/ccqpnnP6.s 			page 11


DEFINED SYMBOLS
                            *ABS*:0000000000000000 arm_fir_fast_q31.c
     /tmp/ccqpnnP6.s:17     .text.arm_fir_fast_q31:0000000000000000 $t
     /tmp/ccqpnnP6.s:25     .text.arm_fir_fast_q31:0000000000000000 arm_fir_fast_q31

NO UNDEFINED SYMBOLS
