ARM GAS  /tmp/ccTOZJkX.s 			page 1


   1              		.cpu cortex-m7
   2              		.eabi_attribute 28, 1
   3              		.eabi_attribute 20, 1
   4              		.eabi_attribute 21, 1
   5              		.eabi_attribute 23, 3
   6              		.eabi_attribute 24, 1
   7              		.eabi_attribute 25, 1
   8              		.eabi_attribute 26, 1
   9              		.eabi_attribute 30, 6
  10              		.eabi_attribute 34, 1
  11              		.eabi_attribute 18, 4
  12              		.file	"arm_fir_lattice_init_q15.c"
  13              		.text
  14              	.Ltext0:
  15              		.cfi_sections	.debug_frame
  16              		.section	.text.arm_fir_lattice_init_q15,"ax",%progbits
  17              		.align	1
  18              		.global	arm_fir_lattice_init_q15
  19              		.arch armv7e-m
  20              		.syntax unified
  21              		.thumb
  22              		.thumb_func
  23              		.fpu fpv5-d16
  25              	arm_fir_lattice_init_q15:
  26              	.LFB145:
  27              		.file 1 "./Libraries/CMSIS/DSP/Source/FilteringFunctions/arm_fir_lattice_init_q15.c"
   1:./Libraries/CMSIS/DSP/Source/FilteringFunctions/arm_fir_lattice_init_q15.c **** /* ----------------------------------------------------------------------
   2:./Libraries/CMSIS/DSP/Source/FilteringFunctions/arm_fir_lattice_init_q15.c ****  * Project:      CMSIS DSP Library
   3:./Libraries/CMSIS/DSP/Source/FilteringFunctions/arm_fir_lattice_init_q15.c ****  * Title:        arm_fir_lattice_init_q15.c
   4:./Libraries/CMSIS/DSP/Source/FilteringFunctions/arm_fir_lattice_init_q15.c ****  * Description:  Q15 FIR Lattice filter initialization function
   5:./Libraries/CMSIS/DSP/Source/FilteringFunctions/arm_fir_lattice_init_q15.c ****  *
   6:./Libraries/CMSIS/DSP/Source/FilteringFunctions/arm_fir_lattice_init_q15.c ****  * $Date:        18. March 2019
   7:./Libraries/CMSIS/DSP/Source/FilteringFunctions/arm_fir_lattice_init_q15.c ****  * $Revision:    V1.6.0
   8:./Libraries/CMSIS/DSP/Source/FilteringFunctions/arm_fir_lattice_init_q15.c ****  *
   9:./Libraries/CMSIS/DSP/Source/FilteringFunctions/arm_fir_lattice_init_q15.c ****  * Target Processor: Cortex-M cores
  10:./Libraries/CMSIS/DSP/Source/FilteringFunctions/arm_fir_lattice_init_q15.c ****  * -------------------------------------------------------------------- */
  11:./Libraries/CMSIS/DSP/Source/FilteringFunctions/arm_fir_lattice_init_q15.c **** /*
  12:./Libraries/CMSIS/DSP/Source/FilteringFunctions/arm_fir_lattice_init_q15.c ****  * Copyright (C) 2010-2019 ARM Limited or its affiliates. All rights reserved.
  13:./Libraries/CMSIS/DSP/Source/FilteringFunctions/arm_fir_lattice_init_q15.c ****  *
  14:./Libraries/CMSIS/DSP/Source/FilteringFunctions/arm_fir_lattice_init_q15.c ****  * SPDX-License-Identifier: Apache-2.0
  15:./Libraries/CMSIS/DSP/Source/FilteringFunctions/arm_fir_lattice_init_q15.c ****  *
  16:./Libraries/CMSIS/DSP/Source/FilteringFunctions/arm_fir_lattice_init_q15.c ****  * Licensed under the Apache License, Version 2.0 (the License); you may
  17:./Libraries/CMSIS/DSP/Source/FilteringFunctions/arm_fir_lattice_init_q15.c ****  * not use this file except in compliance with the License.
  18:./Libraries/CMSIS/DSP/Source/FilteringFunctions/arm_fir_lattice_init_q15.c ****  * You may obtain a copy of the License at
  19:./Libraries/CMSIS/DSP/Source/FilteringFunctions/arm_fir_lattice_init_q15.c ****  *
  20:./Libraries/CMSIS/DSP/Source/FilteringFunctions/arm_fir_lattice_init_q15.c ****  * www.apache.org/licenses/LICENSE-2.0
  21:./Libraries/CMSIS/DSP/Source/FilteringFunctions/arm_fir_lattice_init_q15.c ****  *
  22:./Libraries/CMSIS/DSP/Source/FilteringFunctions/arm_fir_lattice_init_q15.c ****  * Unless required by applicable law or agreed to in writing, software
  23:./Libraries/CMSIS/DSP/Source/FilteringFunctions/arm_fir_lattice_init_q15.c ****  * distributed under the License is distributed on an AS IS BASIS, WITHOUT
  24:./Libraries/CMSIS/DSP/Source/FilteringFunctions/arm_fir_lattice_init_q15.c ****  * WARRANTIES OR CONDITIONS OF ANY KIND, either express or implied.
  25:./Libraries/CMSIS/DSP/Source/FilteringFunctions/arm_fir_lattice_init_q15.c ****  * See the License for the specific language governing permissions and
  26:./Libraries/CMSIS/DSP/Source/FilteringFunctions/arm_fir_lattice_init_q15.c ****  * limitations under the License.
  27:./Libraries/CMSIS/DSP/Source/FilteringFunctions/arm_fir_lattice_init_q15.c ****  */
  28:./Libraries/CMSIS/DSP/Source/FilteringFunctions/arm_fir_lattice_init_q15.c **** 
  29:./Libraries/CMSIS/DSP/Source/FilteringFunctions/arm_fir_lattice_init_q15.c **** #include "arm_math.h"
  30:./Libraries/CMSIS/DSP/Source/FilteringFunctions/arm_fir_lattice_init_q15.c **** 
  31:./Libraries/CMSIS/DSP/Source/FilteringFunctions/arm_fir_lattice_init_q15.c **** /**
ARM GAS  /tmp/ccTOZJkX.s 			page 2


  32:./Libraries/CMSIS/DSP/Source/FilteringFunctions/arm_fir_lattice_init_q15.c ****   @ingroup groupFilters
  33:./Libraries/CMSIS/DSP/Source/FilteringFunctions/arm_fir_lattice_init_q15.c ****  */
  34:./Libraries/CMSIS/DSP/Source/FilteringFunctions/arm_fir_lattice_init_q15.c **** 
  35:./Libraries/CMSIS/DSP/Source/FilteringFunctions/arm_fir_lattice_init_q15.c **** /**
  36:./Libraries/CMSIS/DSP/Source/FilteringFunctions/arm_fir_lattice_init_q15.c ****   @addtogroup FIR_Lattice
  37:./Libraries/CMSIS/DSP/Source/FilteringFunctions/arm_fir_lattice_init_q15.c ****   @{
  38:./Libraries/CMSIS/DSP/Source/FilteringFunctions/arm_fir_lattice_init_q15.c ****  */
  39:./Libraries/CMSIS/DSP/Source/FilteringFunctions/arm_fir_lattice_init_q15.c **** 
  40:./Libraries/CMSIS/DSP/Source/FilteringFunctions/arm_fir_lattice_init_q15.c **** /**
  41:./Libraries/CMSIS/DSP/Source/FilteringFunctions/arm_fir_lattice_init_q15.c ****   @brief         Initialization function for the Q15 FIR lattice filter.
  42:./Libraries/CMSIS/DSP/Source/FilteringFunctions/arm_fir_lattice_init_q15.c ****   @param[in]     S          points to an instance of the Q15 FIR lattice structure
  43:./Libraries/CMSIS/DSP/Source/FilteringFunctions/arm_fir_lattice_init_q15.c ****   @param[in]     numStages  number of filter stages
  44:./Libraries/CMSIS/DSP/Source/FilteringFunctions/arm_fir_lattice_init_q15.c ****   @param[in]     pCoeffs    points to the coefficient buffer.  The array is of length numStages
  45:./Libraries/CMSIS/DSP/Source/FilteringFunctions/arm_fir_lattice_init_q15.c ****   @param[in]     pState     points to the state buffer.  The array is of length numStages
  46:./Libraries/CMSIS/DSP/Source/FilteringFunctions/arm_fir_lattice_init_q15.c ****   @return        none
  47:./Libraries/CMSIS/DSP/Source/FilteringFunctions/arm_fir_lattice_init_q15.c ****  */
  48:./Libraries/CMSIS/DSP/Source/FilteringFunctions/arm_fir_lattice_init_q15.c **** 
  49:./Libraries/CMSIS/DSP/Source/FilteringFunctions/arm_fir_lattice_init_q15.c **** void arm_fir_lattice_init_q15(
  50:./Libraries/CMSIS/DSP/Source/FilteringFunctions/arm_fir_lattice_init_q15.c ****         arm_fir_lattice_instance_q15 * S,
  51:./Libraries/CMSIS/DSP/Source/FilteringFunctions/arm_fir_lattice_init_q15.c ****         uint16_t numStages,
  52:./Libraries/CMSIS/DSP/Source/FilteringFunctions/arm_fir_lattice_init_q15.c ****   const q15_t * pCoeffs,
  53:./Libraries/CMSIS/DSP/Source/FilteringFunctions/arm_fir_lattice_init_q15.c ****         q15_t * pState)
  54:./Libraries/CMSIS/DSP/Source/FilteringFunctions/arm_fir_lattice_init_q15.c **** {
  28              		.loc 1 54 1
  29              		.cfi_startproc
  30              		@ args = 0, pretend = 0, frame = 16
  31              		@ frame_needed = 1, uses_anonymous_args = 0
  32 0000 80B5     		push	{r7, lr}
  33              	.LCFI0:
  34              		.cfi_def_cfa_offset 8
  35              		.cfi_offset 7, -8
  36              		.cfi_offset 14, -4
  37 0002 84B0     		sub	sp, sp, #16
  38              	.LCFI1:
  39              		.cfi_def_cfa_offset 24
  40 0004 00AF     		add	r7, sp, #0
  41              	.LCFI2:
  42              		.cfi_def_cfa_register 7
  43 0006 F860     		str	r0, [r7, #12]
  44 0008 7A60     		str	r2, [r7, #4]
  45 000a 3B60     		str	r3, [r7]
  46 000c 0B46     		mov	r3, r1	@ movhi
  47 000e 7B81     		strh	r3, [r7, #10]	@ movhi
  55:./Libraries/CMSIS/DSP/Source/FilteringFunctions/arm_fir_lattice_init_q15.c ****   /* Assign filter taps */
  56:./Libraries/CMSIS/DSP/Source/FilteringFunctions/arm_fir_lattice_init_q15.c ****   S->numStages = numStages;
  48              		.loc 1 56 16
  49 0010 FB68     		ldr	r3, [r7, #12]
  50 0012 7A89     		ldrh	r2, [r7, #10]	@ movhi
  51 0014 1A80     		strh	r2, [r3]	@ movhi
  57:./Libraries/CMSIS/DSP/Source/FilteringFunctions/arm_fir_lattice_init_q15.c **** 
  58:./Libraries/CMSIS/DSP/Source/FilteringFunctions/arm_fir_lattice_init_q15.c ****   /* Assign coefficient pointer */
  59:./Libraries/CMSIS/DSP/Source/FilteringFunctions/arm_fir_lattice_init_q15.c ****   S->pCoeffs = pCoeffs;
  52              		.loc 1 59 14
  53 0016 FB68     		ldr	r3, [r7, #12]
  54 0018 7A68     		ldr	r2, [r7, #4]
  55 001a 9A60     		str	r2, [r3, #8]
  60:./Libraries/CMSIS/DSP/Source/FilteringFunctions/arm_fir_lattice_init_q15.c **** 
ARM GAS  /tmp/ccTOZJkX.s 			page 3


  61:./Libraries/CMSIS/DSP/Source/FilteringFunctions/arm_fir_lattice_init_q15.c ****   /* Clear state buffer and size is always numStages */
  62:./Libraries/CMSIS/DSP/Source/FilteringFunctions/arm_fir_lattice_init_q15.c ****   memset(pState, 0, (numStages) * sizeof(q15_t));
  56              		.loc 1 62 3
  57 001c 7B89     		ldrh	r3, [r7, #10]
  58 001e 5B00     		lsls	r3, r3, #1
  59 0020 1A46     		mov	r2, r3
  60 0022 0021     		movs	r1, #0
  61 0024 3868     		ldr	r0, [r7]
  62 0026 FFF7FEFF 		bl	memset
  63:./Libraries/CMSIS/DSP/Source/FilteringFunctions/arm_fir_lattice_init_q15.c **** 
  64:./Libraries/CMSIS/DSP/Source/FilteringFunctions/arm_fir_lattice_init_q15.c ****   /* Assign state pointer */
  65:./Libraries/CMSIS/DSP/Source/FilteringFunctions/arm_fir_lattice_init_q15.c ****   S->pState = pState;
  63              		.loc 1 65 13
  64 002a FB68     		ldr	r3, [r7, #12]
  65 002c 3A68     		ldr	r2, [r7]
  66 002e 5A60     		str	r2, [r3, #4]
  66:./Libraries/CMSIS/DSP/Source/FilteringFunctions/arm_fir_lattice_init_q15.c **** }
  67              		.loc 1 66 1
  68 0030 00BF     		nop
  69 0032 1037     		adds	r7, r7, #16
  70              	.LCFI3:
  71              		.cfi_def_cfa_offset 8
  72 0034 BD46     		mov	sp, r7
  73              	.LCFI4:
  74              		.cfi_def_cfa_register 13
  75              		@ sp needed
  76 0036 80BD     		pop	{r7, pc}
  77              		.cfi_endproc
  78              	.LFE145:
  80              		.text
  81              	.Letext0:
  82              		.file 2 "/usr/lib/gcc/arm-none-eabi/9.2.1/include/stdint.h"
  83              		.file 3 "/usr/lib/gcc/arm-none-eabi/9.2.1/include/stddef.h"
  84              		.file 4 "/usr/include/newlib/sys/_types.h"
  85              		.file 5 "/usr/include/newlib/sys/reent.h"
  86              		.file 6 "/usr/include/newlib/sys/lock.h"
  87              		.file 7 "/usr/include/newlib/math.h"
  88              		.file 8 "./Libraries/CMSIS/DSP/Include/arm_math.h"
ARM GAS  /tmp/ccTOZJkX.s 			page 4


DEFINED SYMBOLS
                            *ABS*:0000000000000000 arm_fir_lattice_init_q15.c
     /tmp/ccTOZJkX.s:17     .text.arm_fir_lattice_init_q15:0000000000000000 $t
     /tmp/ccTOZJkX.s:25     .text.arm_fir_lattice_init_q15:0000000000000000 arm_fir_lattice_init_q15

UNDEFINED SYMBOLS
memset
