ARM GAS  /tmp/ccIVfj2l.s 			page 1


   1              		.cpu cortex-m7
   2              		.eabi_attribute 28, 1
   3              		.eabi_attribute 20, 1
   4              		.eabi_attribute 21, 1
   5              		.eabi_attribute 23, 3
   6              		.eabi_attribute 24, 1
   7              		.eabi_attribute 25, 1
   8              		.eabi_attribute 26, 1
   9              		.eabi_attribute 30, 6
  10              		.eabi_attribute 34, 1
  11              		.eabi_attribute 18, 4
  12              		.file	"arm_conv_fast_opt_q15.c"
  13              		.text
  14              	.Ltext0:
  15              		.cfi_sections	.debug_frame
  16              		.section	.text.arm_conv_fast_opt_q15,"ax",%progbits
  17              		.align	1
  18              		.global	arm_conv_fast_opt_q15
  19              		.arch armv7e-m
  20              		.syntax unified
  21              		.thumb
  22              		.thumb_func
  23              		.fpu fpv5-d16
  25              	arm_conv_fast_opt_q15:
  26              	.LFB145:
  27              		.file 1 "./Libraries/CMSIS/DSP/Source/FilteringFunctions/arm_conv_fast_opt_q15.c"
   1:./Libraries/CMSIS/DSP/Source/FilteringFunctions/arm_conv_fast_opt_q15.c **** /* ----------------------------------------------------------------------
   2:./Libraries/CMSIS/DSP/Source/FilteringFunctions/arm_conv_fast_opt_q15.c ****  * Project:      CMSIS DSP Library
   3:./Libraries/CMSIS/DSP/Source/FilteringFunctions/arm_conv_fast_opt_q15.c ****  * Title:        arm_conv_fast_opt_q15.c
   4:./Libraries/CMSIS/DSP/Source/FilteringFunctions/arm_conv_fast_opt_q15.c ****  * Description:  Fast Q15 Convolution
   5:./Libraries/CMSIS/DSP/Source/FilteringFunctions/arm_conv_fast_opt_q15.c ****  *
   6:./Libraries/CMSIS/DSP/Source/FilteringFunctions/arm_conv_fast_opt_q15.c ****  * $Date:        18. March 2019
   7:./Libraries/CMSIS/DSP/Source/FilteringFunctions/arm_conv_fast_opt_q15.c ****  * $Revision:    V1.6.0
   8:./Libraries/CMSIS/DSP/Source/FilteringFunctions/arm_conv_fast_opt_q15.c ****  *
   9:./Libraries/CMSIS/DSP/Source/FilteringFunctions/arm_conv_fast_opt_q15.c ****  * Target Processor: Cortex-M cores
  10:./Libraries/CMSIS/DSP/Source/FilteringFunctions/arm_conv_fast_opt_q15.c ****  * -------------------------------------------------------------------- */
  11:./Libraries/CMSIS/DSP/Source/FilteringFunctions/arm_conv_fast_opt_q15.c **** /*
  12:./Libraries/CMSIS/DSP/Source/FilteringFunctions/arm_conv_fast_opt_q15.c ****  * Copyright (C) 2010-2019 ARM Limited or its affiliates. All rights reserved.
  13:./Libraries/CMSIS/DSP/Source/FilteringFunctions/arm_conv_fast_opt_q15.c ****  *
  14:./Libraries/CMSIS/DSP/Source/FilteringFunctions/arm_conv_fast_opt_q15.c ****  * SPDX-License-Identifier: Apache-2.0
  15:./Libraries/CMSIS/DSP/Source/FilteringFunctions/arm_conv_fast_opt_q15.c ****  *
  16:./Libraries/CMSIS/DSP/Source/FilteringFunctions/arm_conv_fast_opt_q15.c ****  * Licensed under the Apache License, Version 2.0 (the License); you may
  17:./Libraries/CMSIS/DSP/Source/FilteringFunctions/arm_conv_fast_opt_q15.c ****  * not use this file except in compliance with the License.
  18:./Libraries/CMSIS/DSP/Source/FilteringFunctions/arm_conv_fast_opt_q15.c ****  * You may obtain a copy of the License at
  19:./Libraries/CMSIS/DSP/Source/FilteringFunctions/arm_conv_fast_opt_q15.c ****  *
  20:./Libraries/CMSIS/DSP/Source/FilteringFunctions/arm_conv_fast_opt_q15.c ****  * www.apache.org/licenses/LICENSE-2.0
  21:./Libraries/CMSIS/DSP/Source/FilteringFunctions/arm_conv_fast_opt_q15.c ****  *
  22:./Libraries/CMSIS/DSP/Source/FilteringFunctions/arm_conv_fast_opt_q15.c ****  * Unless required by applicable law or agreed to in writing, software
  23:./Libraries/CMSIS/DSP/Source/FilteringFunctions/arm_conv_fast_opt_q15.c ****  * distributed under the License is distributed on an AS IS BASIS, WITHOUT
  24:./Libraries/CMSIS/DSP/Source/FilteringFunctions/arm_conv_fast_opt_q15.c ****  * WARRANTIES OR CONDITIONS OF ANY KIND, either express or implied.
  25:./Libraries/CMSIS/DSP/Source/FilteringFunctions/arm_conv_fast_opt_q15.c ****  * See the License for the specific language governing permissions and
  26:./Libraries/CMSIS/DSP/Source/FilteringFunctions/arm_conv_fast_opt_q15.c ****  * limitations under the License.
  27:./Libraries/CMSIS/DSP/Source/FilteringFunctions/arm_conv_fast_opt_q15.c ****  */
  28:./Libraries/CMSIS/DSP/Source/FilteringFunctions/arm_conv_fast_opt_q15.c **** 
  29:./Libraries/CMSIS/DSP/Source/FilteringFunctions/arm_conv_fast_opt_q15.c **** #include "arm_math.h"
  30:./Libraries/CMSIS/DSP/Source/FilteringFunctions/arm_conv_fast_opt_q15.c **** 
  31:./Libraries/CMSIS/DSP/Source/FilteringFunctions/arm_conv_fast_opt_q15.c **** /**
ARM GAS  /tmp/ccIVfj2l.s 			page 2


  32:./Libraries/CMSIS/DSP/Source/FilteringFunctions/arm_conv_fast_opt_q15.c ****   @ingroup groupFilters
  33:./Libraries/CMSIS/DSP/Source/FilteringFunctions/arm_conv_fast_opt_q15.c ****  */
  34:./Libraries/CMSIS/DSP/Source/FilteringFunctions/arm_conv_fast_opt_q15.c **** 
  35:./Libraries/CMSIS/DSP/Source/FilteringFunctions/arm_conv_fast_opt_q15.c **** /**
  36:./Libraries/CMSIS/DSP/Source/FilteringFunctions/arm_conv_fast_opt_q15.c ****   @addtogroup Conv
  37:./Libraries/CMSIS/DSP/Source/FilteringFunctions/arm_conv_fast_opt_q15.c ****   @{
  38:./Libraries/CMSIS/DSP/Source/FilteringFunctions/arm_conv_fast_opt_q15.c ****  */
  39:./Libraries/CMSIS/DSP/Source/FilteringFunctions/arm_conv_fast_opt_q15.c **** 
  40:./Libraries/CMSIS/DSP/Source/FilteringFunctions/arm_conv_fast_opt_q15.c **** /**
  41:./Libraries/CMSIS/DSP/Source/FilteringFunctions/arm_conv_fast_opt_q15.c ****   @brief         Convolution of Q15 sequences (fast version).
  42:./Libraries/CMSIS/DSP/Source/FilteringFunctions/arm_conv_fast_opt_q15.c ****   @param[in]     pSrcA      points to the first input sequence
  43:./Libraries/CMSIS/DSP/Source/FilteringFunctions/arm_conv_fast_opt_q15.c ****   @param[in]     srcALen    length of the first input sequence
  44:./Libraries/CMSIS/DSP/Source/FilteringFunctions/arm_conv_fast_opt_q15.c ****   @param[in]     pSrcB      points to the second input sequence
  45:./Libraries/CMSIS/DSP/Source/FilteringFunctions/arm_conv_fast_opt_q15.c ****   @param[in]     srcBLen    length of the second input sequence
  46:./Libraries/CMSIS/DSP/Source/FilteringFunctions/arm_conv_fast_opt_q15.c ****   @param[out]    pDst       points to the location where the output result is written.  Length srcA
  47:./Libraries/CMSIS/DSP/Source/FilteringFunctions/arm_conv_fast_opt_q15.c ****   @param[in]     pScratch1  points to scratch buffer of size max(srcALen, srcBLen) + 2*min(srcALen,
  48:./Libraries/CMSIS/DSP/Source/FilteringFunctions/arm_conv_fast_opt_q15.c ****   @param[in]     pScratch2  points to scratch buffer of size min(srcALen, srcBLen
  49:./Libraries/CMSIS/DSP/Source/FilteringFunctions/arm_conv_fast_opt_q15.c ****   @return        none
  50:./Libraries/CMSIS/DSP/Source/FilteringFunctions/arm_conv_fast_opt_q15.c **** 
  51:./Libraries/CMSIS/DSP/Source/FilteringFunctions/arm_conv_fast_opt_q15.c ****   @par           Scaling and Overflow Behavior
  52:./Libraries/CMSIS/DSP/Source/FilteringFunctions/arm_conv_fast_opt_q15.c ****                    This fast version uses a 32-bit accumulator with 2.30 format.
  53:./Libraries/CMSIS/DSP/Source/FilteringFunctions/arm_conv_fast_opt_q15.c ****                    The accumulator maintains full precision of the intermediate multiplication resu
  54:./Libraries/CMSIS/DSP/Source/FilteringFunctions/arm_conv_fast_opt_q15.c ****                    but provides only a single guard bit. There is no saturation on intermediate add
  55:./Libraries/CMSIS/DSP/Source/FilteringFunctions/arm_conv_fast_opt_q15.c ****                    Thus, if the accumulator overflows it wraps around and distorts the result.
  56:./Libraries/CMSIS/DSP/Source/FilteringFunctions/arm_conv_fast_opt_q15.c ****                    The input signals should be scaled down to avoid intermediate overflows.
  57:./Libraries/CMSIS/DSP/Source/FilteringFunctions/arm_conv_fast_opt_q15.c ****                    Scale down the inputs by log2(min(srcALen, srcBLen)) (log2 is read as log to the
  58:./Libraries/CMSIS/DSP/Source/FilteringFunctions/arm_conv_fast_opt_q15.c ****                    as maximum of min(srcALen, srcBLen) number of additions are carried internally.
  59:./Libraries/CMSIS/DSP/Source/FilteringFunctions/arm_conv_fast_opt_q15.c ****                    The 2.30 accumulator is right shifted by 15 bits and then saturated to 1.15 form
  60:./Libraries/CMSIS/DSP/Source/FilteringFunctions/arm_conv_fast_opt_q15.c **** 
  61:./Libraries/CMSIS/DSP/Source/FilteringFunctions/arm_conv_fast_opt_q15.c ****   @remark
  62:./Libraries/CMSIS/DSP/Source/FilteringFunctions/arm_conv_fast_opt_q15.c ****                    Refer to \ref arm_conv_q15() for a slower implementation of this function which 
  63:./Libraries/CMSIS/DSP/Source/FilteringFunctions/arm_conv_fast_opt_q15.c ****  */
  64:./Libraries/CMSIS/DSP/Source/FilteringFunctions/arm_conv_fast_opt_q15.c **** 
  65:./Libraries/CMSIS/DSP/Source/FilteringFunctions/arm_conv_fast_opt_q15.c **** void arm_conv_fast_opt_q15(
  66:./Libraries/CMSIS/DSP/Source/FilteringFunctions/arm_conv_fast_opt_q15.c ****   const q15_t * pSrcA,
  67:./Libraries/CMSIS/DSP/Source/FilteringFunctions/arm_conv_fast_opt_q15.c ****         uint32_t srcALen,
  68:./Libraries/CMSIS/DSP/Source/FilteringFunctions/arm_conv_fast_opt_q15.c ****   const q15_t * pSrcB,
  69:./Libraries/CMSIS/DSP/Source/FilteringFunctions/arm_conv_fast_opt_q15.c ****         uint32_t srcBLen,
  70:./Libraries/CMSIS/DSP/Source/FilteringFunctions/arm_conv_fast_opt_q15.c ****         q15_t * pDst,
  71:./Libraries/CMSIS/DSP/Source/FilteringFunctions/arm_conv_fast_opt_q15.c ****         q15_t * pScratch1,
  72:./Libraries/CMSIS/DSP/Source/FilteringFunctions/arm_conv_fast_opt_q15.c ****         q15_t * pScratch2)
  73:./Libraries/CMSIS/DSP/Source/FilteringFunctions/arm_conv_fast_opt_q15.c **** {
  28              		.loc 1 73 1
  29              		.cfi_startproc
  30              		@ args = 12, pretend = 0, frame = 72
  31              		@ frame_needed = 1, uses_anonymous_args = 0
  32 0000 80B5     		push	{r7, lr}
  33              	.LCFI0:
  34              		.cfi_def_cfa_offset 8
  35              		.cfi_offset 7, -8
  36              		.cfi_offset 14, -4
  37 0002 92B0     		sub	sp, sp, #72
  38              	.LCFI1:
  39              		.cfi_def_cfa_offset 80
  40 0004 00AF     		add	r7, sp, #0
  41              	.LCFI2:
  42              		.cfi_def_cfa_register 7
ARM GAS  /tmp/ccIVfj2l.s 			page 3


  43 0006 F860     		str	r0, [r7, #12]
  44 0008 B960     		str	r1, [r7, #8]
  45 000a 7A60     		str	r2, [r7, #4]
  46 000c 3B60     		str	r3, [r7]
  74:./Libraries/CMSIS/DSP/Source/FilteringFunctions/arm_conv_fast_opt_q15.c ****         q31_t acc0;                                    /* Accumulators */
  75:./Libraries/CMSIS/DSP/Source/FilteringFunctions/arm_conv_fast_opt_q15.c ****   const q15_t *pIn1;                                   /* InputA pointer */
  76:./Libraries/CMSIS/DSP/Source/FilteringFunctions/arm_conv_fast_opt_q15.c ****   const q15_t *pIn2;                                   /* InputB pointer */
  77:./Libraries/CMSIS/DSP/Source/FilteringFunctions/arm_conv_fast_opt_q15.c ****         q15_t *pOut = pDst;                            /* Output pointer */
  47              		.loc 1 77 16
  48 000e 3B6D     		ldr	r3, [r7, #80]
  49 0010 BB63     		str	r3, [r7, #56]
  78:./Libraries/CMSIS/DSP/Source/FilteringFunctions/arm_conv_fast_opt_q15.c ****         q15_t *pScr1 = pScratch1;                      /* Temporary pointer for scratch1 */
  50              		.loc 1 78 16
  51 0012 7B6D     		ldr	r3, [r7, #84]
  52 0014 7B63     		str	r3, [r7, #52]
  79:./Libraries/CMSIS/DSP/Source/FilteringFunctions/arm_conv_fast_opt_q15.c ****         q15_t *pScr2 = pScratch2;                      /* Temporary pointer for scratch1 */
  53              		.loc 1 79 16
  54 0016 BB6D     		ldr	r3, [r7, #88]
  55 0018 3B63     		str	r3, [r7, #48]
  80:./Libraries/CMSIS/DSP/Source/FilteringFunctions/arm_conv_fast_opt_q15.c ****   const q15_t *px;                                     /* Intermediate inputA pointer */
  81:./Libraries/CMSIS/DSP/Source/FilteringFunctions/arm_conv_fast_opt_q15.c ****         q15_t *py;                                     /* Intermediate inputB pointer */
  82:./Libraries/CMSIS/DSP/Source/FilteringFunctions/arm_conv_fast_opt_q15.c ****         uint32_t j, k, blkCnt;                         /* Loop counter */
  83:./Libraries/CMSIS/DSP/Source/FilteringFunctions/arm_conv_fast_opt_q15.c ****         uint32_t tapCnt;                               /* Loop count */
  84:./Libraries/CMSIS/DSP/Source/FilteringFunctions/arm_conv_fast_opt_q15.c **** 
  85:./Libraries/CMSIS/DSP/Source/FilteringFunctions/arm_conv_fast_opt_q15.c **** #if defined (ARM_MATH_LOOPUNROLL)
  86:./Libraries/CMSIS/DSP/Source/FilteringFunctions/arm_conv_fast_opt_q15.c ****         q31_t acc1, acc2, acc3;                        /* Accumulators */
  87:./Libraries/CMSIS/DSP/Source/FilteringFunctions/arm_conv_fast_opt_q15.c ****         q31_t x1, x2, x3;                              /* Temporary variables to hold state and coe
  88:./Libraries/CMSIS/DSP/Source/FilteringFunctions/arm_conv_fast_opt_q15.c ****         q31_t y1, y2;                                  /* State variables */
  89:./Libraries/CMSIS/DSP/Source/FilteringFunctions/arm_conv_fast_opt_q15.c **** #endif
  90:./Libraries/CMSIS/DSP/Source/FilteringFunctions/arm_conv_fast_opt_q15.c **** 
  91:./Libraries/CMSIS/DSP/Source/FilteringFunctions/arm_conv_fast_opt_q15.c **** 
  92:./Libraries/CMSIS/DSP/Source/FilteringFunctions/arm_conv_fast_opt_q15.c ****   /* The algorithm implementation is based on the lengths of the inputs. */
  93:./Libraries/CMSIS/DSP/Source/FilteringFunctions/arm_conv_fast_opt_q15.c ****   /* srcB is always made to slide across srcA. */
  94:./Libraries/CMSIS/DSP/Source/FilteringFunctions/arm_conv_fast_opt_q15.c ****   /* So srcBLen is always considered as shorter or equal to srcALen */
  95:./Libraries/CMSIS/DSP/Source/FilteringFunctions/arm_conv_fast_opt_q15.c ****   if (srcALen >= srcBLen)
  56              		.loc 1 95 6
  57 001a BA68     		ldr	r2, [r7, #8]
  58 001c 3B68     		ldr	r3, [r7]
  59 001e 9A42     		cmp	r2, r3
  60 0020 04D3     		bcc	.L2
  96:./Libraries/CMSIS/DSP/Source/FilteringFunctions/arm_conv_fast_opt_q15.c ****   {
  97:./Libraries/CMSIS/DSP/Source/FilteringFunctions/arm_conv_fast_opt_q15.c ****     /* Initialization of inputA pointer */
  98:./Libraries/CMSIS/DSP/Source/FilteringFunctions/arm_conv_fast_opt_q15.c ****     pIn1 = pSrcA;
  61              		.loc 1 98 10
  62 0022 FB68     		ldr	r3, [r7, #12]
  63 0024 3B64     		str	r3, [r7, #64]
  99:./Libraries/CMSIS/DSP/Source/FilteringFunctions/arm_conv_fast_opt_q15.c **** 
 100:./Libraries/CMSIS/DSP/Source/FilteringFunctions/arm_conv_fast_opt_q15.c ****     /* Initialization of inputB pointer */
 101:./Libraries/CMSIS/DSP/Source/FilteringFunctions/arm_conv_fast_opt_q15.c ****     pIn2 = pSrcB;
  64              		.loc 1 101 10
  65 0026 7B68     		ldr	r3, [r7, #4]
  66 0028 FB63     		str	r3, [r7, #60]
  67 002a 09E0     		b	.L3
  68              	.L2:
 102:./Libraries/CMSIS/DSP/Source/FilteringFunctions/arm_conv_fast_opt_q15.c ****   }
 103:./Libraries/CMSIS/DSP/Source/FilteringFunctions/arm_conv_fast_opt_q15.c ****   else
 104:./Libraries/CMSIS/DSP/Source/FilteringFunctions/arm_conv_fast_opt_q15.c ****   {
ARM GAS  /tmp/ccIVfj2l.s 			page 4


 105:./Libraries/CMSIS/DSP/Source/FilteringFunctions/arm_conv_fast_opt_q15.c ****     /* Initialization of inputA pointer */
 106:./Libraries/CMSIS/DSP/Source/FilteringFunctions/arm_conv_fast_opt_q15.c ****     pIn1 = pSrcB;
  69              		.loc 1 106 10
  70 002c 7B68     		ldr	r3, [r7, #4]
  71 002e 3B64     		str	r3, [r7, #64]
 107:./Libraries/CMSIS/DSP/Source/FilteringFunctions/arm_conv_fast_opt_q15.c **** 
 108:./Libraries/CMSIS/DSP/Source/FilteringFunctions/arm_conv_fast_opt_q15.c ****     /* Initialization of inputB pointer */
 109:./Libraries/CMSIS/DSP/Source/FilteringFunctions/arm_conv_fast_opt_q15.c ****     pIn2 = pSrcA;
  72              		.loc 1 109 10
  73 0030 FB68     		ldr	r3, [r7, #12]
  74 0032 FB63     		str	r3, [r7, #60]
 110:./Libraries/CMSIS/DSP/Source/FilteringFunctions/arm_conv_fast_opt_q15.c **** 
 111:./Libraries/CMSIS/DSP/Source/FilteringFunctions/arm_conv_fast_opt_q15.c ****     /* srcBLen is always considered as shorter or equal to srcALen */
 112:./Libraries/CMSIS/DSP/Source/FilteringFunctions/arm_conv_fast_opt_q15.c ****     j = srcBLen;
  75              		.loc 1 112 7
  76 0034 3B68     		ldr	r3, [r7]
  77 0036 FB61     		str	r3, [r7, #28]
 113:./Libraries/CMSIS/DSP/Source/FilteringFunctions/arm_conv_fast_opt_q15.c ****     srcBLen = srcALen;
  78              		.loc 1 113 13
  79 0038 BB68     		ldr	r3, [r7, #8]
  80 003a 3B60     		str	r3, [r7]
 114:./Libraries/CMSIS/DSP/Source/FilteringFunctions/arm_conv_fast_opt_q15.c ****     srcALen = j;
  81              		.loc 1 114 13
  82 003c FB69     		ldr	r3, [r7, #28]
  83 003e BB60     		str	r3, [r7, #8]
  84              	.L3:
 115:./Libraries/CMSIS/DSP/Source/FilteringFunctions/arm_conv_fast_opt_q15.c ****   }
 116:./Libraries/CMSIS/DSP/Source/FilteringFunctions/arm_conv_fast_opt_q15.c **** 
 117:./Libraries/CMSIS/DSP/Source/FilteringFunctions/arm_conv_fast_opt_q15.c ****   /* Pointer to take end of scratch2 buffer */
 118:./Libraries/CMSIS/DSP/Source/FilteringFunctions/arm_conv_fast_opt_q15.c ****   pScr2 = pScratch2 + srcBLen - 1;
  85              		.loc 1 118 31
  86 0040 3A68     		ldr	r2, [r7]
  87 0042 6FF00043 		mvn	r3, #-2147483648
  88 0046 1344     		add	r3, r3, r2
  89 0048 5B00     		lsls	r3, r3, #1
  90              		.loc 1 118 9
  91 004a BA6D     		ldr	r2, [r7, #88]
  92 004c 1344     		add	r3, r3, r2
  93 004e 3B63     		str	r3, [r7, #48]
 119:./Libraries/CMSIS/DSP/Source/FilteringFunctions/arm_conv_fast_opt_q15.c **** 
 120:./Libraries/CMSIS/DSP/Source/FilteringFunctions/arm_conv_fast_opt_q15.c ****   /* points to smaller length sequence */
 121:./Libraries/CMSIS/DSP/Source/FilteringFunctions/arm_conv_fast_opt_q15.c ****   px = pIn2;
  94              		.loc 1 121 6
  95 0050 FB6B     		ldr	r3, [r7, #60]
  96 0052 FB62     		str	r3, [r7, #44]
 122:./Libraries/CMSIS/DSP/Source/FilteringFunctions/arm_conv_fast_opt_q15.c **** 
 123:./Libraries/CMSIS/DSP/Source/FilteringFunctions/arm_conv_fast_opt_q15.c **** #if defined (ARM_MATH_LOOPUNROLL)
 124:./Libraries/CMSIS/DSP/Source/FilteringFunctions/arm_conv_fast_opt_q15.c **** 
 125:./Libraries/CMSIS/DSP/Source/FilteringFunctions/arm_conv_fast_opt_q15.c ****   /* Loop unrolling: Compute 4 outputs at a time */
 126:./Libraries/CMSIS/DSP/Source/FilteringFunctions/arm_conv_fast_opt_q15.c ****   k = srcBLen >> 2U;
 127:./Libraries/CMSIS/DSP/Source/FilteringFunctions/arm_conv_fast_opt_q15.c **** 
 128:./Libraries/CMSIS/DSP/Source/FilteringFunctions/arm_conv_fast_opt_q15.c ****   /* Copy smaller length input sequence in reverse order into second scratch buffer */
 129:./Libraries/CMSIS/DSP/Source/FilteringFunctions/arm_conv_fast_opt_q15.c ****   while (k > 0U)
 130:./Libraries/CMSIS/DSP/Source/FilteringFunctions/arm_conv_fast_opt_q15.c ****   {
 131:./Libraries/CMSIS/DSP/Source/FilteringFunctions/arm_conv_fast_opt_q15.c ****     /* copy second buffer in reversal manner */
 132:./Libraries/CMSIS/DSP/Source/FilteringFunctions/arm_conv_fast_opt_q15.c ****     *pScr2-- = *px++;
 133:./Libraries/CMSIS/DSP/Source/FilteringFunctions/arm_conv_fast_opt_q15.c ****     *pScr2-- = *px++;
ARM GAS  /tmp/ccIVfj2l.s 			page 5


 134:./Libraries/CMSIS/DSP/Source/FilteringFunctions/arm_conv_fast_opt_q15.c ****     *pScr2-- = *px++;
 135:./Libraries/CMSIS/DSP/Source/FilteringFunctions/arm_conv_fast_opt_q15.c ****     *pScr2-- = *px++;
 136:./Libraries/CMSIS/DSP/Source/FilteringFunctions/arm_conv_fast_opt_q15.c **** 
 137:./Libraries/CMSIS/DSP/Source/FilteringFunctions/arm_conv_fast_opt_q15.c ****     /* Decrement loop counter */
 138:./Libraries/CMSIS/DSP/Source/FilteringFunctions/arm_conv_fast_opt_q15.c ****     k--;
 139:./Libraries/CMSIS/DSP/Source/FilteringFunctions/arm_conv_fast_opt_q15.c ****   }
 140:./Libraries/CMSIS/DSP/Source/FilteringFunctions/arm_conv_fast_opt_q15.c **** 
 141:./Libraries/CMSIS/DSP/Source/FilteringFunctions/arm_conv_fast_opt_q15.c ****   /* Loop unrolling: Compute remaining outputs */
 142:./Libraries/CMSIS/DSP/Source/FilteringFunctions/arm_conv_fast_opt_q15.c ****   k = srcBLen % 0x4U;
 143:./Libraries/CMSIS/DSP/Source/FilteringFunctions/arm_conv_fast_opt_q15.c **** 
 144:./Libraries/CMSIS/DSP/Source/FilteringFunctions/arm_conv_fast_opt_q15.c **** #else
 145:./Libraries/CMSIS/DSP/Source/FilteringFunctions/arm_conv_fast_opt_q15.c **** 
 146:./Libraries/CMSIS/DSP/Source/FilteringFunctions/arm_conv_fast_opt_q15.c ****   /* Initialize k with number of samples */
 147:./Libraries/CMSIS/DSP/Source/FilteringFunctions/arm_conv_fast_opt_q15.c ****   k = srcBLen;
  97              		.loc 1 147 5
  98 0054 3B68     		ldr	r3, [r7]
  99 0056 BB62     		str	r3, [r7, #40]
 148:./Libraries/CMSIS/DSP/Source/FilteringFunctions/arm_conv_fast_opt_q15.c **** 
 149:./Libraries/CMSIS/DSP/Source/FilteringFunctions/arm_conv_fast_opt_q15.c **** #endif /* #if defined (ARM_MATH_LOOPUNROLL) */
 150:./Libraries/CMSIS/DSP/Source/FilteringFunctions/arm_conv_fast_opt_q15.c **** 
 151:./Libraries/CMSIS/DSP/Source/FilteringFunctions/arm_conv_fast_opt_q15.c ****   while (k > 0U)
 100              		.loc 1 151 9
 101 0058 0BE0     		b	.L4
 102              	.L5:
 152:./Libraries/CMSIS/DSP/Source/FilteringFunctions/arm_conv_fast_opt_q15.c ****   {
 153:./Libraries/CMSIS/DSP/Source/FilteringFunctions/arm_conv_fast_opt_q15.c ****     /* copy second buffer in reversal manner for remaining samples */
 154:./Libraries/CMSIS/DSP/Source/FilteringFunctions/arm_conv_fast_opt_q15.c ****     *pScr2-- = *px++;
 103              		.loc 1 154 19
 104 005a FA6A     		ldr	r2, [r7, #44]
 105 005c 931C     		adds	r3, r2, #2
 106 005e FB62     		str	r3, [r7, #44]
 107              		.loc 1 154 11
 108 0060 3B6B     		ldr	r3, [r7, #48]
 109 0062 991E     		subs	r1, r3, #2
 110 0064 3963     		str	r1, [r7, #48]
 111              		.loc 1 154 16
 112 0066 B2F90020 		ldrsh	r2, [r2]
 113              		.loc 1 154 14
 114 006a 1A80     		strh	r2, [r3]	@ movhi
 155:./Libraries/CMSIS/DSP/Source/FilteringFunctions/arm_conv_fast_opt_q15.c **** 
 156:./Libraries/CMSIS/DSP/Source/FilteringFunctions/arm_conv_fast_opt_q15.c ****     /* Decrement loop counter */
 157:./Libraries/CMSIS/DSP/Source/FilteringFunctions/arm_conv_fast_opt_q15.c ****     k--;
 115              		.loc 1 157 6
 116 006c BB6A     		ldr	r3, [r7, #40]
 117 006e 013B     		subs	r3, r3, #1
 118 0070 BB62     		str	r3, [r7, #40]
 119              	.L4:
 151:./Libraries/CMSIS/DSP/Source/FilteringFunctions/arm_conv_fast_opt_q15.c ****   {
 120              		.loc 1 151 9
 121 0072 BB6A     		ldr	r3, [r7, #40]
 122 0074 002B     		cmp	r3, #0
 123 0076 F0D1     		bne	.L5
 158:./Libraries/CMSIS/DSP/Source/FilteringFunctions/arm_conv_fast_opt_q15.c ****   }
 159:./Libraries/CMSIS/DSP/Source/FilteringFunctions/arm_conv_fast_opt_q15.c **** 
 160:./Libraries/CMSIS/DSP/Source/FilteringFunctions/arm_conv_fast_opt_q15.c ****   /* Initialze temporary scratch pointer */
 161:./Libraries/CMSIS/DSP/Source/FilteringFunctions/arm_conv_fast_opt_q15.c ****   pScr1 = pScratch1;
 124              		.loc 1 161 9
ARM GAS  /tmp/ccIVfj2l.s 			page 6


 125 0078 7B6D     		ldr	r3, [r7, #84]
 126 007a 7B63     		str	r3, [r7, #52]
 162:./Libraries/CMSIS/DSP/Source/FilteringFunctions/arm_conv_fast_opt_q15.c **** 
 163:./Libraries/CMSIS/DSP/Source/FilteringFunctions/arm_conv_fast_opt_q15.c ****   /* Assuming scratch1 buffer is aligned by 32-bit */
 164:./Libraries/CMSIS/DSP/Source/FilteringFunctions/arm_conv_fast_opt_q15.c ****   /* Fill (srcBLen - 1U) zeros in scratch1 buffer */
 165:./Libraries/CMSIS/DSP/Source/FilteringFunctions/arm_conv_fast_opt_q15.c ****   arm_fill_q15(0, pScr1, (srcBLen - 1U));
 127              		.loc 1 165 3
 128 007c 3B68     		ldr	r3, [r7]
 129 007e 013B     		subs	r3, r3, #1
 130 0080 1A46     		mov	r2, r3
 131 0082 796B     		ldr	r1, [r7, #52]
 132 0084 0020     		movs	r0, #0
 133 0086 FFF7FEFF 		bl	arm_fill_q15
 166:./Libraries/CMSIS/DSP/Source/FilteringFunctions/arm_conv_fast_opt_q15.c **** 
 167:./Libraries/CMSIS/DSP/Source/FilteringFunctions/arm_conv_fast_opt_q15.c ****   /* Update temporary scratch pointer */
 168:./Libraries/CMSIS/DSP/Source/FilteringFunctions/arm_conv_fast_opt_q15.c ****   pScr1 += (srcBLen - 1U);
 134              		.loc 1 168 9
 135 008a 3A68     		ldr	r2, [r7]
 136 008c 6FF00043 		mvn	r3, #-2147483648
 137 0090 1344     		add	r3, r3, r2
 138 0092 5B00     		lsls	r3, r3, #1
 139 0094 7A6B     		ldr	r2, [r7, #52]
 140 0096 1344     		add	r3, r3, r2
 141 0098 7B63     		str	r3, [r7, #52]
 169:./Libraries/CMSIS/DSP/Source/FilteringFunctions/arm_conv_fast_opt_q15.c **** 
 170:./Libraries/CMSIS/DSP/Source/FilteringFunctions/arm_conv_fast_opt_q15.c ****   /* Copy bigger length sequence(srcALen) samples in scratch1 buffer */
 171:./Libraries/CMSIS/DSP/Source/FilteringFunctions/arm_conv_fast_opt_q15.c **** 
 172:./Libraries/CMSIS/DSP/Source/FilteringFunctions/arm_conv_fast_opt_q15.c ****   /* Copy (srcALen) samples in scratch buffer */
 173:./Libraries/CMSIS/DSP/Source/FilteringFunctions/arm_conv_fast_opt_q15.c ****   arm_copy_q15(pIn1, pScr1, srcALen);
 142              		.loc 1 173 3
 143 009a BA68     		ldr	r2, [r7, #8]
 144 009c 796B     		ldr	r1, [r7, #52]
 145 009e 386C     		ldr	r0, [r7, #64]
 146 00a0 FFF7FEFF 		bl	arm_copy_q15
 174:./Libraries/CMSIS/DSP/Source/FilteringFunctions/arm_conv_fast_opt_q15.c **** 
 175:./Libraries/CMSIS/DSP/Source/FilteringFunctions/arm_conv_fast_opt_q15.c ****   /* Update pointers */
 176:./Libraries/CMSIS/DSP/Source/FilteringFunctions/arm_conv_fast_opt_q15.c ****   pScr1 += srcALen;
 147              		.loc 1 176 9
 148 00a4 BB68     		ldr	r3, [r7, #8]
 149 00a6 5B00     		lsls	r3, r3, #1
 150 00a8 7A6B     		ldr	r2, [r7, #52]
 151 00aa 1344     		add	r3, r3, r2
 152 00ac 7B63     		str	r3, [r7, #52]
 177:./Libraries/CMSIS/DSP/Source/FilteringFunctions/arm_conv_fast_opt_q15.c **** 
 178:./Libraries/CMSIS/DSP/Source/FilteringFunctions/arm_conv_fast_opt_q15.c **** 
 179:./Libraries/CMSIS/DSP/Source/FilteringFunctions/arm_conv_fast_opt_q15.c ****   /* Fill (srcBLen - 1U) zeros at end of scratch buffer */
 180:./Libraries/CMSIS/DSP/Source/FilteringFunctions/arm_conv_fast_opt_q15.c ****   arm_fill_q15(0, pScr1, (srcBLen - 1U));
 153              		.loc 1 180 3
 154 00ae 3B68     		ldr	r3, [r7]
 155 00b0 013B     		subs	r3, r3, #1
 156 00b2 1A46     		mov	r2, r3
 157 00b4 796B     		ldr	r1, [r7, #52]
 158 00b6 0020     		movs	r0, #0
 159 00b8 FFF7FEFF 		bl	arm_fill_q15
 181:./Libraries/CMSIS/DSP/Source/FilteringFunctions/arm_conv_fast_opt_q15.c **** 
 182:./Libraries/CMSIS/DSP/Source/FilteringFunctions/arm_conv_fast_opt_q15.c ****   /* Update pointer */
 183:./Libraries/CMSIS/DSP/Source/FilteringFunctions/arm_conv_fast_opt_q15.c ****   pScr1 += (srcBLen - 1U);
ARM GAS  /tmp/ccIVfj2l.s 			page 7


 160              		.loc 1 183 9
 161 00bc 3A68     		ldr	r2, [r7]
 162 00be 6FF00043 		mvn	r3, #-2147483648
 163 00c2 1344     		add	r3, r3, r2
 164 00c4 5B00     		lsls	r3, r3, #1
 165 00c6 7A6B     		ldr	r2, [r7, #52]
 166 00c8 1344     		add	r3, r3, r2
 167 00ca 7B63     		str	r3, [r7, #52]
 184:./Libraries/CMSIS/DSP/Source/FilteringFunctions/arm_conv_fast_opt_q15.c **** 
 185:./Libraries/CMSIS/DSP/Source/FilteringFunctions/arm_conv_fast_opt_q15.c ****   /* Temporary pointer for scratch2 */
 186:./Libraries/CMSIS/DSP/Source/FilteringFunctions/arm_conv_fast_opt_q15.c ****   py = pScratch2;
 168              		.loc 1 186 6
 169 00cc BB6D     		ldr	r3, [r7, #88]
 170 00ce BB61     		str	r3, [r7, #24]
 187:./Libraries/CMSIS/DSP/Source/FilteringFunctions/arm_conv_fast_opt_q15.c **** 
 188:./Libraries/CMSIS/DSP/Source/FilteringFunctions/arm_conv_fast_opt_q15.c **** 
 189:./Libraries/CMSIS/DSP/Source/FilteringFunctions/arm_conv_fast_opt_q15.c ****   /* Initialization of pIn2 pointer */
 190:./Libraries/CMSIS/DSP/Source/FilteringFunctions/arm_conv_fast_opt_q15.c ****   pIn2 = py;
 171              		.loc 1 190 8
 172 00d0 BB69     		ldr	r3, [r7, #24]
 173 00d2 FB63     		str	r3, [r7, #60]
 191:./Libraries/CMSIS/DSP/Source/FilteringFunctions/arm_conv_fast_opt_q15.c **** 
 192:./Libraries/CMSIS/DSP/Source/FilteringFunctions/arm_conv_fast_opt_q15.c **** #if defined (ARM_MATH_LOOPUNROLL)
 193:./Libraries/CMSIS/DSP/Source/FilteringFunctions/arm_conv_fast_opt_q15.c **** 
 194:./Libraries/CMSIS/DSP/Source/FilteringFunctions/arm_conv_fast_opt_q15.c ****   /* Loop unrolling: Compute 4 outputs at a time */
 195:./Libraries/CMSIS/DSP/Source/FilteringFunctions/arm_conv_fast_opt_q15.c ****   blkCnt = (srcALen + srcBLen - 1U) >> 2;
 196:./Libraries/CMSIS/DSP/Source/FilteringFunctions/arm_conv_fast_opt_q15.c **** 
 197:./Libraries/CMSIS/DSP/Source/FilteringFunctions/arm_conv_fast_opt_q15.c ****   while (blkCnt > 0)
 198:./Libraries/CMSIS/DSP/Source/FilteringFunctions/arm_conv_fast_opt_q15.c ****   {
 199:./Libraries/CMSIS/DSP/Source/FilteringFunctions/arm_conv_fast_opt_q15.c ****     /* Initialze temporary scratch pointer as scratch1 */
 200:./Libraries/CMSIS/DSP/Source/FilteringFunctions/arm_conv_fast_opt_q15.c ****     pScr1 = pScratch1;
 201:./Libraries/CMSIS/DSP/Source/FilteringFunctions/arm_conv_fast_opt_q15.c **** 
 202:./Libraries/CMSIS/DSP/Source/FilteringFunctions/arm_conv_fast_opt_q15.c ****     /* Clear Accumlators */
 203:./Libraries/CMSIS/DSP/Source/FilteringFunctions/arm_conv_fast_opt_q15.c ****     acc0 = 0;
 204:./Libraries/CMSIS/DSP/Source/FilteringFunctions/arm_conv_fast_opt_q15.c ****     acc1 = 0;
 205:./Libraries/CMSIS/DSP/Source/FilteringFunctions/arm_conv_fast_opt_q15.c ****     acc2 = 0;
 206:./Libraries/CMSIS/DSP/Source/FilteringFunctions/arm_conv_fast_opt_q15.c ****     acc3 = 0;
 207:./Libraries/CMSIS/DSP/Source/FilteringFunctions/arm_conv_fast_opt_q15.c **** 
 208:./Libraries/CMSIS/DSP/Source/FilteringFunctions/arm_conv_fast_opt_q15.c ****     /* Read two samples from scratch1 buffer */
 209:./Libraries/CMSIS/DSP/Source/FilteringFunctions/arm_conv_fast_opt_q15.c ****     x1 = read_q15x2_ia (&pScr1);
 210:./Libraries/CMSIS/DSP/Source/FilteringFunctions/arm_conv_fast_opt_q15.c **** 
 211:./Libraries/CMSIS/DSP/Source/FilteringFunctions/arm_conv_fast_opt_q15.c ****     /* Read next two samples from scratch1 buffer */
 212:./Libraries/CMSIS/DSP/Source/FilteringFunctions/arm_conv_fast_opt_q15.c ****     x2 = read_q15x2_ia (&pScr1);
 213:./Libraries/CMSIS/DSP/Source/FilteringFunctions/arm_conv_fast_opt_q15.c **** 
 214:./Libraries/CMSIS/DSP/Source/FilteringFunctions/arm_conv_fast_opt_q15.c ****     tapCnt = (srcBLen) >> 2U;
 215:./Libraries/CMSIS/DSP/Source/FilteringFunctions/arm_conv_fast_opt_q15.c **** 
 216:./Libraries/CMSIS/DSP/Source/FilteringFunctions/arm_conv_fast_opt_q15.c ****     while (tapCnt > 0U)
 217:./Libraries/CMSIS/DSP/Source/FilteringFunctions/arm_conv_fast_opt_q15.c ****     {
 218:./Libraries/CMSIS/DSP/Source/FilteringFunctions/arm_conv_fast_opt_q15.c **** 
 219:./Libraries/CMSIS/DSP/Source/FilteringFunctions/arm_conv_fast_opt_q15.c ****       /* Read four samples from smaller buffer */
 220:./Libraries/CMSIS/DSP/Source/FilteringFunctions/arm_conv_fast_opt_q15.c ****       y1 = read_q15x2_ia ((q15_t **) &pIn2);
 221:./Libraries/CMSIS/DSP/Source/FilteringFunctions/arm_conv_fast_opt_q15.c ****       y2 = read_q15x2_ia ((q15_t **) &pIn2);
 222:./Libraries/CMSIS/DSP/Source/FilteringFunctions/arm_conv_fast_opt_q15.c **** 
 223:./Libraries/CMSIS/DSP/Source/FilteringFunctions/arm_conv_fast_opt_q15.c ****       /* multiply and accumlate */
 224:./Libraries/CMSIS/DSP/Source/FilteringFunctions/arm_conv_fast_opt_q15.c ****       acc0 = __SMLAD(x1, y1, acc0);
 225:./Libraries/CMSIS/DSP/Source/FilteringFunctions/arm_conv_fast_opt_q15.c ****       acc2 = __SMLAD(x2, y1, acc2);
 226:./Libraries/CMSIS/DSP/Source/FilteringFunctions/arm_conv_fast_opt_q15.c **** 
ARM GAS  /tmp/ccIVfj2l.s 			page 8


 227:./Libraries/CMSIS/DSP/Source/FilteringFunctions/arm_conv_fast_opt_q15.c ****       /* pack input data */
 228:./Libraries/CMSIS/DSP/Source/FilteringFunctions/arm_conv_fast_opt_q15.c **** #ifndef ARM_MATH_BIG_ENDIAN
 229:./Libraries/CMSIS/DSP/Source/FilteringFunctions/arm_conv_fast_opt_q15.c ****       x3 = __PKHBT(x2, x1, 0);
 230:./Libraries/CMSIS/DSP/Source/FilteringFunctions/arm_conv_fast_opt_q15.c **** #else
 231:./Libraries/CMSIS/DSP/Source/FilteringFunctions/arm_conv_fast_opt_q15.c ****       x3 = __PKHBT(x1, x2, 0);
 232:./Libraries/CMSIS/DSP/Source/FilteringFunctions/arm_conv_fast_opt_q15.c **** #endif
 233:./Libraries/CMSIS/DSP/Source/FilteringFunctions/arm_conv_fast_opt_q15.c **** 
 234:./Libraries/CMSIS/DSP/Source/FilteringFunctions/arm_conv_fast_opt_q15.c ****       /* multiply and accumlate */
 235:./Libraries/CMSIS/DSP/Source/FilteringFunctions/arm_conv_fast_opt_q15.c ****       acc1 = __SMLADX(x3, y1, acc1);
 236:./Libraries/CMSIS/DSP/Source/FilteringFunctions/arm_conv_fast_opt_q15.c **** 
 237:./Libraries/CMSIS/DSP/Source/FilteringFunctions/arm_conv_fast_opt_q15.c ****       /* Read next two samples from scratch1 buffer */
 238:./Libraries/CMSIS/DSP/Source/FilteringFunctions/arm_conv_fast_opt_q15.c ****       x1 = read_q15x2_ia (&pScr1);
 239:./Libraries/CMSIS/DSP/Source/FilteringFunctions/arm_conv_fast_opt_q15.c **** 
 240:./Libraries/CMSIS/DSP/Source/FilteringFunctions/arm_conv_fast_opt_q15.c ****       /* multiply and accumlate */
 241:./Libraries/CMSIS/DSP/Source/FilteringFunctions/arm_conv_fast_opt_q15.c ****       acc0 = __SMLAD(x2, y2, acc0);
 242:./Libraries/CMSIS/DSP/Source/FilteringFunctions/arm_conv_fast_opt_q15.c ****       acc2 = __SMLAD(x1, y2, acc2);
 243:./Libraries/CMSIS/DSP/Source/FilteringFunctions/arm_conv_fast_opt_q15.c **** 
 244:./Libraries/CMSIS/DSP/Source/FilteringFunctions/arm_conv_fast_opt_q15.c ****       /* pack input data */
 245:./Libraries/CMSIS/DSP/Source/FilteringFunctions/arm_conv_fast_opt_q15.c **** #ifndef ARM_MATH_BIG_ENDIAN
 246:./Libraries/CMSIS/DSP/Source/FilteringFunctions/arm_conv_fast_opt_q15.c ****       x3 = __PKHBT(x1, x2, 0);
 247:./Libraries/CMSIS/DSP/Source/FilteringFunctions/arm_conv_fast_opt_q15.c **** #else
 248:./Libraries/CMSIS/DSP/Source/FilteringFunctions/arm_conv_fast_opt_q15.c ****       x3 = __PKHBT(x2, x1, 0);
 249:./Libraries/CMSIS/DSP/Source/FilteringFunctions/arm_conv_fast_opt_q15.c **** #endif
 250:./Libraries/CMSIS/DSP/Source/FilteringFunctions/arm_conv_fast_opt_q15.c **** 
 251:./Libraries/CMSIS/DSP/Source/FilteringFunctions/arm_conv_fast_opt_q15.c ****       acc3 = __SMLADX(x3, y1, acc3);
 252:./Libraries/CMSIS/DSP/Source/FilteringFunctions/arm_conv_fast_opt_q15.c ****       acc1 = __SMLADX(x3, y2, acc1);
 253:./Libraries/CMSIS/DSP/Source/FilteringFunctions/arm_conv_fast_opt_q15.c **** 
 254:./Libraries/CMSIS/DSP/Source/FilteringFunctions/arm_conv_fast_opt_q15.c ****       x2 = read_q15x2_ia (&pScr1);
 255:./Libraries/CMSIS/DSP/Source/FilteringFunctions/arm_conv_fast_opt_q15.c **** 
 256:./Libraries/CMSIS/DSP/Source/FilteringFunctions/arm_conv_fast_opt_q15.c **** #ifndef ARM_MATH_BIG_ENDIAN
 257:./Libraries/CMSIS/DSP/Source/FilteringFunctions/arm_conv_fast_opt_q15.c ****       x3 = __PKHBT(x2, x1, 0);
 258:./Libraries/CMSIS/DSP/Source/FilteringFunctions/arm_conv_fast_opt_q15.c **** #else
 259:./Libraries/CMSIS/DSP/Source/FilteringFunctions/arm_conv_fast_opt_q15.c ****       x3 = __PKHBT(x1, x2, 0);
 260:./Libraries/CMSIS/DSP/Source/FilteringFunctions/arm_conv_fast_opt_q15.c **** #endif
 261:./Libraries/CMSIS/DSP/Source/FilteringFunctions/arm_conv_fast_opt_q15.c **** 
 262:./Libraries/CMSIS/DSP/Source/FilteringFunctions/arm_conv_fast_opt_q15.c ****       acc3 = __SMLADX(x3, y2, acc3);
 263:./Libraries/CMSIS/DSP/Source/FilteringFunctions/arm_conv_fast_opt_q15.c **** 
 264:./Libraries/CMSIS/DSP/Source/FilteringFunctions/arm_conv_fast_opt_q15.c ****       /* Decrement loop counter */
 265:./Libraries/CMSIS/DSP/Source/FilteringFunctions/arm_conv_fast_opt_q15.c ****       tapCnt--;
 266:./Libraries/CMSIS/DSP/Source/FilteringFunctions/arm_conv_fast_opt_q15.c ****     }
 267:./Libraries/CMSIS/DSP/Source/FilteringFunctions/arm_conv_fast_opt_q15.c **** 
 268:./Libraries/CMSIS/DSP/Source/FilteringFunctions/arm_conv_fast_opt_q15.c ****     /* Update scratch pointer for remaining samples of smaller length sequence */
 269:./Libraries/CMSIS/DSP/Source/FilteringFunctions/arm_conv_fast_opt_q15.c ****     pScr1 -= 4U;
 270:./Libraries/CMSIS/DSP/Source/FilteringFunctions/arm_conv_fast_opt_q15.c **** 
 271:./Libraries/CMSIS/DSP/Source/FilteringFunctions/arm_conv_fast_opt_q15.c ****     /* apply same above for remaining samples of smaller length sequence */
 272:./Libraries/CMSIS/DSP/Source/FilteringFunctions/arm_conv_fast_opt_q15.c ****     tapCnt = (srcBLen) & 3U;
 273:./Libraries/CMSIS/DSP/Source/FilteringFunctions/arm_conv_fast_opt_q15.c **** 
 274:./Libraries/CMSIS/DSP/Source/FilteringFunctions/arm_conv_fast_opt_q15.c ****     while (tapCnt > 0U)
 275:./Libraries/CMSIS/DSP/Source/FilteringFunctions/arm_conv_fast_opt_q15.c ****     {
 276:./Libraries/CMSIS/DSP/Source/FilteringFunctions/arm_conv_fast_opt_q15.c ****       /* accumlate the results */
 277:./Libraries/CMSIS/DSP/Source/FilteringFunctions/arm_conv_fast_opt_q15.c ****       acc0 += (*pScr1++ * *pIn2);
 278:./Libraries/CMSIS/DSP/Source/FilteringFunctions/arm_conv_fast_opt_q15.c ****       acc1 += (*pScr1++ * *pIn2);
 279:./Libraries/CMSIS/DSP/Source/FilteringFunctions/arm_conv_fast_opt_q15.c ****       acc2 += (*pScr1++ * *pIn2);
 280:./Libraries/CMSIS/DSP/Source/FilteringFunctions/arm_conv_fast_opt_q15.c ****       acc3 += (*pScr1++ * *pIn2++);
 281:./Libraries/CMSIS/DSP/Source/FilteringFunctions/arm_conv_fast_opt_q15.c **** 
 282:./Libraries/CMSIS/DSP/Source/FilteringFunctions/arm_conv_fast_opt_q15.c ****       pScr1 -= 3U;
 283:./Libraries/CMSIS/DSP/Source/FilteringFunctions/arm_conv_fast_opt_q15.c **** 
ARM GAS  /tmp/ccIVfj2l.s 			page 9


 284:./Libraries/CMSIS/DSP/Source/FilteringFunctions/arm_conv_fast_opt_q15.c ****       /* Decrement loop counter */
 285:./Libraries/CMSIS/DSP/Source/FilteringFunctions/arm_conv_fast_opt_q15.c ****       tapCnt--;
 286:./Libraries/CMSIS/DSP/Source/FilteringFunctions/arm_conv_fast_opt_q15.c ****     }
 287:./Libraries/CMSIS/DSP/Source/FilteringFunctions/arm_conv_fast_opt_q15.c **** 
 288:./Libraries/CMSIS/DSP/Source/FilteringFunctions/arm_conv_fast_opt_q15.c ****     blkCnt--;
 289:./Libraries/CMSIS/DSP/Source/FilteringFunctions/arm_conv_fast_opt_q15.c **** 
 290:./Libraries/CMSIS/DSP/Source/FilteringFunctions/arm_conv_fast_opt_q15.c ****     /* Store the results in the accumulators in the destination buffer. */
 291:./Libraries/CMSIS/DSP/Source/FilteringFunctions/arm_conv_fast_opt_q15.c **** #ifndef ARM_MATH_BIG_ENDIAN
 292:./Libraries/CMSIS/DSP/Source/FilteringFunctions/arm_conv_fast_opt_q15.c ****     write_q15x2_ia (&pOut, __PKHBT(__SSAT((acc0 >> 15), 16), __SSAT((acc1 >> 15), 16), 16));
 293:./Libraries/CMSIS/DSP/Source/FilteringFunctions/arm_conv_fast_opt_q15.c ****     write_q15x2_ia (&pOut, __PKHBT(__SSAT((acc2 >> 15), 16), __SSAT((acc3 >> 15), 16), 16));
 294:./Libraries/CMSIS/DSP/Source/FilteringFunctions/arm_conv_fast_opt_q15.c **** #else
 295:./Libraries/CMSIS/DSP/Source/FilteringFunctions/arm_conv_fast_opt_q15.c ****     write_q15x2_ia (&pOut, __PKHBT(__SSAT((acc1 >> 15), 16), __SSAT((acc0 >> 15), 16), 16));
 296:./Libraries/CMSIS/DSP/Source/FilteringFunctions/arm_conv_fast_opt_q15.c ****     write_q15x2_ia (&pOut, __PKHBT(__SSAT((acc3 >> 15), 16), __SSAT((acc2 >> 15), 16), 16));
 297:./Libraries/CMSIS/DSP/Source/FilteringFunctions/arm_conv_fast_opt_q15.c **** #endif /* #ifndef ARM_MATH_BIG_ENDIAN */
 298:./Libraries/CMSIS/DSP/Source/FilteringFunctions/arm_conv_fast_opt_q15.c **** 
 299:./Libraries/CMSIS/DSP/Source/FilteringFunctions/arm_conv_fast_opt_q15.c ****     /* Initialization of inputB pointer */
 300:./Libraries/CMSIS/DSP/Source/FilteringFunctions/arm_conv_fast_opt_q15.c ****     pIn2 = py;
 301:./Libraries/CMSIS/DSP/Source/FilteringFunctions/arm_conv_fast_opt_q15.c **** 
 302:./Libraries/CMSIS/DSP/Source/FilteringFunctions/arm_conv_fast_opt_q15.c ****     pScratch1 += 4U;
 303:./Libraries/CMSIS/DSP/Source/FilteringFunctions/arm_conv_fast_opt_q15.c ****   }
 304:./Libraries/CMSIS/DSP/Source/FilteringFunctions/arm_conv_fast_opt_q15.c **** 
 305:./Libraries/CMSIS/DSP/Source/FilteringFunctions/arm_conv_fast_opt_q15.c ****   /* Loop unrolling: Compute remaining outputs */
 306:./Libraries/CMSIS/DSP/Source/FilteringFunctions/arm_conv_fast_opt_q15.c ****   blkCnt = (srcALen + srcBLen - 1U) & 0x3;
 307:./Libraries/CMSIS/DSP/Source/FilteringFunctions/arm_conv_fast_opt_q15.c **** 
 308:./Libraries/CMSIS/DSP/Source/FilteringFunctions/arm_conv_fast_opt_q15.c **** #else
 309:./Libraries/CMSIS/DSP/Source/FilteringFunctions/arm_conv_fast_opt_q15.c **** 
 310:./Libraries/CMSIS/DSP/Source/FilteringFunctions/arm_conv_fast_opt_q15.c ****   /* Initialize blkCnt with number of samples */
 311:./Libraries/CMSIS/DSP/Source/FilteringFunctions/arm_conv_fast_opt_q15.c ****   blkCnt = (srcALen + srcBLen - 1U);
 174              		.loc 1 311 21
 175 00d4 BA68     		ldr	r2, [r7, #8]
 176 00d6 3B68     		ldr	r3, [r7]
 177 00d8 1344     		add	r3, r3, r2
 178              		.loc 1 311 10
 179 00da 013B     		subs	r3, r3, #1
 180 00dc 7B62     		str	r3, [r7, #36]
 312:./Libraries/CMSIS/DSP/Source/FilteringFunctions/arm_conv_fast_opt_q15.c **** 
 313:./Libraries/CMSIS/DSP/Source/FilteringFunctions/arm_conv_fast_opt_q15.c **** #endif /* #if defined (ARM_MATH_LOOPUNROLL) */
 314:./Libraries/CMSIS/DSP/Source/FilteringFunctions/arm_conv_fast_opt_q15.c **** 
 315:./Libraries/CMSIS/DSP/Source/FilteringFunctions/arm_conv_fast_opt_q15.c ****   /* Calculate convolution for remaining samples of Bigger length sequence */
 316:./Libraries/CMSIS/DSP/Source/FilteringFunctions/arm_conv_fast_opt_q15.c ****   while (blkCnt > 0)
 181              		.loc 1 316 9
 182 00de 5DE0     		b	.L6
 183              	.L11:
 317:./Libraries/CMSIS/DSP/Source/FilteringFunctions/arm_conv_fast_opt_q15.c ****   {
 318:./Libraries/CMSIS/DSP/Source/FilteringFunctions/arm_conv_fast_opt_q15.c ****     /* Initialze temporary scratch pointer as scratch1 */
 319:./Libraries/CMSIS/DSP/Source/FilteringFunctions/arm_conv_fast_opt_q15.c ****     pScr1 = pScratch1;
 184              		.loc 1 319 11
 185 00e0 7B6D     		ldr	r3, [r7, #84]
 186 00e2 7B63     		str	r3, [r7, #52]
 320:./Libraries/CMSIS/DSP/Source/FilteringFunctions/arm_conv_fast_opt_q15.c **** 
 321:./Libraries/CMSIS/DSP/Source/FilteringFunctions/arm_conv_fast_opt_q15.c ****     /* Clear Accumlators */
 322:./Libraries/CMSIS/DSP/Source/FilteringFunctions/arm_conv_fast_opt_q15.c ****     acc0 = 0;
 187              		.loc 1 322 10
 188 00e4 0023     		movs	r3, #0
 189 00e6 7B64     		str	r3, [r7, #68]
 323:./Libraries/CMSIS/DSP/Source/FilteringFunctions/arm_conv_fast_opt_q15.c **** 
 324:./Libraries/CMSIS/DSP/Source/FilteringFunctions/arm_conv_fast_opt_q15.c ****     tapCnt = (srcBLen) >> 1U;
ARM GAS  /tmp/ccIVfj2l.s 			page 10


 190              		.loc 1 324 12
 191 00e8 3B68     		ldr	r3, [r7]
 192 00ea 5B08     		lsrs	r3, r3, #1
 193 00ec 3B62     		str	r3, [r7, #32]
 325:./Libraries/CMSIS/DSP/Source/FilteringFunctions/arm_conv_fast_opt_q15.c **** 
 326:./Libraries/CMSIS/DSP/Source/FilteringFunctions/arm_conv_fast_opt_q15.c ****     while (tapCnt > 0U)
 194              		.loc 1 326 11
 195 00ee 22E0     		b	.L7
 196              	.L8:
 327:./Libraries/CMSIS/DSP/Source/FilteringFunctions/arm_conv_fast_opt_q15.c ****     {
 328:./Libraries/CMSIS/DSP/Source/FilteringFunctions/arm_conv_fast_opt_q15.c **** 
 329:./Libraries/CMSIS/DSP/Source/FilteringFunctions/arm_conv_fast_opt_q15.c ****       /* Read next two samples from scratch1 buffer */
 330:./Libraries/CMSIS/DSP/Source/FilteringFunctions/arm_conv_fast_opt_q15.c ****       acc0 += (*pScr1++ * *pIn2++);
 197              		.loc 1 330 22
 198 00f0 7B6B     		ldr	r3, [r7, #52]
 199 00f2 9A1C     		adds	r2, r3, #2
 200 00f4 7A63     		str	r2, [r7, #52]
 201              		.loc 1 330 16
 202 00f6 B3F90030 		ldrsh	r3, [r3]
 203 00fa 1946     		mov	r1, r3
 204              		.loc 1 330 32
 205 00fc FB6B     		ldr	r3, [r7, #60]
 206 00fe 9A1C     		adds	r2, r3, #2
 207 0100 FA63     		str	r2, [r7, #60]
 208              		.loc 1 330 27
 209 0102 B3F90030 		ldrsh	r3, [r3]
 210              		.loc 1 330 25
 211 0106 03FB01F3 		mul	r3, r3, r1
 212              		.loc 1 330 12
 213 010a 7A6C     		ldr	r2, [r7, #68]
 214 010c 1344     		add	r3, r3, r2
 215 010e 7B64     		str	r3, [r7, #68]
 331:./Libraries/CMSIS/DSP/Source/FilteringFunctions/arm_conv_fast_opt_q15.c ****       acc0 += (*pScr1++ * *pIn2++);
 216              		.loc 1 331 22
 217 0110 7B6B     		ldr	r3, [r7, #52]
 218 0112 9A1C     		adds	r2, r3, #2
 219 0114 7A63     		str	r2, [r7, #52]
 220              		.loc 1 331 16
 221 0116 B3F90030 		ldrsh	r3, [r3]
 222 011a 1946     		mov	r1, r3
 223              		.loc 1 331 32
 224 011c FB6B     		ldr	r3, [r7, #60]
 225 011e 9A1C     		adds	r2, r3, #2
 226 0120 FA63     		str	r2, [r7, #60]
 227              		.loc 1 331 27
 228 0122 B3F90030 		ldrsh	r3, [r3]
 229              		.loc 1 331 25
 230 0126 03FB01F3 		mul	r3, r3, r1
 231              		.loc 1 331 12
 232 012a 7A6C     		ldr	r2, [r7, #68]
 233 012c 1344     		add	r3, r3, r2
 234 012e 7B64     		str	r3, [r7, #68]
 332:./Libraries/CMSIS/DSP/Source/FilteringFunctions/arm_conv_fast_opt_q15.c **** 
 333:./Libraries/CMSIS/DSP/Source/FilteringFunctions/arm_conv_fast_opt_q15.c ****       /* Decrement loop counter */
 334:./Libraries/CMSIS/DSP/Source/FilteringFunctions/arm_conv_fast_opt_q15.c ****       tapCnt--;
 235              		.loc 1 334 13
 236 0130 3B6A     		ldr	r3, [r7, #32]
ARM GAS  /tmp/ccIVfj2l.s 			page 11


 237 0132 013B     		subs	r3, r3, #1
 238 0134 3B62     		str	r3, [r7, #32]
 239              	.L7:
 326:./Libraries/CMSIS/DSP/Source/FilteringFunctions/arm_conv_fast_opt_q15.c ****     {
 240              		.loc 1 326 11
 241 0136 3B6A     		ldr	r3, [r7, #32]
 242 0138 002B     		cmp	r3, #0
 243 013a D9D1     		bne	.L8
 335:./Libraries/CMSIS/DSP/Source/FilteringFunctions/arm_conv_fast_opt_q15.c ****     }
 336:./Libraries/CMSIS/DSP/Source/FilteringFunctions/arm_conv_fast_opt_q15.c **** 
 337:./Libraries/CMSIS/DSP/Source/FilteringFunctions/arm_conv_fast_opt_q15.c ****     tapCnt = (srcBLen) & 1U;
 244              		.loc 1 337 12
 245 013c 3B68     		ldr	r3, [r7]
 246 013e 03F00103 		and	r3, r3, #1
 247 0142 3B62     		str	r3, [r7, #32]
 338:./Libraries/CMSIS/DSP/Source/FilteringFunctions/arm_conv_fast_opt_q15.c **** 
 339:./Libraries/CMSIS/DSP/Source/FilteringFunctions/arm_conv_fast_opt_q15.c ****     /* apply same above for remaining samples of smaller length sequence */
 340:./Libraries/CMSIS/DSP/Source/FilteringFunctions/arm_conv_fast_opt_q15.c ****     while (tapCnt > 0U)
 248              		.loc 1 340 11
 249 0144 12E0     		b	.L9
 250              	.L10:
 341:./Libraries/CMSIS/DSP/Source/FilteringFunctions/arm_conv_fast_opt_q15.c ****     {
 342:./Libraries/CMSIS/DSP/Source/FilteringFunctions/arm_conv_fast_opt_q15.c **** 
 343:./Libraries/CMSIS/DSP/Source/FilteringFunctions/arm_conv_fast_opt_q15.c ****       /* accumlate the results */
 344:./Libraries/CMSIS/DSP/Source/FilteringFunctions/arm_conv_fast_opt_q15.c ****       acc0 += (*pScr1++ * *pIn2++);
 251              		.loc 1 344 22
 252 0146 7B6B     		ldr	r3, [r7, #52]
 253 0148 9A1C     		adds	r2, r3, #2
 254 014a 7A63     		str	r2, [r7, #52]
 255              		.loc 1 344 16
 256 014c B3F90030 		ldrsh	r3, [r3]
 257 0150 1946     		mov	r1, r3
 258              		.loc 1 344 32
 259 0152 FB6B     		ldr	r3, [r7, #60]
 260 0154 9A1C     		adds	r2, r3, #2
 261 0156 FA63     		str	r2, [r7, #60]
 262              		.loc 1 344 27
 263 0158 B3F90030 		ldrsh	r3, [r3]
 264              		.loc 1 344 25
 265 015c 03FB01F3 		mul	r3, r3, r1
 266              		.loc 1 344 12
 267 0160 7A6C     		ldr	r2, [r7, #68]
 268 0162 1344     		add	r3, r3, r2
 269 0164 7B64     		str	r3, [r7, #68]
 345:./Libraries/CMSIS/DSP/Source/FilteringFunctions/arm_conv_fast_opt_q15.c **** 
 346:./Libraries/CMSIS/DSP/Source/FilteringFunctions/arm_conv_fast_opt_q15.c ****       /* Decrement loop counter */
 347:./Libraries/CMSIS/DSP/Source/FilteringFunctions/arm_conv_fast_opt_q15.c ****       tapCnt--;
 270              		.loc 1 347 13
 271 0166 3B6A     		ldr	r3, [r7, #32]
 272 0168 013B     		subs	r3, r3, #1
 273 016a 3B62     		str	r3, [r7, #32]
 274              	.L9:
 340:./Libraries/CMSIS/DSP/Source/FilteringFunctions/arm_conv_fast_opt_q15.c ****     {
 275              		.loc 1 340 11
 276 016c 3B6A     		ldr	r3, [r7, #32]
 277 016e 002B     		cmp	r3, #0
 278 0170 E9D1     		bne	.L10
ARM GAS  /tmp/ccIVfj2l.s 			page 12


 348:./Libraries/CMSIS/DSP/Source/FilteringFunctions/arm_conv_fast_opt_q15.c ****     }
 349:./Libraries/CMSIS/DSP/Source/FilteringFunctions/arm_conv_fast_opt_q15.c **** 
 350:./Libraries/CMSIS/DSP/Source/FilteringFunctions/arm_conv_fast_opt_q15.c ****     blkCnt--;
 279              		.loc 1 350 11
 280 0172 7B6A     		ldr	r3, [r7, #36]
 281 0174 013B     		subs	r3, r3, #1
 282 0176 7B62     		str	r3, [r7, #36]
 283              	.LBB2:
 351:./Libraries/CMSIS/DSP/Source/FilteringFunctions/arm_conv_fast_opt_q15.c **** 
 352:./Libraries/CMSIS/DSP/Source/FilteringFunctions/arm_conv_fast_opt_q15.c ****     /* The result is in 2.30 format.  Convert to 1.15 with saturation.
 353:./Libraries/CMSIS/DSP/Source/FilteringFunctions/arm_conv_fast_opt_q15.c ****        Then store the output in the destination buffer. */
 354:./Libraries/CMSIS/DSP/Source/FilteringFunctions/arm_conv_fast_opt_q15.c ****     *pOut++ = (q15_t) (__SSAT((acc0 >> 15), 16));
 284              		.loc 1 354 24
 285 0178 7B6C     		ldr	r3, [r7, #68]
 286 017a DB13     		asrs	r3, r3, #15
 287 017c 7B61     		str	r3, [r7, #20]
 288 017e 7B69     		ldr	r3, [r7, #20]
 289              		.syntax unified
 290              	@ 354 "./Libraries/CMSIS/DSP/Source/FilteringFunctions/arm_conv_fast_opt_q15.c" 1
 291 0180 03F30F03 		ssat r3, #16, r3
 292              	@ 0 "" 2
 293              		.thumb
 294              		.syntax unified
 295 0184 3B61     		str	r3, [r7, #16]
 296 0186 3969     		ldr	r1, [r7, #16]
 297              	.LBE2:
 298              		.loc 1 354 10
 299 0188 BB6B     		ldr	r3, [r7, #56]
 300 018a 9A1C     		adds	r2, r3, #2
 301 018c BA63     		str	r2, [r7, #56]
 302              		.loc 1 354 15
 303 018e 0AB2     		sxth	r2, r1
 304              		.loc 1 354 13
 305 0190 1A80     		strh	r2, [r3]	@ movhi
 355:./Libraries/CMSIS/DSP/Source/FilteringFunctions/arm_conv_fast_opt_q15.c **** 
 356:./Libraries/CMSIS/DSP/Source/FilteringFunctions/arm_conv_fast_opt_q15.c ****     /* Initialization of inputB pointer */
 357:./Libraries/CMSIS/DSP/Source/FilteringFunctions/arm_conv_fast_opt_q15.c ****     pIn2 = py;
 306              		.loc 1 357 10
 307 0192 BB69     		ldr	r3, [r7, #24]
 308 0194 FB63     		str	r3, [r7, #60]
 358:./Libraries/CMSIS/DSP/Source/FilteringFunctions/arm_conv_fast_opt_q15.c **** 
 359:./Libraries/CMSIS/DSP/Source/FilteringFunctions/arm_conv_fast_opt_q15.c ****     pScratch1 += 1U;
 309              		.loc 1 359 15
 310 0196 7B6D     		ldr	r3, [r7, #84]
 311 0198 0233     		adds	r3, r3, #2
 312 019a 7B65     		str	r3, [r7, #84]
 313              	.L6:
 316:./Libraries/CMSIS/DSP/Source/FilteringFunctions/arm_conv_fast_opt_q15.c ****   {
 314              		.loc 1 316 9
 315 019c 7B6A     		ldr	r3, [r7, #36]
 316 019e 002B     		cmp	r3, #0
 317 01a0 9ED1     		bne	.L11
 360:./Libraries/CMSIS/DSP/Source/FilteringFunctions/arm_conv_fast_opt_q15.c ****   }
 361:./Libraries/CMSIS/DSP/Source/FilteringFunctions/arm_conv_fast_opt_q15.c **** 
 362:./Libraries/CMSIS/DSP/Source/FilteringFunctions/arm_conv_fast_opt_q15.c **** }
 318              		.loc 1 362 1
 319 01a2 00BF     		nop
ARM GAS  /tmp/ccIVfj2l.s 			page 13


 320 01a4 00BF     		nop
 321 01a6 4837     		adds	r7, r7, #72
 322              	.LCFI3:
 323              		.cfi_def_cfa_offset 8
 324 01a8 BD46     		mov	sp, r7
 325              	.LCFI4:
 326              		.cfi_def_cfa_register 13
 327              		@ sp needed
 328 01aa 80BD     		pop	{r7, pc}
 329              		.cfi_endproc
 330              	.LFE145:
 332              		.text
 333              	.Letext0:
 334              		.file 2 "/usr/lib/gcc/arm-none-eabi/9.2.1/include/stdint.h"
 335              		.file 3 "/usr/lib/gcc/arm-none-eabi/9.2.1/include/stddef.h"
 336              		.file 4 "/usr/include/newlib/sys/_types.h"
 337              		.file 5 "/usr/include/newlib/sys/reent.h"
 338              		.file 6 "/usr/include/newlib/sys/lock.h"
 339              		.file 7 "/usr/include/newlib/math.h"
 340              		.file 8 "./Libraries/CMSIS/DSP/Include/arm_math.h"
ARM GAS  /tmp/ccIVfj2l.s 			page 14


DEFINED SYMBOLS
                            *ABS*:0000000000000000 arm_conv_fast_opt_q15.c
     /tmp/ccIVfj2l.s:17     .text.arm_conv_fast_opt_q15:0000000000000000 $t
     /tmp/ccIVfj2l.s:25     .text.arm_conv_fast_opt_q15:0000000000000000 arm_conv_fast_opt_q15

UNDEFINED SYMBOLS
arm_fill_q15
arm_copy_q15
