ARM GAS  /tmp/ccxuodoY.s 			page 1


   1              		.cpu cortex-m7
   2              		.eabi_attribute 28, 1
   3              		.eabi_attribute 20, 1
   4              		.eabi_attribute 21, 1
   5              		.eabi_attribute 23, 3
   6              		.eabi_attribute 24, 1
   7              		.eabi_attribute 25, 1
   8              		.eabi_attribute 26, 1
   9              		.eabi_attribute 30, 6
  10              		.eabi_attribute 34, 1
  11              		.eabi_attribute 18, 4
  12              		.file	"arm_power_q7.c"
  13              		.text
  14              	.Ltext0:
  15              		.cfi_sections	.debug_frame
  16              		.section	.text.arm_power_q7,"ax",%progbits
  17              		.align	1
  18              		.global	arm_power_q7
  19              		.arch armv7e-m
  20              		.syntax unified
  21              		.thumb
  22              		.thumb_func
  23              		.fpu fpv5-d16
  25              	arm_power_q7:
  26              	.LFB145:
  27              		.file 1 "./Libraries/CMSIS/DSP/Source/StatisticsFunctions/arm_power_q7.c"
   1:./Libraries/CMSIS/DSP/Source/StatisticsFunctions/arm_power_q7.c **** /* ----------------------------------------------------------------------
   2:./Libraries/CMSIS/DSP/Source/StatisticsFunctions/arm_power_q7.c ****  * Project:      CMSIS DSP Library
   3:./Libraries/CMSIS/DSP/Source/StatisticsFunctions/arm_power_q7.c ****  * Title:        arm_power_q7.c
   4:./Libraries/CMSIS/DSP/Source/StatisticsFunctions/arm_power_q7.c ****  * Description:  Sum of the squares of the elements of a Q7 vector
   5:./Libraries/CMSIS/DSP/Source/StatisticsFunctions/arm_power_q7.c ****  *
   6:./Libraries/CMSIS/DSP/Source/StatisticsFunctions/arm_power_q7.c ****  * $Date:        18. March 2019
   7:./Libraries/CMSIS/DSP/Source/StatisticsFunctions/arm_power_q7.c ****  * $Revision:    V1.6.0
   8:./Libraries/CMSIS/DSP/Source/StatisticsFunctions/arm_power_q7.c ****  *
   9:./Libraries/CMSIS/DSP/Source/StatisticsFunctions/arm_power_q7.c ****  * Target Processor: Cortex-M cores
  10:./Libraries/CMSIS/DSP/Source/StatisticsFunctions/arm_power_q7.c ****  * -------------------------------------------------------------------- */
  11:./Libraries/CMSIS/DSP/Source/StatisticsFunctions/arm_power_q7.c **** /*
  12:./Libraries/CMSIS/DSP/Source/StatisticsFunctions/arm_power_q7.c ****  * Copyright (C) 2010-2019 ARM Limited or its affiliates. All rights reserved.
  13:./Libraries/CMSIS/DSP/Source/StatisticsFunctions/arm_power_q7.c ****  *
  14:./Libraries/CMSIS/DSP/Source/StatisticsFunctions/arm_power_q7.c ****  * SPDX-License-Identifier: Apache-2.0
  15:./Libraries/CMSIS/DSP/Source/StatisticsFunctions/arm_power_q7.c ****  *
  16:./Libraries/CMSIS/DSP/Source/StatisticsFunctions/arm_power_q7.c ****  * Licensed under the Apache License, Version 2.0 (the License); you may
  17:./Libraries/CMSIS/DSP/Source/StatisticsFunctions/arm_power_q7.c ****  * not use this file except in compliance with the License.
  18:./Libraries/CMSIS/DSP/Source/StatisticsFunctions/arm_power_q7.c ****  * You may obtain a copy of the License at
  19:./Libraries/CMSIS/DSP/Source/StatisticsFunctions/arm_power_q7.c ****  *
  20:./Libraries/CMSIS/DSP/Source/StatisticsFunctions/arm_power_q7.c ****  * www.apache.org/licenses/LICENSE-2.0
  21:./Libraries/CMSIS/DSP/Source/StatisticsFunctions/arm_power_q7.c ****  *
  22:./Libraries/CMSIS/DSP/Source/StatisticsFunctions/arm_power_q7.c ****  * Unless required by applicable law or agreed to in writing, software
  23:./Libraries/CMSIS/DSP/Source/StatisticsFunctions/arm_power_q7.c ****  * distributed under the License is distributed on an AS IS BASIS, WITHOUT
  24:./Libraries/CMSIS/DSP/Source/StatisticsFunctions/arm_power_q7.c ****  * WARRANTIES OR CONDITIONS OF ANY KIND, either express or implied.
  25:./Libraries/CMSIS/DSP/Source/StatisticsFunctions/arm_power_q7.c ****  * See the License for the specific language governing permissions and
  26:./Libraries/CMSIS/DSP/Source/StatisticsFunctions/arm_power_q7.c ****  * limitations under the License.
  27:./Libraries/CMSIS/DSP/Source/StatisticsFunctions/arm_power_q7.c ****  */
  28:./Libraries/CMSIS/DSP/Source/StatisticsFunctions/arm_power_q7.c **** 
  29:./Libraries/CMSIS/DSP/Source/StatisticsFunctions/arm_power_q7.c **** #include "arm_math.h"
  30:./Libraries/CMSIS/DSP/Source/StatisticsFunctions/arm_power_q7.c **** 
  31:./Libraries/CMSIS/DSP/Source/StatisticsFunctions/arm_power_q7.c **** /**
ARM GAS  /tmp/ccxuodoY.s 			page 2


  32:./Libraries/CMSIS/DSP/Source/StatisticsFunctions/arm_power_q7.c ****   @ingroup groupStats
  33:./Libraries/CMSIS/DSP/Source/StatisticsFunctions/arm_power_q7.c ****  */
  34:./Libraries/CMSIS/DSP/Source/StatisticsFunctions/arm_power_q7.c **** 
  35:./Libraries/CMSIS/DSP/Source/StatisticsFunctions/arm_power_q7.c **** /**
  36:./Libraries/CMSIS/DSP/Source/StatisticsFunctions/arm_power_q7.c ****   @addtogroup power
  37:./Libraries/CMSIS/DSP/Source/StatisticsFunctions/arm_power_q7.c ****   @{
  38:./Libraries/CMSIS/DSP/Source/StatisticsFunctions/arm_power_q7.c ****  */
  39:./Libraries/CMSIS/DSP/Source/StatisticsFunctions/arm_power_q7.c **** 
  40:./Libraries/CMSIS/DSP/Source/StatisticsFunctions/arm_power_q7.c **** /**
  41:./Libraries/CMSIS/DSP/Source/StatisticsFunctions/arm_power_q7.c ****   @brief         Sum of the squares of the elements of a Q7 vector.
  42:./Libraries/CMSIS/DSP/Source/StatisticsFunctions/arm_power_q7.c ****   @param[in]     pSrc       points to the input vector
  43:./Libraries/CMSIS/DSP/Source/StatisticsFunctions/arm_power_q7.c ****   @param[in]     blockSize  number of samples in input vector
  44:./Libraries/CMSIS/DSP/Source/StatisticsFunctions/arm_power_q7.c ****   @param[out]    pResult    sum of the squares value returned here
  45:./Libraries/CMSIS/DSP/Source/StatisticsFunctions/arm_power_q7.c ****   @return        none
  46:./Libraries/CMSIS/DSP/Source/StatisticsFunctions/arm_power_q7.c **** 
  47:./Libraries/CMSIS/DSP/Source/StatisticsFunctions/arm_power_q7.c ****   @par           Scaling and Overflow Behavior
  48:./Libraries/CMSIS/DSP/Source/StatisticsFunctions/arm_power_q7.c ****                    The function is implemented using a 32-bit internal accumulator.
  49:./Libraries/CMSIS/DSP/Source/StatisticsFunctions/arm_power_q7.c ****                    The input is represented in 1.7 format.
  50:./Libraries/CMSIS/DSP/Source/StatisticsFunctions/arm_power_q7.c ****                    Intermediate multiplication yields a 2.14 format, and this
  51:./Libraries/CMSIS/DSP/Source/StatisticsFunctions/arm_power_q7.c ****                    result is added without saturation to an accumulator in 18.14 format.
  52:./Libraries/CMSIS/DSP/Source/StatisticsFunctions/arm_power_q7.c ****                    With 17 guard bits in the accumulator, there is no risk of overflow, and the
  53:./Libraries/CMSIS/DSP/Source/StatisticsFunctions/arm_power_q7.c ****                    full precision of the intermediate multiplication is preserved.
  54:./Libraries/CMSIS/DSP/Source/StatisticsFunctions/arm_power_q7.c ****                    Finally, the return result is in 18.14 format.
  55:./Libraries/CMSIS/DSP/Source/StatisticsFunctions/arm_power_q7.c ****  */
  56:./Libraries/CMSIS/DSP/Source/StatisticsFunctions/arm_power_q7.c **** 
  57:./Libraries/CMSIS/DSP/Source/StatisticsFunctions/arm_power_q7.c **** void arm_power_q7(
  58:./Libraries/CMSIS/DSP/Source/StatisticsFunctions/arm_power_q7.c ****   const q7_t * pSrc,
  59:./Libraries/CMSIS/DSP/Source/StatisticsFunctions/arm_power_q7.c ****         uint32_t blockSize,
  60:./Libraries/CMSIS/DSP/Source/StatisticsFunctions/arm_power_q7.c ****         q31_t * pResult)
  61:./Libraries/CMSIS/DSP/Source/StatisticsFunctions/arm_power_q7.c **** {
  28              		.loc 1 61 1
  29              		.cfi_startproc
  30              		@ args = 0, pretend = 0, frame = 32
  31              		@ frame_needed = 1, uses_anonymous_args = 0
  32              		@ link register save eliminated.
  33 0000 80B4     		push	{r7}
  34              	.LCFI0:
  35              		.cfi_def_cfa_offset 4
  36              		.cfi_offset 7, -4
  37 0002 89B0     		sub	sp, sp, #36
  38              	.LCFI1:
  39              		.cfi_def_cfa_offset 40
  40 0004 00AF     		add	r7, sp, #0
  41              	.LCFI2:
  42              		.cfi_def_cfa_register 7
  43 0006 F860     		str	r0, [r7, #12]
  44 0008 B960     		str	r1, [r7, #8]
  45 000a 7A60     		str	r2, [r7, #4]
  62:./Libraries/CMSIS/DSP/Source/StatisticsFunctions/arm_power_q7.c ****         uint32_t blkCnt;                               /* Loop counter */
  63:./Libraries/CMSIS/DSP/Source/StatisticsFunctions/arm_power_q7.c ****         q31_t sum = 0;                                 /* Temporary result storage */
  46              		.loc 1 63 15
  47 000c 0023     		movs	r3, #0
  48 000e BB61     		str	r3, [r7, #24]
  64:./Libraries/CMSIS/DSP/Source/StatisticsFunctions/arm_power_q7.c ****         q7_t in;                                       /* Temporary variable to store input value *
  65:./Libraries/CMSIS/DSP/Source/StatisticsFunctions/arm_power_q7.c **** 
  66:./Libraries/CMSIS/DSP/Source/StatisticsFunctions/arm_power_q7.c **** #if defined (ARM_MATH_LOOPUNROLL) && defined (ARM_MATH_DSP)
  67:./Libraries/CMSIS/DSP/Source/StatisticsFunctions/arm_power_q7.c ****         q31_t in32;                                    /* Temporary variable to store packed input 
ARM GAS  /tmp/ccxuodoY.s 			page 3


  68:./Libraries/CMSIS/DSP/Source/StatisticsFunctions/arm_power_q7.c ****         q31_t in1, in2;                                /* Temporary variables to store input value 
  69:./Libraries/CMSIS/DSP/Source/StatisticsFunctions/arm_power_q7.c **** #endif
  70:./Libraries/CMSIS/DSP/Source/StatisticsFunctions/arm_power_q7.c **** 
  71:./Libraries/CMSIS/DSP/Source/StatisticsFunctions/arm_power_q7.c **** #if defined (ARM_MATH_LOOPUNROLL)
  72:./Libraries/CMSIS/DSP/Source/StatisticsFunctions/arm_power_q7.c **** 
  73:./Libraries/CMSIS/DSP/Source/StatisticsFunctions/arm_power_q7.c ****   /* Loop unrolling: Compute 4 outputs at a time */
  74:./Libraries/CMSIS/DSP/Source/StatisticsFunctions/arm_power_q7.c ****   blkCnt = blockSize >> 2U;
  75:./Libraries/CMSIS/DSP/Source/StatisticsFunctions/arm_power_q7.c **** 
  76:./Libraries/CMSIS/DSP/Source/StatisticsFunctions/arm_power_q7.c ****   while (blkCnt > 0U)
  77:./Libraries/CMSIS/DSP/Source/StatisticsFunctions/arm_power_q7.c ****   {
  78:./Libraries/CMSIS/DSP/Source/StatisticsFunctions/arm_power_q7.c ****     /* C = A[0] * A[0] + A[1] * A[1] + ... + A[blockSize-1] * A[blockSize-1] */
  79:./Libraries/CMSIS/DSP/Source/StatisticsFunctions/arm_power_q7.c **** 
  80:./Libraries/CMSIS/DSP/Source/StatisticsFunctions/arm_power_q7.c ****     /* Compute Power and store result in a temporary variable, sum. */
  81:./Libraries/CMSIS/DSP/Source/StatisticsFunctions/arm_power_q7.c **** #if defined (ARM_MATH_DSP)
  82:./Libraries/CMSIS/DSP/Source/StatisticsFunctions/arm_power_q7.c ****     in32 = read_q7x4_ia ((q7_t **) &pSrc);
  83:./Libraries/CMSIS/DSP/Source/StatisticsFunctions/arm_power_q7.c **** 
  84:./Libraries/CMSIS/DSP/Source/StatisticsFunctions/arm_power_q7.c ****     in1 = __SXTB16(__ROR(in32, 8));
  85:./Libraries/CMSIS/DSP/Source/StatisticsFunctions/arm_power_q7.c ****     in2 = __SXTB16(in32);
  86:./Libraries/CMSIS/DSP/Source/StatisticsFunctions/arm_power_q7.c **** 
  87:./Libraries/CMSIS/DSP/Source/StatisticsFunctions/arm_power_q7.c ****     /* calculate power and accumulate to accumulator */
  88:./Libraries/CMSIS/DSP/Source/StatisticsFunctions/arm_power_q7.c ****     sum = __SMLAD(in1, in1, sum);
  89:./Libraries/CMSIS/DSP/Source/StatisticsFunctions/arm_power_q7.c ****     sum = __SMLAD(in2, in2, sum);
  90:./Libraries/CMSIS/DSP/Source/StatisticsFunctions/arm_power_q7.c **** #else
  91:./Libraries/CMSIS/DSP/Source/StatisticsFunctions/arm_power_q7.c ****     in = *pSrc++;
  92:./Libraries/CMSIS/DSP/Source/StatisticsFunctions/arm_power_q7.c ****     sum += ((q15_t) in * in);
  93:./Libraries/CMSIS/DSP/Source/StatisticsFunctions/arm_power_q7.c **** 
  94:./Libraries/CMSIS/DSP/Source/StatisticsFunctions/arm_power_q7.c ****     in = *pSrc++;
  95:./Libraries/CMSIS/DSP/Source/StatisticsFunctions/arm_power_q7.c ****     sum += ((q15_t) in * in);
  96:./Libraries/CMSIS/DSP/Source/StatisticsFunctions/arm_power_q7.c **** 
  97:./Libraries/CMSIS/DSP/Source/StatisticsFunctions/arm_power_q7.c ****     in = *pSrc++;
  98:./Libraries/CMSIS/DSP/Source/StatisticsFunctions/arm_power_q7.c ****     sum += ((q15_t) in * in);
  99:./Libraries/CMSIS/DSP/Source/StatisticsFunctions/arm_power_q7.c **** 
 100:./Libraries/CMSIS/DSP/Source/StatisticsFunctions/arm_power_q7.c ****     in = *pSrc++;
 101:./Libraries/CMSIS/DSP/Source/StatisticsFunctions/arm_power_q7.c ****     sum += ((q15_t) in * in);
 102:./Libraries/CMSIS/DSP/Source/StatisticsFunctions/arm_power_q7.c **** #endif /* #if defined (ARM_MATH_DSP) */
 103:./Libraries/CMSIS/DSP/Source/StatisticsFunctions/arm_power_q7.c **** 
 104:./Libraries/CMSIS/DSP/Source/StatisticsFunctions/arm_power_q7.c ****     /* Decrement loop counter */
 105:./Libraries/CMSIS/DSP/Source/StatisticsFunctions/arm_power_q7.c ****     blkCnt--;
 106:./Libraries/CMSIS/DSP/Source/StatisticsFunctions/arm_power_q7.c ****   }
 107:./Libraries/CMSIS/DSP/Source/StatisticsFunctions/arm_power_q7.c **** 
 108:./Libraries/CMSIS/DSP/Source/StatisticsFunctions/arm_power_q7.c ****   /* Loop unrolling: Compute remaining outputs */
 109:./Libraries/CMSIS/DSP/Source/StatisticsFunctions/arm_power_q7.c ****   blkCnt = blockSize % 0x4U;
 110:./Libraries/CMSIS/DSP/Source/StatisticsFunctions/arm_power_q7.c **** 
 111:./Libraries/CMSIS/DSP/Source/StatisticsFunctions/arm_power_q7.c **** #else
 112:./Libraries/CMSIS/DSP/Source/StatisticsFunctions/arm_power_q7.c **** 
 113:./Libraries/CMSIS/DSP/Source/StatisticsFunctions/arm_power_q7.c ****   /* Initialize blkCnt with number of samples */
 114:./Libraries/CMSIS/DSP/Source/StatisticsFunctions/arm_power_q7.c ****   blkCnt = blockSize;
  49              		.loc 1 114 10
  50 0010 BB68     		ldr	r3, [r7, #8]
  51 0012 FB61     		str	r3, [r7, #28]
 115:./Libraries/CMSIS/DSP/Source/StatisticsFunctions/arm_power_q7.c **** 
 116:./Libraries/CMSIS/DSP/Source/StatisticsFunctions/arm_power_q7.c **** #endif /* #if defined (ARM_MATH_LOOPUNROLL) */
 117:./Libraries/CMSIS/DSP/Source/StatisticsFunctions/arm_power_q7.c **** 
 118:./Libraries/CMSIS/DSP/Source/StatisticsFunctions/arm_power_q7.c ****   while (blkCnt > 0U)
  52              		.loc 1 118 9
  53 0014 10E0     		b	.L2
  54              	.L3:
ARM GAS  /tmp/ccxuodoY.s 			page 4


 119:./Libraries/CMSIS/DSP/Source/StatisticsFunctions/arm_power_q7.c ****   {
 120:./Libraries/CMSIS/DSP/Source/StatisticsFunctions/arm_power_q7.c ****     /* C = A[0] * A[0] + A[1] * A[1] + ... + A[blockSize-1] * A[blockSize-1] */
 121:./Libraries/CMSIS/DSP/Source/StatisticsFunctions/arm_power_q7.c **** 
 122:./Libraries/CMSIS/DSP/Source/StatisticsFunctions/arm_power_q7.c ****     /* Compute Power and store result in a temporary variable, sum. */
 123:./Libraries/CMSIS/DSP/Source/StatisticsFunctions/arm_power_q7.c ****     in = *pSrc++;
  55              		.loc 1 123 15
  56 0016 FB68     		ldr	r3, [r7, #12]
  57 0018 5A1C     		adds	r2, r3, #1
  58 001a FA60     		str	r2, [r7, #12]
  59              		.loc 1 123 8
  60 001c 1B78     		ldrb	r3, [r3]
  61 001e FB75     		strb	r3, [r7, #23]
 124:./Libraries/CMSIS/DSP/Source/StatisticsFunctions/arm_power_q7.c ****     sum += ((q15_t) in * in);
  62              		.loc 1 124 13
  63 0020 97F91730 		ldrsb	r3, [r7, #23]
  64              		.loc 1 124 24
  65 0024 97F91720 		ldrsb	r2, [r7, #23]
  66 0028 02FB03F3 		mul	r3, r2, r3
  67              		.loc 1 124 9
  68 002c BA69     		ldr	r2, [r7, #24]
  69 002e 1344     		add	r3, r3, r2
  70 0030 BB61     		str	r3, [r7, #24]
 125:./Libraries/CMSIS/DSP/Source/StatisticsFunctions/arm_power_q7.c **** 
 126:./Libraries/CMSIS/DSP/Source/StatisticsFunctions/arm_power_q7.c ****     /* Decrement loop counter */
 127:./Libraries/CMSIS/DSP/Source/StatisticsFunctions/arm_power_q7.c ****     blkCnt--;
  71              		.loc 1 127 11
  72 0032 FB69     		ldr	r3, [r7, #28]
  73 0034 013B     		subs	r3, r3, #1
  74 0036 FB61     		str	r3, [r7, #28]
  75              	.L2:
 118:./Libraries/CMSIS/DSP/Source/StatisticsFunctions/arm_power_q7.c ****   {
  76              		.loc 1 118 9
  77 0038 FB69     		ldr	r3, [r7, #28]
  78 003a 002B     		cmp	r3, #0
  79 003c EBD1     		bne	.L3
 128:./Libraries/CMSIS/DSP/Source/StatisticsFunctions/arm_power_q7.c ****   }
 129:./Libraries/CMSIS/DSP/Source/StatisticsFunctions/arm_power_q7.c **** 
 130:./Libraries/CMSIS/DSP/Source/StatisticsFunctions/arm_power_q7.c ****   /* Store result in 18.14 format */
 131:./Libraries/CMSIS/DSP/Source/StatisticsFunctions/arm_power_q7.c ****   *pResult = sum;
  80              		.loc 1 131 12
  81 003e 7B68     		ldr	r3, [r7, #4]
  82 0040 BA69     		ldr	r2, [r7, #24]
  83 0042 1A60     		str	r2, [r3]
 132:./Libraries/CMSIS/DSP/Source/StatisticsFunctions/arm_power_q7.c **** }
  84              		.loc 1 132 1
  85 0044 00BF     		nop
  86 0046 2437     		adds	r7, r7, #36
  87              	.LCFI3:
  88              		.cfi_def_cfa_offset 4
  89 0048 BD46     		mov	sp, r7
  90              	.LCFI4:
  91              		.cfi_def_cfa_register 13
  92              		@ sp needed
  93 004a 5DF8047B 		ldr	r7, [sp], #4
  94              	.LCFI5:
  95              		.cfi_restore 7
  96              		.cfi_def_cfa_offset 0
ARM GAS  /tmp/ccxuodoY.s 			page 5


  97 004e 7047     		bx	lr
  98              		.cfi_endproc
  99              	.LFE145:
 101              		.text
 102              	.Letext0:
 103              		.file 2 "/usr/lib/gcc/arm-none-eabi/9.2.1/include/stdint.h"
 104              		.file 3 "/usr/lib/gcc/arm-none-eabi/9.2.1/include/stddef.h"
 105              		.file 4 "/usr/include/newlib/sys/_types.h"
 106              		.file 5 "/usr/include/newlib/sys/reent.h"
 107              		.file 6 "/usr/include/newlib/sys/lock.h"
 108              		.file 7 "/usr/include/newlib/math.h"
 109              		.file 8 "./Libraries/CMSIS/DSP/Include/arm_math.h"
ARM GAS  /tmp/ccxuodoY.s 			page 6


DEFINED SYMBOLS
                            *ABS*:0000000000000000 arm_power_q7.c
     /tmp/ccxuodoY.s:17     .text.arm_power_q7:0000000000000000 $t
     /tmp/ccxuodoY.s:25     .text.arm_power_q7:0000000000000000 arm_power_q7

NO UNDEFINED SYMBOLS
