ARM GAS  /tmp/cc4KOBWv.s 			page 1


   1              		.cpu cortex-m7
   2              		.eabi_attribute 28, 1
   3              		.eabi_attribute 20, 1
   4              		.eabi_attribute 21, 1
   5              		.eabi_attribute 23, 3
   6              		.eabi_attribute 24, 1
   7              		.eabi_attribute 25, 1
   8              		.eabi_attribute 26, 1
   9              		.eabi_attribute 30, 6
  10              		.eabi_attribute 34, 1
  11              		.eabi_attribute 18, 4
  12              		.file	"arm_correlate_opt_q15.c"
  13              		.text
  14              	.Ltext0:
  15              		.cfi_sections	.debug_frame
  16              		.section	.text.arm_correlate_opt_q15,"ax",%progbits
  17              		.align	1
  18              		.global	arm_correlate_opt_q15
  19              		.arch armv7e-m
  20              		.syntax unified
  21              		.thumb
  22              		.thumb_func
  23              		.fpu fpv5-d16
  25              	arm_correlate_opt_q15:
  26              	.LFB145:
  27              		.file 1 "./Libraries/CMSIS/DSP/Source/FilteringFunctions/arm_correlate_opt_q15.c"
   1:./Libraries/CMSIS/DSP/Source/FilteringFunctions/arm_correlate_opt_q15.c **** /* ----------------------------------------------------------------------
   2:./Libraries/CMSIS/DSP/Source/FilteringFunctions/arm_correlate_opt_q15.c ****  * Project:      CMSIS DSP Library
   3:./Libraries/CMSIS/DSP/Source/FilteringFunctions/arm_correlate_opt_q15.c ****  * Title:        arm_correlate_opt_q15.c
   4:./Libraries/CMSIS/DSP/Source/FilteringFunctions/arm_correlate_opt_q15.c ****  * Description:  Correlation of Q15 sequences
   5:./Libraries/CMSIS/DSP/Source/FilteringFunctions/arm_correlate_opt_q15.c ****  *
   6:./Libraries/CMSIS/DSP/Source/FilteringFunctions/arm_correlate_opt_q15.c ****  * $Date:        18. March 2019
   7:./Libraries/CMSIS/DSP/Source/FilteringFunctions/arm_correlate_opt_q15.c ****  * $Revision:    V1.6.0
   8:./Libraries/CMSIS/DSP/Source/FilteringFunctions/arm_correlate_opt_q15.c ****  *
   9:./Libraries/CMSIS/DSP/Source/FilteringFunctions/arm_correlate_opt_q15.c ****  * Target Processor: Cortex-M cores
  10:./Libraries/CMSIS/DSP/Source/FilteringFunctions/arm_correlate_opt_q15.c ****  * -------------------------------------------------------------------- */
  11:./Libraries/CMSIS/DSP/Source/FilteringFunctions/arm_correlate_opt_q15.c **** /*
  12:./Libraries/CMSIS/DSP/Source/FilteringFunctions/arm_correlate_opt_q15.c ****  * Copyright (C) 2010-2019 ARM Limited or its affiliates. All rights reserved.
  13:./Libraries/CMSIS/DSP/Source/FilteringFunctions/arm_correlate_opt_q15.c ****  *
  14:./Libraries/CMSIS/DSP/Source/FilteringFunctions/arm_correlate_opt_q15.c ****  * SPDX-License-Identifier: Apache-2.0
  15:./Libraries/CMSIS/DSP/Source/FilteringFunctions/arm_correlate_opt_q15.c ****  *
  16:./Libraries/CMSIS/DSP/Source/FilteringFunctions/arm_correlate_opt_q15.c ****  * Licensed under the Apache License, Version 2.0 (the License); you may
  17:./Libraries/CMSIS/DSP/Source/FilteringFunctions/arm_correlate_opt_q15.c ****  * not use this file except in compliance with the License.
  18:./Libraries/CMSIS/DSP/Source/FilteringFunctions/arm_correlate_opt_q15.c ****  * You may obtain a copy of the License at
  19:./Libraries/CMSIS/DSP/Source/FilteringFunctions/arm_correlate_opt_q15.c ****  *
  20:./Libraries/CMSIS/DSP/Source/FilteringFunctions/arm_correlate_opt_q15.c ****  * www.apache.org/licenses/LICENSE-2.0
  21:./Libraries/CMSIS/DSP/Source/FilteringFunctions/arm_correlate_opt_q15.c ****  *
  22:./Libraries/CMSIS/DSP/Source/FilteringFunctions/arm_correlate_opt_q15.c ****  * Unless required by applicable law or agreed to in writing, software
  23:./Libraries/CMSIS/DSP/Source/FilteringFunctions/arm_correlate_opt_q15.c ****  * distributed under the License is distributed on an AS IS BASIS, WITHOUT
  24:./Libraries/CMSIS/DSP/Source/FilteringFunctions/arm_correlate_opt_q15.c ****  * WARRANTIES OR CONDITIONS OF ANY KIND, either express or implied.
  25:./Libraries/CMSIS/DSP/Source/FilteringFunctions/arm_correlate_opt_q15.c ****  * See the License for the specific language governing permissions and
  26:./Libraries/CMSIS/DSP/Source/FilteringFunctions/arm_correlate_opt_q15.c ****  * limitations under the License.
  27:./Libraries/CMSIS/DSP/Source/FilteringFunctions/arm_correlate_opt_q15.c ****  */
  28:./Libraries/CMSIS/DSP/Source/FilteringFunctions/arm_correlate_opt_q15.c **** 
  29:./Libraries/CMSIS/DSP/Source/FilteringFunctions/arm_correlate_opt_q15.c **** #include "arm_math.h"
  30:./Libraries/CMSIS/DSP/Source/FilteringFunctions/arm_correlate_opt_q15.c **** 
  31:./Libraries/CMSIS/DSP/Source/FilteringFunctions/arm_correlate_opt_q15.c **** /**
ARM GAS  /tmp/cc4KOBWv.s 			page 2


  32:./Libraries/CMSIS/DSP/Source/FilteringFunctions/arm_correlate_opt_q15.c ****   @ingroup groupFilters
  33:./Libraries/CMSIS/DSP/Source/FilteringFunctions/arm_correlate_opt_q15.c ****  */
  34:./Libraries/CMSIS/DSP/Source/FilteringFunctions/arm_correlate_opt_q15.c **** 
  35:./Libraries/CMSIS/DSP/Source/FilteringFunctions/arm_correlate_opt_q15.c **** /**
  36:./Libraries/CMSIS/DSP/Source/FilteringFunctions/arm_correlate_opt_q15.c ****   @addtogroup Corr
  37:./Libraries/CMSIS/DSP/Source/FilteringFunctions/arm_correlate_opt_q15.c ****   @{
  38:./Libraries/CMSIS/DSP/Source/FilteringFunctions/arm_correlate_opt_q15.c ****  */
  39:./Libraries/CMSIS/DSP/Source/FilteringFunctions/arm_correlate_opt_q15.c **** 
  40:./Libraries/CMSIS/DSP/Source/FilteringFunctions/arm_correlate_opt_q15.c **** /**
  41:./Libraries/CMSIS/DSP/Source/FilteringFunctions/arm_correlate_opt_q15.c ****   @brief         Correlation of Q15 sequences.
  42:./Libraries/CMSIS/DSP/Source/FilteringFunctions/arm_correlate_opt_q15.c ****   @param[in]     pSrcA      points to the first input sequence
  43:./Libraries/CMSIS/DSP/Source/FilteringFunctions/arm_correlate_opt_q15.c ****   @param[in]     srcALen    length of the first input sequence
  44:./Libraries/CMSIS/DSP/Source/FilteringFunctions/arm_correlate_opt_q15.c ****   @param[in]     pSrcB      points to the second input sequence
  45:./Libraries/CMSIS/DSP/Source/FilteringFunctions/arm_correlate_opt_q15.c ****   @param[in]     srcBLen    length of the second input sequence
  46:./Libraries/CMSIS/DSP/Source/FilteringFunctions/arm_correlate_opt_q15.c ****   @param[out]    pDst       points to the location where the output result is written.  Length 2 * 
  47:./Libraries/CMSIS/DSP/Source/FilteringFunctions/arm_correlate_opt_q15.c ****   @param[in]     pScratch   points to scratch buffer of size max(srcALen, srcBLen) + 2*min(srcALen,
  48:./Libraries/CMSIS/DSP/Source/FilteringFunctions/arm_correlate_opt_q15.c ****   @return        none
  49:./Libraries/CMSIS/DSP/Source/FilteringFunctions/arm_correlate_opt_q15.c **** 
  50:./Libraries/CMSIS/DSP/Source/FilteringFunctions/arm_correlate_opt_q15.c ****   @par           Scaling and Overflow Behavior
  51:./Libraries/CMSIS/DSP/Source/FilteringFunctions/arm_correlate_opt_q15.c ****                    The function is implemented using a 64-bit internal accumulator.
  52:./Libraries/CMSIS/DSP/Source/FilteringFunctions/arm_correlate_opt_q15.c ****                    Both inputs are in 1.15 format and multiplications yield a 2.30 result.
  53:./Libraries/CMSIS/DSP/Source/FilteringFunctions/arm_correlate_opt_q15.c ****                    The 2.30 intermediate results are accumulated in a 64-bit accumulator in 34.30 f
  54:./Libraries/CMSIS/DSP/Source/FilteringFunctions/arm_correlate_opt_q15.c ****                    This approach provides 33 guard bits and there is no risk of overflow.
  55:./Libraries/CMSIS/DSP/Source/FilteringFunctions/arm_correlate_opt_q15.c ****                    The 34.30 result is then truncated to 34.15 format by discarding the low 15 bits
  56:./Libraries/CMSIS/DSP/Source/FilteringFunctions/arm_correlate_opt_q15.c **** 
  57:./Libraries/CMSIS/DSP/Source/FilteringFunctions/arm_correlate_opt_q15.c ****  @remark
  58:./Libraries/CMSIS/DSP/Source/FilteringFunctions/arm_correlate_opt_q15.c ****                    Refer to \ref arm_correlate_fast_q15() for a faster but less precise version of 
  59:./Libraries/CMSIS/DSP/Source/FilteringFunctions/arm_correlate_opt_q15.c ****  */
  60:./Libraries/CMSIS/DSP/Source/FilteringFunctions/arm_correlate_opt_q15.c **** 
  61:./Libraries/CMSIS/DSP/Source/FilteringFunctions/arm_correlate_opt_q15.c **** void arm_correlate_opt_q15(
  62:./Libraries/CMSIS/DSP/Source/FilteringFunctions/arm_correlate_opt_q15.c ****   const q15_t * pSrcA,
  63:./Libraries/CMSIS/DSP/Source/FilteringFunctions/arm_correlate_opt_q15.c ****         uint32_t srcALen,
  64:./Libraries/CMSIS/DSP/Source/FilteringFunctions/arm_correlate_opt_q15.c ****   const q15_t * pSrcB,
  65:./Libraries/CMSIS/DSP/Source/FilteringFunctions/arm_correlate_opt_q15.c ****         uint32_t srcBLen,
  66:./Libraries/CMSIS/DSP/Source/FilteringFunctions/arm_correlate_opt_q15.c ****         q15_t * pDst,
  67:./Libraries/CMSIS/DSP/Source/FilteringFunctions/arm_correlate_opt_q15.c ****         q15_t * pScratch)
  68:./Libraries/CMSIS/DSP/Source/FilteringFunctions/arm_correlate_opt_q15.c **** {
  28              		.loc 1 68 1
  29              		.cfi_startproc
  30              		@ args = 8, pretend = 0, frame = 72
  31              		@ frame_needed = 1, uses_anonymous_args = 0
  32 0000 2DE9B04F 		push	{r4, r5, r7, r8, r9, r10, fp, lr}
  33              	.LCFI0:
  34              		.cfi_def_cfa_offset 32
  35              		.cfi_offset 4, -32
  36              		.cfi_offset 5, -28
  37              		.cfi_offset 7, -24
  38              		.cfi_offset 8, -20
  39              		.cfi_offset 9, -16
  40              		.cfi_offset 10, -12
  41              		.cfi_offset 11, -8
  42              		.cfi_offset 14, -4
  43 0004 92B0     		sub	sp, sp, #72
  44              	.LCFI1:
  45              		.cfi_def_cfa_offset 104
  46 0006 00AF     		add	r7, sp, #0
  47              	.LCFI2:
ARM GAS  /tmp/cc4KOBWv.s 			page 3


  48              		.cfi_def_cfa_register 7
  49 0008 F860     		str	r0, [r7, #12]
  50 000a B960     		str	r1, [r7, #8]
  51 000c 7A60     		str	r2, [r7, #4]
  52 000e 3B60     		str	r3, [r7]
  69:./Libraries/CMSIS/DSP/Source/FilteringFunctions/arm_correlate_opt_q15.c ****         q63_t acc0;                                    /* Accumulators */
  70:./Libraries/CMSIS/DSP/Source/FilteringFunctions/arm_correlate_opt_q15.c ****         q15_t *pOut = pDst;                            /* Output pointer */
  53              		.loc 1 70 16
  54 0010 BB6E     		ldr	r3, [r7, #104]
  55 0012 FB63     		str	r3, [r7, #60]
  71:./Libraries/CMSIS/DSP/Source/FilteringFunctions/arm_correlate_opt_q15.c ****         q15_t *pScr1;                                  /* Temporary pointer for scratch1 */
  72:./Libraries/CMSIS/DSP/Source/FilteringFunctions/arm_correlate_opt_q15.c ****   const q15_t *pIn1;                                   /* InputA pointer */
  73:./Libraries/CMSIS/DSP/Source/FilteringFunctions/arm_correlate_opt_q15.c ****   const q15_t *pIn2;                                   /* InputB pointer */
  74:./Libraries/CMSIS/DSP/Source/FilteringFunctions/arm_correlate_opt_q15.c ****   const q15_t *py;                                     /* Intermediate inputB pointer */
  75:./Libraries/CMSIS/DSP/Source/FilteringFunctions/arm_correlate_opt_q15.c ****         uint32_t j, blkCnt, outBlockSize;              /* Loop counter */
  76:./Libraries/CMSIS/DSP/Source/FilteringFunctions/arm_correlate_opt_q15.c ****         int32_t inc = 1;                               /* Output pointer increment */
  56              		.loc 1 76 17
  57 0014 0123     		movs	r3, #1
  58 0016 BB62     		str	r3, [r7, #40]
  77:./Libraries/CMSIS/DSP/Source/FilteringFunctions/arm_correlate_opt_q15.c ****         uint32_t tapCnt;
  78:./Libraries/CMSIS/DSP/Source/FilteringFunctions/arm_correlate_opt_q15.c **** 
  79:./Libraries/CMSIS/DSP/Source/FilteringFunctions/arm_correlate_opt_q15.c **** #if defined (ARM_MATH_LOOPUNROLL)
  80:./Libraries/CMSIS/DSP/Source/FilteringFunctions/arm_correlate_opt_q15.c ****         q63_t acc1, acc2, acc3;                        /* Accumulators */
  81:./Libraries/CMSIS/DSP/Source/FilteringFunctions/arm_correlate_opt_q15.c ****         q31_t x1, x2, x3;                              /* Temporary variables for holding input1 an
  82:./Libraries/CMSIS/DSP/Source/FilteringFunctions/arm_correlate_opt_q15.c ****         q31_t y1, y2;                                  /* State variables */
  83:./Libraries/CMSIS/DSP/Source/FilteringFunctions/arm_correlate_opt_q15.c **** #endif
  84:./Libraries/CMSIS/DSP/Source/FilteringFunctions/arm_correlate_opt_q15.c **** 
  85:./Libraries/CMSIS/DSP/Source/FilteringFunctions/arm_correlate_opt_q15.c ****   /* The algorithm implementation is based on the lengths of the inputs. */
  86:./Libraries/CMSIS/DSP/Source/FilteringFunctions/arm_correlate_opt_q15.c ****   /* srcB is always made to slide across srcA. */
  87:./Libraries/CMSIS/DSP/Source/FilteringFunctions/arm_correlate_opt_q15.c ****   /* So srcBLen is always considered as shorter or equal to srcALen */
  88:./Libraries/CMSIS/DSP/Source/FilteringFunctions/arm_correlate_opt_q15.c ****   /* But CORR(x, y) is reverse of CORR(y, x) */
  89:./Libraries/CMSIS/DSP/Source/FilteringFunctions/arm_correlate_opt_q15.c ****   /* So, when srcBLen > srcALen, output pointer is made to point to the end of the output buffer */
  90:./Libraries/CMSIS/DSP/Source/FilteringFunctions/arm_correlate_opt_q15.c ****   /* and the destination pointer modifier, inc is set to -1 */
  91:./Libraries/CMSIS/DSP/Source/FilteringFunctions/arm_correlate_opt_q15.c ****   /* If srcALen > srcBLen, zero pad has to be done to srcB to make the two inputs of same length */
  92:./Libraries/CMSIS/DSP/Source/FilteringFunctions/arm_correlate_opt_q15.c ****   /* But to improve the performance,
  93:./Libraries/CMSIS/DSP/Source/FilteringFunctions/arm_correlate_opt_q15.c ****    * we include zeroes in the output instead of zero padding either of the the inputs*/
  94:./Libraries/CMSIS/DSP/Source/FilteringFunctions/arm_correlate_opt_q15.c ****   /* If srcALen > srcBLen,
  95:./Libraries/CMSIS/DSP/Source/FilteringFunctions/arm_correlate_opt_q15.c ****    * (srcALen - srcBLen) zeroes has to included in the starting of the output buffer */
  96:./Libraries/CMSIS/DSP/Source/FilteringFunctions/arm_correlate_opt_q15.c ****   /* If srcALen < srcBLen,
  97:./Libraries/CMSIS/DSP/Source/FilteringFunctions/arm_correlate_opt_q15.c ****    * (srcALen - srcBLen) zeroes has to included in the ending of the output buffer */
  98:./Libraries/CMSIS/DSP/Source/FilteringFunctions/arm_correlate_opt_q15.c ****   if (srcALen >= srcBLen)
  59              		.loc 1 98 6
  60 0018 BA68     		ldr	r2, [r7, #8]
  61 001a 3B68     		ldr	r3, [r7]
  62 001c 9A42     		cmp	r2, r3
  63 001e 14D3     		bcc	.L2
  99:./Libraries/CMSIS/DSP/Source/FilteringFunctions/arm_correlate_opt_q15.c ****   {
 100:./Libraries/CMSIS/DSP/Source/FilteringFunctions/arm_correlate_opt_q15.c ****     /* Initialization of inputA pointer */
 101:./Libraries/CMSIS/DSP/Source/FilteringFunctions/arm_correlate_opt_q15.c ****     pIn1 = pSrcA;
  64              		.loc 1 101 10
  65 0020 FB68     		ldr	r3, [r7, #12]
  66 0022 7B63     		str	r3, [r7, #52]
 102:./Libraries/CMSIS/DSP/Source/FilteringFunctions/arm_correlate_opt_q15.c **** 
 103:./Libraries/CMSIS/DSP/Source/FilteringFunctions/arm_correlate_opt_q15.c ****     /* Initialization of inputB pointer */
 104:./Libraries/CMSIS/DSP/Source/FilteringFunctions/arm_correlate_opt_q15.c ****     pIn2 = pSrcB;
  67              		.loc 1 104 10
  68 0024 7B68     		ldr	r3, [r7, #4]
ARM GAS  /tmp/cc4KOBWv.s 			page 4


  69 0026 3B63     		str	r3, [r7, #48]
 105:./Libraries/CMSIS/DSP/Source/FilteringFunctions/arm_correlate_opt_q15.c **** 
 106:./Libraries/CMSIS/DSP/Source/FilteringFunctions/arm_correlate_opt_q15.c ****     /* Number of output samples is calculated */
 107:./Libraries/CMSIS/DSP/Source/FilteringFunctions/arm_correlate_opt_q15.c ****     outBlockSize = (srcALen * 2U) - 1U;
  70              		.loc 1 107 29
  71 0028 BB68     		ldr	r3, [r7, #8]
  72 002a 5B00     		lsls	r3, r3, #1
  73              		.loc 1 107 18
  74 002c 013B     		subs	r3, r3, #1
  75 002e FB61     		str	r3, [r7, #28]
 108:./Libraries/CMSIS/DSP/Source/FilteringFunctions/arm_correlate_opt_q15.c **** 
 109:./Libraries/CMSIS/DSP/Source/FilteringFunctions/arm_correlate_opt_q15.c ****     /* When srcALen > srcBLen, zero padding is done to srcB
 110:./Libraries/CMSIS/DSP/Source/FilteringFunctions/arm_correlate_opt_q15.c ****      * to make their lengths equal.
 111:./Libraries/CMSIS/DSP/Source/FilteringFunctions/arm_correlate_opt_q15.c ****      * Instead, (outBlockSize - (srcALen + srcBLen - 1))
 112:./Libraries/CMSIS/DSP/Source/FilteringFunctions/arm_correlate_opt_q15.c ****      * number of output samples are made zero */
 113:./Libraries/CMSIS/DSP/Source/FilteringFunctions/arm_correlate_opt_q15.c ****     j = outBlockSize - (srcALen + (srcBLen - 1U));
  76              		.loc 1 113 33
  77 0030 3A68     		ldr	r2, [r7]
  78 0032 BB68     		ldr	r3, [r7, #8]
  79 0034 1344     		add	r3, r3, r2
  80              		.loc 1 113 22
  81 0036 FA69     		ldr	r2, [r7, #28]
  82 0038 D31A     		subs	r3, r2, r3
  83              		.loc 1 113 7
  84 003a 0133     		adds	r3, r3, #1
  85 003c 3B62     		str	r3, [r7, #32]
 114:./Libraries/CMSIS/DSP/Source/FilteringFunctions/arm_correlate_opt_q15.c **** 
 115:./Libraries/CMSIS/DSP/Source/FilteringFunctions/arm_correlate_opt_q15.c ****     /* Updating the pointer position to non zero value */
 116:./Libraries/CMSIS/DSP/Source/FilteringFunctions/arm_correlate_opt_q15.c ****     pOut += j;
  86              		.loc 1 116 10
  87 003e 3B6A     		ldr	r3, [r7, #32]
  88 0040 5B00     		lsls	r3, r3, #1
  89 0042 FA6B     		ldr	r2, [r7, #60]
  90 0044 1344     		add	r3, r3, r2
  91 0046 FB63     		str	r3, [r7, #60]
  92 0048 15E0     		b	.L3
  93              	.L2:
 117:./Libraries/CMSIS/DSP/Source/FilteringFunctions/arm_correlate_opt_q15.c ****   }
 118:./Libraries/CMSIS/DSP/Source/FilteringFunctions/arm_correlate_opt_q15.c ****   else
 119:./Libraries/CMSIS/DSP/Source/FilteringFunctions/arm_correlate_opt_q15.c ****   {
 120:./Libraries/CMSIS/DSP/Source/FilteringFunctions/arm_correlate_opt_q15.c ****     /* Initialization of inputA pointer */
 121:./Libraries/CMSIS/DSP/Source/FilteringFunctions/arm_correlate_opt_q15.c ****     pIn1 = pSrcB;
  94              		.loc 1 121 10
  95 004a 7B68     		ldr	r3, [r7, #4]
  96 004c 7B63     		str	r3, [r7, #52]
 122:./Libraries/CMSIS/DSP/Source/FilteringFunctions/arm_correlate_opt_q15.c **** 
 123:./Libraries/CMSIS/DSP/Source/FilteringFunctions/arm_correlate_opt_q15.c ****     /* Initialization of inputB pointer */
 124:./Libraries/CMSIS/DSP/Source/FilteringFunctions/arm_correlate_opt_q15.c ****     pIn2 = pSrcA;
  97              		.loc 1 124 10
  98 004e FB68     		ldr	r3, [r7, #12]
  99 0050 3B63     		str	r3, [r7, #48]
 125:./Libraries/CMSIS/DSP/Source/FilteringFunctions/arm_correlate_opt_q15.c **** 
 126:./Libraries/CMSIS/DSP/Source/FilteringFunctions/arm_correlate_opt_q15.c ****     /* srcBLen is always considered as shorter or equal to srcALen */
 127:./Libraries/CMSIS/DSP/Source/FilteringFunctions/arm_correlate_opt_q15.c ****     j = srcBLen;
 100              		.loc 1 127 7
 101 0052 3B68     		ldr	r3, [r7]
 102 0054 3B62     		str	r3, [r7, #32]
ARM GAS  /tmp/cc4KOBWv.s 			page 5


 128:./Libraries/CMSIS/DSP/Source/FilteringFunctions/arm_correlate_opt_q15.c ****     srcBLen = srcALen;
 103              		.loc 1 128 13
 104 0056 BB68     		ldr	r3, [r7, #8]
 105 0058 3B60     		str	r3, [r7]
 129:./Libraries/CMSIS/DSP/Source/FilteringFunctions/arm_correlate_opt_q15.c ****     srcALen = j;
 106              		.loc 1 129 13
 107 005a 3B6A     		ldr	r3, [r7, #32]
 108 005c BB60     		str	r3, [r7, #8]
 130:./Libraries/CMSIS/DSP/Source/FilteringFunctions/arm_correlate_opt_q15.c **** 
 131:./Libraries/CMSIS/DSP/Source/FilteringFunctions/arm_correlate_opt_q15.c ****     /* CORR(x, y) = Reverse order(CORR(y, x)) */
 132:./Libraries/CMSIS/DSP/Source/FilteringFunctions/arm_correlate_opt_q15.c ****     /* Hence set the destination pointer to point to the last output sample */
 133:./Libraries/CMSIS/DSP/Source/FilteringFunctions/arm_correlate_opt_q15.c ****     pOut = pDst + ((srcALen + srcBLen) - 2U);
 109              		.loc 1 133 29
 110 005e BA68     		ldr	r2, [r7, #8]
 111 0060 3B68     		ldr	r3, [r7]
 112 0062 1A44     		add	r2, r2, r3
 113              		.loc 1 133 17
 114 0064 644B     		ldr	r3, .L10
 115 0066 1344     		add	r3, r3, r2
 116 0068 5B00     		lsls	r3, r3, #1
 117              		.loc 1 133 10
 118 006a BA6E     		ldr	r2, [r7, #104]
 119 006c 1344     		add	r3, r3, r2
 120 006e FB63     		str	r3, [r7, #60]
 134:./Libraries/CMSIS/DSP/Source/FilteringFunctions/arm_correlate_opt_q15.c **** 
 135:./Libraries/CMSIS/DSP/Source/FilteringFunctions/arm_correlate_opt_q15.c ****     /* Destination address modifier is set to -1 */
 136:./Libraries/CMSIS/DSP/Source/FilteringFunctions/arm_correlate_opt_q15.c ****     inc = -1;
 121              		.loc 1 136 9
 122 0070 4FF0FF33 		mov	r3, #-1
 123 0074 BB62     		str	r3, [r7, #40]
 124              	.L3:
 137:./Libraries/CMSIS/DSP/Source/FilteringFunctions/arm_correlate_opt_q15.c ****   }
 138:./Libraries/CMSIS/DSP/Source/FilteringFunctions/arm_correlate_opt_q15.c **** 
 139:./Libraries/CMSIS/DSP/Source/FilteringFunctions/arm_correlate_opt_q15.c ****   pScr1 = pScratch;
 125              		.loc 1 139 9
 126 0076 FB6E     		ldr	r3, [r7, #108]
 127 0078 BB63     		str	r3, [r7, #56]
 140:./Libraries/CMSIS/DSP/Source/FilteringFunctions/arm_correlate_opt_q15.c **** 
 141:./Libraries/CMSIS/DSP/Source/FilteringFunctions/arm_correlate_opt_q15.c ****   /* Fill (srcBLen - 1U) zeros in scratch buffer */
 142:./Libraries/CMSIS/DSP/Source/FilteringFunctions/arm_correlate_opt_q15.c ****   arm_fill_q15(0, pScr1, (srcBLen - 1U));
 128              		.loc 1 142 3
 129 007a 3B68     		ldr	r3, [r7]
 130 007c 013B     		subs	r3, r3, #1
 131 007e 1A46     		mov	r2, r3
 132 0080 B96B     		ldr	r1, [r7, #56]
 133 0082 0020     		movs	r0, #0
 134 0084 FFF7FEFF 		bl	arm_fill_q15
 143:./Libraries/CMSIS/DSP/Source/FilteringFunctions/arm_correlate_opt_q15.c **** 
 144:./Libraries/CMSIS/DSP/Source/FilteringFunctions/arm_correlate_opt_q15.c ****   /* Update temporary scratch pointer */
 145:./Libraries/CMSIS/DSP/Source/FilteringFunctions/arm_correlate_opt_q15.c ****   pScr1 += (srcBLen - 1U);
 135              		.loc 1 145 9
 136 0088 3A68     		ldr	r2, [r7]
 137 008a 6FF00043 		mvn	r3, #-2147483648
 138 008e 1344     		add	r3, r3, r2
 139 0090 5B00     		lsls	r3, r3, #1
 140 0092 BA6B     		ldr	r2, [r7, #56]
 141 0094 1344     		add	r3, r3, r2
ARM GAS  /tmp/cc4KOBWv.s 			page 6


 142 0096 BB63     		str	r3, [r7, #56]
 146:./Libraries/CMSIS/DSP/Source/FilteringFunctions/arm_correlate_opt_q15.c **** 
 147:./Libraries/CMSIS/DSP/Source/FilteringFunctions/arm_correlate_opt_q15.c ****   /* Copy (srcALen) samples in scratch buffer */
 148:./Libraries/CMSIS/DSP/Source/FilteringFunctions/arm_correlate_opt_q15.c ****   arm_copy_q15(pIn1, pScr1, srcALen);
 143              		.loc 1 148 3
 144 0098 BA68     		ldr	r2, [r7, #8]
 145 009a B96B     		ldr	r1, [r7, #56]
 146 009c 786B     		ldr	r0, [r7, #52]
 147 009e FFF7FEFF 		bl	arm_copy_q15
 149:./Libraries/CMSIS/DSP/Source/FilteringFunctions/arm_correlate_opt_q15.c **** 
 150:./Libraries/CMSIS/DSP/Source/FilteringFunctions/arm_correlate_opt_q15.c ****   /* Update pointers */
 151:./Libraries/CMSIS/DSP/Source/FilteringFunctions/arm_correlate_opt_q15.c ****   pScr1 += srcALen;
 148              		.loc 1 151 9
 149 00a2 BB68     		ldr	r3, [r7, #8]
 150 00a4 5B00     		lsls	r3, r3, #1
 151 00a6 BA6B     		ldr	r2, [r7, #56]
 152 00a8 1344     		add	r3, r3, r2
 153 00aa BB63     		str	r3, [r7, #56]
 152:./Libraries/CMSIS/DSP/Source/FilteringFunctions/arm_correlate_opt_q15.c **** 
 153:./Libraries/CMSIS/DSP/Source/FilteringFunctions/arm_correlate_opt_q15.c **** 
 154:./Libraries/CMSIS/DSP/Source/FilteringFunctions/arm_correlate_opt_q15.c ****   /* Fill (srcBLen - 1U) zeros at end of scratch buffer */
 155:./Libraries/CMSIS/DSP/Source/FilteringFunctions/arm_correlate_opt_q15.c ****   arm_fill_q15(0, pScr1, (srcBLen - 1U));
 154              		.loc 1 155 3
 155 00ac 3B68     		ldr	r3, [r7]
 156 00ae 013B     		subs	r3, r3, #1
 157 00b0 1A46     		mov	r2, r3
 158 00b2 B96B     		ldr	r1, [r7, #56]
 159 00b4 0020     		movs	r0, #0
 160 00b6 FFF7FEFF 		bl	arm_fill_q15
 156:./Libraries/CMSIS/DSP/Source/FilteringFunctions/arm_correlate_opt_q15.c **** 
 157:./Libraries/CMSIS/DSP/Source/FilteringFunctions/arm_correlate_opt_q15.c ****   /* Update pointer */
 158:./Libraries/CMSIS/DSP/Source/FilteringFunctions/arm_correlate_opt_q15.c ****   pScr1 += (srcBLen - 1U);
 161              		.loc 1 158 9
 162 00ba 3A68     		ldr	r2, [r7]
 163 00bc 6FF00043 		mvn	r3, #-2147483648
 164 00c0 1344     		add	r3, r3, r2
 165 00c2 5B00     		lsls	r3, r3, #1
 166 00c4 BA6B     		ldr	r2, [r7, #56]
 167 00c6 1344     		add	r3, r3, r2
 168 00c8 BB63     		str	r3, [r7, #56]
 159:./Libraries/CMSIS/DSP/Source/FilteringFunctions/arm_correlate_opt_q15.c **** 
 160:./Libraries/CMSIS/DSP/Source/FilteringFunctions/arm_correlate_opt_q15.c ****   /* Temporary pointer for scratch2 */
 161:./Libraries/CMSIS/DSP/Source/FilteringFunctions/arm_correlate_opt_q15.c ****   py = pIn2;
 169              		.loc 1 161 6
 170 00ca 3B6B     		ldr	r3, [r7, #48]
 171 00cc BB61     		str	r3, [r7, #24]
 162:./Libraries/CMSIS/DSP/Source/FilteringFunctions/arm_correlate_opt_q15.c **** 
 163:./Libraries/CMSIS/DSP/Source/FilteringFunctions/arm_correlate_opt_q15.c **** 
 164:./Libraries/CMSIS/DSP/Source/FilteringFunctions/arm_correlate_opt_q15.c ****   /* Actual correlation process starts here */
 165:./Libraries/CMSIS/DSP/Source/FilteringFunctions/arm_correlate_opt_q15.c **** #if defined (ARM_MATH_LOOPUNROLL)
 166:./Libraries/CMSIS/DSP/Source/FilteringFunctions/arm_correlate_opt_q15.c **** 
 167:./Libraries/CMSIS/DSP/Source/FilteringFunctions/arm_correlate_opt_q15.c ****   /* Loop unrolling: Compute 4 outputs at a time */
 168:./Libraries/CMSIS/DSP/Source/FilteringFunctions/arm_correlate_opt_q15.c ****   blkCnt = (srcALen + srcBLen - 1U) >> 2;
 169:./Libraries/CMSIS/DSP/Source/FilteringFunctions/arm_correlate_opt_q15.c **** 
 170:./Libraries/CMSIS/DSP/Source/FilteringFunctions/arm_correlate_opt_q15.c ****   while (blkCnt > 0)
 171:./Libraries/CMSIS/DSP/Source/FilteringFunctions/arm_correlate_opt_q15.c ****   {
 172:./Libraries/CMSIS/DSP/Source/FilteringFunctions/arm_correlate_opt_q15.c ****     /* Initialze temporary scratch pointer as scratch1 */
ARM GAS  /tmp/cc4KOBWv.s 			page 7


 173:./Libraries/CMSIS/DSP/Source/FilteringFunctions/arm_correlate_opt_q15.c ****     pScr1 = pScratch;
 174:./Libraries/CMSIS/DSP/Source/FilteringFunctions/arm_correlate_opt_q15.c **** 
 175:./Libraries/CMSIS/DSP/Source/FilteringFunctions/arm_correlate_opt_q15.c ****     /* Clear Accumlators */
 176:./Libraries/CMSIS/DSP/Source/FilteringFunctions/arm_correlate_opt_q15.c ****     acc0 = 0;
 177:./Libraries/CMSIS/DSP/Source/FilteringFunctions/arm_correlate_opt_q15.c ****     acc1 = 0;
 178:./Libraries/CMSIS/DSP/Source/FilteringFunctions/arm_correlate_opt_q15.c ****     acc2 = 0;
 179:./Libraries/CMSIS/DSP/Source/FilteringFunctions/arm_correlate_opt_q15.c ****     acc3 = 0;
 180:./Libraries/CMSIS/DSP/Source/FilteringFunctions/arm_correlate_opt_q15.c **** 
 181:./Libraries/CMSIS/DSP/Source/FilteringFunctions/arm_correlate_opt_q15.c ****     /* Read two samples from scratch1 buffer */
 182:./Libraries/CMSIS/DSP/Source/FilteringFunctions/arm_correlate_opt_q15.c ****     x1 = read_q15x2_ia (&pScr1);
 183:./Libraries/CMSIS/DSP/Source/FilteringFunctions/arm_correlate_opt_q15.c **** 
 184:./Libraries/CMSIS/DSP/Source/FilteringFunctions/arm_correlate_opt_q15.c ****     /* Read next two samples from scratch1 buffer */
 185:./Libraries/CMSIS/DSP/Source/FilteringFunctions/arm_correlate_opt_q15.c ****     x2 = read_q15x2_ia (&pScr1);
 186:./Libraries/CMSIS/DSP/Source/FilteringFunctions/arm_correlate_opt_q15.c **** 
 187:./Libraries/CMSIS/DSP/Source/FilteringFunctions/arm_correlate_opt_q15.c ****     tapCnt = (srcBLen) >> 2U;
 188:./Libraries/CMSIS/DSP/Source/FilteringFunctions/arm_correlate_opt_q15.c **** 
 189:./Libraries/CMSIS/DSP/Source/FilteringFunctions/arm_correlate_opt_q15.c ****     while (tapCnt > 0U)
 190:./Libraries/CMSIS/DSP/Source/FilteringFunctions/arm_correlate_opt_q15.c ****     {
 191:./Libraries/CMSIS/DSP/Source/FilteringFunctions/arm_correlate_opt_q15.c ****       /* Read four samples from smaller buffer */
 192:./Libraries/CMSIS/DSP/Source/FilteringFunctions/arm_correlate_opt_q15.c ****       y1 = read_q15x2_ia ((q15_t **) &pIn2);
 193:./Libraries/CMSIS/DSP/Source/FilteringFunctions/arm_correlate_opt_q15.c ****       y2 = read_q15x2_ia ((q15_t **) &pIn2);
 194:./Libraries/CMSIS/DSP/Source/FilteringFunctions/arm_correlate_opt_q15.c **** 
 195:./Libraries/CMSIS/DSP/Source/FilteringFunctions/arm_correlate_opt_q15.c ****       /* multiply and accumlate */
 196:./Libraries/CMSIS/DSP/Source/FilteringFunctions/arm_correlate_opt_q15.c ****       acc0 = __SMLALD(x1, y1, acc0);
 197:./Libraries/CMSIS/DSP/Source/FilteringFunctions/arm_correlate_opt_q15.c ****       acc2 = __SMLALD(x2, y1, acc2);
 198:./Libraries/CMSIS/DSP/Source/FilteringFunctions/arm_correlate_opt_q15.c **** 
 199:./Libraries/CMSIS/DSP/Source/FilteringFunctions/arm_correlate_opt_q15.c ****       /* pack input data */
 200:./Libraries/CMSIS/DSP/Source/FilteringFunctions/arm_correlate_opt_q15.c **** #ifndef ARM_MATH_BIG_ENDIAN
 201:./Libraries/CMSIS/DSP/Source/FilteringFunctions/arm_correlate_opt_q15.c ****       x3 = __PKHBT(x2, x1, 0);
 202:./Libraries/CMSIS/DSP/Source/FilteringFunctions/arm_correlate_opt_q15.c **** #else
 203:./Libraries/CMSIS/DSP/Source/FilteringFunctions/arm_correlate_opt_q15.c ****       x3 = __PKHBT(x1, x2, 0);
 204:./Libraries/CMSIS/DSP/Source/FilteringFunctions/arm_correlate_opt_q15.c **** #endif
 205:./Libraries/CMSIS/DSP/Source/FilteringFunctions/arm_correlate_opt_q15.c **** 
 206:./Libraries/CMSIS/DSP/Source/FilteringFunctions/arm_correlate_opt_q15.c ****       /* multiply and accumlate */
 207:./Libraries/CMSIS/DSP/Source/FilteringFunctions/arm_correlate_opt_q15.c ****       acc1 = __SMLALDX(x3, y1, acc1);
 208:./Libraries/CMSIS/DSP/Source/FilteringFunctions/arm_correlate_opt_q15.c **** 
 209:./Libraries/CMSIS/DSP/Source/FilteringFunctions/arm_correlate_opt_q15.c ****       /* Read next two samples from scratch1 buffer */
 210:./Libraries/CMSIS/DSP/Source/FilteringFunctions/arm_correlate_opt_q15.c ****       x1 = read_q15x2_ia (&pScr1);
 211:./Libraries/CMSIS/DSP/Source/FilteringFunctions/arm_correlate_opt_q15.c **** 
 212:./Libraries/CMSIS/DSP/Source/FilteringFunctions/arm_correlate_opt_q15.c ****       /* multiply and accumlate */
 213:./Libraries/CMSIS/DSP/Source/FilteringFunctions/arm_correlate_opt_q15.c ****       acc0 = __SMLALD(x2, y2, acc0);
 214:./Libraries/CMSIS/DSP/Source/FilteringFunctions/arm_correlate_opt_q15.c ****       acc2 = __SMLALD(x1, y2, acc2);
 215:./Libraries/CMSIS/DSP/Source/FilteringFunctions/arm_correlate_opt_q15.c **** 
 216:./Libraries/CMSIS/DSP/Source/FilteringFunctions/arm_correlate_opt_q15.c ****       /* pack input data */
 217:./Libraries/CMSIS/DSP/Source/FilteringFunctions/arm_correlate_opt_q15.c **** #ifndef ARM_MATH_BIG_ENDIAN
 218:./Libraries/CMSIS/DSP/Source/FilteringFunctions/arm_correlate_opt_q15.c ****       x3 = __PKHBT(x1, x2, 0);
 219:./Libraries/CMSIS/DSP/Source/FilteringFunctions/arm_correlate_opt_q15.c **** #else
 220:./Libraries/CMSIS/DSP/Source/FilteringFunctions/arm_correlate_opt_q15.c ****       x3 = __PKHBT(x2, x1, 0);
 221:./Libraries/CMSIS/DSP/Source/FilteringFunctions/arm_correlate_opt_q15.c **** #endif
 222:./Libraries/CMSIS/DSP/Source/FilteringFunctions/arm_correlate_opt_q15.c **** 
 223:./Libraries/CMSIS/DSP/Source/FilteringFunctions/arm_correlate_opt_q15.c ****       acc3 = __SMLALDX(x3, y1, acc3);
 224:./Libraries/CMSIS/DSP/Source/FilteringFunctions/arm_correlate_opt_q15.c ****       acc1 = __SMLALDX(x3, y2, acc1);
 225:./Libraries/CMSIS/DSP/Source/FilteringFunctions/arm_correlate_opt_q15.c **** 
 226:./Libraries/CMSIS/DSP/Source/FilteringFunctions/arm_correlate_opt_q15.c ****       x2 = read_q15x2_ia (&pScr1);
 227:./Libraries/CMSIS/DSP/Source/FilteringFunctions/arm_correlate_opt_q15.c **** 
 228:./Libraries/CMSIS/DSP/Source/FilteringFunctions/arm_correlate_opt_q15.c **** #ifndef ARM_MATH_BIG_ENDIAN
 229:./Libraries/CMSIS/DSP/Source/FilteringFunctions/arm_correlate_opt_q15.c ****       x3 = __PKHBT(x2, x1, 0);
ARM GAS  /tmp/cc4KOBWv.s 			page 8


 230:./Libraries/CMSIS/DSP/Source/FilteringFunctions/arm_correlate_opt_q15.c **** #else
 231:./Libraries/CMSIS/DSP/Source/FilteringFunctions/arm_correlate_opt_q15.c ****       x3 = __PKHBT(x1, x2, 0);
 232:./Libraries/CMSIS/DSP/Source/FilteringFunctions/arm_correlate_opt_q15.c **** #endif
 233:./Libraries/CMSIS/DSP/Source/FilteringFunctions/arm_correlate_opt_q15.c **** 
 234:./Libraries/CMSIS/DSP/Source/FilteringFunctions/arm_correlate_opt_q15.c ****       acc3 = __SMLALDX(x3, y2, acc3);
 235:./Libraries/CMSIS/DSP/Source/FilteringFunctions/arm_correlate_opt_q15.c **** 
 236:./Libraries/CMSIS/DSP/Source/FilteringFunctions/arm_correlate_opt_q15.c ****       /* Decrement loop counter */
 237:./Libraries/CMSIS/DSP/Source/FilteringFunctions/arm_correlate_opt_q15.c ****       tapCnt--;
 238:./Libraries/CMSIS/DSP/Source/FilteringFunctions/arm_correlate_opt_q15.c ****     }
 239:./Libraries/CMSIS/DSP/Source/FilteringFunctions/arm_correlate_opt_q15.c **** 
 240:./Libraries/CMSIS/DSP/Source/FilteringFunctions/arm_correlate_opt_q15.c ****     /* Update scratch pointer for remaining samples of smaller length sequence */
 241:./Libraries/CMSIS/DSP/Source/FilteringFunctions/arm_correlate_opt_q15.c ****     pScr1 -= 4U;
 242:./Libraries/CMSIS/DSP/Source/FilteringFunctions/arm_correlate_opt_q15.c **** 
 243:./Libraries/CMSIS/DSP/Source/FilteringFunctions/arm_correlate_opt_q15.c ****     /* apply same above for remaining samples of smaller length sequence */
 244:./Libraries/CMSIS/DSP/Source/FilteringFunctions/arm_correlate_opt_q15.c ****     tapCnt = (srcBLen) & 3U;
 245:./Libraries/CMSIS/DSP/Source/FilteringFunctions/arm_correlate_opt_q15.c **** 
 246:./Libraries/CMSIS/DSP/Source/FilteringFunctions/arm_correlate_opt_q15.c ****     while (tapCnt > 0U)
 247:./Libraries/CMSIS/DSP/Source/FilteringFunctions/arm_correlate_opt_q15.c ****     {
 248:./Libraries/CMSIS/DSP/Source/FilteringFunctions/arm_correlate_opt_q15.c ****       /* accumlate the results */
 249:./Libraries/CMSIS/DSP/Source/FilteringFunctions/arm_correlate_opt_q15.c ****       acc0 += (*pScr1++ * *pIn2);
 250:./Libraries/CMSIS/DSP/Source/FilteringFunctions/arm_correlate_opt_q15.c ****       acc1 += (*pScr1++ * *pIn2);
 251:./Libraries/CMSIS/DSP/Source/FilteringFunctions/arm_correlate_opt_q15.c ****       acc2 += (*pScr1++ * *pIn2);
 252:./Libraries/CMSIS/DSP/Source/FilteringFunctions/arm_correlate_opt_q15.c ****       acc3 += (*pScr1++ * *pIn2++);
 253:./Libraries/CMSIS/DSP/Source/FilteringFunctions/arm_correlate_opt_q15.c **** 
 254:./Libraries/CMSIS/DSP/Source/FilteringFunctions/arm_correlate_opt_q15.c ****       pScr1 -= 3U;
 255:./Libraries/CMSIS/DSP/Source/FilteringFunctions/arm_correlate_opt_q15.c **** 
 256:./Libraries/CMSIS/DSP/Source/FilteringFunctions/arm_correlate_opt_q15.c ****       /* Decrement loop counter */
 257:./Libraries/CMSIS/DSP/Source/FilteringFunctions/arm_correlate_opt_q15.c ****       tapCnt--;
 258:./Libraries/CMSIS/DSP/Source/FilteringFunctions/arm_correlate_opt_q15.c ****     }
 259:./Libraries/CMSIS/DSP/Source/FilteringFunctions/arm_correlate_opt_q15.c **** 
 260:./Libraries/CMSIS/DSP/Source/FilteringFunctions/arm_correlate_opt_q15.c ****     blkCnt--;
 261:./Libraries/CMSIS/DSP/Source/FilteringFunctions/arm_correlate_opt_q15.c **** 
 262:./Libraries/CMSIS/DSP/Source/FilteringFunctions/arm_correlate_opt_q15.c **** 
 263:./Libraries/CMSIS/DSP/Source/FilteringFunctions/arm_correlate_opt_q15.c ****     /* Store the results in the accumulators in the destination buffer. */
 264:./Libraries/CMSIS/DSP/Source/FilteringFunctions/arm_correlate_opt_q15.c ****     *pOut = (__SSAT(acc0 >> 15U, 16));
 265:./Libraries/CMSIS/DSP/Source/FilteringFunctions/arm_correlate_opt_q15.c ****     pOut += inc;
 266:./Libraries/CMSIS/DSP/Source/FilteringFunctions/arm_correlate_opt_q15.c ****     *pOut = (__SSAT(acc1 >> 15U, 16));
 267:./Libraries/CMSIS/DSP/Source/FilteringFunctions/arm_correlate_opt_q15.c ****     pOut += inc;
 268:./Libraries/CMSIS/DSP/Source/FilteringFunctions/arm_correlate_opt_q15.c ****     *pOut = (__SSAT(acc2 >> 15U, 16));
 269:./Libraries/CMSIS/DSP/Source/FilteringFunctions/arm_correlate_opt_q15.c ****     pOut += inc;
 270:./Libraries/CMSIS/DSP/Source/FilteringFunctions/arm_correlate_opt_q15.c ****     *pOut = (__SSAT(acc3 >> 15U, 16));
 271:./Libraries/CMSIS/DSP/Source/FilteringFunctions/arm_correlate_opt_q15.c ****     pOut += inc;
 272:./Libraries/CMSIS/DSP/Source/FilteringFunctions/arm_correlate_opt_q15.c **** 
 273:./Libraries/CMSIS/DSP/Source/FilteringFunctions/arm_correlate_opt_q15.c ****     /* Initialization of inputB pointer */
 274:./Libraries/CMSIS/DSP/Source/FilteringFunctions/arm_correlate_opt_q15.c ****     pIn2 = py;
 275:./Libraries/CMSIS/DSP/Source/FilteringFunctions/arm_correlate_opt_q15.c **** 
 276:./Libraries/CMSIS/DSP/Source/FilteringFunctions/arm_correlate_opt_q15.c ****     pScratch += 4U;
 277:./Libraries/CMSIS/DSP/Source/FilteringFunctions/arm_correlate_opt_q15.c ****   }
 278:./Libraries/CMSIS/DSP/Source/FilteringFunctions/arm_correlate_opt_q15.c **** 
 279:./Libraries/CMSIS/DSP/Source/FilteringFunctions/arm_correlate_opt_q15.c **** 
 280:./Libraries/CMSIS/DSP/Source/FilteringFunctions/arm_correlate_opt_q15.c ****   /* Loop unrolling: Compute remaining outputs */
 281:./Libraries/CMSIS/DSP/Source/FilteringFunctions/arm_correlate_opt_q15.c ****   blkCnt = (srcALen + srcBLen - 1U) & 0x3;
 282:./Libraries/CMSIS/DSP/Source/FilteringFunctions/arm_correlate_opt_q15.c **** 
 283:./Libraries/CMSIS/DSP/Source/FilteringFunctions/arm_correlate_opt_q15.c **** #else
 284:./Libraries/CMSIS/DSP/Source/FilteringFunctions/arm_correlate_opt_q15.c **** 
 285:./Libraries/CMSIS/DSP/Source/FilteringFunctions/arm_correlate_opt_q15.c ****   /* Initialize blkCnt with number of samples */
 286:./Libraries/CMSIS/DSP/Source/FilteringFunctions/arm_correlate_opt_q15.c ****   blkCnt = (srcALen + srcBLen - 1U);
ARM GAS  /tmp/cc4KOBWv.s 			page 9


 172              		.loc 1 286 21
 173 00ce BA68     		ldr	r2, [r7, #8]
 174 00d0 3B68     		ldr	r3, [r7]
 175 00d2 1344     		add	r3, r3, r2
 176              		.loc 1 286 10
 177 00d4 013B     		subs	r3, r3, #1
 178 00d6 FB62     		str	r3, [r7, #44]
 287:./Libraries/CMSIS/DSP/Source/FilteringFunctions/arm_correlate_opt_q15.c **** 
 288:./Libraries/CMSIS/DSP/Source/FilteringFunctions/arm_correlate_opt_q15.c **** #endif /* #if defined (ARM_MATH_LOOPUNROLL) */
 289:./Libraries/CMSIS/DSP/Source/FilteringFunctions/arm_correlate_opt_q15.c **** 
 290:./Libraries/CMSIS/DSP/Source/FilteringFunctions/arm_correlate_opt_q15.c ****   /* Calculate correlation for remaining samples of Bigger length sequence */
 291:./Libraries/CMSIS/DSP/Source/FilteringFunctions/arm_correlate_opt_q15.c ****   while (blkCnt > 0)
 179              		.loc 1 291 9
 180 00d8 84E0     		b	.L4
 181              	.L9:
 292:./Libraries/CMSIS/DSP/Source/FilteringFunctions/arm_correlate_opt_q15.c ****   {
 293:./Libraries/CMSIS/DSP/Source/FilteringFunctions/arm_correlate_opt_q15.c ****     /* Initialze temporary scratch pointer as scratch1 */
 294:./Libraries/CMSIS/DSP/Source/FilteringFunctions/arm_correlate_opt_q15.c ****     pScr1 = pScratch;
 182              		.loc 1 294 11
 183 00da FB6E     		ldr	r3, [r7, #108]
 184 00dc BB63     		str	r3, [r7, #56]
 295:./Libraries/CMSIS/DSP/Source/FilteringFunctions/arm_correlate_opt_q15.c **** 
 296:./Libraries/CMSIS/DSP/Source/FilteringFunctions/arm_correlate_opt_q15.c ****     /* Clear Accumlators */
 297:./Libraries/CMSIS/DSP/Source/FilteringFunctions/arm_correlate_opt_q15.c ****     acc0 = 0;
 185              		.loc 1 297 10
 186 00de 4FF00002 		mov	r2, #0
 187 00e2 4FF00003 		mov	r3, #0
 188 00e6 C7E91023 		strd	r2, [r7, #64]
 298:./Libraries/CMSIS/DSP/Source/FilteringFunctions/arm_correlate_opt_q15.c **** 
 299:./Libraries/CMSIS/DSP/Source/FilteringFunctions/arm_correlate_opt_q15.c ****     tapCnt = (srcBLen) >> 1U;
 189              		.loc 1 299 12
 190 00ea 3B68     		ldr	r3, [r7]
 191 00ec 5B08     		lsrs	r3, r3, #1
 192 00ee 7B62     		str	r3, [r7, #36]
 300:./Libraries/CMSIS/DSP/Source/FilteringFunctions/arm_correlate_opt_q15.c **** 
 301:./Libraries/CMSIS/DSP/Source/FilteringFunctions/arm_correlate_opt_q15.c ****     while (tapCnt > 0U)
 193              		.loc 1 301 11
 194 00f0 31E0     		b	.L5
 195              	.L6:
 302:./Libraries/CMSIS/DSP/Source/FilteringFunctions/arm_correlate_opt_q15.c ****     {
 303:./Libraries/CMSIS/DSP/Source/FilteringFunctions/arm_correlate_opt_q15.c **** 
 304:./Libraries/CMSIS/DSP/Source/FilteringFunctions/arm_correlate_opt_q15.c ****       /* Read next two samples from scratch1 buffer */
 305:./Libraries/CMSIS/DSP/Source/FilteringFunctions/arm_correlate_opt_q15.c ****       acc0 += (*pScr1++ * *pIn2++);
 196              		.loc 1 305 22
 197 00f2 BB6B     		ldr	r3, [r7, #56]
 198 00f4 9A1C     		adds	r2, r3, #2
 199 00f6 BA63     		str	r2, [r7, #56]
 200              		.loc 1 305 16
 201 00f8 B3F90030 		ldrsh	r3, [r3]
 202 00fc 1946     		mov	r1, r3
 203              		.loc 1 305 32
 204 00fe 3B6B     		ldr	r3, [r7, #48]
 205 0100 9A1C     		adds	r2, r3, #2
 206 0102 3A63     		str	r2, [r7, #48]
 207              		.loc 1 305 27
 208 0104 B3F90030 		ldrsh	r3, [r3]
 209              		.loc 1 305 25
ARM GAS  /tmp/cc4KOBWv.s 			page 10


 210 0108 03FB01F3 		mul	r3, r3, r1
 211 010c 1A46     		mov	r2, r3
 212 010e 4FEAE273 		asr	r3, r2, #31
 213              		.loc 1 305 12
 214 0112 D7E91001 		ldrd	r0, [r7, #64]
 215 0116 8418     		adds	r4, r0, r2
 216 0118 41EB0305 		adc	r5, r1, r3
 217 011c C7E91045 		strd	r4, [r7, #64]
 306:./Libraries/CMSIS/DSP/Source/FilteringFunctions/arm_correlate_opt_q15.c ****       acc0 += (*pScr1++ * *pIn2++);
 218              		.loc 1 306 22
 219 0120 BB6B     		ldr	r3, [r7, #56]
 220 0122 9A1C     		adds	r2, r3, #2
 221 0124 BA63     		str	r2, [r7, #56]
 222              		.loc 1 306 16
 223 0126 B3F90030 		ldrsh	r3, [r3]
 224 012a 1946     		mov	r1, r3
 225              		.loc 1 306 32
 226 012c 3B6B     		ldr	r3, [r7, #48]
 227 012e 9A1C     		adds	r2, r3, #2
 228 0130 3A63     		str	r2, [r7, #48]
 229              		.loc 1 306 27
 230 0132 B3F90030 		ldrsh	r3, [r3]
 231              		.loc 1 306 25
 232 0136 03FB01F3 		mul	r3, r3, r1
 233 013a 1A46     		mov	r2, r3
 234 013c 4FEAE273 		asr	r3, r2, #31
 235              		.loc 1 306 12
 236 0140 D7E91001 		ldrd	r0, [r7, #64]
 237 0144 10EB0208 		adds	r8, r0, r2
 238 0148 41EB0309 		adc	r9, r1, r3
 239 014c C7E91089 		strd	r8, [r7, #64]
 307:./Libraries/CMSIS/DSP/Source/FilteringFunctions/arm_correlate_opt_q15.c **** 
 308:./Libraries/CMSIS/DSP/Source/FilteringFunctions/arm_correlate_opt_q15.c ****       /* Decrement loop counter */
 309:./Libraries/CMSIS/DSP/Source/FilteringFunctions/arm_correlate_opt_q15.c ****       tapCnt--;
 240              		.loc 1 309 13
 241 0150 7B6A     		ldr	r3, [r7, #36]
 242 0152 013B     		subs	r3, r3, #1
 243 0154 7B62     		str	r3, [r7, #36]
 244              	.L5:
 301:./Libraries/CMSIS/DSP/Source/FilteringFunctions/arm_correlate_opt_q15.c ****     {
 245              		.loc 1 301 11
 246 0156 7B6A     		ldr	r3, [r7, #36]
 247 0158 002B     		cmp	r3, #0
 248 015a CAD1     		bne	.L6
 310:./Libraries/CMSIS/DSP/Source/FilteringFunctions/arm_correlate_opt_q15.c ****     }
 311:./Libraries/CMSIS/DSP/Source/FilteringFunctions/arm_correlate_opt_q15.c **** 
 312:./Libraries/CMSIS/DSP/Source/FilteringFunctions/arm_correlate_opt_q15.c ****     tapCnt = (srcBLen) & 1U;
 249              		.loc 1 312 12
 250 015c 3B68     		ldr	r3, [r7]
 251 015e 03F00103 		and	r3, r3, #1
 252 0162 7B62     		str	r3, [r7, #36]
 313:./Libraries/CMSIS/DSP/Source/FilteringFunctions/arm_correlate_opt_q15.c **** 
 314:./Libraries/CMSIS/DSP/Source/FilteringFunctions/arm_correlate_opt_q15.c ****     /* apply same above for remaining samples of smaller length sequence */
 315:./Libraries/CMSIS/DSP/Source/FilteringFunctions/arm_correlate_opt_q15.c ****     while (tapCnt > 0U)
 253              		.loc 1 315 11
 254 0164 1AE0     		b	.L7
 255              	.L8:
ARM GAS  /tmp/cc4KOBWv.s 			page 11


 316:./Libraries/CMSIS/DSP/Source/FilteringFunctions/arm_correlate_opt_q15.c ****     {
 317:./Libraries/CMSIS/DSP/Source/FilteringFunctions/arm_correlate_opt_q15.c ****       /* accumlate the results */
 318:./Libraries/CMSIS/DSP/Source/FilteringFunctions/arm_correlate_opt_q15.c ****       acc0 += (*pScr1++ * *pIn2++);
 256              		.loc 1 318 22
 257 0166 BB6B     		ldr	r3, [r7, #56]
 258 0168 9A1C     		adds	r2, r3, #2
 259 016a BA63     		str	r2, [r7, #56]
 260              		.loc 1 318 16
 261 016c B3F90030 		ldrsh	r3, [r3]
 262 0170 1946     		mov	r1, r3
 263              		.loc 1 318 32
 264 0172 3B6B     		ldr	r3, [r7, #48]
 265 0174 9A1C     		adds	r2, r3, #2
 266 0176 3A63     		str	r2, [r7, #48]
 267              		.loc 1 318 27
 268 0178 B3F90030 		ldrsh	r3, [r3]
 269              		.loc 1 318 25
 270 017c 03FB01F3 		mul	r3, r3, r1
 271 0180 1A46     		mov	r2, r3
 272 0182 4FEAE273 		asr	r3, r2, #31
 273              		.loc 1 318 12
 274 0186 D7E91001 		ldrd	r0, [r7, #64]
 275 018a 10EB020A 		adds	r10, r0, r2
 276 018e 41EB030B 		adc	fp, r1, r3
 277 0192 C7E910AB 		strd	r10, [r7, #64]
 319:./Libraries/CMSIS/DSP/Source/FilteringFunctions/arm_correlate_opt_q15.c **** 
 320:./Libraries/CMSIS/DSP/Source/FilteringFunctions/arm_correlate_opt_q15.c ****       /* Decrement loop counter */
 321:./Libraries/CMSIS/DSP/Source/FilteringFunctions/arm_correlate_opt_q15.c ****       tapCnt--;
 278              		.loc 1 321 13
 279 0196 7B6A     		ldr	r3, [r7, #36]
 280 0198 013B     		subs	r3, r3, #1
 281 019a 7B62     		str	r3, [r7, #36]
 282              	.L7:
 315:./Libraries/CMSIS/DSP/Source/FilteringFunctions/arm_correlate_opt_q15.c ****     {
 283              		.loc 1 315 11
 284 019c 7B6A     		ldr	r3, [r7, #36]
 285 019e 002B     		cmp	r3, #0
 286 01a0 E1D1     		bne	.L8
 322:./Libraries/CMSIS/DSP/Source/FilteringFunctions/arm_correlate_opt_q15.c ****     }
 323:./Libraries/CMSIS/DSP/Source/FilteringFunctions/arm_correlate_opt_q15.c **** 
 324:./Libraries/CMSIS/DSP/Source/FilteringFunctions/arm_correlate_opt_q15.c ****     blkCnt--;
 287              		.loc 1 324 11
 288 01a2 FB6A     		ldr	r3, [r7, #44]
 289 01a4 013B     		subs	r3, r3, #1
 290 01a6 FB62     		str	r3, [r7, #44]
 291              	.LBB2:
 325:./Libraries/CMSIS/DSP/Source/FilteringFunctions/arm_correlate_opt_q15.c **** 
 326:./Libraries/CMSIS/DSP/Source/FilteringFunctions/arm_correlate_opt_q15.c ****     /* The result is in 2.30 format.  Convert to 1.15 with saturation.
 327:./Libraries/CMSIS/DSP/Source/FilteringFunctions/arm_correlate_opt_q15.c ****        Then store the output in the destination buffer. */
 328:./Libraries/CMSIS/DSP/Source/FilteringFunctions/arm_correlate_opt_q15.c ****     *pOut = (q15_t) (__SSAT((acc0 >> 15), 16));
 292              		.loc 1 328 22
 293 01a8 D7E91001 		ldrd	r0, [r7, #64]
 294 01ac 4FF00002 		mov	r2, #0
 295 01b0 4FF00003 		mov	r3, #0
 296 01b4 C20B     		lsrs	r2, r0, #15
 297 01b6 42EA4142 		orr	r2, r2, r1, lsl #17
 298 01ba CB13     		asrs	r3, r1, #15
ARM GAS  /tmp/cc4KOBWv.s 			page 12


 299 01bc 1346     		mov	r3, r2
 300 01be 7B61     		str	r3, [r7, #20]
 301 01c0 7B69     		ldr	r3, [r7, #20]
 302              		.syntax unified
 303              	@ 328 "./Libraries/CMSIS/DSP/Source/FilteringFunctions/arm_correlate_opt_q15.c" 1
 304 01c2 03F30F03 		ssat r3, #16, r3
 305              	@ 0 "" 2
 306              		.thumb
 307              		.syntax unified
 308 01c6 3B61     		str	r3, [r7, #16]
 309 01c8 3B69     		ldr	r3, [r7, #16]
 310              	.LBE2:
 311              		.loc 1 328 13
 312 01ca 1AB2     		sxth	r2, r3
 313              		.loc 1 328 11
 314 01cc FB6B     		ldr	r3, [r7, #60]
 315 01ce 1A80     		strh	r2, [r3]	@ movhi
 329:./Libraries/CMSIS/DSP/Source/FilteringFunctions/arm_correlate_opt_q15.c ****     pOut += inc;
 316              		.loc 1 329 10
 317 01d0 BB6A     		ldr	r3, [r7, #40]
 318 01d2 5B00     		lsls	r3, r3, #1
 319 01d4 FA6B     		ldr	r2, [r7, #60]
 320 01d6 1344     		add	r3, r3, r2
 321 01d8 FB63     		str	r3, [r7, #60]
 330:./Libraries/CMSIS/DSP/Source/FilteringFunctions/arm_correlate_opt_q15.c **** 
 331:./Libraries/CMSIS/DSP/Source/FilteringFunctions/arm_correlate_opt_q15.c ****     /* Initialization of inputB pointer */
 332:./Libraries/CMSIS/DSP/Source/FilteringFunctions/arm_correlate_opt_q15.c ****     pIn2 = py;
 322              		.loc 1 332 10
 323 01da BB69     		ldr	r3, [r7, #24]
 324 01dc 3B63     		str	r3, [r7, #48]
 333:./Libraries/CMSIS/DSP/Source/FilteringFunctions/arm_correlate_opt_q15.c **** 
 334:./Libraries/CMSIS/DSP/Source/FilteringFunctions/arm_correlate_opt_q15.c ****     pScratch += 1U;
 325              		.loc 1 334 14
 326 01de FB6E     		ldr	r3, [r7, #108]
 327 01e0 0233     		adds	r3, r3, #2
 328 01e2 FB66     		str	r3, [r7, #108]
 329              	.L4:
 291:./Libraries/CMSIS/DSP/Source/FilteringFunctions/arm_correlate_opt_q15.c ****   {
 330              		.loc 1 291 9
 331 01e4 FB6A     		ldr	r3, [r7, #44]
 332 01e6 002B     		cmp	r3, #0
 333 01e8 7FF477AF 		bne	.L9
 335:./Libraries/CMSIS/DSP/Source/FilteringFunctions/arm_correlate_opt_q15.c ****   }
 336:./Libraries/CMSIS/DSP/Source/FilteringFunctions/arm_correlate_opt_q15.c **** 
 337:./Libraries/CMSIS/DSP/Source/FilteringFunctions/arm_correlate_opt_q15.c **** }
 334              		.loc 1 337 1
 335 01ec 00BF     		nop
 336 01ee 00BF     		nop
 337 01f0 4837     		adds	r7, r7, #72
 338              	.LCFI3:
 339              		.cfi_def_cfa_offset 32
 340 01f2 BD46     		mov	sp, r7
 341              	.LCFI4:
 342              		.cfi_def_cfa_register 13
 343              		@ sp needed
 344 01f4 BDE8B08F 		pop	{r4, r5, r7, r8, r9, r10, fp, pc}
 345              	.L11:
ARM GAS  /tmp/cc4KOBWv.s 			page 13


 346              		.align	2
 347              	.L10:
 348 01f8 FEFFFF7F 		.word	2147483646
 349              		.cfi_endproc
 350              	.LFE145:
 352              		.text
 353              	.Letext0:
 354              		.file 2 "/usr/lib/gcc/arm-none-eabi/9.2.1/include/stdint.h"
 355              		.file 3 "/usr/lib/gcc/arm-none-eabi/9.2.1/include/stddef.h"
 356              		.file 4 "/usr/include/newlib/sys/_types.h"
 357              		.file 5 "/usr/include/newlib/sys/reent.h"
 358              		.file 6 "/usr/include/newlib/sys/lock.h"
 359              		.file 7 "/usr/include/newlib/math.h"
 360              		.file 8 "./Libraries/CMSIS/DSP/Include/arm_math.h"
ARM GAS  /tmp/cc4KOBWv.s 			page 14


DEFINED SYMBOLS
                            *ABS*:0000000000000000 arm_correlate_opt_q15.c
     /tmp/cc4KOBWv.s:17     .text.arm_correlate_opt_q15:0000000000000000 $t
     /tmp/cc4KOBWv.s:25     .text.arm_correlate_opt_q15:0000000000000000 arm_correlate_opt_q15
     /tmp/cc4KOBWv.s:348    .text.arm_correlate_opt_q15:00000000000001f8 $d

UNDEFINED SYMBOLS
arm_fill_q15
arm_copy_q15
