ARM GAS  /tmp/ccOB6jDv.s 			page 1


   1              		.cpu cortex-m7
   2              		.eabi_attribute 28, 1
   3              		.eabi_attribute 20, 1
   4              		.eabi_attribute 21, 1
   5              		.eabi_attribute 23, 3
   6              		.eabi_attribute 24, 1
   7              		.eabi_attribute 25, 1
   8              		.eabi_attribute 26, 1
   9              		.eabi_attribute 30, 6
  10              		.eabi_attribute 34, 1
  11              		.eabi_attribute 18, 4
  12              		.file	"arm_q7_to_q15.c"
  13              		.text
  14              	.Ltext0:
  15              		.cfi_sections	.debug_frame
  16              		.section	.text.arm_q7_to_q15,"ax",%progbits
  17              		.align	1
  18              		.global	arm_q7_to_q15
  19              		.arch armv7e-m
  20              		.syntax unified
  21              		.thumb
  22              		.thumb_func
  23              		.fpu fpv5-d16
  25              	arm_q7_to_q15:
  26              	.LFB145:
  27              		.file 1 "./Libraries/CMSIS/DSP/Source/SupportFunctions/arm_q7_to_q15.c"
   1:./Libraries/CMSIS/DSP/Source/SupportFunctions/arm_q7_to_q15.c **** /* ----------------------------------------------------------------------
   2:./Libraries/CMSIS/DSP/Source/SupportFunctions/arm_q7_to_q15.c ****  * Project:      CMSIS DSP Library
   3:./Libraries/CMSIS/DSP/Source/SupportFunctions/arm_q7_to_q15.c ****  * Title:        arm_q7_to_q15.c
   4:./Libraries/CMSIS/DSP/Source/SupportFunctions/arm_q7_to_q15.c ****  * Description:  Converts the elements of the Q7 vector to Q15 vector
   5:./Libraries/CMSIS/DSP/Source/SupportFunctions/arm_q7_to_q15.c ****  *
   6:./Libraries/CMSIS/DSP/Source/SupportFunctions/arm_q7_to_q15.c ****  * $Date:        18. March 2019
   7:./Libraries/CMSIS/DSP/Source/SupportFunctions/arm_q7_to_q15.c ****  * $Revision:    V1.6.0
   8:./Libraries/CMSIS/DSP/Source/SupportFunctions/arm_q7_to_q15.c ****  *
   9:./Libraries/CMSIS/DSP/Source/SupportFunctions/arm_q7_to_q15.c ****  * Target Processor: Cortex-M cores
  10:./Libraries/CMSIS/DSP/Source/SupportFunctions/arm_q7_to_q15.c ****  * -------------------------------------------------------------------- */
  11:./Libraries/CMSIS/DSP/Source/SupportFunctions/arm_q7_to_q15.c **** /*
  12:./Libraries/CMSIS/DSP/Source/SupportFunctions/arm_q7_to_q15.c ****  * Copyright (C) 2010-2019 ARM Limited or its affiliates. All rights reserved.
  13:./Libraries/CMSIS/DSP/Source/SupportFunctions/arm_q7_to_q15.c ****  *
  14:./Libraries/CMSIS/DSP/Source/SupportFunctions/arm_q7_to_q15.c ****  * SPDX-License-Identifier: Apache-2.0
  15:./Libraries/CMSIS/DSP/Source/SupportFunctions/arm_q7_to_q15.c ****  *
  16:./Libraries/CMSIS/DSP/Source/SupportFunctions/arm_q7_to_q15.c ****  * Licensed under the Apache License, Version 2.0 (the License); you may
  17:./Libraries/CMSIS/DSP/Source/SupportFunctions/arm_q7_to_q15.c ****  * not use this file except in compliance with the License.
  18:./Libraries/CMSIS/DSP/Source/SupportFunctions/arm_q7_to_q15.c ****  * You may obtain a copy of the License at
  19:./Libraries/CMSIS/DSP/Source/SupportFunctions/arm_q7_to_q15.c ****  *
  20:./Libraries/CMSIS/DSP/Source/SupportFunctions/arm_q7_to_q15.c ****  * www.apache.org/licenses/LICENSE-2.0
  21:./Libraries/CMSIS/DSP/Source/SupportFunctions/arm_q7_to_q15.c ****  *
  22:./Libraries/CMSIS/DSP/Source/SupportFunctions/arm_q7_to_q15.c ****  * Unless required by applicable law or agreed to in writing, software
  23:./Libraries/CMSIS/DSP/Source/SupportFunctions/arm_q7_to_q15.c ****  * distributed under the License is distributed on an AS IS BASIS, WITHOUT
  24:./Libraries/CMSIS/DSP/Source/SupportFunctions/arm_q7_to_q15.c ****  * WARRANTIES OR CONDITIONS OF ANY KIND, either express or implied.
  25:./Libraries/CMSIS/DSP/Source/SupportFunctions/arm_q7_to_q15.c ****  * See the License for the specific language governing permissions and
  26:./Libraries/CMSIS/DSP/Source/SupportFunctions/arm_q7_to_q15.c ****  * limitations under the License.
  27:./Libraries/CMSIS/DSP/Source/SupportFunctions/arm_q7_to_q15.c ****  */
  28:./Libraries/CMSIS/DSP/Source/SupportFunctions/arm_q7_to_q15.c **** 
  29:./Libraries/CMSIS/DSP/Source/SupportFunctions/arm_q7_to_q15.c **** #include "arm_math.h"
  30:./Libraries/CMSIS/DSP/Source/SupportFunctions/arm_q7_to_q15.c **** 
  31:./Libraries/CMSIS/DSP/Source/SupportFunctions/arm_q7_to_q15.c **** /**
ARM GAS  /tmp/ccOB6jDv.s 			page 2


  32:./Libraries/CMSIS/DSP/Source/SupportFunctions/arm_q7_to_q15.c ****   @ingroup groupSupport
  33:./Libraries/CMSIS/DSP/Source/SupportFunctions/arm_q7_to_q15.c ****  */
  34:./Libraries/CMSIS/DSP/Source/SupportFunctions/arm_q7_to_q15.c **** 
  35:./Libraries/CMSIS/DSP/Source/SupportFunctions/arm_q7_to_q15.c **** /**
  36:./Libraries/CMSIS/DSP/Source/SupportFunctions/arm_q7_to_q15.c ****   @addtogroup q7_to_x
  37:./Libraries/CMSIS/DSP/Source/SupportFunctions/arm_q7_to_q15.c ****   @{
  38:./Libraries/CMSIS/DSP/Source/SupportFunctions/arm_q7_to_q15.c ****  */
  39:./Libraries/CMSIS/DSP/Source/SupportFunctions/arm_q7_to_q15.c **** 
  40:./Libraries/CMSIS/DSP/Source/SupportFunctions/arm_q7_to_q15.c **** /**
  41:./Libraries/CMSIS/DSP/Source/SupportFunctions/arm_q7_to_q15.c ****   @brief         Converts the elements of the Q7 vector to Q15 vector.
  42:./Libraries/CMSIS/DSP/Source/SupportFunctions/arm_q7_to_q15.c ****   @param[in]     pSrc       points to the Q7 input vector
  43:./Libraries/CMSIS/DSP/Source/SupportFunctions/arm_q7_to_q15.c ****   @param[out]    pDst       points to the Q15 output vector
  44:./Libraries/CMSIS/DSP/Source/SupportFunctions/arm_q7_to_q15.c ****   @param[in]     blockSize  number of samples in each vector
  45:./Libraries/CMSIS/DSP/Source/SupportFunctions/arm_q7_to_q15.c ****   @return        none
  46:./Libraries/CMSIS/DSP/Source/SupportFunctions/arm_q7_to_q15.c **** 
  47:./Libraries/CMSIS/DSP/Source/SupportFunctions/arm_q7_to_q15.c ****   @par           Details
  48:./Libraries/CMSIS/DSP/Source/SupportFunctions/arm_q7_to_q15.c ****                    The equation used for the conversion process is:
  49:./Libraries/CMSIS/DSP/Source/SupportFunctions/arm_q7_to_q15.c ****   <pre>
  50:./Libraries/CMSIS/DSP/Source/SupportFunctions/arm_q7_to_q15.c ****       pDst[n] = (q15_t) pSrc[n] << 8;   0 <= n < blockSize.
  51:./Libraries/CMSIS/DSP/Source/SupportFunctions/arm_q7_to_q15.c ****   </pre>
  52:./Libraries/CMSIS/DSP/Source/SupportFunctions/arm_q7_to_q15.c ****  */
  53:./Libraries/CMSIS/DSP/Source/SupportFunctions/arm_q7_to_q15.c **** 
  54:./Libraries/CMSIS/DSP/Source/SupportFunctions/arm_q7_to_q15.c **** void arm_q7_to_q15(
  55:./Libraries/CMSIS/DSP/Source/SupportFunctions/arm_q7_to_q15.c ****   const q7_t * pSrc,
  56:./Libraries/CMSIS/DSP/Source/SupportFunctions/arm_q7_to_q15.c ****         q15_t * pDst,
  57:./Libraries/CMSIS/DSP/Source/SupportFunctions/arm_q7_to_q15.c ****         uint32_t blockSize)
  58:./Libraries/CMSIS/DSP/Source/SupportFunctions/arm_q7_to_q15.c **** {
  28              		.loc 1 58 1
  29              		.cfi_startproc
  30              		@ args = 0, pretend = 0, frame = 24
  31              		@ frame_needed = 1, uses_anonymous_args = 0
  32              		@ link register save eliminated.
  33 0000 80B4     		push	{r7}
  34              	.LCFI0:
  35              		.cfi_def_cfa_offset 4
  36              		.cfi_offset 7, -4
  37 0002 87B0     		sub	sp, sp, #28
  38              	.LCFI1:
  39              		.cfi_def_cfa_offset 32
  40 0004 00AF     		add	r7, sp, #0
  41              	.LCFI2:
  42              		.cfi_def_cfa_register 7
  43 0006 F860     		str	r0, [r7, #12]
  44 0008 B960     		str	r1, [r7, #8]
  45 000a 7A60     		str	r2, [r7, #4]
  59:./Libraries/CMSIS/DSP/Source/SupportFunctions/arm_q7_to_q15.c ****         uint32_t blkCnt;                               /* Loop counter */
  60:./Libraries/CMSIS/DSP/Source/SupportFunctions/arm_q7_to_q15.c ****   const q7_t *pIn = pSrc;                              /* Source pointer */
  46              		.loc 1 60 15
  47 000c FB68     		ldr	r3, [r7, #12]
  48 000e 3B61     		str	r3, [r7, #16]
  61:./Libraries/CMSIS/DSP/Source/SupportFunctions/arm_q7_to_q15.c **** 
  62:./Libraries/CMSIS/DSP/Source/SupportFunctions/arm_q7_to_q15.c **** #if defined (ARM_MATH_LOOPUNROLL) && defined (ARM_MATH_DSP)
  63:./Libraries/CMSIS/DSP/Source/SupportFunctions/arm_q7_to_q15.c ****         q31_t in;
  64:./Libraries/CMSIS/DSP/Source/SupportFunctions/arm_q7_to_q15.c ****         q31_t in1, in2;
  65:./Libraries/CMSIS/DSP/Source/SupportFunctions/arm_q7_to_q15.c ****         q31_t out1, out2;
  66:./Libraries/CMSIS/DSP/Source/SupportFunctions/arm_q7_to_q15.c **** #endif
  67:./Libraries/CMSIS/DSP/Source/SupportFunctions/arm_q7_to_q15.c **** 
ARM GAS  /tmp/ccOB6jDv.s 			page 3


  68:./Libraries/CMSIS/DSP/Source/SupportFunctions/arm_q7_to_q15.c **** #if defined (ARM_MATH_LOOPUNROLL)
  69:./Libraries/CMSIS/DSP/Source/SupportFunctions/arm_q7_to_q15.c **** 
  70:./Libraries/CMSIS/DSP/Source/SupportFunctions/arm_q7_to_q15.c ****   /* Loop unrolling: Compute 4 outputs at a time */
  71:./Libraries/CMSIS/DSP/Source/SupportFunctions/arm_q7_to_q15.c ****   blkCnt = blockSize >> 2U;
  72:./Libraries/CMSIS/DSP/Source/SupportFunctions/arm_q7_to_q15.c **** 
  73:./Libraries/CMSIS/DSP/Source/SupportFunctions/arm_q7_to_q15.c ****   while (blkCnt > 0U)
  74:./Libraries/CMSIS/DSP/Source/SupportFunctions/arm_q7_to_q15.c ****   {
  75:./Libraries/CMSIS/DSP/Source/SupportFunctions/arm_q7_to_q15.c ****     /* C = (q15_t) A << 8 */
  76:./Libraries/CMSIS/DSP/Source/SupportFunctions/arm_q7_to_q15.c **** 
  77:./Libraries/CMSIS/DSP/Source/SupportFunctions/arm_q7_to_q15.c ****     /* Convert from q7 to q15 and store result in destination buffer */
  78:./Libraries/CMSIS/DSP/Source/SupportFunctions/arm_q7_to_q15.c **** #if defined (ARM_MATH_DSP)
  79:./Libraries/CMSIS/DSP/Source/SupportFunctions/arm_q7_to_q15.c **** 
  80:./Libraries/CMSIS/DSP/Source/SupportFunctions/arm_q7_to_q15.c ****     in = read_q7x4_ia ((q7_t **) &pIn);
  81:./Libraries/CMSIS/DSP/Source/SupportFunctions/arm_q7_to_q15.c **** 
  82:./Libraries/CMSIS/DSP/Source/SupportFunctions/arm_q7_to_q15.c ****     /* rotatate in by 8 and extend two q7_t values to q15_t values */
  83:./Libraries/CMSIS/DSP/Source/SupportFunctions/arm_q7_to_q15.c ****     in1 = __SXTB16(__ROR(in, 8));
  84:./Libraries/CMSIS/DSP/Source/SupportFunctions/arm_q7_to_q15.c **** 
  85:./Libraries/CMSIS/DSP/Source/SupportFunctions/arm_q7_to_q15.c ****     /* extend remainig two q7_t values to q15_t values */
  86:./Libraries/CMSIS/DSP/Source/SupportFunctions/arm_q7_to_q15.c ****     in2 = __SXTB16(in);
  87:./Libraries/CMSIS/DSP/Source/SupportFunctions/arm_q7_to_q15.c **** 
  88:./Libraries/CMSIS/DSP/Source/SupportFunctions/arm_q7_to_q15.c ****     in1 = in1 << 8U;
  89:./Libraries/CMSIS/DSP/Source/SupportFunctions/arm_q7_to_q15.c ****     in2 = in2 << 8U;
  90:./Libraries/CMSIS/DSP/Source/SupportFunctions/arm_q7_to_q15.c **** 
  91:./Libraries/CMSIS/DSP/Source/SupportFunctions/arm_q7_to_q15.c ****     in1 = in1 & 0xFF00FF00;
  92:./Libraries/CMSIS/DSP/Source/SupportFunctions/arm_q7_to_q15.c ****     in2 = in2 & 0xFF00FF00;
  93:./Libraries/CMSIS/DSP/Source/SupportFunctions/arm_q7_to_q15.c **** 
  94:./Libraries/CMSIS/DSP/Source/SupportFunctions/arm_q7_to_q15.c **** #ifndef ARM_MATH_BIG_ENDIAN
  95:./Libraries/CMSIS/DSP/Source/SupportFunctions/arm_q7_to_q15.c ****     out2 = __PKHTB(in1, in2, 16);
  96:./Libraries/CMSIS/DSP/Source/SupportFunctions/arm_q7_to_q15.c ****     out1 = __PKHBT(in2, in1, 16);
  97:./Libraries/CMSIS/DSP/Source/SupportFunctions/arm_q7_to_q15.c **** #else
  98:./Libraries/CMSIS/DSP/Source/SupportFunctions/arm_q7_to_q15.c ****     out1 = __PKHTB(in1, in2, 16);
  99:./Libraries/CMSIS/DSP/Source/SupportFunctions/arm_q7_to_q15.c ****     out2 = __PKHBT(in2, in1, 16);
 100:./Libraries/CMSIS/DSP/Source/SupportFunctions/arm_q7_to_q15.c **** #endif
 101:./Libraries/CMSIS/DSP/Source/SupportFunctions/arm_q7_to_q15.c **** 
 102:./Libraries/CMSIS/DSP/Source/SupportFunctions/arm_q7_to_q15.c ****     write_q15x2_ia (&pDst, out1);
 103:./Libraries/CMSIS/DSP/Source/SupportFunctions/arm_q7_to_q15.c ****     write_q15x2_ia (&pDst, out2);
 104:./Libraries/CMSIS/DSP/Source/SupportFunctions/arm_q7_to_q15.c **** 
 105:./Libraries/CMSIS/DSP/Source/SupportFunctions/arm_q7_to_q15.c **** #else
 106:./Libraries/CMSIS/DSP/Source/SupportFunctions/arm_q7_to_q15.c **** 
 107:./Libraries/CMSIS/DSP/Source/SupportFunctions/arm_q7_to_q15.c ****     *pDst++ = (q15_t) *pIn++ << 8;
 108:./Libraries/CMSIS/DSP/Source/SupportFunctions/arm_q7_to_q15.c ****     *pDst++ = (q15_t) *pIn++ << 8;
 109:./Libraries/CMSIS/DSP/Source/SupportFunctions/arm_q7_to_q15.c ****     *pDst++ = (q15_t) *pIn++ << 8;
 110:./Libraries/CMSIS/DSP/Source/SupportFunctions/arm_q7_to_q15.c ****     *pDst++ = (q15_t) *pIn++ << 8;
 111:./Libraries/CMSIS/DSP/Source/SupportFunctions/arm_q7_to_q15.c **** 
 112:./Libraries/CMSIS/DSP/Source/SupportFunctions/arm_q7_to_q15.c **** #endif /* #if defined (ARM_MATH_DSP) */
 113:./Libraries/CMSIS/DSP/Source/SupportFunctions/arm_q7_to_q15.c **** 
 114:./Libraries/CMSIS/DSP/Source/SupportFunctions/arm_q7_to_q15.c ****     /* Decrement loop counter */
 115:./Libraries/CMSIS/DSP/Source/SupportFunctions/arm_q7_to_q15.c ****     blkCnt--;
 116:./Libraries/CMSIS/DSP/Source/SupportFunctions/arm_q7_to_q15.c ****   }
 117:./Libraries/CMSIS/DSP/Source/SupportFunctions/arm_q7_to_q15.c **** 
 118:./Libraries/CMSIS/DSP/Source/SupportFunctions/arm_q7_to_q15.c ****   /* Loop unrolling: Compute remaining outputs */
 119:./Libraries/CMSIS/DSP/Source/SupportFunctions/arm_q7_to_q15.c ****   blkCnt = blockSize % 0x4U;
 120:./Libraries/CMSIS/DSP/Source/SupportFunctions/arm_q7_to_q15.c **** 
 121:./Libraries/CMSIS/DSP/Source/SupportFunctions/arm_q7_to_q15.c **** #else
 122:./Libraries/CMSIS/DSP/Source/SupportFunctions/arm_q7_to_q15.c **** 
 123:./Libraries/CMSIS/DSP/Source/SupportFunctions/arm_q7_to_q15.c ****   /* Initialize blkCnt with number of samples */
 124:./Libraries/CMSIS/DSP/Source/SupportFunctions/arm_q7_to_q15.c ****   blkCnt = blockSize;
ARM GAS  /tmp/ccOB6jDv.s 			page 4


  49              		.loc 1 124 10
  50 0010 7B68     		ldr	r3, [r7, #4]
  51 0012 7B61     		str	r3, [r7, #20]
 125:./Libraries/CMSIS/DSP/Source/SupportFunctions/arm_q7_to_q15.c **** 
 126:./Libraries/CMSIS/DSP/Source/SupportFunctions/arm_q7_to_q15.c **** #endif /* #if defined (ARM_MATH_LOOPUNROLL) */
 127:./Libraries/CMSIS/DSP/Source/SupportFunctions/arm_q7_to_q15.c **** 
 128:./Libraries/CMSIS/DSP/Source/SupportFunctions/arm_q7_to_q15.c ****   while (blkCnt > 0U)
  52              		.loc 1 128 9
  53 0014 0DE0     		b	.L2
  54              	.L3:
 129:./Libraries/CMSIS/DSP/Source/SupportFunctions/arm_q7_to_q15.c ****   {
 130:./Libraries/CMSIS/DSP/Source/SupportFunctions/arm_q7_to_q15.c ****     /* C = (q15_t) A << 8 */
 131:./Libraries/CMSIS/DSP/Source/SupportFunctions/arm_q7_to_q15.c **** 
 132:./Libraries/CMSIS/DSP/Source/SupportFunctions/arm_q7_to_q15.c ****     /* Convert from q7 to q15 and store result in destination buffer */
 133:./Libraries/CMSIS/DSP/Source/SupportFunctions/arm_q7_to_q15.c ****     *pDst++ = (q15_t) * pIn++ << 8;
  55              		.loc 1 133 28
  56 0016 3B69     		ldr	r3, [r7, #16]
  57 0018 5A1C     		adds	r2, r3, #1
  58 001a 3A61     		str	r2, [r7, #16]
  59              		.loc 1 133 23
  60 001c 93F90030 		ldrsb	r3, [r3]
  61              		.loc 1 133 31
  62 0020 1902     		lsls	r1, r3, #8
  63              		.loc 1 133 10
  64 0022 BB68     		ldr	r3, [r7, #8]
  65 0024 9A1C     		adds	r2, r3, #2
  66 0026 BA60     		str	r2, [r7, #8]
  67              		.loc 1 133 13
  68 0028 0AB2     		sxth	r2, r1
  69 002a 1A80     		strh	r2, [r3]	@ movhi
 134:./Libraries/CMSIS/DSP/Source/SupportFunctions/arm_q7_to_q15.c **** 
 135:./Libraries/CMSIS/DSP/Source/SupportFunctions/arm_q7_to_q15.c ****     /* Decrement loop counter */
 136:./Libraries/CMSIS/DSP/Source/SupportFunctions/arm_q7_to_q15.c ****     blkCnt--;
  70              		.loc 1 136 11
  71 002c 7B69     		ldr	r3, [r7, #20]
  72 002e 013B     		subs	r3, r3, #1
  73 0030 7B61     		str	r3, [r7, #20]
  74              	.L2:
 128:./Libraries/CMSIS/DSP/Source/SupportFunctions/arm_q7_to_q15.c ****   {
  75              		.loc 1 128 9
  76 0032 7B69     		ldr	r3, [r7, #20]
  77 0034 002B     		cmp	r3, #0
  78 0036 EED1     		bne	.L3
 137:./Libraries/CMSIS/DSP/Source/SupportFunctions/arm_q7_to_q15.c ****   }
 138:./Libraries/CMSIS/DSP/Source/SupportFunctions/arm_q7_to_q15.c **** 
 139:./Libraries/CMSIS/DSP/Source/SupportFunctions/arm_q7_to_q15.c **** }
  79              		.loc 1 139 1
  80 0038 00BF     		nop
  81 003a 00BF     		nop
  82 003c 1C37     		adds	r7, r7, #28
  83              	.LCFI3:
  84              		.cfi_def_cfa_offset 4
  85 003e BD46     		mov	sp, r7
  86              	.LCFI4:
  87              		.cfi_def_cfa_register 13
  88              		@ sp needed
  89 0040 5DF8047B 		ldr	r7, [sp], #4
ARM GAS  /tmp/ccOB6jDv.s 			page 5


  90              	.LCFI5:
  91              		.cfi_restore 7
  92              		.cfi_def_cfa_offset 0
  93 0044 7047     		bx	lr
  94              		.cfi_endproc
  95              	.LFE145:
  97              		.text
  98              	.Letext0:
  99              		.file 2 "/usr/lib/gcc/arm-none-eabi/9.2.1/include/stdint.h"
 100              		.file 3 "/usr/lib/gcc/arm-none-eabi/9.2.1/include/stddef.h"
 101              		.file 4 "/usr/include/newlib/sys/_types.h"
 102              		.file 5 "/usr/include/newlib/sys/reent.h"
 103              		.file 6 "/usr/include/newlib/sys/lock.h"
 104              		.file 7 "/usr/include/newlib/math.h"
 105              		.file 8 "./Libraries/CMSIS/DSP/Include/arm_math.h"
ARM GAS  /tmp/ccOB6jDv.s 			page 6


DEFINED SYMBOLS
                            *ABS*:0000000000000000 arm_q7_to_q15.c
     /tmp/ccOB6jDv.s:17     .text.arm_q7_to_q15:0000000000000000 $t
     /tmp/ccOB6jDv.s:25     .text.arm_q7_to_q15:0000000000000000 arm_q7_to_q15

NO UNDEFINED SYMBOLS
