ARM GAS  /tmp/ccxOys7a.s 			page 1


   1              		.cpu cortex-m7
   2              		.eabi_attribute 28, 1
   3              		.eabi_attribute 20, 1
   4              		.eabi_attribute 21, 1
   5              		.eabi_attribute 23, 3
   6              		.eabi_attribute 24, 1
   7              		.eabi_attribute 25, 1
   8              		.eabi_attribute 26, 1
   9              		.eabi_attribute 30, 6
  10              		.eabi_attribute 34, 1
  11              		.eabi_attribute 18, 4
  12              		.file	"arm_conv_q7.c"
  13              		.text
  14              	.Ltext0:
  15              		.cfi_sections	.debug_frame
  16              		.section	.text.arm_conv_q7,"ax",%progbits
  17              		.align	1
  18              		.global	arm_conv_q7
  19              		.arch armv7e-m
  20              		.syntax unified
  21              		.thumb
  22              		.thumb_func
  23              		.fpu fpv5-d16
  25              	arm_conv_q7:
  26              	.LFB145:
  27              		.file 1 "./Libraries/CMSIS/DSP/Source/FilteringFunctions/arm_conv_q7.c"
   1:./Libraries/CMSIS/DSP/Source/FilteringFunctions/arm_conv_q7.c **** /* ----------------------------------------------------------------------
   2:./Libraries/CMSIS/DSP/Source/FilteringFunctions/arm_conv_q7.c ****  * Project:      CMSIS DSP Library
   3:./Libraries/CMSIS/DSP/Source/FilteringFunctions/arm_conv_q7.c ****  * Title:        arm_conv_q7.c
   4:./Libraries/CMSIS/DSP/Source/FilteringFunctions/arm_conv_q7.c ****  * Description:  Convolution of Q7 sequences
   5:./Libraries/CMSIS/DSP/Source/FilteringFunctions/arm_conv_q7.c ****  *
   6:./Libraries/CMSIS/DSP/Source/FilteringFunctions/arm_conv_q7.c ****  * $Date:        18. March 2019
   7:./Libraries/CMSIS/DSP/Source/FilteringFunctions/arm_conv_q7.c ****  * $Revision:    V1.6.0
   8:./Libraries/CMSIS/DSP/Source/FilteringFunctions/arm_conv_q7.c ****  *
   9:./Libraries/CMSIS/DSP/Source/FilteringFunctions/arm_conv_q7.c ****  * Target Processor: Cortex-M cores
  10:./Libraries/CMSIS/DSP/Source/FilteringFunctions/arm_conv_q7.c ****  * -------------------------------------------------------------------- */
  11:./Libraries/CMSIS/DSP/Source/FilteringFunctions/arm_conv_q7.c **** /*
  12:./Libraries/CMSIS/DSP/Source/FilteringFunctions/arm_conv_q7.c ****  * Copyright (C) 2010-2019 ARM Limited or its affiliates. All rights reserved.
  13:./Libraries/CMSIS/DSP/Source/FilteringFunctions/arm_conv_q7.c ****  *
  14:./Libraries/CMSIS/DSP/Source/FilteringFunctions/arm_conv_q7.c ****  * SPDX-License-Identifier: Apache-2.0
  15:./Libraries/CMSIS/DSP/Source/FilteringFunctions/arm_conv_q7.c ****  *
  16:./Libraries/CMSIS/DSP/Source/FilteringFunctions/arm_conv_q7.c ****  * Licensed under the Apache License, Version 2.0 (the License); you may
  17:./Libraries/CMSIS/DSP/Source/FilteringFunctions/arm_conv_q7.c ****  * not use this file except in compliance with the License.
  18:./Libraries/CMSIS/DSP/Source/FilteringFunctions/arm_conv_q7.c ****  * You may obtain a copy of the License at
  19:./Libraries/CMSIS/DSP/Source/FilteringFunctions/arm_conv_q7.c ****  *
  20:./Libraries/CMSIS/DSP/Source/FilteringFunctions/arm_conv_q7.c ****  * www.apache.org/licenses/LICENSE-2.0
  21:./Libraries/CMSIS/DSP/Source/FilteringFunctions/arm_conv_q7.c ****  *
  22:./Libraries/CMSIS/DSP/Source/FilteringFunctions/arm_conv_q7.c ****  * Unless required by applicable law or agreed to in writing, software
  23:./Libraries/CMSIS/DSP/Source/FilteringFunctions/arm_conv_q7.c ****  * distributed under the License is distributed on an AS IS BASIS, WITHOUT
  24:./Libraries/CMSIS/DSP/Source/FilteringFunctions/arm_conv_q7.c ****  * WARRANTIES OR CONDITIONS OF ANY KIND, either express or implied.
  25:./Libraries/CMSIS/DSP/Source/FilteringFunctions/arm_conv_q7.c ****  * See the License for the specific language governing permissions and
  26:./Libraries/CMSIS/DSP/Source/FilteringFunctions/arm_conv_q7.c ****  * limitations under the License.
  27:./Libraries/CMSIS/DSP/Source/FilteringFunctions/arm_conv_q7.c ****  */
  28:./Libraries/CMSIS/DSP/Source/FilteringFunctions/arm_conv_q7.c **** 
  29:./Libraries/CMSIS/DSP/Source/FilteringFunctions/arm_conv_q7.c **** #include "arm_math.h"
  30:./Libraries/CMSIS/DSP/Source/FilteringFunctions/arm_conv_q7.c **** 
  31:./Libraries/CMSIS/DSP/Source/FilteringFunctions/arm_conv_q7.c **** /**
ARM GAS  /tmp/ccxOys7a.s 			page 2


  32:./Libraries/CMSIS/DSP/Source/FilteringFunctions/arm_conv_q7.c ****   @ingroup groupFilters
  33:./Libraries/CMSIS/DSP/Source/FilteringFunctions/arm_conv_q7.c ****  */
  34:./Libraries/CMSIS/DSP/Source/FilteringFunctions/arm_conv_q7.c **** 
  35:./Libraries/CMSIS/DSP/Source/FilteringFunctions/arm_conv_q7.c **** /**
  36:./Libraries/CMSIS/DSP/Source/FilteringFunctions/arm_conv_q7.c ****   @addtogroup Conv
  37:./Libraries/CMSIS/DSP/Source/FilteringFunctions/arm_conv_q7.c ****   @{
  38:./Libraries/CMSIS/DSP/Source/FilteringFunctions/arm_conv_q7.c ****  */
  39:./Libraries/CMSIS/DSP/Source/FilteringFunctions/arm_conv_q7.c **** 
  40:./Libraries/CMSIS/DSP/Source/FilteringFunctions/arm_conv_q7.c **** /**
  41:./Libraries/CMSIS/DSP/Source/FilteringFunctions/arm_conv_q7.c ****   @brief         Convolution of Q7 sequences.
  42:./Libraries/CMSIS/DSP/Source/FilteringFunctions/arm_conv_q7.c ****   @param[in]     pSrcA      points to the first input sequence
  43:./Libraries/CMSIS/DSP/Source/FilteringFunctions/arm_conv_q7.c ****   @param[in]     srcALen    length of the first input sequence
  44:./Libraries/CMSIS/DSP/Source/FilteringFunctions/arm_conv_q7.c ****   @param[in]     pSrcB      points to the second input sequence
  45:./Libraries/CMSIS/DSP/Source/FilteringFunctions/arm_conv_q7.c ****   @param[in]     srcBLen    length of the second input sequence
  46:./Libraries/CMSIS/DSP/Source/FilteringFunctions/arm_conv_q7.c ****   @param[out]    pDst       points to the location where the output result is written.  Length srcA
  47:./Libraries/CMSIS/DSP/Source/FilteringFunctions/arm_conv_q7.c ****   @return        none
  48:./Libraries/CMSIS/DSP/Source/FilteringFunctions/arm_conv_q7.c **** 
  49:./Libraries/CMSIS/DSP/Source/FilteringFunctions/arm_conv_q7.c ****   @par           Scaling and Overflow Behavior
  50:./Libraries/CMSIS/DSP/Source/FilteringFunctions/arm_conv_q7.c ****                    The function is implemented using a 32-bit internal accumulator.
  51:./Libraries/CMSIS/DSP/Source/FilteringFunctions/arm_conv_q7.c ****                    Both the inputs are represented in 1.7 format and multiplications yield a 2.14 r
  52:./Libraries/CMSIS/DSP/Source/FilteringFunctions/arm_conv_q7.c ****                    The 2.14 intermediate results are accumulated in a 32-bit accumulator in 18.14 f
  53:./Libraries/CMSIS/DSP/Source/FilteringFunctions/arm_conv_q7.c ****                    This approach provides 17 guard bits and there is no risk of overflow as long as
  54:./Libraries/CMSIS/DSP/Source/FilteringFunctions/arm_conv_q7.c ****                    The 18.14 result is then truncated to 18.7 format by discarding the low 7 bits a
  55:./Libraries/CMSIS/DSP/Source/FilteringFunctions/arm_conv_q7.c ****   @remark
  56:./Libraries/CMSIS/DSP/Source/FilteringFunctions/arm_conv_q7.c ****                    Refer to \ref arm_conv_opt_q7() for a faster implementation of this function.
  57:./Libraries/CMSIS/DSP/Source/FilteringFunctions/arm_conv_q7.c ****  */
  58:./Libraries/CMSIS/DSP/Source/FilteringFunctions/arm_conv_q7.c **** 
  59:./Libraries/CMSIS/DSP/Source/FilteringFunctions/arm_conv_q7.c **** void arm_conv_q7(
  60:./Libraries/CMSIS/DSP/Source/FilteringFunctions/arm_conv_q7.c ****   const q7_t * pSrcA,
  61:./Libraries/CMSIS/DSP/Source/FilteringFunctions/arm_conv_q7.c ****         uint32_t srcALen,
  62:./Libraries/CMSIS/DSP/Source/FilteringFunctions/arm_conv_q7.c ****   const q7_t * pSrcB,
  63:./Libraries/CMSIS/DSP/Source/FilteringFunctions/arm_conv_q7.c ****         uint32_t srcBLen,
  64:./Libraries/CMSIS/DSP/Source/FilteringFunctions/arm_conv_q7.c ****         q7_t * pDst)
  65:./Libraries/CMSIS/DSP/Source/FilteringFunctions/arm_conv_q7.c **** {
  28              		.loc 1 65 1
  29              		.cfi_startproc
  30              		@ args = 4, pretend = 0, frame = 112
  31              		@ frame_needed = 1, uses_anonymous_args = 0
  32              		@ link register save eliminated.
  33 0000 80B4     		push	{r7}
  34              	.LCFI0:
  35              		.cfi_def_cfa_offset 4
  36              		.cfi_offset 7, -4
  37 0002 9DB0     		sub	sp, sp, #116
  38              	.LCFI1:
  39              		.cfi_def_cfa_offset 120
  40 0004 00AF     		add	r7, sp, #0
  41              	.LCFI2:
  42              		.cfi_def_cfa_register 7
  43 0006 F860     		str	r0, [r7, #12]
  44 0008 B960     		str	r1, [r7, #8]
  45 000a 7A60     		str	r2, [r7, #4]
  46 000c 3B60     		str	r3, [r7]
  66:./Libraries/CMSIS/DSP/Source/FilteringFunctions/arm_conv_q7.c **** 
  67:./Libraries/CMSIS/DSP/Source/FilteringFunctions/arm_conv_q7.c **** #if (1)
  68:./Libraries/CMSIS/DSP/Source/FilteringFunctions/arm_conv_q7.c **** //#if !defined(ARM_MATH_CM0_FAMILY)
  69:./Libraries/CMSIS/DSP/Source/FilteringFunctions/arm_conv_q7.c **** 
ARM GAS  /tmp/ccxOys7a.s 			page 3


  70:./Libraries/CMSIS/DSP/Source/FilteringFunctions/arm_conv_q7.c ****   const q7_t *pIn1;                                    /* InputA pointer */
  71:./Libraries/CMSIS/DSP/Source/FilteringFunctions/arm_conv_q7.c ****   const q7_t *pIn2;                                    /* InputB pointer */
  72:./Libraries/CMSIS/DSP/Source/FilteringFunctions/arm_conv_q7.c ****         q7_t *pOut = pDst;                             /* Output pointer */
  47              		.loc 1 72 15
  48 000e BB6F     		ldr	r3, [r7, #120]
  49 0010 7B66     		str	r3, [r7, #100]
  73:./Libraries/CMSIS/DSP/Source/FilteringFunctions/arm_conv_q7.c ****   const q7_t *px;                                      /* Intermediate inputA pointer */
  74:./Libraries/CMSIS/DSP/Source/FilteringFunctions/arm_conv_q7.c ****   const q7_t *py;                                      /* Intermediate inputB pointer */
  75:./Libraries/CMSIS/DSP/Source/FilteringFunctions/arm_conv_q7.c ****   const q7_t *pSrc1, *pSrc2;                           /* Intermediate pointers */
  76:./Libraries/CMSIS/DSP/Source/FilteringFunctions/arm_conv_q7.c ****         q31_t sum;                                     /* Accumulators */
  77:./Libraries/CMSIS/DSP/Source/FilteringFunctions/arm_conv_q7.c ****         uint32_t blockSize1, blockSize2, blockSize3;   /* Loop counters */
  78:./Libraries/CMSIS/DSP/Source/FilteringFunctions/arm_conv_q7.c ****         uint32_t j, k, count, blkCnt;                  /* Loop counters */
  79:./Libraries/CMSIS/DSP/Source/FilteringFunctions/arm_conv_q7.c **** 
  80:./Libraries/CMSIS/DSP/Source/FilteringFunctions/arm_conv_q7.c **** #if defined (ARM_MATH_LOOPUNROLL)
  81:./Libraries/CMSIS/DSP/Source/FilteringFunctions/arm_conv_q7.c ****         q31_t acc0, acc1, acc2, acc3;                  /* Accumulators */
  82:./Libraries/CMSIS/DSP/Source/FilteringFunctions/arm_conv_q7.c ****         q31_t input1, input2;                          /* Temporary input variables */
  83:./Libraries/CMSIS/DSP/Source/FilteringFunctions/arm_conv_q7.c ****         q15_t in1, in2;                                /* Temporary input variables */
  84:./Libraries/CMSIS/DSP/Source/FilteringFunctions/arm_conv_q7.c ****         q7_t x0, x1, x2, x3, c0, c1;                   /* Temporary variables to hold state and coe
  85:./Libraries/CMSIS/DSP/Source/FilteringFunctions/arm_conv_q7.c **** #endif
  86:./Libraries/CMSIS/DSP/Source/FilteringFunctions/arm_conv_q7.c **** 
  87:./Libraries/CMSIS/DSP/Source/FilteringFunctions/arm_conv_q7.c ****   /* The algorithm implementation is based on the lengths of the inputs. */
  88:./Libraries/CMSIS/DSP/Source/FilteringFunctions/arm_conv_q7.c ****   /* srcB is always made to slide across srcA. */
  89:./Libraries/CMSIS/DSP/Source/FilteringFunctions/arm_conv_q7.c ****   /* So srcBLen is always considered as shorter or equal to srcALen */
  90:./Libraries/CMSIS/DSP/Source/FilteringFunctions/arm_conv_q7.c ****   if (srcALen >= srcBLen)
  50              		.loc 1 90 6
  51 0012 BA68     		ldr	r2, [r7, #8]
  52 0014 3B68     		ldr	r3, [r7]
  53 0016 9A42     		cmp	r2, r3
  54 0018 04D3     		bcc	.L2
  91:./Libraries/CMSIS/DSP/Source/FilteringFunctions/arm_conv_q7.c ****   {
  92:./Libraries/CMSIS/DSP/Source/FilteringFunctions/arm_conv_q7.c ****     /* Initialization of inputA pointer */
  93:./Libraries/CMSIS/DSP/Source/FilteringFunctions/arm_conv_q7.c ****     pIn1 = pSrcA;
  55              		.loc 1 93 10
  56 001a FB68     		ldr	r3, [r7, #12]
  57 001c FB66     		str	r3, [r7, #108]
  94:./Libraries/CMSIS/DSP/Source/FilteringFunctions/arm_conv_q7.c **** 
  95:./Libraries/CMSIS/DSP/Source/FilteringFunctions/arm_conv_q7.c ****     /* Initialization of inputB pointer */
  96:./Libraries/CMSIS/DSP/Source/FilteringFunctions/arm_conv_q7.c ****     pIn2 = pSrcB;
  58              		.loc 1 96 10
  59 001e 7B68     		ldr	r3, [r7, #4]
  60 0020 BB66     		str	r3, [r7, #104]
  61 0022 09E0     		b	.L3
  62              	.L2:
  97:./Libraries/CMSIS/DSP/Source/FilteringFunctions/arm_conv_q7.c ****   }
  98:./Libraries/CMSIS/DSP/Source/FilteringFunctions/arm_conv_q7.c ****   else
  99:./Libraries/CMSIS/DSP/Source/FilteringFunctions/arm_conv_q7.c ****   {
 100:./Libraries/CMSIS/DSP/Source/FilteringFunctions/arm_conv_q7.c ****     /* Initialization of inputA pointer */
 101:./Libraries/CMSIS/DSP/Source/FilteringFunctions/arm_conv_q7.c ****     pIn1 = pSrcB;
  63              		.loc 1 101 10
  64 0024 7B68     		ldr	r3, [r7, #4]
  65 0026 FB66     		str	r3, [r7, #108]
 102:./Libraries/CMSIS/DSP/Source/FilteringFunctions/arm_conv_q7.c **** 
 103:./Libraries/CMSIS/DSP/Source/FilteringFunctions/arm_conv_q7.c ****     /* Initialization of inputB pointer */
 104:./Libraries/CMSIS/DSP/Source/FilteringFunctions/arm_conv_q7.c ****     pIn2 = pSrcA;
  66              		.loc 1 104 10
  67 0028 FB68     		ldr	r3, [r7, #12]
  68 002a BB66     		str	r3, [r7, #104]
ARM GAS  /tmp/ccxOys7a.s 			page 4


 105:./Libraries/CMSIS/DSP/Source/FilteringFunctions/arm_conv_q7.c **** 
 106:./Libraries/CMSIS/DSP/Source/FilteringFunctions/arm_conv_q7.c ****     /* srcBLen is always considered as shorter or equal to srcALen */
 107:./Libraries/CMSIS/DSP/Source/FilteringFunctions/arm_conv_q7.c ****     j = srcBLen;
  69              		.loc 1 107 7
  70 002c 3B68     		ldr	r3, [r7]
  71 002e FB63     		str	r3, [r7, #60]
 108:./Libraries/CMSIS/DSP/Source/FilteringFunctions/arm_conv_q7.c ****     srcBLen = srcALen;
  72              		.loc 1 108 13
  73 0030 BB68     		ldr	r3, [r7, #8]
  74 0032 3B60     		str	r3, [r7]
 109:./Libraries/CMSIS/DSP/Source/FilteringFunctions/arm_conv_q7.c ****     srcALen = j;
  75              		.loc 1 109 13
  76 0034 FB6B     		ldr	r3, [r7, #60]
  77 0036 BB60     		str	r3, [r7, #8]
  78              	.L3:
 110:./Libraries/CMSIS/DSP/Source/FilteringFunctions/arm_conv_q7.c ****   }
 111:./Libraries/CMSIS/DSP/Source/FilteringFunctions/arm_conv_q7.c **** 
 112:./Libraries/CMSIS/DSP/Source/FilteringFunctions/arm_conv_q7.c ****   /* conv(x,y) at n = x[n] * y[0] + x[n-1] * y[1] + x[n-2] * y[2] + ...+ x[n-N+1] * y[N -1] */
 113:./Libraries/CMSIS/DSP/Source/FilteringFunctions/arm_conv_q7.c ****   /* The function is internally
 114:./Libraries/CMSIS/DSP/Source/FilteringFunctions/arm_conv_q7.c ****    * divided into three stages according to the number of multiplications that has to be
 115:./Libraries/CMSIS/DSP/Source/FilteringFunctions/arm_conv_q7.c ****    * taken place between inputA samples and inputB samples. In the first stage of the
 116:./Libraries/CMSIS/DSP/Source/FilteringFunctions/arm_conv_q7.c ****    * algorithm, the multiplications increase by one for every iteration.
 117:./Libraries/CMSIS/DSP/Source/FilteringFunctions/arm_conv_q7.c ****    * In the second stage of the algorithm, srcBLen number of multiplications are done.
 118:./Libraries/CMSIS/DSP/Source/FilteringFunctions/arm_conv_q7.c ****    * In the third stage of the algorithm, the multiplications decrease by one
 119:./Libraries/CMSIS/DSP/Source/FilteringFunctions/arm_conv_q7.c ****    * for every iteration. */
 120:./Libraries/CMSIS/DSP/Source/FilteringFunctions/arm_conv_q7.c **** 
 121:./Libraries/CMSIS/DSP/Source/FilteringFunctions/arm_conv_q7.c ****   /* The algorithm is implemented in three stages.
 122:./Libraries/CMSIS/DSP/Source/FilteringFunctions/arm_conv_q7.c ****      The loop counters of each stage is initiated here. */
 123:./Libraries/CMSIS/DSP/Source/FilteringFunctions/arm_conv_q7.c ****   blockSize1 = srcBLen - 1U;
  79              		.loc 1 123 14
  80 0038 3B68     		ldr	r3, [r7]
  81 003a 013B     		subs	r3, r3, #1
  82 003c 3B65     		str	r3, [r7, #80]
 124:./Libraries/CMSIS/DSP/Source/FilteringFunctions/arm_conv_q7.c ****   blockSize2 = srcALen - (srcBLen - 1U);
  83              		.loc 1 124 24
  84 003e BA68     		ldr	r2, [r7, #8]
  85 0040 3B68     		ldr	r3, [r7]
  86 0042 D31A     		subs	r3, r2, r3
  87              		.loc 1 124 14
  88 0044 0133     		adds	r3, r3, #1
  89 0046 BB63     		str	r3, [r7, #56]
 125:./Libraries/CMSIS/DSP/Source/FilteringFunctions/arm_conv_q7.c ****   blockSize3 = blockSize1;
  90              		.loc 1 125 14
  91 0048 3B6D     		ldr	r3, [r7, #80]
  92 004a FB64     		str	r3, [r7, #76]
 126:./Libraries/CMSIS/DSP/Source/FilteringFunctions/arm_conv_q7.c **** 
 127:./Libraries/CMSIS/DSP/Source/FilteringFunctions/arm_conv_q7.c ****   /* --------------------------
 128:./Libraries/CMSIS/DSP/Source/FilteringFunctions/arm_conv_q7.c ****    * Initializations of stage1
 129:./Libraries/CMSIS/DSP/Source/FilteringFunctions/arm_conv_q7.c ****    * -------------------------*/
 130:./Libraries/CMSIS/DSP/Source/FilteringFunctions/arm_conv_q7.c **** 
 131:./Libraries/CMSIS/DSP/Source/FilteringFunctions/arm_conv_q7.c ****   /* sum = x[0] * y[0]
 132:./Libraries/CMSIS/DSP/Source/FilteringFunctions/arm_conv_q7.c ****    * sum = x[0] * y[1] + x[1] * y[0]
 133:./Libraries/CMSIS/DSP/Source/FilteringFunctions/arm_conv_q7.c ****    * ....
 134:./Libraries/CMSIS/DSP/Source/FilteringFunctions/arm_conv_q7.c ****    * sum = x[0] * y[srcBlen - 1] + x[1] * y[srcBlen - 2] +...+ x[srcBLen - 1] * y[0]
 135:./Libraries/CMSIS/DSP/Source/FilteringFunctions/arm_conv_q7.c ****    */
 136:./Libraries/CMSIS/DSP/Source/FilteringFunctions/arm_conv_q7.c **** 
 137:./Libraries/CMSIS/DSP/Source/FilteringFunctions/arm_conv_q7.c ****   /* In this stage the MAC operations are increased by 1 for every iteration.
ARM GAS  /tmp/ccxOys7a.s 			page 5


 138:./Libraries/CMSIS/DSP/Source/FilteringFunctions/arm_conv_q7.c ****      The count variable holds the number of MAC operations performed */
 139:./Libraries/CMSIS/DSP/Source/FilteringFunctions/arm_conv_q7.c ****   count = 1U;
  93              		.loc 1 139 9
  94 004c 0123     		movs	r3, #1
  95 004e 7B64     		str	r3, [r7, #68]
 140:./Libraries/CMSIS/DSP/Source/FilteringFunctions/arm_conv_q7.c **** 
 141:./Libraries/CMSIS/DSP/Source/FilteringFunctions/arm_conv_q7.c ****   /* Working pointer of inputA */
 142:./Libraries/CMSIS/DSP/Source/FilteringFunctions/arm_conv_q7.c ****   px = pIn1;
  96              		.loc 1 142 6
  97 0050 FB6E     		ldr	r3, [r7, #108]
  98 0052 3B66     		str	r3, [r7, #96]
 143:./Libraries/CMSIS/DSP/Source/FilteringFunctions/arm_conv_q7.c **** 
 144:./Libraries/CMSIS/DSP/Source/FilteringFunctions/arm_conv_q7.c ****   /* Working pointer of inputB */
 145:./Libraries/CMSIS/DSP/Source/FilteringFunctions/arm_conv_q7.c ****   py = pIn2;
  99              		.loc 1 145 6
 100 0054 BB6E     		ldr	r3, [r7, #104]
 101 0056 FB65     		str	r3, [r7, #92]
 146:./Libraries/CMSIS/DSP/Source/FilteringFunctions/arm_conv_q7.c **** 
 147:./Libraries/CMSIS/DSP/Source/FilteringFunctions/arm_conv_q7.c **** 
 148:./Libraries/CMSIS/DSP/Source/FilteringFunctions/arm_conv_q7.c ****   /* ------------------------
 149:./Libraries/CMSIS/DSP/Source/FilteringFunctions/arm_conv_q7.c ****    * Stage1 process
 150:./Libraries/CMSIS/DSP/Source/FilteringFunctions/arm_conv_q7.c ****    * ----------------------*/
 151:./Libraries/CMSIS/DSP/Source/FilteringFunctions/arm_conv_q7.c **** 
 152:./Libraries/CMSIS/DSP/Source/FilteringFunctions/arm_conv_q7.c ****   /* The first stage starts here */
 153:./Libraries/CMSIS/DSP/Source/FilteringFunctions/arm_conv_q7.c ****   while (blockSize1 > 0U)
 102              		.loc 1 153 9
 103 0058 33E0     		b	.L4
 104              	.L7:
 154:./Libraries/CMSIS/DSP/Source/FilteringFunctions/arm_conv_q7.c ****   {
 155:./Libraries/CMSIS/DSP/Source/FilteringFunctions/arm_conv_q7.c ****     /* Accumulator is made zero for every iteration */
 156:./Libraries/CMSIS/DSP/Source/FilteringFunctions/arm_conv_q7.c ****     sum = 0;
 105              		.loc 1 156 9
 106 005a 0023     		movs	r3, #0
 107 005c 7B65     		str	r3, [r7, #84]
 157:./Libraries/CMSIS/DSP/Source/FilteringFunctions/arm_conv_q7.c **** 
 158:./Libraries/CMSIS/DSP/Source/FilteringFunctions/arm_conv_q7.c **** #if defined (ARM_MATH_LOOPUNROLL)
 159:./Libraries/CMSIS/DSP/Source/FilteringFunctions/arm_conv_q7.c **** 
 160:./Libraries/CMSIS/DSP/Source/FilteringFunctions/arm_conv_q7.c ****     /* Loop unrolling: Compute 4 outputs at a time */
 161:./Libraries/CMSIS/DSP/Source/FilteringFunctions/arm_conv_q7.c ****     k = count >> 2U;
 162:./Libraries/CMSIS/DSP/Source/FilteringFunctions/arm_conv_q7.c **** 
 163:./Libraries/CMSIS/DSP/Source/FilteringFunctions/arm_conv_q7.c ****     while (k > 0U)
 164:./Libraries/CMSIS/DSP/Source/FilteringFunctions/arm_conv_q7.c ****     {
 165:./Libraries/CMSIS/DSP/Source/FilteringFunctions/arm_conv_q7.c ****       /* x[0] , x[1] */
 166:./Libraries/CMSIS/DSP/Source/FilteringFunctions/arm_conv_q7.c ****       in1 = (q15_t) *px++;
 167:./Libraries/CMSIS/DSP/Source/FilteringFunctions/arm_conv_q7.c ****       in2 = (q15_t) *px++;
 168:./Libraries/CMSIS/DSP/Source/FilteringFunctions/arm_conv_q7.c ****       input1 = ((q31_t) in1 & 0x0000FFFF) | ((q31_t) in2 << 16U);
 169:./Libraries/CMSIS/DSP/Source/FilteringFunctions/arm_conv_q7.c **** 
 170:./Libraries/CMSIS/DSP/Source/FilteringFunctions/arm_conv_q7.c ****       /* y[srcBLen - 1] , y[srcBLen - 2] */
 171:./Libraries/CMSIS/DSP/Source/FilteringFunctions/arm_conv_q7.c ****       in1 = (q15_t) *py--;
 172:./Libraries/CMSIS/DSP/Source/FilteringFunctions/arm_conv_q7.c ****       in2 = (q15_t) *py--;
 173:./Libraries/CMSIS/DSP/Source/FilteringFunctions/arm_conv_q7.c ****       input2 = ((q31_t) in1 & 0x0000FFFF) | ((q31_t) in2 << 16U);
 174:./Libraries/CMSIS/DSP/Source/FilteringFunctions/arm_conv_q7.c **** 
 175:./Libraries/CMSIS/DSP/Source/FilteringFunctions/arm_conv_q7.c ****       /* x[0] * y[srcBLen - 1] */
 176:./Libraries/CMSIS/DSP/Source/FilteringFunctions/arm_conv_q7.c ****       /* x[1] * y[srcBLen - 2] */
 177:./Libraries/CMSIS/DSP/Source/FilteringFunctions/arm_conv_q7.c ****       sum = __SMLAD(input1, input2, sum);
 178:./Libraries/CMSIS/DSP/Source/FilteringFunctions/arm_conv_q7.c **** 
 179:./Libraries/CMSIS/DSP/Source/FilteringFunctions/arm_conv_q7.c ****       /* x[2] , x[3] */
ARM GAS  /tmp/ccxOys7a.s 			page 6


 180:./Libraries/CMSIS/DSP/Source/FilteringFunctions/arm_conv_q7.c ****       in1 = (q15_t) *px++;
 181:./Libraries/CMSIS/DSP/Source/FilteringFunctions/arm_conv_q7.c ****       in2 = (q15_t) *px++;
 182:./Libraries/CMSIS/DSP/Source/FilteringFunctions/arm_conv_q7.c ****       input1 = ((q31_t) in1 & 0x0000FFFF) | ((q31_t) in2 << 16U);
 183:./Libraries/CMSIS/DSP/Source/FilteringFunctions/arm_conv_q7.c **** 
 184:./Libraries/CMSIS/DSP/Source/FilteringFunctions/arm_conv_q7.c ****       /* y[srcBLen - 3] , y[srcBLen - 4] */
 185:./Libraries/CMSIS/DSP/Source/FilteringFunctions/arm_conv_q7.c ****       in1 = (q15_t) *py--;
 186:./Libraries/CMSIS/DSP/Source/FilteringFunctions/arm_conv_q7.c ****       in2 = (q15_t) *py--;
 187:./Libraries/CMSIS/DSP/Source/FilteringFunctions/arm_conv_q7.c ****       input2 = ((q31_t) in1 & 0x0000FFFF) | ((q31_t) in2 << 16U);
 188:./Libraries/CMSIS/DSP/Source/FilteringFunctions/arm_conv_q7.c **** 
 189:./Libraries/CMSIS/DSP/Source/FilteringFunctions/arm_conv_q7.c ****       /* x[2] * y[srcBLen - 3] */
 190:./Libraries/CMSIS/DSP/Source/FilteringFunctions/arm_conv_q7.c ****       /* x[3] * y[srcBLen - 4] */
 191:./Libraries/CMSIS/DSP/Source/FilteringFunctions/arm_conv_q7.c ****       sum = __SMLAD(input1, input2, sum);
 192:./Libraries/CMSIS/DSP/Source/FilteringFunctions/arm_conv_q7.c **** 
 193:./Libraries/CMSIS/DSP/Source/FilteringFunctions/arm_conv_q7.c ****       /* Decrement loop counter */
 194:./Libraries/CMSIS/DSP/Source/FilteringFunctions/arm_conv_q7.c ****       k--;
 195:./Libraries/CMSIS/DSP/Source/FilteringFunctions/arm_conv_q7.c ****     }
 196:./Libraries/CMSIS/DSP/Source/FilteringFunctions/arm_conv_q7.c **** 
 197:./Libraries/CMSIS/DSP/Source/FilteringFunctions/arm_conv_q7.c ****     /* Loop unrolling: Compute remaining outputs */
 198:./Libraries/CMSIS/DSP/Source/FilteringFunctions/arm_conv_q7.c ****     k = count % 0x4U;
 199:./Libraries/CMSIS/DSP/Source/FilteringFunctions/arm_conv_q7.c **** 
 200:./Libraries/CMSIS/DSP/Source/FilteringFunctions/arm_conv_q7.c **** #else
 201:./Libraries/CMSIS/DSP/Source/FilteringFunctions/arm_conv_q7.c **** 
 202:./Libraries/CMSIS/DSP/Source/FilteringFunctions/arm_conv_q7.c ****     /* Initialize k with number of samples */
 203:./Libraries/CMSIS/DSP/Source/FilteringFunctions/arm_conv_q7.c ****     k = count;
 108              		.loc 1 203 7
 109 005e 7B6C     		ldr	r3, [r7, #68]
 110 0060 BB64     		str	r3, [r7, #72]
 204:./Libraries/CMSIS/DSP/Source/FilteringFunctions/arm_conv_q7.c **** 
 205:./Libraries/CMSIS/DSP/Source/FilteringFunctions/arm_conv_q7.c **** #endif /* #if defined (ARM_MATH_LOOPUNROLL) */
 206:./Libraries/CMSIS/DSP/Source/FilteringFunctions/arm_conv_q7.c **** 
 207:./Libraries/CMSIS/DSP/Source/FilteringFunctions/arm_conv_q7.c ****     while (k > 0U)
 111              		.loc 1 207 11
 112 0062 12E0     		b	.L5
 113              	.L6:
 208:./Libraries/CMSIS/DSP/Source/FilteringFunctions/arm_conv_q7.c ****     {
 209:./Libraries/CMSIS/DSP/Source/FilteringFunctions/arm_conv_q7.c ****       /* Perform the multiply-accumulate */
 210:./Libraries/CMSIS/DSP/Source/FilteringFunctions/arm_conv_q7.c ****       sum += ((q15_t) *px++ * *py--);
 114              		.loc 1 210 26
 115 0064 3B6E     		ldr	r3, [r7, #96]
 116 0066 5A1C     		adds	r2, r3, #1
 117 0068 3A66     		str	r2, [r7, #96]
 118              		.loc 1 210 23
 119 006a 93F90030 		ldrsb	r3, [r3]
 120              		.loc 1 210 15
 121 006e 1946     		mov	r1, r3
 122              		.loc 1 210 34
 123 0070 FB6D     		ldr	r3, [r7, #92]
 124 0072 5A1E     		subs	r2, r3, #1
 125 0074 FA65     		str	r2, [r7, #92]
 126              		.loc 1 210 31
 127 0076 93F90030 		ldrsb	r3, [r3]
 128              		.loc 1 210 29
 129 007a 03FB01F3 		mul	r3, r3, r1
 130              		.loc 1 210 11
 131 007e 7A6D     		ldr	r2, [r7, #84]
 132 0080 1344     		add	r3, r3, r2
 133 0082 7B65     		str	r3, [r7, #84]
ARM GAS  /tmp/ccxOys7a.s 			page 7


 211:./Libraries/CMSIS/DSP/Source/FilteringFunctions/arm_conv_q7.c **** 
 212:./Libraries/CMSIS/DSP/Source/FilteringFunctions/arm_conv_q7.c ****       /* Decrement loop counter */
 213:./Libraries/CMSIS/DSP/Source/FilteringFunctions/arm_conv_q7.c ****       k--;
 134              		.loc 1 213 8
 135 0084 BB6C     		ldr	r3, [r7, #72]
 136 0086 013B     		subs	r3, r3, #1
 137 0088 BB64     		str	r3, [r7, #72]
 138              	.L5:
 207:./Libraries/CMSIS/DSP/Source/FilteringFunctions/arm_conv_q7.c ****     {
 139              		.loc 1 207 11
 140 008a BB6C     		ldr	r3, [r7, #72]
 141 008c 002B     		cmp	r3, #0
 142 008e E9D1     		bne	.L6
 143              	.LBB2:
 214:./Libraries/CMSIS/DSP/Source/FilteringFunctions/arm_conv_q7.c ****     }
 215:./Libraries/CMSIS/DSP/Source/FilteringFunctions/arm_conv_q7.c **** 
 216:./Libraries/CMSIS/DSP/Source/FilteringFunctions/arm_conv_q7.c ****     /* Store the result in the accumulator in the destination buffer. */
 217:./Libraries/CMSIS/DSP/Source/FilteringFunctions/arm_conv_q7.c ****     *pOut++ = (q7_t) (__SSAT(sum >> 7U, 8));
 144              		.loc 1 217 23
 145 0090 7B6D     		ldr	r3, [r7, #84]
 146 0092 DB11     		asrs	r3, r3, #7
 147 0094 BB61     		str	r3, [r7, #24]
 148 0096 BB69     		ldr	r3, [r7, #24]
 149              		.syntax unified
 150              	@ 217 "./Libraries/CMSIS/DSP/Source/FilteringFunctions/arm_conv_q7.c" 1
 151 0098 03F30703 		ssat r3, #8, r3
 152              	@ 0 "" 2
 153              		.thumb
 154              		.syntax unified
 155 009c 7B61     		str	r3, [r7, #20]
 156 009e 7969     		ldr	r1, [r7, #20]
 157              	.LBE2:
 158              		.loc 1 217 10
 159 00a0 7B6E     		ldr	r3, [r7, #100]
 160 00a2 5A1C     		adds	r2, r3, #1
 161 00a4 7A66     		str	r2, [r7, #100]
 162              		.loc 1 217 15
 163 00a6 4AB2     		sxtb	r2, r1
 164              		.loc 1 217 13
 165 00a8 1A70     		strb	r2, [r3]
 218:./Libraries/CMSIS/DSP/Source/FilteringFunctions/arm_conv_q7.c **** 
 219:./Libraries/CMSIS/DSP/Source/FilteringFunctions/arm_conv_q7.c ****     /* Update the inputA and inputB pointers for next MAC calculation */
 220:./Libraries/CMSIS/DSP/Source/FilteringFunctions/arm_conv_q7.c ****     py = pIn2 + count;
 166              		.loc 1 220 8
 167 00aa BA6E     		ldr	r2, [r7, #104]
 168 00ac 7B6C     		ldr	r3, [r7, #68]
 169 00ae 1344     		add	r3, r3, r2
 170 00b0 FB65     		str	r3, [r7, #92]
 221:./Libraries/CMSIS/DSP/Source/FilteringFunctions/arm_conv_q7.c ****     px = pIn1;
 171              		.loc 1 221 8
 172 00b2 FB6E     		ldr	r3, [r7, #108]
 173 00b4 3B66     		str	r3, [r7, #96]
 222:./Libraries/CMSIS/DSP/Source/FilteringFunctions/arm_conv_q7.c **** 
 223:./Libraries/CMSIS/DSP/Source/FilteringFunctions/arm_conv_q7.c ****     /* Increment MAC count */
 224:./Libraries/CMSIS/DSP/Source/FilteringFunctions/arm_conv_q7.c ****     count++;
 174              		.loc 1 224 10
 175 00b6 7B6C     		ldr	r3, [r7, #68]
ARM GAS  /tmp/ccxOys7a.s 			page 8


 176 00b8 0133     		adds	r3, r3, #1
 177 00ba 7B64     		str	r3, [r7, #68]
 225:./Libraries/CMSIS/DSP/Source/FilteringFunctions/arm_conv_q7.c **** 
 226:./Libraries/CMSIS/DSP/Source/FilteringFunctions/arm_conv_q7.c ****     /* Decrement loop counter */
 227:./Libraries/CMSIS/DSP/Source/FilteringFunctions/arm_conv_q7.c ****     blockSize1--;
 178              		.loc 1 227 15
 179 00bc 3B6D     		ldr	r3, [r7, #80]
 180 00be 013B     		subs	r3, r3, #1
 181 00c0 3B65     		str	r3, [r7, #80]
 182              	.L4:
 153:./Libraries/CMSIS/DSP/Source/FilteringFunctions/arm_conv_q7.c ****   {
 183              		.loc 1 153 9
 184 00c2 3B6D     		ldr	r3, [r7, #80]
 185 00c4 002B     		cmp	r3, #0
 186 00c6 C8D1     		bne	.L7
 228:./Libraries/CMSIS/DSP/Source/FilteringFunctions/arm_conv_q7.c ****   }
 229:./Libraries/CMSIS/DSP/Source/FilteringFunctions/arm_conv_q7.c **** 
 230:./Libraries/CMSIS/DSP/Source/FilteringFunctions/arm_conv_q7.c ****   /* --------------------------
 231:./Libraries/CMSIS/DSP/Source/FilteringFunctions/arm_conv_q7.c ****    * Initializations of stage2
 232:./Libraries/CMSIS/DSP/Source/FilteringFunctions/arm_conv_q7.c ****    * ------------------------*/
 233:./Libraries/CMSIS/DSP/Source/FilteringFunctions/arm_conv_q7.c **** 
 234:./Libraries/CMSIS/DSP/Source/FilteringFunctions/arm_conv_q7.c ****   /* sum = x[0] * y[srcBLen-1] + x[1] * y[srcBLen-2] +...+ x[srcBLen-1] * y[0]
 235:./Libraries/CMSIS/DSP/Source/FilteringFunctions/arm_conv_q7.c ****    * sum = x[1] * y[srcBLen-1] + x[2] * y[srcBLen-2] +...+ x[srcBLen]   * y[0]
 236:./Libraries/CMSIS/DSP/Source/FilteringFunctions/arm_conv_q7.c ****    * ....
 237:./Libraries/CMSIS/DSP/Source/FilteringFunctions/arm_conv_q7.c ****    * sum = x[srcALen-srcBLen-2] * y[srcBLen-1] + x[srcALen] * y[srcBLen-2] +...+ x[srcALen-1] * y[0
 238:./Libraries/CMSIS/DSP/Source/FilteringFunctions/arm_conv_q7.c ****    */
 239:./Libraries/CMSIS/DSP/Source/FilteringFunctions/arm_conv_q7.c **** 
 240:./Libraries/CMSIS/DSP/Source/FilteringFunctions/arm_conv_q7.c ****   /* Working pointer of inputA */
 241:./Libraries/CMSIS/DSP/Source/FilteringFunctions/arm_conv_q7.c ****   px = pIn1;
 187              		.loc 1 241 6
 188 00c8 FB6E     		ldr	r3, [r7, #108]
 189 00ca 3B66     		str	r3, [r7, #96]
 242:./Libraries/CMSIS/DSP/Source/FilteringFunctions/arm_conv_q7.c **** 
 243:./Libraries/CMSIS/DSP/Source/FilteringFunctions/arm_conv_q7.c ****   /* Working pointer of inputB */
 244:./Libraries/CMSIS/DSP/Source/FilteringFunctions/arm_conv_q7.c ****   pSrc2 = pIn2 + (srcBLen - 1U);
 190              		.loc 1 244 16
 191 00cc 3B68     		ldr	r3, [r7]
 192 00ce 013B     		subs	r3, r3, #1
 193              		.loc 1 244 9
 194 00d0 BA6E     		ldr	r2, [r7, #104]
 195 00d2 1344     		add	r3, r3, r2
 196 00d4 7B63     		str	r3, [r7, #52]
 245:./Libraries/CMSIS/DSP/Source/FilteringFunctions/arm_conv_q7.c ****   py = pSrc2;
 197              		.loc 1 245 6
 198 00d6 7B6B     		ldr	r3, [r7, #52]
 199 00d8 FB65     		str	r3, [r7, #92]
 246:./Libraries/CMSIS/DSP/Source/FilteringFunctions/arm_conv_q7.c **** 
 247:./Libraries/CMSIS/DSP/Source/FilteringFunctions/arm_conv_q7.c ****   /* count is index by which the pointer pIn1 to be incremented */
 248:./Libraries/CMSIS/DSP/Source/FilteringFunctions/arm_conv_q7.c ****   count = 0U;
 200              		.loc 1 248 9
 201 00da 0023     		movs	r3, #0
 202 00dc 7B64     		str	r3, [r7, #68]
 249:./Libraries/CMSIS/DSP/Source/FilteringFunctions/arm_conv_q7.c **** 
 250:./Libraries/CMSIS/DSP/Source/FilteringFunctions/arm_conv_q7.c ****   /* -------------------
 251:./Libraries/CMSIS/DSP/Source/FilteringFunctions/arm_conv_q7.c ****    * Stage2 process
 252:./Libraries/CMSIS/DSP/Source/FilteringFunctions/arm_conv_q7.c ****    * ------------------*/
 253:./Libraries/CMSIS/DSP/Source/FilteringFunctions/arm_conv_q7.c **** 
ARM GAS  /tmp/ccxOys7a.s 			page 9


 254:./Libraries/CMSIS/DSP/Source/FilteringFunctions/arm_conv_q7.c ****   /* Stage2 depends on srcBLen as in this stage srcBLen number of MACS are performed.
 255:./Libraries/CMSIS/DSP/Source/FilteringFunctions/arm_conv_q7.c ****    * So, to loop unroll over blockSize2,
 256:./Libraries/CMSIS/DSP/Source/FilteringFunctions/arm_conv_q7.c ****    * srcBLen should be greater than or equal to 4 */
 257:./Libraries/CMSIS/DSP/Source/FilteringFunctions/arm_conv_q7.c ****   if (srcBLen >= 4U)
 203              		.loc 1 257 6
 204 00de 3B68     		ldr	r3, [r7]
 205 00e0 032B     		cmp	r3, #3
 206 00e2 3AD9     		bls	.L8
 258:./Libraries/CMSIS/DSP/Source/FilteringFunctions/arm_conv_q7.c ****   {
 259:./Libraries/CMSIS/DSP/Source/FilteringFunctions/arm_conv_q7.c **** #if defined (ARM_MATH_LOOPUNROLL)
 260:./Libraries/CMSIS/DSP/Source/FilteringFunctions/arm_conv_q7.c **** 
 261:./Libraries/CMSIS/DSP/Source/FilteringFunctions/arm_conv_q7.c ****     /* Loop unrolling: Compute 4 outputs at a time */
 262:./Libraries/CMSIS/DSP/Source/FilteringFunctions/arm_conv_q7.c ****     blkCnt = blockSize2 >> 2U;
 263:./Libraries/CMSIS/DSP/Source/FilteringFunctions/arm_conv_q7.c **** 
 264:./Libraries/CMSIS/DSP/Source/FilteringFunctions/arm_conv_q7.c ****     while (blkCnt > 0U)
 265:./Libraries/CMSIS/DSP/Source/FilteringFunctions/arm_conv_q7.c ****     {
 266:./Libraries/CMSIS/DSP/Source/FilteringFunctions/arm_conv_q7.c ****       /* Set all accumulators to zero */
 267:./Libraries/CMSIS/DSP/Source/FilteringFunctions/arm_conv_q7.c ****       acc0 = 0;
 268:./Libraries/CMSIS/DSP/Source/FilteringFunctions/arm_conv_q7.c ****       acc1 = 0;
 269:./Libraries/CMSIS/DSP/Source/FilteringFunctions/arm_conv_q7.c ****       acc2 = 0;
 270:./Libraries/CMSIS/DSP/Source/FilteringFunctions/arm_conv_q7.c ****       acc3 = 0;
 271:./Libraries/CMSIS/DSP/Source/FilteringFunctions/arm_conv_q7.c **** 
 272:./Libraries/CMSIS/DSP/Source/FilteringFunctions/arm_conv_q7.c ****       /* read x[0], x[1], x[2] samples */
 273:./Libraries/CMSIS/DSP/Source/FilteringFunctions/arm_conv_q7.c ****       x0 = *px++;
 274:./Libraries/CMSIS/DSP/Source/FilteringFunctions/arm_conv_q7.c ****       x1 = *px++;
 275:./Libraries/CMSIS/DSP/Source/FilteringFunctions/arm_conv_q7.c ****       x2 = *px++;
 276:./Libraries/CMSIS/DSP/Source/FilteringFunctions/arm_conv_q7.c **** 
 277:./Libraries/CMSIS/DSP/Source/FilteringFunctions/arm_conv_q7.c ****       /* Apply loop unrolling and compute 4 MACs simultaneously. */
 278:./Libraries/CMSIS/DSP/Source/FilteringFunctions/arm_conv_q7.c ****       k = srcBLen >> 2U;
 279:./Libraries/CMSIS/DSP/Source/FilteringFunctions/arm_conv_q7.c **** 
 280:./Libraries/CMSIS/DSP/Source/FilteringFunctions/arm_conv_q7.c ****       /* First part of the processing with loop unrolling.  Compute 4 MACs at a time.
 281:./Libraries/CMSIS/DSP/Source/FilteringFunctions/arm_conv_q7.c ****        ** a second loop below computes MACs for the remaining 1 to 3 samples. */
 282:./Libraries/CMSIS/DSP/Source/FilteringFunctions/arm_conv_q7.c ****       do
 283:./Libraries/CMSIS/DSP/Source/FilteringFunctions/arm_conv_q7.c ****       {
 284:./Libraries/CMSIS/DSP/Source/FilteringFunctions/arm_conv_q7.c ****         /* Read y[srcBLen - 1] sample */
 285:./Libraries/CMSIS/DSP/Source/FilteringFunctions/arm_conv_q7.c ****         c0 = *py--;
 286:./Libraries/CMSIS/DSP/Source/FilteringFunctions/arm_conv_q7.c ****         /* Read y[srcBLen - 2] sample */
 287:./Libraries/CMSIS/DSP/Source/FilteringFunctions/arm_conv_q7.c ****         c1 = *py--;
 288:./Libraries/CMSIS/DSP/Source/FilteringFunctions/arm_conv_q7.c **** 
 289:./Libraries/CMSIS/DSP/Source/FilteringFunctions/arm_conv_q7.c ****         /* Read x[3] sample */
 290:./Libraries/CMSIS/DSP/Source/FilteringFunctions/arm_conv_q7.c ****         x3 = *px++;
 291:./Libraries/CMSIS/DSP/Source/FilteringFunctions/arm_conv_q7.c **** 
 292:./Libraries/CMSIS/DSP/Source/FilteringFunctions/arm_conv_q7.c ****         /* x[0] and x[1] are packed */
 293:./Libraries/CMSIS/DSP/Source/FilteringFunctions/arm_conv_q7.c ****         in1 = (q15_t) x0;
 294:./Libraries/CMSIS/DSP/Source/FilteringFunctions/arm_conv_q7.c ****         in2 = (q15_t) x1;
 295:./Libraries/CMSIS/DSP/Source/FilteringFunctions/arm_conv_q7.c **** 
 296:./Libraries/CMSIS/DSP/Source/FilteringFunctions/arm_conv_q7.c ****         input1 = ((q31_t) in1 & 0x0000FFFF) | ((q31_t) in2 << 16U);
 297:./Libraries/CMSIS/DSP/Source/FilteringFunctions/arm_conv_q7.c **** 
 298:./Libraries/CMSIS/DSP/Source/FilteringFunctions/arm_conv_q7.c ****         /* y[srcBLen - 1]   and y[srcBLen - 2] are packed */
 299:./Libraries/CMSIS/DSP/Source/FilteringFunctions/arm_conv_q7.c ****         in1 = (q15_t) c0;
 300:./Libraries/CMSIS/DSP/Source/FilteringFunctions/arm_conv_q7.c ****         in2 = (q15_t) c1;
 301:./Libraries/CMSIS/DSP/Source/FilteringFunctions/arm_conv_q7.c **** 
 302:./Libraries/CMSIS/DSP/Source/FilteringFunctions/arm_conv_q7.c ****         input2 = ((q31_t) in1 & 0x0000FFFF) | ((q31_t) in2 << 16U);
 303:./Libraries/CMSIS/DSP/Source/FilteringFunctions/arm_conv_q7.c **** 
 304:./Libraries/CMSIS/DSP/Source/FilteringFunctions/arm_conv_q7.c ****         /* acc0 += x[0] * y[srcBLen - 1] + x[1] * y[srcBLen - 2]  */
 305:./Libraries/CMSIS/DSP/Source/FilteringFunctions/arm_conv_q7.c ****         acc0 = __SMLAD(input1, input2, acc0);
 306:./Libraries/CMSIS/DSP/Source/FilteringFunctions/arm_conv_q7.c **** 
ARM GAS  /tmp/ccxOys7a.s 			page 10


 307:./Libraries/CMSIS/DSP/Source/FilteringFunctions/arm_conv_q7.c ****         /* x[1] and x[2] are packed */
 308:./Libraries/CMSIS/DSP/Source/FilteringFunctions/arm_conv_q7.c ****         in1 = (q15_t) x1;
 309:./Libraries/CMSIS/DSP/Source/FilteringFunctions/arm_conv_q7.c ****         in2 = (q15_t) x2;
 310:./Libraries/CMSIS/DSP/Source/FilteringFunctions/arm_conv_q7.c **** 
 311:./Libraries/CMSIS/DSP/Source/FilteringFunctions/arm_conv_q7.c ****         input1 = ((q31_t) in1 & 0x0000FFFF) | ((q31_t) in2 << 16U);
 312:./Libraries/CMSIS/DSP/Source/FilteringFunctions/arm_conv_q7.c **** 
 313:./Libraries/CMSIS/DSP/Source/FilteringFunctions/arm_conv_q7.c ****         /* acc1 += x[1] * y[srcBLen - 1] + x[2] * y[srcBLen - 2]  */
 314:./Libraries/CMSIS/DSP/Source/FilteringFunctions/arm_conv_q7.c ****         acc1 = __SMLAD(input1, input2, acc1);
 315:./Libraries/CMSIS/DSP/Source/FilteringFunctions/arm_conv_q7.c **** 
 316:./Libraries/CMSIS/DSP/Source/FilteringFunctions/arm_conv_q7.c ****         /* x[2] and x[3] are packed */
 317:./Libraries/CMSIS/DSP/Source/FilteringFunctions/arm_conv_q7.c ****         in1 = (q15_t) x2;
 318:./Libraries/CMSIS/DSP/Source/FilteringFunctions/arm_conv_q7.c ****         in2 = (q15_t) x3;
 319:./Libraries/CMSIS/DSP/Source/FilteringFunctions/arm_conv_q7.c **** 
 320:./Libraries/CMSIS/DSP/Source/FilteringFunctions/arm_conv_q7.c ****         input1 = ((q31_t) in1 & 0x0000FFFF) | ((q31_t) in2 << 16U);
 321:./Libraries/CMSIS/DSP/Source/FilteringFunctions/arm_conv_q7.c **** 
 322:./Libraries/CMSIS/DSP/Source/FilteringFunctions/arm_conv_q7.c ****         /* acc2 += x[2] * y[srcBLen - 1] + x[3] * y[srcBLen - 2]  */
 323:./Libraries/CMSIS/DSP/Source/FilteringFunctions/arm_conv_q7.c ****         acc2 = __SMLAD(input1, input2, acc2);
 324:./Libraries/CMSIS/DSP/Source/FilteringFunctions/arm_conv_q7.c **** 
 325:./Libraries/CMSIS/DSP/Source/FilteringFunctions/arm_conv_q7.c ****         /* Read x[4] sample */
 326:./Libraries/CMSIS/DSP/Source/FilteringFunctions/arm_conv_q7.c ****         x0 = *px++;
 327:./Libraries/CMSIS/DSP/Source/FilteringFunctions/arm_conv_q7.c **** 
 328:./Libraries/CMSIS/DSP/Source/FilteringFunctions/arm_conv_q7.c ****         /* x[3] and x[4] are packed */
 329:./Libraries/CMSIS/DSP/Source/FilteringFunctions/arm_conv_q7.c ****         in1 = (q15_t) x3;
 330:./Libraries/CMSIS/DSP/Source/FilteringFunctions/arm_conv_q7.c ****         in2 = (q15_t) x0;
 331:./Libraries/CMSIS/DSP/Source/FilteringFunctions/arm_conv_q7.c **** 
 332:./Libraries/CMSIS/DSP/Source/FilteringFunctions/arm_conv_q7.c ****         input1 = ((q31_t) in1 & 0x0000FFFF) | ((q31_t) in2 << 16U);
 333:./Libraries/CMSIS/DSP/Source/FilteringFunctions/arm_conv_q7.c **** 
 334:./Libraries/CMSIS/DSP/Source/FilteringFunctions/arm_conv_q7.c ****         /* acc3 += x[3] * y[srcBLen - 1] + x[4] * y[srcBLen - 2]  */
 335:./Libraries/CMSIS/DSP/Source/FilteringFunctions/arm_conv_q7.c ****         acc3 = __SMLAD(input1, input2, acc3);
 336:./Libraries/CMSIS/DSP/Source/FilteringFunctions/arm_conv_q7.c **** 
 337:./Libraries/CMSIS/DSP/Source/FilteringFunctions/arm_conv_q7.c ****         /* Read y[srcBLen - 3] sample */
 338:./Libraries/CMSIS/DSP/Source/FilteringFunctions/arm_conv_q7.c ****         c0 = *py--;
 339:./Libraries/CMSIS/DSP/Source/FilteringFunctions/arm_conv_q7.c ****         /* Read y[srcBLen - 4] sample */
 340:./Libraries/CMSIS/DSP/Source/FilteringFunctions/arm_conv_q7.c ****         c1 = *py--;
 341:./Libraries/CMSIS/DSP/Source/FilteringFunctions/arm_conv_q7.c **** 
 342:./Libraries/CMSIS/DSP/Source/FilteringFunctions/arm_conv_q7.c ****         /* Read x[5] sample */
 343:./Libraries/CMSIS/DSP/Source/FilteringFunctions/arm_conv_q7.c ****         x1 = *px++;
 344:./Libraries/CMSIS/DSP/Source/FilteringFunctions/arm_conv_q7.c **** 
 345:./Libraries/CMSIS/DSP/Source/FilteringFunctions/arm_conv_q7.c ****         /* x[2] and x[3] are packed */
 346:./Libraries/CMSIS/DSP/Source/FilteringFunctions/arm_conv_q7.c ****         in1 = (q15_t) x2;
 347:./Libraries/CMSIS/DSP/Source/FilteringFunctions/arm_conv_q7.c ****         in2 = (q15_t) x3;
 348:./Libraries/CMSIS/DSP/Source/FilteringFunctions/arm_conv_q7.c **** 
 349:./Libraries/CMSIS/DSP/Source/FilteringFunctions/arm_conv_q7.c ****         input1 = ((q31_t) in1 & 0x0000FFFF) | ((q31_t) in2 << 16U);
 350:./Libraries/CMSIS/DSP/Source/FilteringFunctions/arm_conv_q7.c **** 
 351:./Libraries/CMSIS/DSP/Source/FilteringFunctions/arm_conv_q7.c ****         /* y[srcBLen - 3] and y[srcBLen - 4] are packed */
 352:./Libraries/CMSIS/DSP/Source/FilteringFunctions/arm_conv_q7.c ****         in1 = (q15_t) c0;
 353:./Libraries/CMSIS/DSP/Source/FilteringFunctions/arm_conv_q7.c ****         in2 = (q15_t) c1;
 354:./Libraries/CMSIS/DSP/Source/FilteringFunctions/arm_conv_q7.c **** 
 355:./Libraries/CMSIS/DSP/Source/FilteringFunctions/arm_conv_q7.c ****         input2 = ((q31_t) in1 & 0x0000FFFF) | ((q31_t) in2 << 16U);
 356:./Libraries/CMSIS/DSP/Source/FilteringFunctions/arm_conv_q7.c **** 
 357:./Libraries/CMSIS/DSP/Source/FilteringFunctions/arm_conv_q7.c ****         /* acc0 += x[2] * y[srcBLen - 3] + x[3] * y[srcBLen - 4]  */
 358:./Libraries/CMSIS/DSP/Source/FilteringFunctions/arm_conv_q7.c ****         acc0 = __SMLAD(input1, input2, acc0);
 359:./Libraries/CMSIS/DSP/Source/FilteringFunctions/arm_conv_q7.c **** 
 360:./Libraries/CMSIS/DSP/Source/FilteringFunctions/arm_conv_q7.c ****         /* x[3] and x[4] are packed */
 361:./Libraries/CMSIS/DSP/Source/FilteringFunctions/arm_conv_q7.c ****         in1 = (q15_t) x3;
 362:./Libraries/CMSIS/DSP/Source/FilteringFunctions/arm_conv_q7.c ****         in2 = (q15_t) x0;
 363:./Libraries/CMSIS/DSP/Source/FilteringFunctions/arm_conv_q7.c **** 
ARM GAS  /tmp/ccxOys7a.s 			page 11


 364:./Libraries/CMSIS/DSP/Source/FilteringFunctions/arm_conv_q7.c ****         input1 = ((q31_t) in1 & 0x0000FFFF) | ((q31_t) in2 << 16U);
 365:./Libraries/CMSIS/DSP/Source/FilteringFunctions/arm_conv_q7.c **** 
 366:./Libraries/CMSIS/DSP/Source/FilteringFunctions/arm_conv_q7.c ****         /* acc1 += x[3] * y[srcBLen - 3] + x[4] * y[srcBLen - 4]  */
 367:./Libraries/CMSIS/DSP/Source/FilteringFunctions/arm_conv_q7.c ****         acc1 = __SMLAD(input1, input2, acc1);
 368:./Libraries/CMSIS/DSP/Source/FilteringFunctions/arm_conv_q7.c **** 
 369:./Libraries/CMSIS/DSP/Source/FilteringFunctions/arm_conv_q7.c ****         /* x[4] and x[5] are packed */
 370:./Libraries/CMSIS/DSP/Source/FilteringFunctions/arm_conv_q7.c ****         in1 = (q15_t) x0;
 371:./Libraries/CMSIS/DSP/Source/FilteringFunctions/arm_conv_q7.c ****         in2 = (q15_t) x1;
 372:./Libraries/CMSIS/DSP/Source/FilteringFunctions/arm_conv_q7.c **** 
 373:./Libraries/CMSIS/DSP/Source/FilteringFunctions/arm_conv_q7.c ****         input1 = ((q31_t) in1 & 0x0000FFFF) | ((q31_t) in2 << 16U);
 374:./Libraries/CMSIS/DSP/Source/FilteringFunctions/arm_conv_q7.c **** 
 375:./Libraries/CMSIS/DSP/Source/FilteringFunctions/arm_conv_q7.c ****         /* acc2 += x[4] * y[srcBLen - 3] + x[5] * y[srcBLen - 4]  */
 376:./Libraries/CMSIS/DSP/Source/FilteringFunctions/arm_conv_q7.c ****         acc2 = __SMLAD(input1, input2, acc2);
 377:./Libraries/CMSIS/DSP/Source/FilteringFunctions/arm_conv_q7.c **** 
 378:./Libraries/CMSIS/DSP/Source/FilteringFunctions/arm_conv_q7.c ****         /* Read x[6] sample */
 379:./Libraries/CMSIS/DSP/Source/FilteringFunctions/arm_conv_q7.c ****         x2 = *px++;
 380:./Libraries/CMSIS/DSP/Source/FilteringFunctions/arm_conv_q7.c **** 
 381:./Libraries/CMSIS/DSP/Source/FilteringFunctions/arm_conv_q7.c ****         /* x[5] and x[6] are packed */
 382:./Libraries/CMSIS/DSP/Source/FilteringFunctions/arm_conv_q7.c ****         in1 = (q15_t) x1;
 383:./Libraries/CMSIS/DSP/Source/FilteringFunctions/arm_conv_q7.c ****         in2 = (q15_t) x2;
 384:./Libraries/CMSIS/DSP/Source/FilteringFunctions/arm_conv_q7.c **** 
 385:./Libraries/CMSIS/DSP/Source/FilteringFunctions/arm_conv_q7.c ****         input1 = ((q31_t) in1 & 0x0000FFFF) | ((q31_t) in2 << 16U);
 386:./Libraries/CMSIS/DSP/Source/FilteringFunctions/arm_conv_q7.c **** 
 387:./Libraries/CMSIS/DSP/Source/FilteringFunctions/arm_conv_q7.c ****         /* acc3 += x[5] * y[srcBLen - 3] + x[6] * y[srcBLen - 4]  */
 388:./Libraries/CMSIS/DSP/Source/FilteringFunctions/arm_conv_q7.c ****         acc3 = __SMLAD(input1, input2, acc3);
 389:./Libraries/CMSIS/DSP/Source/FilteringFunctions/arm_conv_q7.c **** 
 390:./Libraries/CMSIS/DSP/Source/FilteringFunctions/arm_conv_q7.c ****       } while (--k);
 391:./Libraries/CMSIS/DSP/Source/FilteringFunctions/arm_conv_q7.c **** 
 392:./Libraries/CMSIS/DSP/Source/FilteringFunctions/arm_conv_q7.c ****       /* If the srcBLen is not a multiple of 4, compute any remaining MACs here.
 393:./Libraries/CMSIS/DSP/Source/FilteringFunctions/arm_conv_q7.c ****        ** No loop unrolling is used. */
 394:./Libraries/CMSIS/DSP/Source/FilteringFunctions/arm_conv_q7.c ****       k = srcBLen % 0x4U;
 395:./Libraries/CMSIS/DSP/Source/FilteringFunctions/arm_conv_q7.c **** 
 396:./Libraries/CMSIS/DSP/Source/FilteringFunctions/arm_conv_q7.c ****       while (k > 0U)
 397:./Libraries/CMSIS/DSP/Source/FilteringFunctions/arm_conv_q7.c ****       {
 398:./Libraries/CMSIS/DSP/Source/FilteringFunctions/arm_conv_q7.c ****         /* Read y[srcBLen - 5] sample */
 399:./Libraries/CMSIS/DSP/Source/FilteringFunctions/arm_conv_q7.c ****         c0 = *py--;
 400:./Libraries/CMSIS/DSP/Source/FilteringFunctions/arm_conv_q7.c ****         /* Read x[7] sample */
 401:./Libraries/CMSIS/DSP/Source/FilteringFunctions/arm_conv_q7.c ****         x3 = *px++;
 402:./Libraries/CMSIS/DSP/Source/FilteringFunctions/arm_conv_q7.c **** 
 403:./Libraries/CMSIS/DSP/Source/FilteringFunctions/arm_conv_q7.c ****         /* Perform the multiply-accumulates */
 404:./Libraries/CMSIS/DSP/Source/FilteringFunctions/arm_conv_q7.c ****         /* acc0 +=  x[4] * y[srcBLen - 5] */
 405:./Libraries/CMSIS/DSP/Source/FilteringFunctions/arm_conv_q7.c ****         acc0 += ((q15_t) x0 * c0);
 406:./Libraries/CMSIS/DSP/Source/FilteringFunctions/arm_conv_q7.c ****         /* acc1 +=  x[5] * y[srcBLen - 5] */
 407:./Libraries/CMSIS/DSP/Source/FilteringFunctions/arm_conv_q7.c ****         acc1 += ((q15_t) x1 * c0);
 408:./Libraries/CMSIS/DSP/Source/FilteringFunctions/arm_conv_q7.c ****         /* acc2 +=  x[6] * y[srcBLen - 5] */
 409:./Libraries/CMSIS/DSP/Source/FilteringFunctions/arm_conv_q7.c ****         acc2 += ((q15_t) x2 * c0);
 410:./Libraries/CMSIS/DSP/Source/FilteringFunctions/arm_conv_q7.c ****         /* acc3 +=  x[7] * y[srcBLen - 5] */
 411:./Libraries/CMSIS/DSP/Source/FilteringFunctions/arm_conv_q7.c ****         acc3 += ((q15_t) x3 * c0);
 412:./Libraries/CMSIS/DSP/Source/FilteringFunctions/arm_conv_q7.c **** 
 413:./Libraries/CMSIS/DSP/Source/FilteringFunctions/arm_conv_q7.c ****         /* Reuse the present samples for the next MAC */
 414:./Libraries/CMSIS/DSP/Source/FilteringFunctions/arm_conv_q7.c ****         x0 = x1;
 415:./Libraries/CMSIS/DSP/Source/FilteringFunctions/arm_conv_q7.c ****         x1 = x2;
 416:./Libraries/CMSIS/DSP/Source/FilteringFunctions/arm_conv_q7.c ****         x2 = x3;
 417:./Libraries/CMSIS/DSP/Source/FilteringFunctions/arm_conv_q7.c **** 
 418:./Libraries/CMSIS/DSP/Source/FilteringFunctions/arm_conv_q7.c ****         /* Decrement loop counter */
 419:./Libraries/CMSIS/DSP/Source/FilteringFunctions/arm_conv_q7.c ****         k--;
 420:./Libraries/CMSIS/DSP/Source/FilteringFunctions/arm_conv_q7.c ****       }
ARM GAS  /tmp/ccxOys7a.s 			page 12


 421:./Libraries/CMSIS/DSP/Source/FilteringFunctions/arm_conv_q7.c **** 
 422:./Libraries/CMSIS/DSP/Source/FilteringFunctions/arm_conv_q7.c ****       /* Store the result in the accumulator in the destination buffer. */
 423:./Libraries/CMSIS/DSP/Source/FilteringFunctions/arm_conv_q7.c ****       *pOut++ = (q7_t) (__SSAT(acc0 >> 7U, 8));
 424:./Libraries/CMSIS/DSP/Source/FilteringFunctions/arm_conv_q7.c ****       *pOut++ = (q7_t) (__SSAT(acc1 >> 7U, 8));
 425:./Libraries/CMSIS/DSP/Source/FilteringFunctions/arm_conv_q7.c ****       *pOut++ = (q7_t) (__SSAT(acc2 >> 7U, 8));
 426:./Libraries/CMSIS/DSP/Source/FilteringFunctions/arm_conv_q7.c ****       *pOut++ = (q7_t) (__SSAT(acc3 >> 7U, 8));
 427:./Libraries/CMSIS/DSP/Source/FilteringFunctions/arm_conv_q7.c **** 
 428:./Libraries/CMSIS/DSP/Source/FilteringFunctions/arm_conv_q7.c ****       /* Increment the pointer pIn1 index, count by 4 */
 429:./Libraries/CMSIS/DSP/Source/FilteringFunctions/arm_conv_q7.c ****       count += 4U;
 430:./Libraries/CMSIS/DSP/Source/FilteringFunctions/arm_conv_q7.c **** 
 431:./Libraries/CMSIS/DSP/Source/FilteringFunctions/arm_conv_q7.c ****       /* Update the inputA and inputB pointers for next MAC calculation */
 432:./Libraries/CMSIS/DSP/Source/FilteringFunctions/arm_conv_q7.c ****       px = pIn1 + count;
 433:./Libraries/CMSIS/DSP/Source/FilteringFunctions/arm_conv_q7.c ****       py = pSrc2;
 434:./Libraries/CMSIS/DSP/Source/FilteringFunctions/arm_conv_q7.c **** 
 435:./Libraries/CMSIS/DSP/Source/FilteringFunctions/arm_conv_q7.c ****       /* Decrement loop counter */
 436:./Libraries/CMSIS/DSP/Source/FilteringFunctions/arm_conv_q7.c ****       blkCnt--;
 437:./Libraries/CMSIS/DSP/Source/FilteringFunctions/arm_conv_q7.c ****     }
 438:./Libraries/CMSIS/DSP/Source/FilteringFunctions/arm_conv_q7.c **** 
 439:./Libraries/CMSIS/DSP/Source/FilteringFunctions/arm_conv_q7.c ****     /* Loop unrolling: Compute remaining outputs */
 440:./Libraries/CMSIS/DSP/Source/FilteringFunctions/arm_conv_q7.c ****     blkCnt = blockSize2 % 0x4U;
 441:./Libraries/CMSIS/DSP/Source/FilteringFunctions/arm_conv_q7.c **** 
 442:./Libraries/CMSIS/DSP/Source/FilteringFunctions/arm_conv_q7.c **** #else
 443:./Libraries/CMSIS/DSP/Source/FilteringFunctions/arm_conv_q7.c **** 
 444:./Libraries/CMSIS/DSP/Source/FilteringFunctions/arm_conv_q7.c ****     /* Initialize blkCnt with number of samples */
 445:./Libraries/CMSIS/DSP/Source/FilteringFunctions/arm_conv_q7.c ****     blkCnt = blockSize2;
 207              		.loc 1 445 12
 208 00e4 BB6B     		ldr	r3, [r7, #56]
 209 00e6 3B64     		str	r3, [r7, #64]
 446:./Libraries/CMSIS/DSP/Source/FilteringFunctions/arm_conv_q7.c **** 
 447:./Libraries/CMSIS/DSP/Source/FilteringFunctions/arm_conv_q7.c **** #endif /* #if defined (ARM_MATH_LOOPUNROLL) */
 448:./Libraries/CMSIS/DSP/Source/FilteringFunctions/arm_conv_q7.c **** 
 449:./Libraries/CMSIS/DSP/Source/FilteringFunctions/arm_conv_q7.c ****     while (blkCnt > 0U)
 210              		.loc 1 449 11
 211 00e8 33E0     		b	.L9
 212              	.L12:
 450:./Libraries/CMSIS/DSP/Source/FilteringFunctions/arm_conv_q7.c ****     {
 451:./Libraries/CMSIS/DSP/Source/FilteringFunctions/arm_conv_q7.c ****       /* Accumulator is made zero for every iteration */
 452:./Libraries/CMSIS/DSP/Source/FilteringFunctions/arm_conv_q7.c ****       sum = 0;
 213              		.loc 1 452 11
 214 00ea 0023     		movs	r3, #0
 215 00ec 7B65     		str	r3, [r7, #84]
 453:./Libraries/CMSIS/DSP/Source/FilteringFunctions/arm_conv_q7.c **** 
 454:./Libraries/CMSIS/DSP/Source/FilteringFunctions/arm_conv_q7.c **** #if defined (ARM_MATH_LOOPUNROLL)
 455:./Libraries/CMSIS/DSP/Source/FilteringFunctions/arm_conv_q7.c **** 
 456:./Libraries/CMSIS/DSP/Source/FilteringFunctions/arm_conv_q7.c ****     /* Loop unrolling: Compute 4 outputs at a time */
 457:./Libraries/CMSIS/DSP/Source/FilteringFunctions/arm_conv_q7.c ****       k = srcBLen >> 2U;
 458:./Libraries/CMSIS/DSP/Source/FilteringFunctions/arm_conv_q7.c **** 
 459:./Libraries/CMSIS/DSP/Source/FilteringFunctions/arm_conv_q7.c ****       while (k > 0U)
 460:./Libraries/CMSIS/DSP/Source/FilteringFunctions/arm_conv_q7.c ****       {
 461:./Libraries/CMSIS/DSP/Source/FilteringFunctions/arm_conv_q7.c **** 
 462:./Libraries/CMSIS/DSP/Source/FilteringFunctions/arm_conv_q7.c ****         /* Reading two inputs of SrcA buffer and packing */
 463:./Libraries/CMSIS/DSP/Source/FilteringFunctions/arm_conv_q7.c ****         in1 = (q15_t) *px++;
 464:./Libraries/CMSIS/DSP/Source/FilteringFunctions/arm_conv_q7.c ****         in2 = (q15_t) *px++;
 465:./Libraries/CMSIS/DSP/Source/FilteringFunctions/arm_conv_q7.c ****         input1 = ((q31_t) in1 & 0x0000FFFF) | ((q31_t) in2 << 16U);
 466:./Libraries/CMSIS/DSP/Source/FilteringFunctions/arm_conv_q7.c **** 
 467:./Libraries/CMSIS/DSP/Source/FilteringFunctions/arm_conv_q7.c ****         /* Reading two inputs of SrcB buffer and packing */
 468:./Libraries/CMSIS/DSP/Source/FilteringFunctions/arm_conv_q7.c ****         in1 = (q15_t) *py--;
ARM GAS  /tmp/ccxOys7a.s 			page 13


 469:./Libraries/CMSIS/DSP/Source/FilteringFunctions/arm_conv_q7.c ****         in2 = (q15_t) *py--;
 470:./Libraries/CMSIS/DSP/Source/FilteringFunctions/arm_conv_q7.c ****         input2 = ((q31_t) in1 & 0x0000FFFF) | ((q31_t) in2 << 16U);
 471:./Libraries/CMSIS/DSP/Source/FilteringFunctions/arm_conv_q7.c **** 
 472:./Libraries/CMSIS/DSP/Source/FilteringFunctions/arm_conv_q7.c ****         /* Perform the multiply-accumulate */
 473:./Libraries/CMSIS/DSP/Source/FilteringFunctions/arm_conv_q7.c ****         sum = __SMLAD(input1, input2, sum);
 474:./Libraries/CMSIS/DSP/Source/FilteringFunctions/arm_conv_q7.c **** 
 475:./Libraries/CMSIS/DSP/Source/FilteringFunctions/arm_conv_q7.c ****         /* Reading two inputs of SrcA buffer and packing */
 476:./Libraries/CMSIS/DSP/Source/FilteringFunctions/arm_conv_q7.c ****         in1 = (q15_t) *px++;
 477:./Libraries/CMSIS/DSP/Source/FilteringFunctions/arm_conv_q7.c ****         in2 = (q15_t) *px++;
 478:./Libraries/CMSIS/DSP/Source/FilteringFunctions/arm_conv_q7.c ****         input1 = ((q31_t) in1 & 0x0000FFFF) | ((q31_t) in2 << 16U);
 479:./Libraries/CMSIS/DSP/Source/FilteringFunctions/arm_conv_q7.c **** 
 480:./Libraries/CMSIS/DSP/Source/FilteringFunctions/arm_conv_q7.c ****         /* Reading two inputs of SrcB buffer and packing */
 481:./Libraries/CMSIS/DSP/Source/FilteringFunctions/arm_conv_q7.c ****         in1 = (q15_t) *py--;
 482:./Libraries/CMSIS/DSP/Source/FilteringFunctions/arm_conv_q7.c ****         in2 = (q15_t) *py--;
 483:./Libraries/CMSIS/DSP/Source/FilteringFunctions/arm_conv_q7.c ****         input2 = ((q31_t) in1 & 0x0000FFFF) | ((q31_t) in2 << 16U);
 484:./Libraries/CMSIS/DSP/Source/FilteringFunctions/arm_conv_q7.c **** 
 485:./Libraries/CMSIS/DSP/Source/FilteringFunctions/arm_conv_q7.c ****         /* Perform the multiply-accumulate */
 486:./Libraries/CMSIS/DSP/Source/FilteringFunctions/arm_conv_q7.c ****         sum = __SMLAD(input1, input2, sum);
 487:./Libraries/CMSIS/DSP/Source/FilteringFunctions/arm_conv_q7.c **** 
 488:./Libraries/CMSIS/DSP/Source/FilteringFunctions/arm_conv_q7.c ****         /* Decrement loop counter */
 489:./Libraries/CMSIS/DSP/Source/FilteringFunctions/arm_conv_q7.c ****         k--;
 490:./Libraries/CMSIS/DSP/Source/FilteringFunctions/arm_conv_q7.c ****       }
 491:./Libraries/CMSIS/DSP/Source/FilteringFunctions/arm_conv_q7.c **** 
 492:./Libraries/CMSIS/DSP/Source/FilteringFunctions/arm_conv_q7.c ****       /* Loop unrolling: Compute remaining outputs */
 493:./Libraries/CMSIS/DSP/Source/FilteringFunctions/arm_conv_q7.c ****       k = srcBLen % 0x4U;
 494:./Libraries/CMSIS/DSP/Source/FilteringFunctions/arm_conv_q7.c **** 
 495:./Libraries/CMSIS/DSP/Source/FilteringFunctions/arm_conv_q7.c **** #else
 496:./Libraries/CMSIS/DSP/Source/FilteringFunctions/arm_conv_q7.c **** 
 497:./Libraries/CMSIS/DSP/Source/FilteringFunctions/arm_conv_q7.c ****       /* Initialize blkCnt with number of samples */
 498:./Libraries/CMSIS/DSP/Source/FilteringFunctions/arm_conv_q7.c ****       k = srcBLen;
 216              		.loc 1 498 9
 217 00ee 3B68     		ldr	r3, [r7]
 218 00f0 BB64     		str	r3, [r7, #72]
 499:./Libraries/CMSIS/DSP/Source/FilteringFunctions/arm_conv_q7.c **** 
 500:./Libraries/CMSIS/DSP/Source/FilteringFunctions/arm_conv_q7.c **** #endif /* #if defined (ARM_MATH_LOOPUNROLL) */
 501:./Libraries/CMSIS/DSP/Source/FilteringFunctions/arm_conv_q7.c **** 
 502:./Libraries/CMSIS/DSP/Source/FilteringFunctions/arm_conv_q7.c ****       while (k > 0U)
 219              		.loc 1 502 13
 220 00f2 12E0     		b	.L10
 221              	.L11:
 503:./Libraries/CMSIS/DSP/Source/FilteringFunctions/arm_conv_q7.c ****       {
 504:./Libraries/CMSIS/DSP/Source/FilteringFunctions/arm_conv_q7.c ****         /* Perform the multiply-accumulate */
 505:./Libraries/CMSIS/DSP/Source/FilteringFunctions/arm_conv_q7.c ****         sum += ((q15_t) *px++ * *py--);
 222              		.loc 1 505 28
 223 00f4 3B6E     		ldr	r3, [r7, #96]
 224 00f6 5A1C     		adds	r2, r3, #1
 225 00f8 3A66     		str	r2, [r7, #96]
 226              		.loc 1 505 25
 227 00fa 93F90030 		ldrsb	r3, [r3]
 228              		.loc 1 505 17
 229 00fe 1946     		mov	r1, r3
 230              		.loc 1 505 36
 231 0100 FB6D     		ldr	r3, [r7, #92]
 232 0102 5A1E     		subs	r2, r3, #1
 233 0104 FA65     		str	r2, [r7, #92]
 234              		.loc 1 505 33
 235 0106 93F90030 		ldrsb	r3, [r3]
ARM GAS  /tmp/ccxOys7a.s 			page 14


 236              		.loc 1 505 31
 237 010a 03FB01F3 		mul	r3, r3, r1
 238              		.loc 1 505 13
 239 010e 7A6D     		ldr	r2, [r7, #84]
 240 0110 1344     		add	r3, r3, r2
 241 0112 7B65     		str	r3, [r7, #84]
 506:./Libraries/CMSIS/DSP/Source/FilteringFunctions/arm_conv_q7.c **** 
 507:./Libraries/CMSIS/DSP/Source/FilteringFunctions/arm_conv_q7.c ****         /* Decrement the loop counter */
 508:./Libraries/CMSIS/DSP/Source/FilteringFunctions/arm_conv_q7.c ****         k--;
 242              		.loc 1 508 10
 243 0114 BB6C     		ldr	r3, [r7, #72]
 244 0116 013B     		subs	r3, r3, #1
 245 0118 BB64     		str	r3, [r7, #72]
 246              	.L10:
 502:./Libraries/CMSIS/DSP/Source/FilteringFunctions/arm_conv_q7.c ****       {
 247              		.loc 1 502 13
 248 011a BB6C     		ldr	r3, [r7, #72]
 249 011c 002B     		cmp	r3, #0
 250 011e E9D1     		bne	.L11
 251              	.LBB3:
 509:./Libraries/CMSIS/DSP/Source/FilteringFunctions/arm_conv_q7.c ****       }
 510:./Libraries/CMSIS/DSP/Source/FilteringFunctions/arm_conv_q7.c **** 
 511:./Libraries/CMSIS/DSP/Source/FilteringFunctions/arm_conv_q7.c ****       /* Store the result in the accumulator in the destination buffer. */
 512:./Libraries/CMSIS/DSP/Source/FilteringFunctions/arm_conv_q7.c ****       *pOut++ = (q7_t) (__SSAT(sum >> 7U, 8));
 252              		.loc 1 512 25
 253 0120 7B6D     		ldr	r3, [r7, #84]
 254 0122 DB11     		asrs	r3, r3, #7
 255 0124 BB62     		str	r3, [r7, #40]
 256 0126 BB6A     		ldr	r3, [r7, #40]
 257              		.syntax unified
 258              	@ 512 "./Libraries/CMSIS/DSP/Source/FilteringFunctions/arm_conv_q7.c" 1
 259 0128 03F30703 		ssat r3, #8, r3
 260              	@ 0 "" 2
 261              		.thumb
 262              		.syntax unified
 263 012c 7B62     		str	r3, [r7, #36]
 264 012e 796A     		ldr	r1, [r7, #36]
 265              	.LBE3:
 266              		.loc 1 512 12
 267 0130 7B6E     		ldr	r3, [r7, #100]
 268 0132 5A1C     		adds	r2, r3, #1
 269 0134 7A66     		str	r2, [r7, #100]
 270              		.loc 1 512 17
 271 0136 4AB2     		sxtb	r2, r1
 272              		.loc 1 512 15
 273 0138 1A70     		strb	r2, [r3]
 513:./Libraries/CMSIS/DSP/Source/FilteringFunctions/arm_conv_q7.c **** 
 514:./Libraries/CMSIS/DSP/Source/FilteringFunctions/arm_conv_q7.c ****       /* Increment the pointer pIn1 index, count by 1 */
 515:./Libraries/CMSIS/DSP/Source/FilteringFunctions/arm_conv_q7.c ****       count++;
 274              		.loc 1 515 12
 275 013a 7B6C     		ldr	r3, [r7, #68]
 276 013c 0133     		adds	r3, r3, #1
 277 013e 7B64     		str	r3, [r7, #68]
 516:./Libraries/CMSIS/DSP/Source/FilteringFunctions/arm_conv_q7.c **** 
 517:./Libraries/CMSIS/DSP/Source/FilteringFunctions/arm_conv_q7.c ****       /* Update the inputA and inputB pointers for next MAC calculation */
 518:./Libraries/CMSIS/DSP/Source/FilteringFunctions/arm_conv_q7.c ****       px = pIn1 + count;
 278              		.loc 1 518 10
ARM GAS  /tmp/ccxOys7a.s 			page 15


 279 0140 FA6E     		ldr	r2, [r7, #108]
 280 0142 7B6C     		ldr	r3, [r7, #68]
 281 0144 1344     		add	r3, r3, r2
 282 0146 3B66     		str	r3, [r7, #96]
 519:./Libraries/CMSIS/DSP/Source/FilteringFunctions/arm_conv_q7.c ****       py = pSrc2;
 283              		.loc 1 519 10
 284 0148 7B6B     		ldr	r3, [r7, #52]
 285 014a FB65     		str	r3, [r7, #92]
 520:./Libraries/CMSIS/DSP/Source/FilteringFunctions/arm_conv_q7.c **** 
 521:./Libraries/CMSIS/DSP/Source/FilteringFunctions/arm_conv_q7.c ****       /* Decrement the loop counter */
 522:./Libraries/CMSIS/DSP/Source/FilteringFunctions/arm_conv_q7.c ****       blkCnt--;
 286              		.loc 1 522 13
 287 014c 3B6C     		ldr	r3, [r7, #64]
 288 014e 013B     		subs	r3, r3, #1
 289 0150 3B64     		str	r3, [r7, #64]
 290              	.L9:
 449:./Libraries/CMSIS/DSP/Source/FilteringFunctions/arm_conv_q7.c ****     {
 291              		.loc 1 449 11
 292 0152 3B6C     		ldr	r3, [r7, #64]
 293 0154 002B     		cmp	r3, #0
 294 0156 C8D1     		bne	.L12
 295 0158 39E0     		b	.L13
 296              	.L8:
 523:./Libraries/CMSIS/DSP/Source/FilteringFunctions/arm_conv_q7.c ****     }
 524:./Libraries/CMSIS/DSP/Source/FilteringFunctions/arm_conv_q7.c ****   }
 525:./Libraries/CMSIS/DSP/Source/FilteringFunctions/arm_conv_q7.c ****   else
 526:./Libraries/CMSIS/DSP/Source/FilteringFunctions/arm_conv_q7.c ****   {
 527:./Libraries/CMSIS/DSP/Source/FilteringFunctions/arm_conv_q7.c ****     /* If the srcBLen is not a multiple of 4,
 528:./Libraries/CMSIS/DSP/Source/FilteringFunctions/arm_conv_q7.c ****      * the blockSize2 loop cannot be unrolled by 4 */
 529:./Libraries/CMSIS/DSP/Source/FilteringFunctions/arm_conv_q7.c ****     blkCnt = blockSize2;
 297              		.loc 1 529 12
 298 015a BB6B     		ldr	r3, [r7, #56]
 299 015c 3B64     		str	r3, [r7, #64]
 530:./Libraries/CMSIS/DSP/Source/FilteringFunctions/arm_conv_q7.c **** 
 531:./Libraries/CMSIS/DSP/Source/FilteringFunctions/arm_conv_q7.c ****     while (blkCnt > 0U)
 300              		.loc 1 531 11
 301 015e 33E0     		b	.L14
 302              	.L17:
 532:./Libraries/CMSIS/DSP/Source/FilteringFunctions/arm_conv_q7.c ****     {
 533:./Libraries/CMSIS/DSP/Source/FilteringFunctions/arm_conv_q7.c ****       /* Accumulator is made zero for every iteration */
 534:./Libraries/CMSIS/DSP/Source/FilteringFunctions/arm_conv_q7.c ****       sum = 0;
 303              		.loc 1 534 11
 304 0160 0023     		movs	r3, #0
 305 0162 7B65     		str	r3, [r7, #84]
 535:./Libraries/CMSIS/DSP/Source/FilteringFunctions/arm_conv_q7.c **** 
 536:./Libraries/CMSIS/DSP/Source/FilteringFunctions/arm_conv_q7.c ****       /* srcBLen number of MACS should be performed */
 537:./Libraries/CMSIS/DSP/Source/FilteringFunctions/arm_conv_q7.c ****       k = srcBLen;
 306              		.loc 1 537 9
 307 0164 3B68     		ldr	r3, [r7]
 308 0166 BB64     		str	r3, [r7, #72]
 538:./Libraries/CMSIS/DSP/Source/FilteringFunctions/arm_conv_q7.c **** 
 539:./Libraries/CMSIS/DSP/Source/FilteringFunctions/arm_conv_q7.c ****       while (k > 0U)
 309              		.loc 1 539 13
 310 0168 12E0     		b	.L15
 311              	.L16:
 540:./Libraries/CMSIS/DSP/Source/FilteringFunctions/arm_conv_q7.c ****       {
 541:./Libraries/CMSIS/DSP/Source/FilteringFunctions/arm_conv_q7.c ****         /* Perform the multiply-accumulate */
ARM GAS  /tmp/ccxOys7a.s 			page 16


 542:./Libraries/CMSIS/DSP/Source/FilteringFunctions/arm_conv_q7.c ****         sum += ((q15_t) *px++ * *py--);
 312              		.loc 1 542 28
 313 016a 3B6E     		ldr	r3, [r7, #96]
 314 016c 5A1C     		adds	r2, r3, #1
 315 016e 3A66     		str	r2, [r7, #96]
 316              		.loc 1 542 25
 317 0170 93F90030 		ldrsb	r3, [r3]
 318              		.loc 1 542 17
 319 0174 1946     		mov	r1, r3
 320              		.loc 1 542 36
 321 0176 FB6D     		ldr	r3, [r7, #92]
 322 0178 5A1E     		subs	r2, r3, #1
 323 017a FA65     		str	r2, [r7, #92]
 324              		.loc 1 542 33
 325 017c 93F90030 		ldrsb	r3, [r3]
 326              		.loc 1 542 31
 327 0180 03FB01F3 		mul	r3, r3, r1
 328              		.loc 1 542 13
 329 0184 7A6D     		ldr	r2, [r7, #84]
 330 0186 1344     		add	r3, r3, r2
 331 0188 7B65     		str	r3, [r7, #84]
 543:./Libraries/CMSIS/DSP/Source/FilteringFunctions/arm_conv_q7.c **** 
 544:./Libraries/CMSIS/DSP/Source/FilteringFunctions/arm_conv_q7.c ****         /* Decrement the loop counter */
 545:./Libraries/CMSIS/DSP/Source/FilteringFunctions/arm_conv_q7.c ****         k--;
 332              		.loc 1 545 10
 333 018a BB6C     		ldr	r3, [r7, #72]
 334 018c 013B     		subs	r3, r3, #1
 335 018e BB64     		str	r3, [r7, #72]
 336              	.L15:
 539:./Libraries/CMSIS/DSP/Source/FilteringFunctions/arm_conv_q7.c ****       {
 337              		.loc 1 539 13
 338 0190 BB6C     		ldr	r3, [r7, #72]
 339 0192 002B     		cmp	r3, #0
 340 0194 E9D1     		bne	.L16
 341              	.LBB4:
 546:./Libraries/CMSIS/DSP/Source/FilteringFunctions/arm_conv_q7.c ****       }
 547:./Libraries/CMSIS/DSP/Source/FilteringFunctions/arm_conv_q7.c **** 
 548:./Libraries/CMSIS/DSP/Source/FilteringFunctions/arm_conv_q7.c ****       /* Store the result in the accumulator in the destination buffer. */
 549:./Libraries/CMSIS/DSP/Source/FilteringFunctions/arm_conv_q7.c ****       *pOut++ = (q7_t) (__SSAT(sum >> 7U, 8));
 342              		.loc 1 549 25
 343 0196 7B6D     		ldr	r3, [r7, #84]
 344 0198 DB11     		asrs	r3, r3, #7
 345 019a 3B63     		str	r3, [r7, #48]
 346 019c 3B6B     		ldr	r3, [r7, #48]
 347              		.syntax unified
 348              	@ 549 "./Libraries/CMSIS/DSP/Source/FilteringFunctions/arm_conv_q7.c" 1
 349 019e 03F30703 		ssat r3, #8, r3
 350              	@ 0 "" 2
 351              		.thumb
 352              		.syntax unified
 353 01a2 FB62     		str	r3, [r7, #44]
 354 01a4 F96A     		ldr	r1, [r7, #44]
 355              	.LBE4:
 356              		.loc 1 549 12
 357 01a6 7B6E     		ldr	r3, [r7, #100]
 358 01a8 5A1C     		adds	r2, r3, #1
 359 01aa 7A66     		str	r2, [r7, #100]
ARM GAS  /tmp/ccxOys7a.s 			page 17


 360              		.loc 1 549 17
 361 01ac 4AB2     		sxtb	r2, r1
 362              		.loc 1 549 15
 363 01ae 1A70     		strb	r2, [r3]
 550:./Libraries/CMSIS/DSP/Source/FilteringFunctions/arm_conv_q7.c **** 
 551:./Libraries/CMSIS/DSP/Source/FilteringFunctions/arm_conv_q7.c ****       /* Increment the MAC count */
 552:./Libraries/CMSIS/DSP/Source/FilteringFunctions/arm_conv_q7.c ****       count++;
 364              		.loc 1 552 12
 365 01b0 7B6C     		ldr	r3, [r7, #68]
 366 01b2 0133     		adds	r3, r3, #1
 367 01b4 7B64     		str	r3, [r7, #68]
 553:./Libraries/CMSIS/DSP/Source/FilteringFunctions/arm_conv_q7.c **** 
 554:./Libraries/CMSIS/DSP/Source/FilteringFunctions/arm_conv_q7.c ****       /* Update the inputA and inputB pointers for next MAC calculation */
 555:./Libraries/CMSIS/DSP/Source/FilteringFunctions/arm_conv_q7.c ****       px = pIn1 + count;
 368              		.loc 1 555 10
 369 01b6 FA6E     		ldr	r2, [r7, #108]
 370 01b8 7B6C     		ldr	r3, [r7, #68]
 371 01ba 1344     		add	r3, r3, r2
 372 01bc 3B66     		str	r3, [r7, #96]
 556:./Libraries/CMSIS/DSP/Source/FilteringFunctions/arm_conv_q7.c ****       py = pSrc2;
 373              		.loc 1 556 10
 374 01be 7B6B     		ldr	r3, [r7, #52]
 375 01c0 FB65     		str	r3, [r7, #92]
 557:./Libraries/CMSIS/DSP/Source/FilteringFunctions/arm_conv_q7.c **** 
 558:./Libraries/CMSIS/DSP/Source/FilteringFunctions/arm_conv_q7.c ****       /* Decrement loop counter */
 559:./Libraries/CMSIS/DSP/Source/FilteringFunctions/arm_conv_q7.c ****       blkCnt--;
 376              		.loc 1 559 13
 377 01c2 3B6C     		ldr	r3, [r7, #64]
 378 01c4 013B     		subs	r3, r3, #1
 379 01c6 3B64     		str	r3, [r7, #64]
 380              	.L14:
 531:./Libraries/CMSIS/DSP/Source/FilteringFunctions/arm_conv_q7.c ****     {
 381              		.loc 1 531 11
 382 01c8 3B6C     		ldr	r3, [r7, #64]
 383 01ca 002B     		cmp	r3, #0
 384 01cc C8D1     		bne	.L17
 385              	.L13:
 560:./Libraries/CMSIS/DSP/Source/FilteringFunctions/arm_conv_q7.c ****     }
 561:./Libraries/CMSIS/DSP/Source/FilteringFunctions/arm_conv_q7.c ****   }
 562:./Libraries/CMSIS/DSP/Source/FilteringFunctions/arm_conv_q7.c **** 
 563:./Libraries/CMSIS/DSP/Source/FilteringFunctions/arm_conv_q7.c **** 
 564:./Libraries/CMSIS/DSP/Source/FilteringFunctions/arm_conv_q7.c ****   /* --------------------------
 565:./Libraries/CMSIS/DSP/Source/FilteringFunctions/arm_conv_q7.c ****    * Initializations of stage3
 566:./Libraries/CMSIS/DSP/Source/FilteringFunctions/arm_conv_q7.c ****    * -------------------------*/
 567:./Libraries/CMSIS/DSP/Source/FilteringFunctions/arm_conv_q7.c **** 
 568:./Libraries/CMSIS/DSP/Source/FilteringFunctions/arm_conv_q7.c ****   /* sum += x[srcALen-srcBLen+1] * y[srcBLen-1] + x[srcALen-srcBLen+2] * y[srcBLen-2] +...+ x[srcAL
 569:./Libraries/CMSIS/DSP/Source/FilteringFunctions/arm_conv_q7.c ****    * sum += x[srcALen-srcBLen+2] * y[srcBLen-1] + x[srcALen-srcBLen+3] * y[srcBLen-2] +...+ x[srcAL
 570:./Libraries/CMSIS/DSP/Source/FilteringFunctions/arm_conv_q7.c ****    * ....
 571:./Libraries/CMSIS/DSP/Source/FilteringFunctions/arm_conv_q7.c ****    * sum +=  x[srcALen-2] * y[srcBLen-1] + x[srcALen-1] * y[srcBLen-2]
 572:./Libraries/CMSIS/DSP/Source/FilteringFunctions/arm_conv_q7.c ****    * sum +=  x[srcALen-1] * y[srcBLen-1]
 573:./Libraries/CMSIS/DSP/Source/FilteringFunctions/arm_conv_q7.c ****    */
 574:./Libraries/CMSIS/DSP/Source/FilteringFunctions/arm_conv_q7.c **** 
 575:./Libraries/CMSIS/DSP/Source/FilteringFunctions/arm_conv_q7.c ****   /* In this stage the MAC operations are decreased by 1 for every iteration.
 576:./Libraries/CMSIS/DSP/Source/FilteringFunctions/arm_conv_q7.c ****      The blockSize3 variable holds the number of MAC operations performed */
 577:./Libraries/CMSIS/DSP/Source/FilteringFunctions/arm_conv_q7.c **** 
 578:./Libraries/CMSIS/DSP/Source/FilteringFunctions/arm_conv_q7.c ****   /* Working pointer of inputA */
 579:./Libraries/CMSIS/DSP/Source/FilteringFunctions/arm_conv_q7.c ****   pSrc1 = pIn1 + (srcALen - (srcBLen - 1U));
ARM GAS  /tmp/ccxOys7a.s 			page 18


 386              		.loc 1 579 27
 387 01ce BA68     		ldr	r2, [r7, #8]
 388 01d0 3B68     		ldr	r3, [r7]
 389 01d2 D31A     		subs	r3, r2, r3
 390 01d4 0133     		adds	r3, r3, #1
 391              		.loc 1 579 9
 392 01d6 FA6E     		ldr	r2, [r7, #108]
 393 01d8 1344     		add	r3, r3, r2
 394 01da BB65     		str	r3, [r7, #88]
 580:./Libraries/CMSIS/DSP/Source/FilteringFunctions/arm_conv_q7.c ****   px = pSrc1;
 395              		.loc 1 580 6
 396 01dc BB6D     		ldr	r3, [r7, #88]
 397 01de 3B66     		str	r3, [r7, #96]
 581:./Libraries/CMSIS/DSP/Source/FilteringFunctions/arm_conv_q7.c **** 
 582:./Libraries/CMSIS/DSP/Source/FilteringFunctions/arm_conv_q7.c ****   /* Working pointer of inputB */
 583:./Libraries/CMSIS/DSP/Source/FilteringFunctions/arm_conv_q7.c ****   pSrc2 = pIn2 + (srcBLen - 1U);
 398              		.loc 1 583 16
 399 01e0 3B68     		ldr	r3, [r7]
 400 01e2 013B     		subs	r3, r3, #1
 401              		.loc 1 583 9
 402 01e4 BA6E     		ldr	r2, [r7, #104]
 403 01e6 1344     		add	r3, r3, r2
 404 01e8 7B63     		str	r3, [r7, #52]
 584:./Libraries/CMSIS/DSP/Source/FilteringFunctions/arm_conv_q7.c ****   py = pSrc2;
 405              		.loc 1 584 6
 406 01ea 7B6B     		ldr	r3, [r7, #52]
 407 01ec FB65     		str	r3, [r7, #92]
 585:./Libraries/CMSIS/DSP/Source/FilteringFunctions/arm_conv_q7.c **** 
 586:./Libraries/CMSIS/DSP/Source/FilteringFunctions/arm_conv_q7.c ****   /* -------------------
 587:./Libraries/CMSIS/DSP/Source/FilteringFunctions/arm_conv_q7.c ****    * Stage3 process
 588:./Libraries/CMSIS/DSP/Source/FilteringFunctions/arm_conv_q7.c ****    * ------------------*/
 589:./Libraries/CMSIS/DSP/Source/FilteringFunctions/arm_conv_q7.c **** 
 590:./Libraries/CMSIS/DSP/Source/FilteringFunctions/arm_conv_q7.c ****   while (blockSize3 > 0U)
 408              		.loc 1 590 9
 409 01ee 31E0     		b	.L18
 410              	.L21:
 591:./Libraries/CMSIS/DSP/Source/FilteringFunctions/arm_conv_q7.c ****   {
 592:./Libraries/CMSIS/DSP/Source/FilteringFunctions/arm_conv_q7.c ****     /* Accumulator is made zero for every iteration */
 593:./Libraries/CMSIS/DSP/Source/FilteringFunctions/arm_conv_q7.c ****     sum = 0;
 411              		.loc 1 593 9
 412 01f0 0023     		movs	r3, #0
 413 01f2 7B65     		str	r3, [r7, #84]
 594:./Libraries/CMSIS/DSP/Source/FilteringFunctions/arm_conv_q7.c **** 
 595:./Libraries/CMSIS/DSP/Source/FilteringFunctions/arm_conv_q7.c **** #if defined (ARM_MATH_LOOPUNROLL)
 596:./Libraries/CMSIS/DSP/Source/FilteringFunctions/arm_conv_q7.c **** 
 597:./Libraries/CMSIS/DSP/Source/FilteringFunctions/arm_conv_q7.c ****     /* Loop unrolling: Compute 4 outputs at a time */
 598:./Libraries/CMSIS/DSP/Source/FilteringFunctions/arm_conv_q7.c ****     k = blockSize3 >> 2U;
 599:./Libraries/CMSIS/DSP/Source/FilteringFunctions/arm_conv_q7.c **** 
 600:./Libraries/CMSIS/DSP/Source/FilteringFunctions/arm_conv_q7.c ****     while (k > 0U)
 601:./Libraries/CMSIS/DSP/Source/FilteringFunctions/arm_conv_q7.c ****     {
 602:./Libraries/CMSIS/DSP/Source/FilteringFunctions/arm_conv_q7.c ****       /* Reading two inputs, x[srcALen - srcBLen + 1] and x[srcALen - srcBLen + 2] of SrcA buffer a
 603:./Libraries/CMSIS/DSP/Source/FilteringFunctions/arm_conv_q7.c ****       in1 = (q15_t) *px++;
 604:./Libraries/CMSIS/DSP/Source/FilteringFunctions/arm_conv_q7.c ****       in2 = (q15_t) *px++;
 605:./Libraries/CMSIS/DSP/Source/FilteringFunctions/arm_conv_q7.c ****       input1 = ((q31_t) in1 & 0x0000FFFF) | ((q31_t) in2 << 16U);
 606:./Libraries/CMSIS/DSP/Source/FilteringFunctions/arm_conv_q7.c **** 
 607:./Libraries/CMSIS/DSP/Source/FilteringFunctions/arm_conv_q7.c ****       /* Reading two inputs, y[srcBLen - 1] and y[srcBLen - 2] of SrcB buffer and packing */
 608:./Libraries/CMSIS/DSP/Source/FilteringFunctions/arm_conv_q7.c ****       in1 = (q15_t) *py--;
ARM GAS  /tmp/ccxOys7a.s 			page 19


 609:./Libraries/CMSIS/DSP/Source/FilteringFunctions/arm_conv_q7.c ****       in2 = (q15_t) *py--;
 610:./Libraries/CMSIS/DSP/Source/FilteringFunctions/arm_conv_q7.c ****       input2 = ((q31_t) in1 & 0x0000FFFF) | ((q31_t) in2 << 16U);
 611:./Libraries/CMSIS/DSP/Source/FilteringFunctions/arm_conv_q7.c **** 
 612:./Libraries/CMSIS/DSP/Source/FilteringFunctions/arm_conv_q7.c ****       /* sum += x[srcALen - srcBLen + 1] * y[srcBLen - 1] */
 613:./Libraries/CMSIS/DSP/Source/FilteringFunctions/arm_conv_q7.c ****       /* sum += x[srcALen - srcBLen + 2] * y[srcBLen - 2] */
 614:./Libraries/CMSIS/DSP/Source/FilteringFunctions/arm_conv_q7.c ****       sum = __SMLAD(input1, input2, sum);
 615:./Libraries/CMSIS/DSP/Source/FilteringFunctions/arm_conv_q7.c **** 
 616:./Libraries/CMSIS/DSP/Source/FilteringFunctions/arm_conv_q7.c ****       /* Reading two inputs, x[srcALen - srcBLen + 3] and x[srcALen - srcBLen + 4] of SrcA buffer a
 617:./Libraries/CMSIS/DSP/Source/FilteringFunctions/arm_conv_q7.c ****       in1 = (q15_t) *px++;
 618:./Libraries/CMSIS/DSP/Source/FilteringFunctions/arm_conv_q7.c ****       in2 = (q15_t) *px++;
 619:./Libraries/CMSIS/DSP/Source/FilteringFunctions/arm_conv_q7.c ****       input1 = ((q31_t) in1 & 0x0000FFFF) | ((q31_t) in2 << 16U);
 620:./Libraries/CMSIS/DSP/Source/FilteringFunctions/arm_conv_q7.c **** 
 621:./Libraries/CMSIS/DSP/Source/FilteringFunctions/arm_conv_q7.c ****       /* Reading two inputs, y[srcBLen - 3] and y[srcBLen - 4] of SrcB buffer and packing */
 622:./Libraries/CMSIS/DSP/Source/FilteringFunctions/arm_conv_q7.c ****       in1 = (q15_t) *py--;
 623:./Libraries/CMSIS/DSP/Source/FilteringFunctions/arm_conv_q7.c ****       in2 = (q15_t) *py--;
 624:./Libraries/CMSIS/DSP/Source/FilteringFunctions/arm_conv_q7.c ****       input2 = ((q31_t) in1 & 0x0000FFFF) | ((q31_t) in2 << 16U);
 625:./Libraries/CMSIS/DSP/Source/FilteringFunctions/arm_conv_q7.c **** 
 626:./Libraries/CMSIS/DSP/Source/FilteringFunctions/arm_conv_q7.c ****       /* sum += x[srcALen - srcBLen + 3] * y[srcBLen - 3] */
 627:./Libraries/CMSIS/DSP/Source/FilteringFunctions/arm_conv_q7.c ****       /* sum += x[srcALen - srcBLen + 4] * y[srcBLen - 4] */
 628:./Libraries/CMSIS/DSP/Source/FilteringFunctions/arm_conv_q7.c ****       sum = __SMLAD(input1, input2, sum);
 629:./Libraries/CMSIS/DSP/Source/FilteringFunctions/arm_conv_q7.c **** 
 630:./Libraries/CMSIS/DSP/Source/FilteringFunctions/arm_conv_q7.c ****       /* Decrement loop counter */
 631:./Libraries/CMSIS/DSP/Source/FilteringFunctions/arm_conv_q7.c ****       k--;
 632:./Libraries/CMSIS/DSP/Source/FilteringFunctions/arm_conv_q7.c ****     }
 633:./Libraries/CMSIS/DSP/Source/FilteringFunctions/arm_conv_q7.c **** 
 634:./Libraries/CMSIS/DSP/Source/FilteringFunctions/arm_conv_q7.c ****     /* Loop unrolling: Compute remaining outputs */
 635:./Libraries/CMSIS/DSP/Source/FilteringFunctions/arm_conv_q7.c ****     k = blockSize3 % 0x4U;
 636:./Libraries/CMSIS/DSP/Source/FilteringFunctions/arm_conv_q7.c **** 
 637:./Libraries/CMSIS/DSP/Source/FilteringFunctions/arm_conv_q7.c **** #else
 638:./Libraries/CMSIS/DSP/Source/FilteringFunctions/arm_conv_q7.c **** 
 639:./Libraries/CMSIS/DSP/Source/FilteringFunctions/arm_conv_q7.c ****     /* Initialize blkCnt with number of samples */
 640:./Libraries/CMSIS/DSP/Source/FilteringFunctions/arm_conv_q7.c ****     k = blockSize3;
 414              		.loc 1 640 7
 415 01f4 FB6C     		ldr	r3, [r7, #76]
 416 01f6 BB64     		str	r3, [r7, #72]
 641:./Libraries/CMSIS/DSP/Source/FilteringFunctions/arm_conv_q7.c **** 
 642:./Libraries/CMSIS/DSP/Source/FilteringFunctions/arm_conv_q7.c **** #endif /* #if defined (ARM_MATH_LOOPUNROLL) */
 643:./Libraries/CMSIS/DSP/Source/FilteringFunctions/arm_conv_q7.c **** 
 644:./Libraries/CMSIS/DSP/Source/FilteringFunctions/arm_conv_q7.c ****     while (k > 0U)
 417              		.loc 1 644 11
 418 01f8 12E0     		b	.L19
 419              	.L20:
 645:./Libraries/CMSIS/DSP/Source/FilteringFunctions/arm_conv_q7.c ****     {
 646:./Libraries/CMSIS/DSP/Source/FilteringFunctions/arm_conv_q7.c ****       /* Perform the multiply-accumulate */
 647:./Libraries/CMSIS/DSP/Source/FilteringFunctions/arm_conv_q7.c ****       /* sum +=  x[srcALen-1] * y[srcBLen-1] */
 648:./Libraries/CMSIS/DSP/Source/FilteringFunctions/arm_conv_q7.c ****       sum += ((q15_t) *px++ * *py--);
 420              		.loc 1 648 26
 421 01fa 3B6E     		ldr	r3, [r7, #96]
 422 01fc 5A1C     		adds	r2, r3, #1
 423 01fe 3A66     		str	r2, [r7, #96]
 424              		.loc 1 648 23
 425 0200 93F90030 		ldrsb	r3, [r3]
 426              		.loc 1 648 15
 427 0204 1946     		mov	r1, r3
 428              		.loc 1 648 34
 429 0206 FB6D     		ldr	r3, [r7, #92]
 430 0208 5A1E     		subs	r2, r3, #1
ARM GAS  /tmp/ccxOys7a.s 			page 20


 431 020a FA65     		str	r2, [r7, #92]
 432              		.loc 1 648 31
 433 020c 93F90030 		ldrsb	r3, [r3]
 434              		.loc 1 648 29
 435 0210 03FB01F3 		mul	r3, r3, r1
 436              		.loc 1 648 11
 437 0214 7A6D     		ldr	r2, [r7, #84]
 438 0216 1344     		add	r3, r3, r2
 439 0218 7B65     		str	r3, [r7, #84]
 649:./Libraries/CMSIS/DSP/Source/FilteringFunctions/arm_conv_q7.c **** 
 650:./Libraries/CMSIS/DSP/Source/FilteringFunctions/arm_conv_q7.c ****       /* Decrement loop counter */
 651:./Libraries/CMSIS/DSP/Source/FilteringFunctions/arm_conv_q7.c ****       k--;
 440              		.loc 1 651 8
 441 021a BB6C     		ldr	r3, [r7, #72]
 442 021c 013B     		subs	r3, r3, #1
 443 021e BB64     		str	r3, [r7, #72]
 444              	.L19:
 644:./Libraries/CMSIS/DSP/Source/FilteringFunctions/arm_conv_q7.c ****     {
 445              		.loc 1 644 11
 446 0220 BB6C     		ldr	r3, [r7, #72]
 447 0222 002B     		cmp	r3, #0
 448 0224 E9D1     		bne	.L20
 449              	.LBB5:
 652:./Libraries/CMSIS/DSP/Source/FilteringFunctions/arm_conv_q7.c ****     }
 653:./Libraries/CMSIS/DSP/Source/FilteringFunctions/arm_conv_q7.c **** 
 654:./Libraries/CMSIS/DSP/Source/FilteringFunctions/arm_conv_q7.c ****     /* Store the result in the accumulator in the destination buffer. */
 655:./Libraries/CMSIS/DSP/Source/FilteringFunctions/arm_conv_q7.c ****     *pOut++ = (q7_t) (__SSAT(sum >> 7U, 8));
 450              		.loc 1 655 23
 451 0226 7B6D     		ldr	r3, [r7, #84]
 452 0228 DB11     		asrs	r3, r3, #7
 453 022a 3B62     		str	r3, [r7, #32]
 454 022c 3B6A     		ldr	r3, [r7, #32]
 455              		.syntax unified
 456              	@ 655 "./Libraries/CMSIS/DSP/Source/FilteringFunctions/arm_conv_q7.c" 1
 457 022e 03F30703 		ssat r3, #8, r3
 458              	@ 0 "" 2
 459              		.thumb
 460              		.syntax unified
 461 0232 FB61     		str	r3, [r7, #28]
 462 0234 F969     		ldr	r1, [r7, #28]
 463              	.LBE5:
 464              		.loc 1 655 10
 465 0236 7B6E     		ldr	r3, [r7, #100]
 466 0238 5A1C     		adds	r2, r3, #1
 467 023a 7A66     		str	r2, [r7, #100]
 468              		.loc 1 655 15
 469 023c 4AB2     		sxtb	r2, r1
 470              		.loc 1 655 13
 471 023e 1A70     		strb	r2, [r3]
 656:./Libraries/CMSIS/DSP/Source/FilteringFunctions/arm_conv_q7.c **** 
 657:./Libraries/CMSIS/DSP/Source/FilteringFunctions/arm_conv_q7.c ****     /* Update the inputA and inputB pointers for next MAC calculation */
 658:./Libraries/CMSIS/DSP/Source/FilteringFunctions/arm_conv_q7.c ****     px = ++pSrc1;
 472              		.loc 1 658 8
 473 0240 BB6D     		ldr	r3, [r7, #88]
 474 0242 0133     		adds	r3, r3, #1
 475 0244 BB65     		str	r3, [r7, #88]
 476 0246 BB6D     		ldr	r3, [r7, #88]
ARM GAS  /tmp/ccxOys7a.s 			page 21


 477 0248 3B66     		str	r3, [r7, #96]
 659:./Libraries/CMSIS/DSP/Source/FilteringFunctions/arm_conv_q7.c ****     py = pSrc2;
 478              		.loc 1 659 8
 479 024a 7B6B     		ldr	r3, [r7, #52]
 480 024c FB65     		str	r3, [r7, #92]
 660:./Libraries/CMSIS/DSP/Source/FilteringFunctions/arm_conv_q7.c **** 
 661:./Libraries/CMSIS/DSP/Source/FilteringFunctions/arm_conv_q7.c ****     /* Decrement loop counter */
 662:./Libraries/CMSIS/DSP/Source/FilteringFunctions/arm_conv_q7.c ****     blockSize3--;
 481              		.loc 1 662 15
 482 024e FB6C     		ldr	r3, [r7, #76]
 483 0250 013B     		subs	r3, r3, #1
 484 0252 FB64     		str	r3, [r7, #76]
 485              	.L18:
 590:./Libraries/CMSIS/DSP/Source/FilteringFunctions/arm_conv_q7.c ****   {
 486              		.loc 1 590 9
 487 0254 FB6C     		ldr	r3, [r7, #76]
 488 0256 002B     		cmp	r3, #0
 489 0258 CAD1     		bne	.L21
 663:./Libraries/CMSIS/DSP/Source/FilteringFunctions/arm_conv_q7.c ****   }
 664:./Libraries/CMSIS/DSP/Source/FilteringFunctions/arm_conv_q7.c **** 
 665:./Libraries/CMSIS/DSP/Source/FilteringFunctions/arm_conv_q7.c **** #else
 666:./Libraries/CMSIS/DSP/Source/FilteringFunctions/arm_conv_q7.c **** /* alternate version for CM0_FAMILY */
 667:./Libraries/CMSIS/DSP/Source/FilteringFunctions/arm_conv_q7.c **** 
 668:./Libraries/CMSIS/DSP/Source/FilteringFunctions/arm_conv_q7.c ****   const q7_t *pIn1 = pSrcA;                            /* InputA pointer */
 669:./Libraries/CMSIS/DSP/Source/FilteringFunctions/arm_conv_q7.c ****   const q7_t *pIn2 = pSrcB;                            /* InputB pointer */
 670:./Libraries/CMSIS/DSP/Source/FilteringFunctions/arm_conv_q7.c ****         q31_t sum;                                     /* Accumulator */
 671:./Libraries/CMSIS/DSP/Source/FilteringFunctions/arm_conv_q7.c ****         uint32_t i, j;                                 /* Loop counters */
 672:./Libraries/CMSIS/DSP/Source/FilteringFunctions/arm_conv_q7.c **** 
 673:./Libraries/CMSIS/DSP/Source/FilteringFunctions/arm_conv_q7.c ****   /* Loop to calculate convolution for output length number of times */
 674:./Libraries/CMSIS/DSP/Source/FilteringFunctions/arm_conv_q7.c ****   for (i = 0U; i < (srcALen + srcBLen - 1U); i++)
 675:./Libraries/CMSIS/DSP/Source/FilteringFunctions/arm_conv_q7.c ****   {
 676:./Libraries/CMSIS/DSP/Source/FilteringFunctions/arm_conv_q7.c ****     /* Initialize sum with zero to carry out MAC operations */
 677:./Libraries/CMSIS/DSP/Source/FilteringFunctions/arm_conv_q7.c ****     sum = 0;
 678:./Libraries/CMSIS/DSP/Source/FilteringFunctions/arm_conv_q7.c **** 
 679:./Libraries/CMSIS/DSP/Source/FilteringFunctions/arm_conv_q7.c ****     /* Loop to perform MAC operations according to convolution equation */
 680:./Libraries/CMSIS/DSP/Source/FilteringFunctions/arm_conv_q7.c ****     for (j = 0U; j <= i; j++)
 681:./Libraries/CMSIS/DSP/Source/FilteringFunctions/arm_conv_q7.c ****     {
 682:./Libraries/CMSIS/DSP/Source/FilteringFunctions/arm_conv_q7.c ****       /* Check the array limitations */
 683:./Libraries/CMSIS/DSP/Source/FilteringFunctions/arm_conv_q7.c ****       if (((i - j) < srcBLen) && (j < srcALen))
 684:./Libraries/CMSIS/DSP/Source/FilteringFunctions/arm_conv_q7.c ****       {
 685:./Libraries/CMSIS/DSP/Source/FilteringFunctions/arm_conv_q7.c ****         /* z[i] += x[i-j] * y[j] */
 686:./Libraries/CMSIS/DSP/Source/FilteringFunctions/arm_conv_q7.c ****         sum += ((q15_t) pIn1[j] * pIn2[i - j]);
 687:./Libraries/CMSIS/DSP/Source/FilteringFunctions/arm_conv_q7.c ****       }
 688:./Libraries/CMSIS/DSP/Source/FilteringFunctions/arm_conv_q7.c ****     }
 689:./Libraries/CMSIS/DSP/Source/FilteringFunctions/arm_conv_q7.c **** 
 690:./Libraries/CMSIS/DSP/Source/FilteringFunctions/arm_conv_q7.c ****     /* Store the output in the destination buffer */
 691:./Libraries/CMSIS/DSP/Source/FilteringFunctions/arm_conv_q7.c ****     pDst[i] = (q7_t) __SSAT((sum >> 7U), 8U);
 692:./Libraries/CMSIS/DSP/Source/FilteringFunctions/arm_conv_q7.c ****   }
 693:./Libraries/CMSIS/DSP/Source/FilteringFunctions/arm_conv_q7.c **** 
 694:./Libraries/CMSIS/DSP/Source/FilteringFunctions/arm_conv_q7.c **** #endif /* #if !defined(ARM_MATH_CM0_FAMILY) */
 695:./Libraries/CMSIS/DSP/Source/FilteringFunctions/arm_conv_q7.c **** 
 696:./Libraries/CMSIS/DSP/Source/FilteringFunctions/arm_conv_q7.c **** }
 490              		.loc 1 696 1
 491 025a 00BF     		nop
 492 025c 00BF     		nop
 493 025e 7437     		adds	r7, r7, #116
 494              	.LCFI3:
ARM GAS  /tmp/ccxOys7a.s 			page 22


 495              		.cfi_def_cfa_offset 4
 496 0260 BD46     		mov	sp, r7
 497              	.LCFI4:
 498              		.cfi_def_cfa_register 13
 499              		@ sp needed
 500 0262 5DF8047B 		ldr	r7, [sp], #4
 501              	.LCFI5:
 502              		.cfi_restore 7
 503              		.cfi_def_cfa_offset 0
 504 0266 7047     		bx	lr
 505              		.cfi_endproc
 506              	.LFE145:
 508              		.text
 509              	.Letext0:
 510              		.file 2 "/usr/lib/gcc/arm-none-eabi/9.2.1/include/stdint.h"
 511              		.file 3 "/usr/lib/gcc/arm-none-eabi/9.2.1/include/stddef.h"
 512              		.file 4 "/usr/include/newlib/sys/_types.h"
 513              		.file 5 "/usr/include/newlib/sys/reent.h"
 514              		.file 6 "/usr/include/newlib/sys/lock.h"
 515              		.file 7 "/usr/include/newlib/math.h"
 516              		.file 8 "./Libraries/CMSIS/DSP/Include/arm_math.h"
ARM GAS  /tmp/ccxOys7a.s 			page 23


DEFINED SYMBOLS
                            *ABS*:0000000000000000 arm_conv_q7.c
     /tmp/ccxOys7a.s:17     .text.arm_conv_q7:0000000000000000 $t
     /tmp/ccxOys7a.s:25     .text.arm_conv_q7:0000000000000000 arm_conv_q7

NO UNDEFINED SYMBOLS
