ARM GAS  /tmp/ccboCC0J.s 			page 1


   1              		.cpu cortex-m7
   2              		.eabi_attribute 28, 1
   3              		.eabi_attribute 20, 1
   4              		.eabi_attribute 21, 1
   5              		.eabi_attribute 23, 3
   6              		.eabi_attribute 24, 1
   7              		.eabi_attribute 25, 1
   8              		.eabi_attribute 26, 1
   9              		.eabi_attribute 30, 6
  10              		.eabi_attribute 34, 1
  11              		.eabi_attribute 18, 4
  12              		.file	"arm_correlate_q31.c"
  13              		.text
  14              	.Ltext0:
  15              		.cfi_sections	.debug_frame
  16              		.section	.text.arm_correlate_q31,"ax",%progbits
  17              		.align	1
  18              		.global	arm_correlate_q31
  19              		.arch armv7e-m
  20              		.syntax unified
  21              		.thumb
  22              		.thumb_func
  23              		.fpu fpv5-d16
  25              	arm_correlate_q31:
  26              	.LFB145:
  27              		.file 1 "./Libraries/CMSIS/DSP/Source/FilteringFunctions/arm_correlate_q31.c"
   1:./Libraries/CMSIS/DSP/Source/FilteringFunctions/arm_correlate_q31.c **** /* ----------------------------------------------------------------------
   2:./Libraries/CMSIS/DSP/Source/FilteringFunctions/arm_correlate_q31.c ****  * Project:      CMSIS DSP Library
   3:./Libraries/CMSIS/DSP/Source/FilteringFunctions/arm_correlate_q31.c ****  * Title:        arm_correlate_q31.c
   4:./Libraries/CMSIS/DSP/Source/FilteringFunctions/arm_correlate_q31.c ****  * Description:  Correlation of Q31 sequences
   5:./Libraries/CMSIS/DSP/Source/FilteringFunctions/arm_correlate_q31.c ****  *
   6:./Libraries/CMSIS/DSP/Source/FilteringFunctions/arm_correlate_q31.c ****  * $Date:        18. March 2019
   7:./Libraries/CMSIS/DSP/Source/FilteringFunctions/arm_correlate_q31.c ****  * $Revision:    V1.6.0
   8:./Libraries/CMSIS/DSP/Source/FilteringFunctions/arm_correlate_q31.c ****  *
   9:./Libraries/CMSIS/DSP/Source/FilteringFunctions/arm_correlate_q31.c ****  * Target Processor: Cortex-M cores
  10:./Libraries/CMSIS/DSP/Source/FilteringFunctions/arm_correlate_q31.c ****  * -------------------------------------------------------------------- */
  11:./Libraries/CMSIS/DSP/Source/FilteringFunctions/arm_correlate_q31.c **** /*
  12:./Libraries/CMSIS/DSP/Source/FilteringFunctions/arm_correlate_q31.c ****  * Copyright (C) 2010-2019 ARM Limited or its affiliates. All rights reserved.
  13:./Libraries/CMSIS/DSP/Source/FilteringFunctions/arm_correlate_q31.c ****  *
  14:./Libraries/CMSIS/DSP/Source/FilteringFunctions/arm_correlate_q31.c ****  * SPDX-License-Identifier: Apache-2.0
  15:./Libraries/CMSIS/DSP/Source/FilteringFunctions/arm_correlate_q31.c ****  *
  16:./Libraries/CMSIS/DSP/Source/FilteringFunctions/arm_correlate_q31.c ****  * Licensed under the Apache License, Version 2.0 (the License); you may
  17:./Libraries/CMSIS/DSP/Source/FilteringFunctions/arm_correlate_q31.c ****  * not use this file except in compliance with the License.
  18:./Libraries/CMSIS/DSP/Source/FilteringFunctions/arm_correlate_q31.c ****  * You may obtain a copy of the License at
  19:./Libraries/CMSIS/DSP/Source/FilteringFunctions/arm_correlate_q31.c ****  *
  20:./Libraries/CMSIS/DSP/Source/FilteringFunctions/arm_correlate_q31.c ****  * www.apache.org/licenses/LICENSE-2.0
  21:./Libraries/CMSIS/DSP/Source/FilteringFunctions/arm_correlate_q31.c ****  *
  22:./Libraries/CMSIS/DSP/Source/FilteringFunctions/arm_correlate_q31.c ****  * Unless required by applicable law or agreed to in writing, software
  23:./Libraries/CMSIS/DSP/Source/FilteringFunctions/arm_correlate_q31.c ****  * distributed under the License is distributed on an AS IS BASIS, WITHOUT
  24:./Libraries/CMSIS/DSP/Source/FilteringFunctions/arm_correlate_q31.c ****  * WARRANTIES OR CONDITIONS OF ANY KIND, either express or implied.
  25:./Libraries/CMSIS/DSP/Source/FilteringFunctions/arm_correlate_q31.c ****  * See the License for the specific language governing permissions and
  26:./Libraries/CMSIS/DSP/Source/FilteringFunctions/arm_correlate_q31.c ****  * limitations under the License.
  27:./Libraries/CMSIS/DSP/Source/FilteringFunctions/arm_correlate_q31.c ****  */
  28:./Libraries/CMSIS/DSP/Source/FilteringFunctions/arm_correlate_q31.c **** 
  29:./Libraries/CMSIS/DSP/Source/FilteringFunctions/arm_correlate_q31.c **** #include "arm_math.h"
  30:./Libraries/CMSIS/DSP/Source/FilteringFunctions/arm_correlate_q31.c **** 
  31:./Libraries/CMSIS/DSP/Source/FilteringFunctions/arm_correlate_q31.c **** /**
ARM GAS  /tmp/ccboCC0J.s 			page 2


  32:./Libraries/CMSIS/DSP/Source/FilteringFunctions/arm_correlate_q31.c ****   @ingroup groupFilters
  33:./Libraries/CMSIS/DSP/Source/FilteringFunctions/arm_correlate_q31.c ****  */
  34:./Libraries/CMSIS/DSP/Source/FilteringFunctions/arm_correlate_q31.c **** 
  35:./Libraries/CMSIS/DSP/Source/FilteringFunctions/arm_correlate_q31.c **** /**
  36:./Libraries/CMSIS/DSP/Source/FilteringFunctions/arm_correlate_q31.c ****   @addtogroup Corr
  37:./Libraries/CMSIS/DSP/Source/FilteringFunctions/arm_correlate_q31.c ****   @{
  38:./Libraries/CMSIS/DSP/Source/FilteringFunctions/arm_correlate_q31.c ****  */
  39:./Libraries/CMSIS/DSP/Source/FilteringFunctions/arm_correlate_q31.c **** 
  40:./Libraries/CMSIS/DSP/Source/FilteringFunctions/arm_correlate_q31.c **** /**
  41:./Libraries/CMSIS/DSP/Source/FilteringFunctions/arm_correlate_q31.c ****   @brief         Correlation of Q31 sequences.
  42:./Libraries/CMSIS/DSP/Source/FilteringFunctions/arm_correlate_q31.c ****   @param[in]     pSrcA      points to the first input sequence
  43:./Libraries/CMSIS/DSP/Source/FilteringFunctions/arm_correlate_q31.c ****   @param[in]     srcALen    length of the first input sequence
  44:./Libraries/CMSIS/DSP/Source/FilteringFunctions/arm_correlate_q31.c ****   @param[in]     pSrcB      points to the second input sequence
  45:./Libraries/CMSIS/DSP/Source/FilteringFunctions/arm_correlate_q31.c ****   @param[in]     srcBLen    length of the second input sequence
  46:./Libraries/CMSIS/DSP/Source/FilteringFunctions/arm_correlate_q31.c ****   @param[out]    pDst       points to the location where the output result is written.  Length 2 * 
  47:./Libraries/CMSIS/DSP/Source/FilteringFunctions/arm_correlate_q31.c ****   @return        none
  48:./Libraries/CMSIS/DSP/Source/FilteringFunctions/arm_correlate_q31.c **** 
  49:./Libraries/CMSIS/DSP/Source/FilteringFunctions/arm_correlate_q31.c ****   @par           Scaling and Overflow Behavior
  50:./Libraries/CMSIS/DSP/Source/FilteringFunctions/arm_correlate_q31.c ****                    The function is implemented using an internal 64-bit accumulator.
  51:./Libraries/CMSIS/DSP/Source/FilteringFunctions/arm_correlate_q31.c ****                    The accumulator has a 2.62 format and maintains full precision of the intermedia
  52:./Libraries/CMSIS/DSP/Source/FilteringFunctions/arm_correlate_q31.c ****                    There is no saturation on intermediate additions.
  53:./Libraries/CMSIS/DSP/Source/FilteringFunctions/arm_correlate_q31.c ****                    Thus, if the accumulator overflows it wraps around and distorts the result.
  54:./Libraries/CMSIS/DSP/Source/FilteringFunctions/arm_correlate_q31.c ****                    The input signals should be scaled down to avoid intermediate overflows.
  55:./Libraries/CMSIS/DSP/Source/FilteringFunctions/arm_correlate_q31.c ****                    Scale down one of the inputs by 1/min(srcALen, srcBLen)to avoid overflows since 
  56:./Libraries/CMSIS/DSP/Source/FilteringFunctions/arm_correlate_q31.c ****                    maximum of min(srcALen, srcBLen) number of additions is carried internally.
  57:./Libraries/CMSIS/DSP/Source/FilteringFunctions/arm_correlate_q31.c ****                    The 2.62 accumulator is right shifted by 31 bits and saturated to 1.31 format to
  58:./Libraries/CMSIS/DSP/Source/FilteringFunctions/arm_correlate_q31.c **** 
  59:./Libraries/CMSIS/DSP/Source/FilteringFunctions/arm_correlate_q31.c ****   @remark
  60:./Libraries/CMSIS/DSP/Source/FilteringFunctions/arm_correlate_q31.c ****                    Refer to \ref arm_correlate_fast_q31() for a faster but less precise implementat
  61:./Libraries/CMSIS/DSP/Source/FilteringFunctions/arm_correlate_q31.c ****  */
  62:./Libraries/CMSIS/DSP/Source/FilteringFunctions/arm_correlate_q31.c **** 
  63:./Libraries/CMSIS/DSP/Source/FilteringFunctions/arm_correlate_q31.c **** void arm_correlate_q31(
  64:./Libraries/CMSIS/DSP/Source/FilteringFunctions/arm_correlate_q31.c ****   const q31_t * pSrcA,
  65:./Libraries/CMSIS/DSP/Source/FilteringFunctions/arm_correlate_q31.c ****         uint32_t srcALen,
  66:./Libraries/CMSIS/DSP/Source/FilteringFunctions/arm_correlate_q31.c ****   const q31_t * pSrcB,
  67:./Libraries/CMSIS/DSP/Source/FilteringFunctions/arm_correlate_q31.c ****         uint32_t srcBLen,
  68:./Libraries/CMSIS/DSP/Source/FilteringFunctions/arm_correlate_q31.c ****         q31_t * pDst)
  69:./Libraries/CMSIS/DSP/Source/FilteringFunctions/arm_correlate_q31.c **** {
  28              		.loc 1 69 1
  29              		.cfi_startproc
  30              		@ args = 4, pretend = 0, frame = 96
  31              		@ frame_needed = 1, uses_anonymous_args = 0
  32              		@ link register save eliminated.
  33 0000 2DE9F00F 		push	{r4, r5, r6, r7, r8, r9, r10, fp}
  34              	.LCFI0:
  35              		.cfi_def_cfa_offset 32
  36              		.cfi_offset 4, -32
  37              		.cfi_offset 5, -28
  38              		.cfi_offset 6, -24
  39              		.cfi_offset 7, -20
  40              		.cfi_offset 8, -16
  41              		.cfi_offset 9, -12
  42              		.cfi_offset 10, -8
  43              		.cfi_offset 11, -4
  44 0004 98B0     		sub	sp, sp, #96
  45              	.LCFI1:
  46              		.cfi_def_cfa_offset 128
ARM GAS  /tmp/ccboCC0J.s 			page 3


  47 0006 00AF     		add	r7, sp, #0
  48              	.LCFI2:
  49              		.cfi_def_cfa_register 7
  50 0008 7861     		str	r0, [r7, #20]
  51 000a 3961     		str	r1, [r7, #16]
  52 000c FA60     		str	r2, [r7, #12]
  53 000e BB60     		str	r3, [r7, #8]
  70:./Libraries/CMSIS/DSP/Source/FilteringFunctions/arm_correlate_q31.c **** 
  71:./Libraries/CMSIS/DSP/Source/FilteringFunctions/arm_correlate_q31.c **** #if (1)
  72:./Libraries/CMSIS/DSP/Source/FilteringFunctions/arm_correlate_q31.c **** //#if !defined(ARM_MATH_CM0_FAMILY)
  73:./Libraries/CMSIS/DSP/Source/FilteringFunctions/arm_correlate_q31.c **** 
  74:./Libraries/CMSIS/DSP/Source/FilteringFunctions/arm_correlate_q31.c ****   const q31_t *pIn1;                                   /* InputA pointer */
  75:./Libraries/CMSIS/DSP/Source/FilteringFunctions/arm_correlate_q31.c ****   const q31_t *pIn2;                                   /* InputB pointer */
  76:./Libraries/CMSIS/DSP/Source/FilteringFunctions/arm_correlate_q31.c ****         q31_t *pOut = pDst;                            /* Output pointer */
  54              		.loc 1 76 16
  55 0010 D7F88030 		ldr	r3, [r7, #128]
  56 0014 7B65     		str	r3, [r7, #84]
  77:./Libraries/CMSIS/DSP/Source/FilteringFunctions/arm_correlate_q31.c ****   const q31_t *px;                                     /* Intermediate inputA pointer */
  78:./Libraries/CMSIS/DSP/Source/FilteringFunctions/arm_correlate_q31.c ****   const q31_t *py;                                     /* Intermediate inputB pointer */
  79:./Libraries/CMSIS/DSP/Source/FilteringFunctions/arm_correlate_q31.c ****   const q31_t *pSrc1;                                  /* Intermediate pointers */
  80:./Libraries/CMSIS/DSP/Source/FilteringFunctions/arm_correlate_q31.c ****         q63_t sum;                                     /* Accumulators */
  81:./Libraries/CMSIS/DSP/Source/FilteringFunctions/arm_correlate_q31.c ****         uint32_t blockSize1, blockSize2, blockSize3;   /* Loop counters */
  82:./Libraries/CMSIS/DSP/Source/FilteringFunctions/arm_correlate_q31.c ****         uint32_t j, k, count, blkCnt;                  /* Loop counters */
  83:./Libraries/CMSIS/DSP/Source/FilteringFunctions/arm_correlate_q31.c ****         uint32_t outBlockSize;
  84:./Libraries/CMSIS/DSP/Source/FilteringFunctions/arm_correlate_q31.c ****         int32_t inc = 1;                               /* Destination address modifier */
  57              		.loc 1 84 17
  58 0016 0123     		movs	r3, #1
  59 0018 BB62     		str	r3, [r7, #40]
  85:./Libraries/CMSIS/DSP/Source/FilteringFunctions/arm_correlate_q31.c **** 
  86:./Libraries/CMSIS/DSP/Source/FilteringFunctions/arm_correlate_q31.c **** #if defined (ARM_MATH_LOOPUNROLL)
  87:./Libraries/CMSIS/DSP/Source/FilteringFunctions/arm_correlate_q31.c ****         q63_t acc0, acc1, acc2;                        /* Accumulators */
  88:./Libraries/CMSIS/DSP/Source/FilteringFunctions/arm_correlate_q31.c ****         q31_t x0, x1, x2, c0;                          /* Temporary variables for holding input and
  89:./Libraries/CMSIS/DSP/Source/FilteringFunctions/arm_correlate_q31.c **** #endif
  90:./Libraries/CMSIS/DSP/Source/FilteringFunctions/arm_correlate_q31.c **** 
  91:./Libraries/CMSIS/DSP/Source/FilteringFunctions/arm_correlate_q31.c ****   /* The algorithm implementation is based on the lengths of the inputs. */
  92:./Libraries/CMSIS/DSP/Source/FilteringFunctions/arm_correlate_q31.c ****   /* srcB is always made to slide across srcA. */
  93:./Libraries/CMSIS/DSP/Source/FilteringFunctions/arm_correlate_q31.c ****   /* So srcBLen is always considered as shorter or equal to srcALen */
  94:./Libraries/CMSIS/DSP/Source/FilteringFunctions/arm_correlate_q31.c ****   /* But CORR(x, y) is reverse of CORR(y, x) */
  95:./Libraries/CMSIS/DSP/Source/FilteringFunctions/arm_correlate_q31.c ****   /* So, when srcBLen > srcALen, output pointer is made to point to the end of the output buffer */
  96:./Libraries/CMSIS/DSP/Source/FilteringFunctions/arm_correlate_q31.c ****   /* and the destination pointer modifier, inc is set to -1 */
  97:./Libraries/CMSIS/DSP/Source/FilteringFunctions/arm_correlate_q31.c ****   /* If srcALen > srcBLen, zero pad has to be done to srcB to make the two inputs of same length */
  98:./Libraries/CMSIS/DSP/Source/FilteringFunctions/arm_correlate_q31.c ****   /* But to improve the performance,
  99:./Libraries/CMSIS/DSP/Source/FilteringFunctions/arm_correlate_q31.c ****    * we include zeroes in the output instead of zero padding either of the the inputs*/
 100:./Libraries/CMSIS/DSP/Source/FilteringFunctions/arm_correlate_q31.c ****   /* If srcALen > srcBLen,
 101:./Libraries/CMSIS/DSP/Source/FilteringFunctions/arm_correlate_q31.c ****    * (srcALen - srcBLen) zeroes has to included in the starting of the output buffer */
 102:./Libraries/CMSIS/DSP/Source/FilteringFunctions/arm_correlate_q31.c ****   /* If srcALen < srcBLen,
 103:./Libraries/CMSIS/DSP/Source/FilteringFunctions/arm_correlate_q31.c ****    * (srcALen - srcBLen) zeroes has to included in the ending of the output buffer */
 104:./Libraries/CMSIS/DSP/Source/FilteringFunctions/arm_correlate_q31.c ****   if (srcALen >= srcBLen)
  60              		.loc 1 104 6
  61 001a 3A69     		ldr	r2, [r7, #16]
  62 001c BB68     		ldr	r3, [r7, #8]
  63 001e 9A42     		cmp	r2, r3
  64 0020 14D3     		bcc	.L2
 105:./Libraries/CMSIS/DSP/Source/FilteringFunctions/arm_correlate_q31.c ****   {
 106:./Libraries/CMSIS/DSP/Source/FilteringFunctions/arm_correlate_q31.c ****     /* Initialization of inputA pointer */
 107:./Libraries/CMSIS/DSP/Source/FilteringFunctions/arm_correlate_q31.c ****     pIn1 = pSrcA;
  65              		.loc 1 107 10
ARM GAS  /tmp/ccboCC0J.s 			page 4


  66 0022 7B69     		ldr	r3, [r7, #20]
  67 0024 FB65     		str	r3, [r7, #92]
 108:./Libraries/CMSIS/DSP/Source/FilteringFunctions/arm_correlate_q31.c **** 
 109:./Libraries/CMSIS/DSP/Source/FilteringFunctions/arm_correlate_q31.c ****     /* Initialization of inputB pointer */
 110:./Libraries/CMSIS/DSP/Source/FilteringFunctions/arm_correlate_q31.c ****     pIn2 = pSrcB;
  68              		.loc 1 110 10
  69 0026 FB68     		ldr	r3, [r7, #12]
  70 0028 BB65     		str	r3, [r7, #88]
 111:./Libraries/CMSIS/DSP/Source/FilteringFunctions/arm_correlate_q31.c **** 
 112:./Libraries/CMSIS/DSP/Source/FilteringFunctions/arm_correlate_q31.c ****     /* Number of output samples is calculated */
 113:./Libraries/CMSIS/DSP/Source/FilteringFunctions/arm_correlate_q31.c ****     outBlockSize = (2U * srcALen) - 1U;
  71              		.loc 1 113 24
  72 002a 3B69     		ldr	r3, [r7, #16]
  73 002c 5B00     		lsls	r3, r3, #1
  74              		.loc 1 113 18
  75 002e 013B     		subs	r3, r3, #1
  76 0030 3B62     		str	r3, [r7, #32]
 114:./Libraries/CMSIS/DSP/Source/FilteringFunctions/arm_correlate_q31.c **** 
 115:./Libraries/CMSIS/DSP/Source/FilteringFunctions/arm_correlate_q31.c ****     /* When srcALen > srcBLen, zero padding is done to srcB
 116:./Libraries/CMSIS/DSP/Source/FilteringFunctions/arm_correlate_q31.c ****      * to make their lengths equal.
 117:./Libraries/CMSIS/DSP/Source/FilteringFunctions/arm_correlate_q31.c ****      * Instead, (outBlockSize - (srcALen + srcBLen - 1))
 118:./Libraries/CMSIS/DSP/Source/FilteringFunctions/arm_correlate_q31.c ****      * number of output samples are made zero */
 119:./Libraries/CMSIS/DSP/Source/FilteringFunctions/arm_correlate_q31.c ****     j = outBlockSize - (srcALen + (srcBLen - 1U));
  77              		.loc 1 119 33
  78 0032 BA68     		ldr	r2, [r7, #8]
  79 0034 3B69     		ldr	r3, [r7, #16]
  80 0036 1344     		add	r3, r3, r2
  81              		.loc 1 119 22
  82 0038 3A6A     		ldr	r2, [r7, #32]
  83 003a D31A     		subs	r3, r2, r3
  84              		.loc 1 119 7
  85 003c 0133     		adds	r3, r3, #1
  86 003e 7B62     		str	r3, [r7, #36]
 120:./Libraries/CMSIS/DSP/Source/FilteringFunctions/arm_correlate_q31.c **** 
 121:./Libraries/CMSIS/DSP/Source/FilteringFunctions/arm_correlate_q31.c ****     /* Updating the pointer position to non zero value */
 122:./Libraries/CMSIS/DSP/Source/FilteringFunctions/arm_correlate_q31.c ****     pOut += j;
  87              		.loc 1 122 10
  88 0040 7B6A     		ldr	r3, [r7, #36]
  89 0042 9B00     		lsls	r3, r3, #2
  90 0044 7A6D     		ldr	r2, [r7, #84]
  91 0046 1344     		add	r3, r3, r2
  92 0048 7B65     		str	r3, [r7, #84]
  93 004a 16E0     		b	.L3
  94              	.L2:
 123:./Libraries/CMSIS/DSP/Source/FilteringFunctions/arm_correlate_q31.c ****   }
 124:./Libraries/CMSIS/DSP/Source/FilteringFunctions/arm_correlate_q31.c ****   else
 125:./Libraries/CMSIS/DSP/Source/FilteringFunctions/arm_correlate_q31.c ****   {
 126:./Libraries/CMSIS/DSP/Source/FilteringFunctions/arm_correlate_q31.c ****     /* Initialization of inputA pointer */
 127:./Libraries/CMSIS/DSP/Source/FilteringFunctions/arm_correlate_q31.c ****     pIn1 = pSrcB;
  95              		.loc 1 127 10
  96 004c FB68     		ldr	r3, [r7, #12]
  97 004e FB65     		str	r3, [r7, #92]
 128:./Libraries/CMSIS/DSP/Source/FilteringFunctions/arm_correlate_q31.c **** 
 129:./Libraries/CMSIS/DSP/Source/FilteringFunctions/arm_correlate_q31.c ****     /* Initialization of inputB pointer */
 130:./Libraries/CMSIS/DSP/Source/FilteringFunctions/arm_correlate_q31.c ****     pIn2 = pSrcA;
  98              		.loc 1 130 10
  99 0050 7B69     		ldr	r3, [r7, #20]
ARM GAS  /tmp/ccboCC0J.s 			page 5


 100 0052 BB65     		str	r3, [r7, #88]
 131:./Libraries/CMSIS/DSP/Source/FilteringFunctions/arm_correlate_q31.c **** 
 132:./Libraries/CMSIS/DSP/Source/FilteringFunctions/arm_correlate_q31.c ****     /* srcBLen is always considered as shorter or equal to srcALen */
 133:./Libraries/CMSIS/DSP/Source/FilteringFunctions/arm_correlate_q31.c ****     j = srcBLen;
 101              		.loc 1 133 7
 102 0054 BB68     		ldr	r3, [r7, #8]
 103 0056 7B62     		str	r3, [r7, #36]
 134:./Libraries/CMSIS/DSP/Source/FilteringFunctions/arm_correlate_q31.c ****     srcBLen = srcALen;
 104              		.loc 1 134 13
 105 0058 3B69     		ldr	r3, [r7, #16]
 106 005a BB60     		str	r3, [r7, #8]
 135:./Libraries/CMSIS/DSP/Source/FilteringFunctions/arm_correlate_q31.c ****     srcALen = j;
 107              		.loc 1 135 13
 108 005c 7B6A     		ldr	r3, [r7, #36]
 109 005e 3B61     		str	r3, [r7, #16]
 136:./Libraries/CMSIS/DSP/Source/FilteringFunctions/arm_correlate_q31.c **** 
 137:./Libraries/CMSIS/DSP/Source/FilteringFunctions/arm_correlate_q31.c ****     /* CORR(x, y) = Reverse order(CORR(y, x)) */
 138:./Libraries/CMSIS/DSP/Source/FilteringFunctions/arm_correlate_q31.c ****     /* Hence set the destination pointer to point to the last output sample */
 139:./Libraries/CMSIS/DSP/Source/FilteringFunctions/arm_correlate_q31.c ****     pOut = pDst + ((srcALen + srcBLen) - 2U);
 110              		.loc 1 139 29
 111 0060 3A69     		ldr	r2, [r7, #16]
 112 0062 BB68     		ldr	r3, [r7, #8]
 113 0064 1A44     		add	r2, r2, r3
 114              		.loc 1 139 17
 115 0066 9E4B     		ldr	r3, .L22
 116 0068 1344     		add	r3, r3, r2
 117 006a 9B00     		lsls	r3, r3, #2
 118              		.loc 1 139 10
 119 006c D7F88020 		ldr	r2, [r7, #128]
 120 0070 1344     		add	r3, r3, r2
 121 0072 7B65     		str	r3, [r7, #84]
 140:./Libraries/CMSIS/DSP/Source/FilteringFunctions/arm_correlate_q31.c **** 
 141:./Libraries/CMSIS/DSP/Source/FilteringFunctions/arm_correlate_q31.c ****     /* Destination address modifier is set to -1 */
 142:./Libraries/CMSIS/DSP/Source/FilteringFunctions/arm_correlate_q31.c ****     inc = -1;
 122              		.loc 1 142 9
 123 0074 4FF0FF33 		mov	r3, #-1
 124 0078 BB62     		str	r3, [r7, #40]
 125              	.L3:
 143:./Libraries/CMSIS/DSP/Source/FilteringFunctions/arm_correlate_q31.c ****   }
 144:./Libraries/CMSIS/DSP/Source/FilteringFunctions/arm_correlate_q31.c **** 
 145:./Libraries/CMSIS/DSP/Source/FilteringFunctions/arm_correlate_q31.c ****   /* The function is internally
 146:./Libraries/CMSIS/DSP/Source/FilteringFunctions/arm_correlate_q31.c ****    * divided into three stages according to the number of multiplications that has to be
 147:./Libraries/CMSIS/DSP/Source/FilteringFunctions/arm_correlate_q31.c ****    * taken place between inputA samples and inputB samples. In the first stage of the
 148:./Libraries/CMSIS/DSP/Source/FilteringFunctions/arm_correlate_q31.c ****    * algorithm, the multiplications increase by one for every iteration.
 149:./Libraries/CMSIS/DSP/Source/FilteringFunctions/arm_correlate_q31.c ****    * In the second stage of the algorithm, srcBLen number of multiplications are done.
 150:./Libraries/CMSIS/DSP/Source/FilteringFunctions/arm_correlate_q31.c ****    * In the third stage of the algorithm, the multiplications decrease by one
 151:./Libraries/CMSIS/DSP/Source/FilteringFunctions/arm_correlate_q31.c ****    * for every iteration. */
 152:./Libraries/CMSIS/DSP/Source/FilteringFunctions/arm_correlate_q31.c **** 
 153:./Libraries/CMSIS/DSP/Source/FilteringFunctions/arm_correlate_q31.c ****   /* The algorithm is implemented in three stages.
 154:./Libraries/CMSIS/DSP/Source/FilteringFunctions/arm_correlate_q31.c ****      The loop counters of each stage is initiated here. */
 155:./Libraries/CMSIS/DSP/Source/FilteringFunctions/arm_correlate_q31.c ****   blockSize1 = srcBLen - 1U;
 126              		.loc 1 155 14
 127 007a BB68     		ldr	r3, [r7, #8]
 128 007c 013B     		subs	r3, r3, #1
 129 007e FB63     		str	r3, [r7, #60]
 156:./Libraries/CMSIS/DSP/Source/FilteringFunctions/arm_correlate_q31.c ****   blockSize2 = srcALen - (srcBLen - 1U);
 130              		.loc 1 156 24
ARM GAS  /tmp/ccboCC0J.s 			page 6


 131 0080 3A69     		ldr	r2, [r7, #16]
 132 0082 BB68     		ldr	r3, [r7, #8]
 133 0084 D31A     		subs	r3, r2, r3
 134              		.loc 1 156 14
 135 0086 0133     		adds	r3, r3, #1
 136 0088 FB61     		str	r3, [r7, #28]
 157:./Libraries/CMSIS/DSP/Source/FilteringFunctions/arm_correlate_q31.c ****   blockSize3 = blockSize1;
 137              		.loc 1 157 14
 138 008a FB6B     		ldr	r3, [r7, #60]
 139 008c BB63     		str	r3, [r7, #56]
 158:./Libraries/CMSIS/DSP/Source/FilteringFunctions/arm_correlate_q31.c **** 
 159:./Libraries/CMSIS/DSP/Source/FilteringFunctions/arm_correlate_q31.c ****   /* --------------------------
 160:./Libraries/CMSIS/DSP/Source/FilteringFunctions/arm_correlate_q31.c ****    * Initializations of stage1
 161:./Libraries/CMSIS/DSP/Source/FilteringFunctions/arm_correlate_q31.c ****    * -------------------------*/
 162:./Libraries/CMSIS/DSP/Source/FilteringFunctions/arm_correlate_q31.c **** 
 163:./Libraries/CMSIS/DSP/Source/FilteringFunctions/arm_correlate_q31.c ****   /* sum = x[0] * y[srcBlen - 1]
 164:./Libraries/CMSIS/DSP/Source/FilteringFunctions/arm_correlate_q31.c ****    * sum = x[0] * y[srcBlen - 2] + x[1] * y[srcBlen - 1]
 165:./Libraries/CMSIS/DSP/Source/FilteringFunctions/arm_correlate_q31.c ****    * ....
 166:./Libraries/CMSIS/DSP/Source/FilteringFunctions/arm_correlate_q31.c ****    * sum = x[0] * y[0] + x[1] * y[1] +...+ x[srcBLen - 1] * y[srcBLen - 1]
 167:./Libraries/CMSIS/DSP/Source/FilteringFunctions/arm_correlate_q31.c ****    */
 168:./Libraries/CMSIS/DSP/Source/FilteringFunctions/arm_correlate_q31.c **** 
 169:./Libraries/CMSIS/DSP/Source/FilteringFunctions/arm_correlate_q31.c ****   /* In this stage the MAC operations are increased by 1 for every iteration.
 170:./Libraries/CMSIS/DSP/Source/FilteringFunctions/arm_correlate_q31.c ****      The count variable holds the number of MAC operations performed */
 171:./Libraries/CMSIS/DSP/Source/FilteringFunctions/arm_correlate_q31.c ****   count = 1U;
 140              		.loc 1 171 9
 141 008e 0123     		movs	r3, #1
 142 0090 3B63     		str	r3, [r7, #48]
 172:./Libraries/CMSIS/DSP/Source/FilteringFunctions/arm_correlate_q31.c **** 
 173:./Libraries/CMSIS/DSP/Source/FilteringFunctions/arm_correlate_q31.c ****   /* Working pointer of inputA */
 174:./Libraries/CMSIS/DSP/Source/FilteringFunctions/arm_correlate_q31.c ****   px = pIn1;
 143              		.loc 1 174 6
 144 0092 FB6D     		ldr	r3, [r7, #92]
 145 0094 3B65     		str	r3, [r7, #80]
 175:./Libraries/CMSIS/DSP/Source/FilteringFunctions/arm_correlate_q31.c **** 
 176:./Libraries/CMSIS/DSP/Source/FilteringFunctions/arm_correlate_q31.c ****   /* Working pointer of inputB */
 177:./Libraries/CMSIS/DSP/Source/FilteringFunctions/arm_correlate_q31.c ****   pSrc1 = pIn2 + (srcBLen - 1U);
 146              		.loc 1 177 16
 147 0096 BA68     		ldr	r2, [r7, #8]
 148 0098 6FF04043 		mvn	r3, #-1073741824
 149 009c 1344     		add	r3, r3, r2
 150 009e 9B00     		lsls	r3, r3, #2
 151              		.loc 1 177 9
 152 00a0 BA6D     		ldr	r2, [r7, #88]
 153 00a2 1344     		add	r3, r3, r2
 154 00a4 BB64     		str	r3, [r7, #72]
 178:./Libraries/CMSIS/DSP/Source/FilteringFunctions/arm_correlate_q31.c ****   py = pSrc1;
 155              		.loc 1 178 6
 156 00a6 BB6C     		ldr	r3, [r7, #72]
 157 00a8 FB64     		str	r3, [r7, #76]
 179:./Libraries/CMSIS/DSP/Source/FilteringFunctions/arm_correlate_q31.c **** 
 180:./Libraries/CMSIS/DSP/Source/FilteringFunctions/arm_correlate_q31.c **** 
 181:./Libraries/CMSIS/DSP/Source/FilteringFunctions/arm_correlate_q31.c ****   /* ------------------------
 182:./Libraries/CMSIS/DSP/Source/FilteringFunctions/arm_correlate_q31.c ****    * Stage1 process
 183:./Libraries/CMSIS/DSP/Source/FilteringFunctions/arm_correlate_q31.c ****    * ----------------------*/
 184:./Libraries/CMSIS/DSP/Source/FilteringFunctions/arm_correlate_q31.c **** 
 185:./Libraries/CMSIS/DSP/Source/FilteringFunctions/arm_correlate_q31.c ****   /* The first stage starts here */
 186:./Libraries/CMSIS/DSP/Source/FilteringFunctions/arm_correlate_q31.c ****   while (blockSize1 > 0U)
ARM GAS  /tmp/ccboCC0J.s 			page 7


 158              		.loc 1 186 9
 159 00aa 4FE0     		b	.L4
 160              	.L7:
 187:./Libraries/CMSIS/DSP/Source/FilteringFunctions/arm_correlate_q31.c ****   {
 188:./Libraries/CMSIS/DSP/Source/FilteringFunctions/arm_correlate_q31.c ****     /* Accumulator is made zero for every iteration */
 189:./Libraries/CMSIS/DSP/Source/FilteringFunctions/arm_correlate_q31.c ****     sum = 0;
 161              		.loc 1 189 9
 162 00ac 4FF00002 		mov	r2, #0
 163 00b0 4FF00003 		mov	r3, #0
 164 00b4 C7E91023 		strd	r2, [r7, #64]
 190:./Libraries/CMSIS/DSP/Source/FilteringFunctions/arm_correlate_q31.c **** 
 191:./Libraries/CMSIS/DSP/Source/FilteringFunctions/arm_correlate_q31.c **** #if defined (ARM_MATH_LOOPUNROLL)
 192:./Libraries/CMSIS/DSP/Source/FilteringFunctions/arm_correlate_q31.c **** 
 193:./Libraries/CMSIS/DSP/Source/FilteringFunctions/arm_correlate_q31.c ****     /* Loop unrolling: Compute 4 outputs at a time */
 194:./Libraries/CMSIS/DSP/Source/FilteringFunctions/arm_correlate_q31.c ****     k = count >> 2U;
 195:./Libraries/CMSIS/DSP/Source/FilteringFunctions/arm_correlate_q31.c **** 
 196:./Libraries/CMSIS/DSP/Source/FilteringFunctions/arm_correlate_q31.c ****     while (k > 0U)
 197:./Libraries/CMSIS/DSP/Source/FilteringFunctions/arm_correlate_q31.c ****     {
 198:./Libraries/CMSIS/DSP/Source/FilteringFunctions/arm_correlate_q31.c ****       /* x[0] * y[srcBLen - 4] */
 199:./Libraries/CMSIS/DSP/Source/FilteringFunctions/arm_correlate_q31.c ****       sum += (q63_t) *px++ * (*py++);
 200:./Libraries/CMSIS/DSP/Source/FilteringFunctions/arm_correlate_q31.c **** 
 201:./Libraries/CMSIS/DSP/Source/FilteringFunctions/arm_correlate_q31.c ****       /* x[1] * y[srcBLen - 3] */
 202:./Libraries/CMSIS/DSP/Source/FilteringFunctions/arm_correlate_q31.c ****       sum += (q63_t) *px++ * (*py++);
 203:./Libraries/CMSIS/DSP/Source/FilteringFunctions/arm_correlate_q31.c **** 
 204:./Libraries/CMSIS/DSP/Source/FilteringFunctions/arm_correlate_q31.c ****       /* x[2] * y[srcBLen - 2] */
 205:./Libraries/CMSIS/DSP/Source/FilteringFunctions/arm_correlate_q31.c ****       sum += (q63_t) *px++ * (*py++);
 206:./Libraries/CMSIS/DSP/Source/FilteringFunctions/arm_correlate_q31.c **** 
 207:./Libraries/CMSIS/DSP/Source/FilteringFunctions/arm_correlate_q31.c ****       /* x[3] * y[srcBLen - 1] */
 208:./Libraries/CMSIS/DSP/Source/FilteringFunctions/arm_correlate_q31.c ****       sum += (q63_t) *px++ * (*py++);
 209:./Libraries/CMSIS/DSP/Source/FilteringFunctions/arm_correlate_q31.c **** 
 210:./Libraries/CMSIS/DSP/Source/FilteringFunctions/arm_correlate_q31.c ****       /* Decrement loop counter */
 211:./Libraries/CMSIS/DSP/Source/FilteringFunctions/arm_correlate_q31.c ****       k--;
 212:./Libraries/CMSIS/DSP/Source/FilteringFunctions/arm_correlate_q31.c ****     }
 213:./Libraries/CMSIS/DSP/Source/FilteringFunctions/arm_correlate_q31.c **** 
 214:./Libraries/CMSIS/DSP/Source/FilteringFunctions/arm_correlate_q31.c ****     /* Loop unrolling: Compute remaining outputs */
 215:./Libraries/CMSIS/DSP/Source/FilteringFunctions/arm_correlate_q31.c ****     k = count % 0x4U;
 216:./Libraries/CMSIS/DSP/Source/FilteringFunctions/arm_correlate_q31.c **** 
 217:./Libraries/CMSIS/DSP/Source/FilteringFunctions/arm_correlate_q31.c **** #else
 218:./Libraries/CMSIS/DSP/Source/FilteringFunctions/arm_correlate_q31.c **** 
 219:./Libraries/CMSIS/DSP/Source/FilteringFunctions/arm_correlate_q31.c ****     /* Initialize k with number of samples */
 220:./Libraries/CMSIS/DSP/Source/FilteringFunctions/arm_correlate_q31.c ****     k = count;
 165              		.loc 1 220 7
 166 00b8 3B6B     		ldr	r3, [r7, #48]
 167 00ba 7B63     		str	r3, [r7, #52]
 221:./Libraries/CMSIS/DSP/Source/FilteringFunctions/arm_correlate_q31.c **** 
 222:./Libraries/CMSIS/DSP/Source/FilteringFunctions/arm_correlate_q31.c **** #endif /* #if defined (ARM_MATH_LOOPUNROLL) */
 223:./Libraries/CMSIS/DSP/Source/FilteringFunctions/arm_correlate_q31.c **** 
 224:./Libraries/CMSIS/DSP/Source/FilteringFunctions/arm_correlate_q31.c ****     while (k > 0U)
 168              		.loc 1 224 11
 169 00bc 24E0     		b	.L5
 170              	.L6:
 225:./Libraries/CMSIS/DSP/Source/FilteringFunctions/arm_correlate_q31.c ****     {
 226:./Libraries/CMSIS/DSP/Source/FilteringFunctions/arm_correlate_q31.c ****       /* Perform the multiply-accumulate */
 227:./Libraries/CMSIS/DSP/Source/FilteringFunctions/arm_correlate_q31.c ****       /* x[0] * y[srcBLen - 1] */
 228:./Libraries/CMSIS/DSP/Source/FilteringFunctions/arm_correlate_q31.c ****       sum += (q63_t) *px++ * (*py++);
 171              		.loc 1 228 25
 172 00be 3B6D     		ldr	r3, [r7, #80]
ARM GAS  /tmp/ccboCC0J.s 			page 8


 173 00c0 1A1D     		adds	r2, r3, #4
 174 00c2 3A65     		str	r2, [r7, #80]
 175              		.loc 1 228 22
 176 00c4 1B68     		ldr	r3, [r3]
 177              		.loc 1 228 14
 178 00c6 1846     		mov	r0, r3
 179 00c8 4FEAE071 		asr	r1, r0, #31
 180              		.loc 1 228 34
 181 00cc FB6C     		ldr	r3, [r7, #76]
 182 00ce 1A1D     		adds	r2, r3, #4
 183 00d0 FA64     		str	r2, [r7, #76]
 184              		.loc 1 228 31
 185 00d2 1B68     		ldr	r3, [r3]
 186 00d4 1A46     		mov	r2, r3
 187 00d6 4FEAE273 		asr	r3, r2, #31
 188              		.loc 1 228 28
 189 00da 02FB01FC 		mul	ip, r2, r1
 190 00de 00FB03F6 		mul	r6, r0, r3
 191 00e2 6644     		add	r6, r6, ip
 192 00e4 A0FB0223 		umull	r2, r3, r0, r2
 193 00e8 F118     		adds	r1, r6, r3
 194 00ea 0B46     		mov	r3, r1
 195              		.loc 1 228 11
 196 00ec D7E91001 		ldrd	r0, [r7, #64]
 197 00f0 8618     		adds	r6, r0, r2
 198 00f2 3E60     		str	r6, [r7]
 199 00f4 41EB0303 		adc	r3, r1, r3
 200 00f8 7B60     		str	r3, [r7, #4]
 201 00fa D7E90023 		ldrd	r2, [r7]
 202 00fe C7E91023 		strd	r2, [r7, #64]
 229:./Libraries/CMSIS/DSP/Source/FilteringFunctions/arm_correlate_q31.c **** 
 230:./Libraries/CMSIS/DSP/Source/FilteringFunctions/arm_correlate_q31.c ****       /* Decrement loop counter */
 231:./Libraries/CMSIS/DSP/Source/FilteringFunctions/arm_correlate_q31.c ****       k--;
 203              		.loc 1 231 8
 204 0102 7B6B     		ldr	r3, [r7, #52]
 205 0104 013B     		subs	r3, r3, #1
 206 0106 7B63     		str	r3, [r7, #52]
 207              	.L5:
 224:./Libraries/CMSIS/DSP/Source/FilteringFunctions/arm_correlate_q31.c ****     {
 208              		.loc 1 224 11
 209 0108 7B6B     		ldr	r3, [r7, #52]
 210 010a 002B     		cmp	r3, #0
 211 010c D7D1     		bne	.L6
 232:./Libraries/CMSIS/DSP/Source/FilteringFunctions/arm_correlate_q31.c ****     }
 233:./Libraries/CMSIS/DSP/Source/FilteringFunctions/arm_correlate_q31.c **** 
 234:./Libraries/CMSIS/DSP/Source/FilteringFunctions/arm_correlate_q31.c ****     /* Store the result in the accumulator in the destination buffer. */
 235:./Libraries/CMSIS/DSP/Source/FilteringFunctions/arm_correlate_q31.c ****     *pOut = (q31_t) (sum >> 31);
 212              		.loc 1 235 26
 213 010e D7E91001 		ldrd	r0, [r7, #64]
 214 0112 4FF00002 		mov	r2, #0
 215 0116 4FF00003 		mov	r3, #0
 216 011a C20F     		lsrs	r2, r0, #31
 217 011c 42EA4102 		orr	r2, r2, r1, lsl #1
 218 0120 CB17     		asrs	r3, r1, #31
 219              		.loc 1 235 11
 220 0122 7B6D     		ldr	r3, [r7, #84]
 221 0124 1A60     		str	r2, [r3]
ARM GAS  /tmp/ccboCC0J.s 			page 9


 236:./Libraries/CMSIS/DSP/Source/FilteringFunctions/arm_correlate_q31.c ****     /* Destination pointer is updated according to the address modifier, inc */
 237:./Libraries/CMSIS/DSP/Source/FilteringFunctions/arm_correlate_q31.c ****     pOut += inc;
 222              		.loc 1 237 10
 223 0126 BB6A     		ldr	r3, [r7, #40]
 224 0128 9B00     		lsls	r3, r3, #2
 225 012a 7A6D     		ldr	r2, [r7, #84]
 226 012c 1344     		add	r3, r3, r2
 227 012e 7B65     		str	r3, [r7, #84]
 238:./Libraries/CMSIS/DSP/Source/FilteringFunctions/arm_correlate_q31.c **** 
 239:./Libraries/CMSIS/DSP/Source/FilteringFunctions/arm_correlate_q31.c ****     /* Update the inputA and inputB pointers for next MAC calculation */
 240:./Libraries/CMSIS/DSP/Source/FilteringFunctions/arm_correlate_q31.c ****     py = pSrc1 - count;
 228              		.loc 1 240 16
 229 0130 3B6B     		ldr	r3, [r7, #48]
 230 0132 9B00     		lsls	r3, r3, #2
 231 0134 5B42     		rsbs	r3, r3, #0
 232              		.loc 1 240 8
 233 0136 BA6C     		ldr	r2, [r7, #72]
 234 0138 1344     		add	r3, r3, r2
 235 013a FB64     		str	r3, [r7, #76]
 241:./Libraries/CMSIS/DSP/Source/FilteringFunctions/arm_correlate_q31.c ****     px = pIn1;
 236              		.loc 1 241 8
 237 013c FB6D     		ldr	r3, [r7, #92]
 238 013e 3B65     		str	r3, [r7, #80]
 242:./Libraries/CMSIS/DSP/Source/FilteringFunctions/arm_correlate_q31.c **** 
 243:./Libraries/CMSIS/DSP/Source/FilteringFunctions/arm_correlate_q31.c ****     /* Increment MAC count */
 244:./Libraries/CMSIS/DSP/Source/FilteringFunctions/arm_correlate_q31.c ****     count++;
 239              		.loc 1 244 10
 240 0140 3B6B     		ldr	r3, [r7, #48]
 241 0142 0133     		adds	r3, r3, #1
 242 0144 3B63     		str	r3, [r7, #48]
 245:./Libraries/CMSIS/DSP/Source/FilteringFunctions/arm_correlate_q31.c **** 
 246:./Libraries/CMSIS/DSP/Source/FilteringFunctions/arm_correlate_q31.c ****     /* Decrement loop counter */
 247:./Libraries/CMSIS/DSP/Source/FilteringFunctions/arm_correlate_q31.c ****     blockSize1--;
 243              		.loc 1 247 15
 244 0146 FB6B     		ldr	r3, [r7, #60]
 245 0148 013B     		subs	r3, r3, #1
 246 014a FB63     		str	r3, [r7, #60]
 247              	.L4:
 186:./Libraries/CMSIS/DSP/Source/FilteringFunctions/arm_correlate_q31.c ****   {
 248              		.loc 1 186 9
 249 014c FB6B     		ldr	r3, [r7, #60]
 250 014e 002B     		cmp	r3, #0
 251 0150 ACD1     		bne	.L7
 248:./Libraries/CMSIS/DSP/Source/FilteringFunctions/arm_correlate_q31.c ****   }
 249:./Libraries/CMSIS/DSP/Source/FilteringFunctions/arm_correlate_q31.c **** 
 250:./Libraries/CMSIS/DSP/Source/FilteringFunctions/arm_correlate_q31.c ****   /* --------------------------
 251:./Libraries/CMSIS/DSP/Source/FilteringFunctions/arm_correlate_q31.c ****    * Initializations of stage2
 252:./Libraries/CMSIS/DSP/Source/FilteringFunctions/arm_correlate_q31.c ****    * ------------------------*/
 253:./Libraries/CMSIS/DSP/Source/FilteringFunctions/arm_correlate_q31.c **** 
 254:./Libraries/CMSIS/DSP/Source/FilteringFunctions/arm_correlate_q31.c ****   /* sum = x[0] * y[0] + x[1] * y[1] +...+ x[srcBLen-1] * y[srcBLen-1]
 255:./Libraries/CMSIS/DSP/Source/FilteringFunctions/arm_correlate_q31.c ****    * sum = x[1] * y[0] + x[2] * y[1] +...+ x[srcBLen] * y[srcBLen-1]
 256:./Libraries/CMSIS/DSP/Source/FilteringFunctions/arm_correlate_q31.c ****    * ....
 257:./Libraries/CMSIS/DSP/Source/FilteringFunctions/arm_correlate_q31.c ****    * sum = x[srcALen-srcBLen-2] * y[0] + x[srcALen-srcBLen-1] * y[1] +...+ x[srcALen-1] * y[srcBLen
 258:./Libraries/CMSIS/DSP/Source/FilteringFunctions/arm_correlate_q31.c ****    */
 259:./Libraries/CMSIS/DSP/Source/FilteringFunctions/arm_correlate_q31.c **** 
 260:./Libraries/CMSIS/DSP/Source/FilteringFunctions/arm_correlate_q31.c ****   /* Working pointer of inputA */
 261:./Libraries/CMSIS/DSP/Source/FilteringFunctions/arm_correlate_q31.c ****   px = pIn1;
ARM GAS  /tmp/ccboCC0J.s 			page 10


 252              		.loc 1 261 6
 253 0152 FB6D     		ldr	r3, [r7, #92]
 254 0154 3B65     		str	r3, [r7, #80]
 262:./Libraries/CMSIS/DSP/Source/FilteringFunctions/arm_correlate_q31.c **** 
 263:./Libraries/CMSIS/DSP/Source/FilteringFunctions/arm_correlate_q31.c ****   /* Working pointer of inputB */
 264:./Libraries/CMSIS/DSP/Source/FilteringFunctions/arm_correlate_q31.c ****   py = pIn2;
 255              		.loc 1 264 6
 256 0156 BB6D     		ldr	r3, [r7, #88]
 257 0158 FB64     		str	r3, [r7, #76]
 265:./Libraries/CMSIS/DSP/Source/FilteringFunctions/arm_correlate_q31.c **** 
 266:./Libraries/CMSIS/DSP/Source/FilteringFunctions/arm_correlate_q31.c ****   /* count is index by which the pointer pIn1 to be incremented */
 267:./Libraries/CMSIS/DSP/Source/FilteringFunctions/arm_correlate_q31.c ****   count = 0U;
 258              		.loc 1 267 9
 259 015a 0023     		movs	r3, #0
 260 015c 3B63     		str	r3, [r7, #48]
 268:./Libraries/CMSIS/DSP/Source/FilteringFunctions/arm_correlate_q31.c **** 
 269:./Libraries/CMSIS/DSP/Source/FilteringFunctions/arm_correlate_q31.c ****   /* -------------------
 270:./Libraries/CMSIS/DSP/Source/FilteringFunctions/arm_correlate_q31.c ****    * Stage2 process
 271:./Libraries/CMSIS/DSP/Source/FilteringFunctions/arm_correlate_q31.c ****    * ------------------*/
 272:./Libraries/CMSIS/DSP/Source/FilteringFunctions/arm_correlate_q31.c **** 
 273:./Libraries/CMSIS/DSP/Source/FilteringFunctions/arm_correlate_q31.c ****   /* Stage2 depends on srcBLen as in this stage srcBLen number of MACS are performed.
 274:./Libraries/CMSIS/DSP/Source/FilteringFunctions/arm_correlate_q31.c ****    * So, to loop unroll over blockSize2,
 275:./Libraries/CMSIS/DSP/Source/FilteringFunctions/arm_correlate_q31.c ****    * srcBLen should be greater than or equal to 4 */
 276:./Libraries/CMSIS/DSP/Source/FilteringFunctions/arm_correlate_q31.c ****   if (srcBLen >= 4U)
 261              		.loc 1 276 6
 262 015e BB68     		ldr	r3, [r7, #8]
 263 0160 032B     		cmp	r3, #3
 264 0162 52D9     		bls	.L8
 277:./Libraries/CMSIS/DSP/Source/FilteringFunctions/arm_correlate_q31.c ****   {
 278:./Libraries/CMSIS/DSP/Source/FilteringFunctions/arm_correlate_q31.c **** #if defined (ARM_MATH_LOOPUNROLL)
 279:./Libraries/CMSIS/DSP/Source/FilteringFunctions/arm_correlate_q31.c **** 
 280:./Libraries/CMSIS/DSP/Source/FilteringFunctions/arm_correlate_q31.c ****     /* Loop unroll by 3 */
 281:./Libraries/CMSIS/DSP/Source/FilteringFunctions/arm_correlate_q31.c ****     blkCnt = blockSize2 / 3;
 282:./Libraries/CMSIS/DSP/Source/FilteringFunctions/arm_correlate_q31.c **** 
 283:./Libraries/CMSIS/DSP/Source/FilteringFunctions/arm_correlate_q31.c ****     while (blkCnt > 0U)
 284:./Libraries/CMSIS/DSP/Source/FilteringFunctions/arm_correlate_q31.c ****     {
 285:./Libraries/CMSIS/DSP/Source/FilteringFunctions/arm_correlate_q31.c ****       /* Set all accumulators to zero */
 286:./Libraries/CMSIS/DSP/Source/FilteringFunctions/arm_correlate_q31.c ****       acc0 = 0;
 287:./Libraries/CMSIS/DSP/Source/FilteringFunctions/arm_correlate_q31.c ****       acc1 = 0;
 288:./Libraries/CMSIS/DSP/Source/FilteringFunctions/arm_correlate_q31.c ****       acc2 = 0;
 289:./Libraries/CMSIS/DSP/Source/FilteringFunctions/arm_correlate_q31.c **** 
 290:./Libraries/CMSIS/DSP/Source/FilteringFunctions/arm_correlate_q31.c ****       /* read x[0], x[1] samples */
 291:./Libraries/CMSIS/DSP/Source/FilteringFunctions/arm_correlate_q31.c ****       x0 = *px++;
 292:./Libraries/CMSIS/DSP/Source/FilteringFunctions/arm_correlate_q31.c ****       x1 = *px++;
 293:./Libraries/CMSIS/DSP/Source/FilteringFunctions/arm_correlate_q31.c **** 
 294:./Libraries/CMSIS/DSP/Source/FilteringFunctions/arm_correlate_q31.c ****       /* Apply loop unrolling and compute 3 MACs simultaneously. */
 295:./Libraries/CMSIS/DSP/Source/FilteringFunctions/arm_correlate_q31.c ****       k = srcBLen / 3;
 296:./Libraries/CMSIS/DSP/Source/FilteringFunctions/arm_correlate_q31.c **** 
 297:./Libraries/CMSIS/DSP/Source/FilteringFunctions/arm_correlate_q31.c ****       /* First part of the processing with loop unrolling.  Compute 3 MACs at a time.
 298:./Libraries/CMSIS/DSP/Source/FilteringFunctions/arm_correlate_q31.c ****        ** a second loop below computes MACs for the remaining 1 to 2 samples. */
 299:./Libraries/CMSIS/DSP/Source/FilteringFunctions/arm_correlate_q31.c ****       do
 300:./Libraries/CMSIS/DSP/Source/FilteringFunctions/arm_correlate_q31.c ****       {
 301:./Libraries/CMSIS/DSP/Source/FilteringFunctions/arm_correlate_q31.c ****         /* Read y[0] sample */
 302:./Libraries/CMSIS/DSP/Source/FilteringFunctions/arm_correlate_q31.c ****         c0 = *(py);
 303:./Libraries/CMSIS/DSP/Source/FilteringFunctions/arm_correlate_q31.c ****         /* Read x[2] sample */
 304:./Libraries/CMSIS/DSP/Source/FilteringFunctions/arm_correlate_q31.c ****         x2 = *(px);
 305:./Libraries/CMSIS/DSP/Source/FilteringFunctions/arm_correlate_q31.c **** 
ARM GAS  /tmp/ccboCC0J.s 			page 11


 306:./Libraries/CMSIS/DSP/Source/FilteringFunctions/arm_correlate_q31.c ****         /* Perform the multiply-accumulate */
 307:./Libraries/CMSIS/DSP/Source/FilteringFunctions/arm_correlate_q31.c ****         /* acc0 +=  x[0] * y[0] */
 308:./Libraries/CMSIS/DSP/Source/FilteringFunctions/arm_correlate_q31.c ****         acc0 += ((q63_t) x0 * c0);
 309:./Libraries/CMSIS/DSP/Source/FilteringFunctions/arm_correlate_q31.c ****         /* acc1 +=  x[1] * y[0] */
 310:./Libraries/CMSIS/DSP/Source/FilteringFunctions/arm_correlate_q31.c ****         acc1 += ((q63_t) x1 * c0);
 311:./Libraries/CMSIS/DSP/Source/FilteringFunctions/arm_correlate_q31.c ****         /* acc2 +=  x[2] * y[0] */
 312:./Libraries/CMSIS/DSP/Source/FilteringFunctions/arm_correlate_q31.c ****         acc2 += ((q63_t) x2 * c0);
 313:./Libraries/CMSIS/DSP/Source/FilteringFunctions/arm_correlate_q31.c **** 
 314:./Libraries/CMSIS/DSP/Source/FilteringFunctions/arm_correlate_q31.c ****         /* Read y[1] sample */
 315:./Libraries/CMSIS/DSP/Source/FilteringFunctions/arm_correlate_q31.c ****         c0 = *(py + 1U);
 316:./Libraries/CMSIS/DSP/Source/FilteringFunctions/arm_correlate_q31.c ****         /* Read x[3] sample */
 317:./Libraries/CMSIS/DSP/Source/FilteringFunctions/arm_correlate_q31.c ****         x0 = *(px + 1U);
 318:./Libraries/CMSIS/DSP/Source/FilteringFunctions/arm_correlate_q31.c **** 
 319:./Libraries/CMSIS/DSP/Source/FilteringFunctions/arm_correlate_q31.c ****         /* Perform the multiply-accumulate */
 320:./Libraries/CMSIS/DSP/Source/FilteringFunctions/arm_correlate_q31.c ****         /* acc0 +=  x[1] * y[1] */
 321:./Libraries/CMSIS/DSP/Source/FilteringFunctions/arm_correlate_q31.c ****         acc0 += ((q63_t) x1 * c0);
 322:./Libraries/CMSIS/DSP/Source/FilteringFunctions/arm_correlate_q31.c ****         /* acc1 +=  x[2] * y[1] */
 323:./Libraries/CMSIS/DSP/Source/FilteringFunctions/arm_correlate_q31.c ****         acc1 += ((q63_t) x2 * c0);
 324:./Libraries/CMSIS/DSP/Source/FilteringFunctions/arm_correlate_q31.c ****         /* acc2 +=  x[3] * y[1] */
 325:./Libraries/CMSIS/DSP/Source/FilteringFunctions/arm_correlate_q31.c ****         acc2 += ((q63_t) x0 * c0);
 326:./Libraries/CMSIS/DSP/Source/FilteringFunctions/arm_correlate_q31.c **** 
 327:./Libraries/CMSIS/DSP/Source/FilteringFunctions/arm_correlate_q31.c ****         /* Read y[2] sample */
 328:./Libraries/CMSIS/DSP/Source/FilteringFunctions/arm_correlate_q31.c ****         c0 = *(py + 2U);
 329:./Libraries/CMSIS/DSP/Source/FilteringFunctions/arm_correlate_q31.c ****         /* Read x[4] sample */
 330:./Libraries/CMSIS/DSP/Source/FilteringFunctions/arm_correlate_q31.c ****         x1 = *(px + 2U);
 331:./Libraries/CMSIS/DSP/Source/FilteringFunctions/arm_correlate_q31.c **** 
 332:./Libraries/CMSIS/DSP/Source/FilteringFunctions/arm_correlate_q31.c ****         /* Perform the multiply-accumulate */
 333:./Libraries/CMSIS/DSP/Source/FilteringFunctions/arm_correlate_q31.c ****         /* acc0 +=  x[2] * y[2] */
 334:./Libraries/CMSIS/DSP/Source/FilteringFunctions/arm_correlate_q31.c ****         acc0 += ((q63_t) x2 * c0);
 335:./Libraries/CMSIS/DSP/Source/FilteringFunctions/arm_correlate_q31.c ****         /* acc1 +=  x[3] * y[2] */
 336:./Libraries/CMSIS/DSP/Source/FilteringFunctions/arm_correlate_q31.c ****         acc1 += ((q63_t) x0 * c0);
 337:./Libraries/CMSIS/DSP/Source/FilteringFunctions/arm_correlate_q31.c ****         /* acc2 +=  x[4] * y[2] */
 338:./Libraries/CMSIS/DSP/Source/FilteringFunctions/arm_correlate_q31.c ****         acc2 += ((q63_t) x1 * c0);
 339:./Libraries/CMSIS/DSP/Source/FilteringFunctions/arm_correlate_q31.c **** 
 340:./Libraries/CMSIS/DSP/Source/FilteringFunctions/arm_correlate_q31.c ****         /* update scratch pointers */
 341:./Libraries/CMSIS/DSP/Source/FilteringFunctions/arm_correlate_q31.c ****         px += 3U;
 342:./Libraries/CMSIS/DSP/Source/FilteringFunctions/arm_correlate_q31.c ****         py += 3U;
 343:./Libraries/CMSIS/DSP/Source/FilteringFunctions/arm_correlate_q31.c **** 
 344:./Libraries/CMSIS/DSP/Source/FilteringFunctions/arm_correlate_q31.c ****       } while (--k);
 345:./Libraries/CMSIS/DSP/Source/FilteringFunctions/arm_correlate_q31.c **** 
 346:./Libraries/CMSIS/DSP/Source/FilteringFunctions/arm_correlate_q31.c ****       /* If the srcBLen is not a multiple of 3, compute any remaining MACs here.
 347:./Libraries/CMSIS/DSP/Source/FilteringFunctions/arm_correlate_q31.c ****        ** No loop unrolling is used. */
 348:./Libraries/CMSIS/DSP/Source/FilteringFunctions/arm_correlate_q31.c ****       k = srcBLen - (3 * (srcBLen / 3));
 349:./Libraries/CMSIS/DSP/Source/FilteringFunctions/arm_correlate_q31.c **** 
 350:./Libraries/CMSIS/DSP/Source/FilteringFunctions/arm_correlate_q31.c ****       while (k > 0U)
 351:./Libraries/CMSIS/DSP/Source/FilteringFunctions/arm_correlate_q31.c ****       {
 352:./Libraries/CMSIS/DSP/Source/FilteringFunctions/arm_correlate_q31.c ****         /* Read y[4] sample */
 353:./Libraries/CMSIS/DSP/Source/FilteringFunctions/arm_correlate_q31.c ****         c0 = *(py++);
 354:./Libraries/CMSIS/DSP/Source/FilteringFunctions/arm_correlate_q31.c **** 
 355:./Libraries/CMSIS/DSP/Source/FilteringFunctions/arm_correlate_q31.c ****         /* Read x[7] sample */
 356:./Libraries/CMSIS/DSP/Source/FilteringFunctions/arm_correlate_q31.c ****         x2 = *(px++);
 357:./Libraries/CMSIS/DSP/Source/FilteringFunctions/arm_correlate_q31.c **** 
 358:./Libraries/CMSIS/DSP/Source/FilteringFunctions/arm_correlate_q31.c ****         /* Perform the multiply-accumulates */
 359:./Libraries/CMSIS/DSP/Source/FilteringFunctions/arm_correlate_q31.c ****         /* acc0 +=  x[4] * y[4] */
 360:./Libraries/CMSIS/DSP/Source/FilteringFunctions/arm_correlate_q31.c ****         acc0 += ((q63_t) x0 * c0);
 361:./Libraries/CMSIS/DSP/Source/FilteringFunctions/arm_correlate_q31.c ****         /* acc1 +=  x[5] * y[4] */
 362:./Libraries/CMSIS/DSP/Source/FilteringFunctions/arm_correlate_q31.c ****         acc1 += ((q63_t) x1 * c0);
ARM GAS  /tmp/ccboCC0J.s 			page 12


 363:./Libraries/CMSIS/DSP/Source/FilteringFunctions/arm_correlate_q31.c ****         /* acc2 +=  x[6] * y[4] */
 364:./Libraries/CMSIS/DSP/Source/FilteringFunctions/arm_correlate_q31.c ****         acc2 += ((q63_t) x2 * c0);
 365:./Libraries/CMSIS/DSP/Source/FilteringFunctions/arm_correlate_q31.c **** 
 366:./Libraries/CMSIS/DSP/Source/FilteringFunctions/arm_correlate_q31.c ****         /* Reuse the present samples for the next MAC */
 367:./Libraries/CMSIS/DSP/Source/FilteringFunctions/arm_correlate_q31.c ****         x0 = x1;
 368:./Libraries/CMSIS/DSP/Source/FilteringFunctions/arm_correlate_q31.c ****         x1 = x2;
 369:./Libraries/CMSIS/DSP/Source/FilteringFunctions/arm_correlate_q31.c **** 
 370:./Libraries/CMSIS/DSP/Source/FilteringFunctions/arm_correlate_q31.c ****         /* Decrement loop counter */
 371:./Libraries/CMSIS/DSP/Source/FilteringFunctions/arm_correlate_q31.c ****         k--;
 372:./Libraries/CMSIS/DSP/Source/FilteringFunctions/arm_correlate_q31.c ****       }
 373:./Libraries/CMSIS/DSP/Source/FilteringFunctions/arm_correlate_q31.c **** 
 374:./Libraries/CMSIS/DSP/Source/FilteringFunctions/arm_correlate_q31.c ****       /* Store the result in the accumulator in the destination buffer. */
 375:./Libraries/CMSIS/DSP/Source/FilteringFunctions/arm_correlate_q31.c ****       *pOut = (q31_t) (acc0 >> 31);
 376:./Libraries/CMSIS/DSP/Source/FilteringFunctions/arm_correlate_q31.c ****       /* Destination pointer is updated according to the address modifier, inc */
 377:./Libraries/CMSIS/DSP/Source/FilteringFunctions/arm_correlate_q31.c ****       pOut += inc;
 378:./Libraries/CMSIS/DSP/Source/FilteringFunctions/arm_correlate_q31.c **** 
 379:./Libraries/CMSIS/DSP/Source/FilteringFunctions/arm_correlate_q31.c ****       *pOut = (q31_t) (acc1 >> 31);
 380:./Libraries/CMSIS/DSP/Source/FilteringFunctions/arm_correlate_q31.c ****       pOut += inc;
 381:./Libraries/CMSIS/DSP/Source/FilteringFunctions/arm_correlate_q31.c **** 
 382:./Libraries/CMSIS/DSP/Source/FilteringFunctions/arm_correlate_q31.c ****       *pOut = (q31_t) (acc2 >> 31);
 383:./Libraries/CMSIS/DSP/Source/FilteringFunctions/arm_correlate_q31.c ****       pOut += inc;
 384:./Libraries/CMSIS/DSP/Source/FilteringFunctions/arm_correlate_q31.c **** 
 385:./Libraries/CMSIS/DSP/Source/FilteringFunctions/arm_correlate_q31.c ****       /* Increment the pointer pIn1 index, count by 3 */
 386:./Libraries/CMSIS/DSP/Source/FilteringFunctions/arm_correlate_q31.c ****       count += 3U;
 387:./Libraries/CMSIS/DSP/Source/FilteringFunctions/arm_correlate_q31.c **** 
 388:./Libraries/CMSIS/DSP/Source/FilteringFunctions/arm_correlate_q31.c ****       /* Update the inputA and inputB pointers for next MAC calculation */
 389:./Libraries/CMSIS/DSP/Source/FilteringFunctions/arm_correlate_q31.c ****       px = pIn1 + count;
 390:./Libraries/CMSIS/DSP/Source/FilteringFunctions/arm_correlate_q31.c ****       py = pIn2;
 391:./Libraries/CMSIS/DSP/Source/FilteringFunctions/arm_correlate_q31.c **** 
 392:./Libraries/CMSIS/DSP/Source/FilteringFunctions/arm_correlate_q31.c ****       /* Decrement loop counter */
 393:./Libraries/CMSIS/DSP/Source/FilteringFunctions/arm_correlate_q31.c ****       blkCnt--;
 394:./Libraries/CMSIS/DSP/Source/FilteringFunctions/arm_correlate_q31.c ****     }
 395:./Libraries/CMSIS/DSP/Source/FilteringFunctions/arm_correlate_q31.c **** 
 396:./Libraries/CMSIS/DSP/Source/FilteringFunctions/arm_correlate_q31.c ****     /* Loop unrolling: Compute remaining outputs */
 397:./Libraries/CMSIS/DSP/Source/FilteringFunctions/arm_correlate_q31.c ****     blkCnt = blockSize2 - 3 * (blockSize2 / 3);
 398:./Libraries/CMSIS/DSP/Source/FilteringFunctions/arm_correlate_q31.c **** 
 399:./Libraries/CMSIS/DSP/Source/FilteringFunctions/arm_correlate_q31.c **** #else
 400:./Libraries/CMSIS/DSP/Source/FilteringFunctions/arm_correlate_q31.c **** 
 401:./Libraries/CMSIS/DSP/Source/FilteringFunctions/arm_correlate_q31.c ****     /* Initialize blkCnt with number of samples */
 402:./Libraries/CMSIS/DSP/Source/FilteringFunctions/arm_correlate_q31.c ****     blkCnt = blockSize2;
 265              		.loc 1 402 12
 266 0164 FB69     		ldr	r3, [r7, #28]
 267 0166 FB62     		str	r3, [r7, #44]
 403:./Libraries/CMSIS/DSP/Source/FilteringFunctions/arm_correlate_q31.c **** 
 404:./Libraries/CMSIS/DSP/Source/FilteringFunctions/arm_correlate_q31.c **** #endif /* #if defined (ARM_MATH_LOOPUNROLL) */
 405:./Libraries/CMSIS/DSP/Source/FilteringFunctions/arm_correlate_q31.c **** 
 406:./Libraries/CMSIS/DSP/Source/FilteringFunctions/arm_correlate_q31.c ****     while (blkCnt > 0U)
 268              		.loc 1 406 11
 269 0168 4BE0     		b	.L9
 270              	.L12:
 407:./Libraries/CMSIS/DSP/Source/FilteringFunctions/arm_correlate_q31.c ****     {
 408:./Libraries/CMSIS/DSP/Source/FilteringFunctions/arm_correlate_q31.c ****       /* Accumulator is made zero for every iteration */
 409:./Libraries/CMSIS/DSP/Source/FilteringFunctions/arm_correlate_q31.c ****       sum = 0;
 271              		.loc 1 409 11
 272 016a 4FF00002 		mov	r2, #0
 273 016e 4FF00003 		mov	r3, #0
 274 0172 C7E91023 		strd	r2, [r7, #64]
ARM GAS  /tmp/ccboCC0J.s 			page 13


 410:./Libraries/CMSIS/DSP/Source/FilteringFunctions/arm_correlate_q31.c **** 
 411:./Libraries/CMSIS/DSP/Source/FilteringFunctions/arm_correlate_q31.c **** #if defined (ARM_MATH_LOOPUNROLL)
 412:./Libraries/CMSIS/DSP/Source/FilteringFunctions/arm_correlate_q31.c **** 
 413:./Libraries/CMSIS/DSP/Source/FilteringFunctions/arm_correlate_q31.c ****     /* Loop unrolling: Compute 4 outputs at a time */
 414:./Libraries/CMSIS/DSP/Source/FilteringFunctions/arm_correlate_q31.c ****       k = srcBLen >> 2U;
 415:./Libraries/CMSIS/DSP/Source/FilteringFunctions/arm_correlate_q31.c **** 
 416:./Libraries/CMSIS/DSP/Source/FilteringFunctions/arm_correlate_q31.c ****       while (k > 0U)
 417:./Libraries/CMSIS/DSP/Source/FilteringFunctions/arm_correlate_q31.c ****       {
 418:./Libraries/CMSIS/DSP/Source/FilteringFunctions/arm_correlate_q31.c ****         /* Perform the multiply-accumulates */
 419:./Libraries/CMSIS/DSP/Source/FilteringFunctions/arm_correlate_q31.c ****         sum += (q63_t) *px++ * *py++;
 420:./Libraries/CMSIS/DSP/Source/FilteringFunctions/arm_correlate_q31.c ****         sum += (q63_t) *px++ * *py++;
 421:./Libraries/CMSIS/DSP/Source/FilteringFunctions/arm_correlate_q31.c ****         sum += (q63_t) *px++ * *py++;
 422:./Libraries/CMSIS/DSP/Source/FilteringFunctions/arm_correlate_q31.c ****         sum += (q63_t) *px++ * *py++;
 423:./Libraries/CMSIS/DSP/Source/FilteringFunctions/arm_correlate_q31.c **** 
 424:./Libraries/CMSIS/DSP/Source/FilteringFunctions/arm_correlate_q31.c ****         /* Decrement loop counter */
 425:./Libraries/CMSIS/DSP/Source/FilteringFunctions/arm_correlate_q31.c ****         k--;
 426:./Libraries/CMSIS/DSP/Source/FilteringFunctions/arm_correlate_q31.c ****       }
 427:./Libraries/CMSIS/DSP/Source/FilteringFunctions/arm_correlate_q31.c **** 
 428:./Libraries/CMSIS/DSP/Source/FilteringFunctions/arm_correlate_q31.c ****       /* Loop unrolling: Compute remaining outputs */
 429:./Libraries/CMSIS/DSP/Source/FilteringFunctions/arm_correlate_q31.c ****       k = srcBLen % 0x4U;
 430:./Libraries/CMSIS/DSP/Source/FilteringFunctions/arm_correlate_q31.c **** 
 431:./Libraries/CMSIS/DSP/Source/FilteringFunctions/arm_correlate_q31.c **** #else
 432:./Libraries/CMSIS/DSP/Source/FilteringFunctions/arm_correlate_q31.c **** 
 433:./Libraries/CMSIS/DSP/Source/FilteringFunctions/arm_correlate_q31.c ****       /* Initialize blkCnt with number of samples */
 434:./Libraries/CMSIS/DSP/Source/FilteringFunctions/arm_correlate_q31.c ****       k = srcBLen;
 275              		.loc 1 434 9
 276 0176 BB68     		ldr	r3, [r7, #8]
 277 0178 7B63     		str	r3, [r7, #52]
 435:./Libraries/CMSIS/DSP/Source/FilteringFunctions/arm_correlate_q31.c **** 
 436:./Libraries/CMSIS/DSP/Source/FilteringFunctions/arm_correlate_q31.c **** #endif /* #if defined (ARM_MATH_LOOPUNROLL) */
 437:./Libraries/CMSIS/DSP/Source/FilteringFunctions/arm_correlate_q31.c **** 
 438:./Libraries/CMSIS/DSP/Source/FilteringFunctions/arm_correlate_q31.c ****       while (k > 0U)
 278              		.loc 1 438 13
 279 017a 21E0     		b	.L10
 280              	.L11:
 439:./Libraries/CMSIS/DSP/Source/FilteringFunctions/arm_correlate_q31.c ****       {
 440:./Libraries/CMSIS/DSP/Source/FilteringFunctions/arm_correlate_q31.c ****         /* Perform the multiply-accumulate */
 441:./Libraries/CMSIS/DSP/Source/FilteringFunctions/arm_correlate_q31.c ****         sum += (q63_t) *px++ * *py++;
 281              		.loc 1 441 27
 282 017c 3B6D     		ldr	r3, [r7, #80]
 283 017e 1A1D     		adds	r2, r3, #4
 284 0180 3A65     		str	r2, [r7, #80]
 285              		.loc 1 441 24
 286 0182 1B68     		ldr	r3, [r3]
 287              		.loc 1 441 16
 288 0184 1846     		mov	r0, r3
 289 0186 4FEAE071 		asr	r1, r0, #31
 290              		.loc 1 441 35
 291 018a FB6C     		ldr	r3, [r7, #76]
 292 018c 1A1D     		adds	r2, r3, #4
 293 018e FA64     		str	r2, [r7, #76]
 294              		.loc 1 441 32
 295 0190 1B68     		ldr	r3, [r3]
 296 0192 1A46     		mov	r2, r3
 297 0194 4FEAE273 		asr	r3, r2, #31
 298              		.loc 1 441 30
 299 0198 02FB01FC 		mul	ip, r2, r1
ARM GAS  /tmp/ccboCC0J.s 			page 14


 300 019c 00FB03F6 		mul	r6, r0, r3
 301 01a0 6644     		add	r6, r6, ip
 302 01a2 A0FB0223 		umull	r2, r3, r0, r2
 303 01a6 F118     		adds	r1, r6, r3
 304 01a8 0B46     		mov	r3, r1
 305              		.loc 1 441 13
 306 01aa D7E91001 		ldrd	r0, [r7, #64]
 307 01ae 10EB020A 		adds	r10, r0, r2
 308 01b2 41EB030B 		adc	fp, r1, r3
 309 01b6 C7E910AB 		strd	r10, [r7, #64]
 442:./Libraries/CMSIS/DSP/Source/FilteringFunctions/arm_correlate_q31.c **** 
 443:./Libraries/CMSIS/DSP/Source/FilteringFunctions/arm_correlate_q31.c ****         /* Decrement the loop counter */
 444:./Libraries/CMSIS/DSP/Source/FilteringFunctions/arm_correlate_q31.c ****         k--;
 310              		.loc 1 444 10
 311 01ba 7B6B     		ldr	r3, [r7, #52]
 312 01bc 013B     		subs	r3, r3, #1
 313 01be 7B63     		str	r3, [r7, #52]
 314              	.L10:
 438:./Libraries/CMSIS/DSP/Source/FilteringFunctions/arm_correlate_q31.c ****       {
 315              		.loc 1 438 13
 316 01c0 7B6B     		ldr	r3, [r7, #52]
 317 01c2 002B     		cmp	r3, #0
 318 01c4 DAD1     		bne	.L11
 445:./Libraries/CMSIS/DSP/Source/FilteringFunctions/arm_correlate_q31.c ****       }
 446:./Libraries/CMSIS/DSP/Source/FilteringFunctions/arm_correlate_q31.c **** 
 447:./Libraries/CMSIS/DSP/Source/FilteringFunctions/arm_correlate_q31.c ****       /* Store the result in the accumulator in the destination buffer. */
 448:./Libraries/CMSIS/DSP/Source/FilteringFunctions/arm_correlate_q31.c ****       *pOut = (q31_t) (sum >> 31);
 319              		.loc 1 448 28
 320 01c6 D7E91001 		ldrd	r0, [r7, #64]
 321 01ca 4FF00002 		mov	r2, #0
 322 01ce 4FF00003 		mov	r3, #0
 323 01d2 C20F     		lsrs	r2, r0, #31
 324 01d4 42EA4102 		orr	r2, r2, r1, lsl #1
 325 01d8 CB17     		asrs	r3, r1, #31
 326              		.loc 1 448 13
 327 01da 7B6D     		ldr	r3, [r7, #84]
 328 01dc 1A60     		str	r2, [r3]
 449:./Libraries/CMSIS/DSP/Source/FilteringFunctions/arm_correlate_q31.c ****       /* Destination pointer is updated according to the address modifier, inc */
 450:./Libraries/CMSIS/DSP/Source/FilteringFunctions/arm_correlate_q31.c ****       pOut += inc;
 329              		.loc 1 450 12
 330 01de BB6A     		ldr	r3, [r7, #40]
 331 01e0 9B00     		lsls	r3, r3, #2
 332 01e2 7A6D     		ldr	r2, [r7, #84]
 333 01e4 1344     		add	r3, r3, r2
 334 01e6 7B65     		str	r3, [r7, #84]
 451:./Libraries/CMSIS/DSP/Source/FilteringFunctions/arm_correlate_q31.c **** 
 452:./Libraries/CMSIS/DSP/Source/FilteringFunctions/arm_correlate_q31.c ****       /* Increment MAC count */
 453:./Libraries/CMSIS/DSP/Source/FilteringFunctions/arm_correlate_q31.c ****       count++;
 335              		.loc 1 453 12
 336 01e8 3B6B     		ldr	r3, [r7, #48]
 337 01ea 0133     		adds	r3, r3, #1
 338 01ec 3B63     		str	r3, [r7, #48]
 454:./Libraries/CMSIS/DSP/Source/FilteringFunctions/arm_correlate_q31.c **** 
 455:./Libraries/CMSIS/DSP/Source/FilteringFunctions/arm_correlate_q31.c ****       /* Update the inputA and inputB pointers for next MAC calculation */
 456:./Libraries/CMSIS/DSP/Source/FilteringFunctions/arm_correlate_q31.c ****       px = pIn1 + count;
 339              		.loc 1 456 17
 340 01ee 3B6B     		ldr	r3, [r7, #48]
ARM GAS  /tmp/ccboCC0J.s 			page 15


 341 01f0 9B00     		lsls	r3, r3, #2
 342              		.loc 1 456 10
 343 01f2 FA6D     		ldr	r2, [r7, #92]
 344 01f4 1344     		add	r3, r3, r2
 345 01f6 3B65     		str	r3, [r7, #80]
 457:./Libraries/CMSIS/DSP/Source/FilteringFunctions/arm_correlate_q31.c ****       py = pIn2;
 346              		.loc 1 457 10
 347 01f8 BB6D     		ldr	r3, [r7, #88]
 348 01fa FB64     		str	r3, [r7, #76]
 458:./Libraries/CMSIS/DSP/Source/FilteringFunctions/arm_correlate_q31.c **** 
 459:./Libraries/CMSIS/DSP/Source/FilteringFunctions/arm_correlate_q31.c ****       /* Decrement loop counter */
 460:./Libraries/CMSIS/DSP/Source/FilteringFunctions/arm_correlate_q31.c ****       blkCnt--;
 349              		.loc 1 460 13
 350 01fc FB6A     		ldr	r3, [r7, #44]
 351 01fe 013B     		subs	r3, r3, #1
 352 0200 FB62     		str	r3, [r7, #44]
 353              	.L9:
 406:./Libraries/CMSIS/DSP/Source/FilteringFunctions/arm_correlate_q31.c ****     {
 354              		.loc 1 406 11
 355 0202 FB6A     		ldr	r3, [r7, #44]
 356 0204 002B     		cmp	r3, #0
 357 0206 B0D1     		bne	.L12
 358 0208 51E0     		b	.L13
 359              	.L8:
 461:./Libraries/CMSIS/DSP/Source/FilteringFunctions/arm_correlate_q31.c ****     }
 462:./Libraries/CMSIS/DSP/Source/FilteringFunctions/arm_correlate_q31.c ****   }
 463:./Libraries/CMSIS/DSP/Source/FilteringFunctions/arm_correlate_q31.c ****   else
 464:./Libraries/CMSIS/DSP/Source/FilteringFunctions/arm_correlate_q31.c ****   {
 465:./Libraries/CMSIS/DSP/Source/FilteringFunctions/arm_correlate_q31.c ****     /* If the srcBLen is not a multiple of 4,
 466:./Libraries/CMSIS/DSP/Source/FilteringFunctions/arm_correlate_q31.c ****      * the blockSize2 loop cannot be unrolled by 4 */
 467:./Libraries/CMSIS/DSP/Source/FilteringFunctions/arm_correlate_q31.c ****     blkCnt = blockSize2;
 360              		.loc 1 467 12
 361 020a FB69     		ldr	r3, [r7, #28]
 362 020c FB62     		str	r3, [r7, #44]
 468:./Libraries/CMSIS/DSP/Source/FilteringFunctions/arm_correlate_q31.c **** 
 469:./Libraries/CMSIS/DSP/Source/FilteringFunctions/arm_correlate_q31.c ****     while (blkCnt > 0U)
 363              		.loc 1 469 11
 364 020e 4BE0     		b	.L14
 365              	.L17:
 470:./Libraries/CMSIS/DSP/Source/FilteringFunctions/arm_correlate_q31.c ****     {
 471:./Libraries/CMSIS/DSP/Source/FilteringFunctions/arm_correlate_q31.c ****       /* Accumulator is made zero for every iteration */
 472:./Libraries/CMSIS/DSP/Source/FilteringFunctions/arm_correlate_q31.c ****       sum = 0;
 366              		.loc 1 472 11
 367 0210 4FF00002 		mov	r2, #0
 368 0214 4FF00003 		mov	r3, #0
 369 0218 C7E91023 		strd	r2, [r7, #64]
 473:./Libraries/CMSIS/DSP/Source/FilteringFunctions/arm_correlate_q31.c **** 
 474:./Libraries/CMSIS/DSP/Source/FilteringFunctions/arm_correlate_q31.c ****       /* srcBLen number of MACS should be performed */
 475:./Libraries/CMSIS/DSP/Source/FilteringFunctions/arm_correlate_q31.c ****       k = srcBLen;
 370              		.loc 1 475 9
 371 021c BB68     		ldr	r3, [r7, #8]
 372 021e 7B63     		str	r3, [r7, #52]
 476:./Libraries/CMSIS/DSP/Source/FilteringFunctions/arm_correlate_q31.c **** 
 477:./Libraries/CMSIS/DSP/Source/FilteringFunctions/arm_correlate_q31.c ****       while (k > 0U)
 373              		.loc 1 477 13
 374 0220 21E0     		b	.L15
 375              	.L16:
ARM GAS  /tmp/ccboCC0J.s 			page 16


 478:./Libraries/CMSIS/DSP/Source/FilteringFunctions/arm_correlate_q31.c ****       {
 479:./Libraries/CMSIS/DSP/Source/FilteringFunctions/arm_correlate_q31.c ****         /* Perform the multiply-accumulate */
 480:./Libraries/CMSIS/DSP/Source/FilteringFunctions/arm_correlate_q31.c ****         sum += (q63_t) *px++ * *py++;
 376              		.loc 1 480 27
 377 0222 3B6D     		ldr	r3, [r7, #80]
 378 0224 1A1D     		adds	r2, r3, #4
 379 0226 3A65     		str	r2, [r7, #80]
 380              		.loc 1 480 24
 381 0228 1B68     		ldr	r3, [r3]
 382              		.loc 1 480 16
 383 022a 1846     		mov	r0, r3
 384 022c 4FEAE071 		asr	r1, r0, #31
 385              		.loc 1 480 35
 386 0230 FB6C     		ldr	r3, [r7, #76]
 387 0232 1A1D     		adds	r2, r3, #4
 388 0234 FA64     		str	r2, [r7, #76]
 389              		.loc 1 480 32
 390 0236 1B68     		ldr	r3, [r3]
 391 0238 1A46     		mov	r2, r3
 392 023a 4FEAE273 		asr	r3, r2, #31
 393              		.loc 1 480 30
 394 023e 02FB01FC 		mul	ip, r2, r1
 395 0242 00FB03F6 		mul	r6, r0, r3
 396 0246 6644     		add	r6, r6, ip
 397 0248 A0FB0223 		umull	r2, r3, r0, r2
 398 024c F118     		adds	r1, r6, r3
 399 024e 0B46     		mov	r3, r1
 400              		.loc 1 480 13
 401 0250 D7E91001 		ldrd	r0, [r7, #64]
 402 0254 10EB0208 		adds	r8, r0, r2
 403 0258 41EB0309 		adc	r9, r1, r3
 404 025c C7E91089 		strd	r8, [r7, #64]
 481:./Libraries/CMSIS/DSP/Source/FilteringFunctions/arm_correlate_q31.c **** 
 482:./Libraries/CMSIS/DSP/Source/FilteringFunctions/arm_correlate_q31.c ****         /* Decrement the loop counter */
 483:./Libraries/CMSIS/DSP/Source/FilteringFunctions/arm_correlate_q31.c ****         k--;
 405              		.loc 1 483 10
 406 0260 7B6B     		ldr	r3, [r7, #52]
 407 0262 013B     		subs	r3, r3, #1
 408 0264 7B63     		str	r3, [r7, #52]
 409              	.L15:
 477:./Libraries/CMSIS/DSP/Source/FilteringFunctions/arm_correlate_q31.c ****       {
 410              		.loc 1 477 13
 411 0266 7B6B     		ldr	r3, [r7, #52]
 412 0268 002B     		cmp	r3, #0
 413 026a DAD1     		bne	.L16
 484:./Libraries/CMSIS/DSP/Source/FilteringFunctions/arm_correlate_q31.c ****       }
 485:./Libraries/CMSIS/DSP/Source/FilteringFunctions/arm_correlate_q31.c **** 
 486:./Libraries/CMSIS/DSP/Source/FilteringFunctions/arm_correlate_q31.c ****       /* Store the result in the accumulator in the destination buffer. */
 487:./Libraries/CMSIS/DSP/Source/FilteringFunctions/arm_correlate_q31.c ****       *pOut = (q31_t) (sum >> 31);
 414              		.loc 1 487 28
 415 026c D7E91001 		ldrd	r0, [r7, #64]
 416 0270 4FF00002 		mov	r2, #0
 417 0274 4FF00003 		mov	r3, #0
 418 0278 C20F     		lsrs	r2, r0, #31
 419 027a 42EA4102 		orr	r2, r2, r1, lsl #1
 420 027e CB17     		asrs	r3, r1, #31
 421              		.loc 1 487 13
ARM GAS  /tmp/ccboCC0J.s 			page 17


 422 0280 7B6D     		ldr	r3, [r7, #84]
 423 0282 1A60     		str	r2, [r3]
 488:./Libraries/CMSIS/DSP/Source/FilteringFunctions/arm_correlate_q31.c ****       /* Destination pointer is updated according to the address modifier, inc */
 489:./Libraries/CMSIS/DSP/Source/FilteringFunctions/arm_correlate_q31.c ****       pOut += inc;
 424              		.loc 1 489 12
 425 0284 BB6A     		ldr	r3, [r7, #40]
 426 0286 9B00     		lsls	r3, r3, #2
 427 0288 7A6D     		ldr	r2, [r7, #84]
 428 028a 1344     		add	r3, r3, r2
 429 028c 7B65     		str	r3, [r7, #84]
 490:./Libraries/CMSIS/DSP/Source/FilteringFunctions/arm_correlate_q31.c **** 
 491:./Libraries/CMSIS/DSP/Source/FilteringFunctions/arm_correlate_q31.c ****       /* Increment MAC count */
 492:./Libraries/CMSIS/DSP/Source/FilteringFunctions/arm_correlate_q31.c ****       count++;
 430              		.loc 1 492 12
 431 028e 3B6B     		ldr	r3, [r7, #48]
 432 0290 0133     		adds	r3, r3, #1
 433 0292 3B63     		str	r3, [r7, #48]
 493:./Libraries/CMSIS/DSP/Source/FilteringFunctions/arm_correlate_q31.c **** 
 494:./Libraries/CMSIS/DSP/Source/FilteringFunctions/arm_correlate_q31.c ****       /* Update the inputA and inputB pointers for next MAC calculation */
 495:./Libraries/CMSIS/DSP/Source/FilteringFunctions/arm_correlate_q31.c ****       px = pIn1 + count;
 434              		.loc 1 495 17
 435 0294 3B6B     		ldr	r3, [r7, #48]
 436 0296 9B00     		lsls	r3, r3, #2
 437              		.loc 1 495 10
 438 0298 FA6D     		ldr	r2, [r7, #92]
 439 029a 1344     		add	r3, r3, r2
 440 029c 3B65     		str	r3, [r7, #80]
 496:./Libraries/CMSIS/DSP/Source/FilteringFunctions/arm_correlate_q31.c ****       py = pIn2;
 441              		.loc 1 496 10
 442 029e BB6D     		ldr	r3, [r7, #88]
 443 02a0 FB64     		str	r3, [r7, #76]
 497:./Libraries/CMSIS/DSP/Source/FilteringFunctions/arm_correlate_q31.c **** 
 498:./Libraries/CMSIS/DSP/Source/FilteringFunctions/arm_correlate_q31.c ****       /* Decrement loop counter */
 499:./Libraries/CMSIS/DSP/Source/FilteringFunctions/arm_correlate_q31.c ****       blkCnt--;
 444              		.loc 1 499 13
 445 02a2 FB6A     		ldr	r3, [r7, #44]
 446 02a4 013B     		subs	r3, r3, #1
 447 02a6 FB62     		str	r3, [r7, #44]
 448              	.L14:
 469:./Libraries/CMSIS/DSP/Source/FilteringFunctions/arm_correlate_q31.c ****     {
 449              		.loc 1 469 11
 450 02a8 FB6A     		ldr	r3, [r7, #44]
 451 02aa 002B     		cmp	r3, #0
 452 02ac B0D1     		bne	.L17
 453              	.L13:
 500:./Libraries/CMSIS/DSP/Source/FilteringFunctions/arm_correlate_q31.c ****     }
 501:./Libraries/CMSIS/DSP/Source/FilteringFunctions/arm_correlate_q31.c ****   }
 502:./Libraries/CMSIS/DSP/Source/FilteringFunctions/arm_correlate_q31.c **** 
 503:./Libraries/CMSIS/DSP/Source/FilteringFunctions/arm_correlate_q31.c **** 
 504:./Libraries/CMSIS/DSP/Source/FilteringFunctions/arm_correlate_q31.c ****   /* --------------------------
 505:./Libraries/CMSIS/DSP/Source/FilteringFunctions/arm_correlate_q31.c ****    * Initializations of stage3
 506:./Libraries/CMSIS/DSP/Source/FilteringFunctions/arm_correlate_q31.c ****    * -------------------------*/
 507:./Libraries/CMSIS/DSP/Source/FilteringFunctions/arm_correlate_q31.c **** 
 508:./Libraries/CMSIS/DSP/Source/FilteringFunctions/arm_correlate_q31.c ****   /* sum += x[srcALen-srcBLen+1] * y[0] + x[srcALen-srcBLen+2] * y[1] +...+ x[srcALen-1] * y[srcBLe
 509:./Libraries/CMSIS/DSP/Source/FilteringFunctions/arm_correlate_q31.c ****    * sum += x[srcALen-srcBLen+2] * y[0] + x[srcALen-srcBLen+3] * y[1] +...+ x[srcALen-1] * y[srcBLe
 510:./Libraries/CMSIS/DSP/Source/FilteringFunctions/arm_correlate_q31.c ****    * ....
 511:./Libraries/CMSIS/DSP/Source/FilteringFunctions/arm_correlate_q31.c ****    * sum +=  x[srcALen-2] * y[0] + x[srcALen-1] * y[1]
ARM GAS  /tmp/ccboCC0J.s 			page 18


 512:./Libraries/CMSIS/DSP/Source/FilteringFunctions/arm_correlate_q31.c ****    * sum +=  x[srcALen-1] * y[0]
 513:./Libraries/CMSIS/DSP/Source/FilteringFunctions/arm_correlate_q31.c ****    */
 514:./Libraries/CMSIS/DSP/Source/FilteringFunctions/arm_correlate_q31.c **** 
 515:./Libraries/CMSIS/DSP/Source/FilteringFunctions/arm_correlate_q31.c ****   /* In this stage the MAC operations are decreased by 1 for every iteration.
 516:./Libraries/CMSIS/DSP/Source/FilteringFunctions/arm_correlate_q31.c ****      The count variable holds the number of MAC operations performed */
 517:./Libraries/CMSIS/DSP/Source/FilteringFunctions/arm_correlate_q31.c ****   count = srcBLen - 1U;
 454              		.loc 1 517 9
 455 02ae BB68     		ldr	r3, [r7, #8]
 456 02b0 013B     		subs	r3, r3, #1
 457 02b2 3B63     		str	r3, [r7, #48]
 518:./Libraries/CMSIS/DSP/Source/FilteringFunctions/arm_correlate_q31.c **** 
 519:./Libraries/CMSIS/DSP/Source/FilteringFunctions/arm_correlate_q31.c ****   /* Working pointer of inputA */
 520:./Libraries/CMSIS/DSP/Source/FilteringFunctions/arm_correlate_q31.c ****   pSrc1 = pIn1 + (srcALen - (srcBLen - 1U));
 458              		.loc 1 520 27
 459 02b4 3A69     		ldr	r2, [r7, #16]
 460 02b6 BB68     		ldr	r3, [r7, #8]
 461 02b8 D31A     		subs	r3, r2, r3
 462 02ba 0133     		adds	r3, r3, #1
 463              		.loc 1 520 16
 464 02bc 9B00     		lsls	r3, r3, #2
 465              		.loc 1 520 9
 466 02be FA6D     		ldr	r2, [r7, #92]
 467 02c0 1344     		add	r3, r3, r2
 468 02c2 BB64     		str	r3, [r7, #72]
 521:./Libraries/CMSIS/DSP/Source/FilteringFunctions/arm_correlate_q31.c ****   px = pSrc1;
 469              		.loc 1 521 6
 470 02c4 BB6C     		ldr	r3, [r7, #72]
 471 02c6 3B65     		str	r3, [r7, #80]
 522:./Libraries/CMSIS/DSP/Source/FilteringFunctions/arm_correlate_q31.c **** 
 523:./Libraries/CMSIS/DSP/Source/FilteringFunctions/arm_correlate_q31.c ****   /* Working pointer of inputB */
 524:./Libraries/CMSIS/DSP/Source/FilteringFunctions/arm_correlate_q31.c ****   py = pIn2;
 472              		.loc 1 524 6
 473 02c8 BB6D     		ldr	r3, [r7, #88]
 474 02ca FB64     		str	r3, [r7, #76]
 525:./Libraries/CMSIS/DSP/Source/FilteringFunctions/arm_correlate_q31.c **** 
 526:./Libraries/CMSIS/DSP/Source/FilteringFunctions/arm_correlate_q31.c ****   /* -------------------
 527:./Libraries/CMSIS/DSP/Source/FilteringFunctions/arm_correlate_q31.c ****    * Stage3 process
 528:./Libraries/CMSIS/DSP/Source/FilteringFunctions/arm_correlate_q31.c ****    * ------------------*/
 529:./Libraries/CMSIS/DSP/Source/FilteringFunctions/arm_correlate_q31.c **** 
 530:./Libraries/CMSIS/DSP/Source/FilteringFunctions/arm_correlate_q31.c ****   while (blockSize3 > 0U)
 475              		.loc 1 530 9
 476 02cc 4CE0     		b	.L18
 477              	.L21:
 531:./Libraries/CMSIS/DSP/Source/FilteringFunctions/arm_correlate_q31.c ****   {
 532:./Libraries/CMSIS/DSP/Source/FilteringFunctions/arm_correlate_q31.c ****     /* Accumulator is made zero for every iteration */
 533:./Libraries/CMSIS/DSP/Source/FilteringFunctions/arm_correlate_q31.c ****     sum = 0;
 478              		.loc 1 533 9
 479 02ce 4FF00002 		mov	r2, #0
 480 02d2 4FF00003 		mov	r3, #0
 481 02d6 C7E91023 		strd	r2, [r7, #64]
 534:./Libraries/CMSIS/DSP/Source/FilteringFunctions/arm_correlate_q31.c **** 
 535:./Libraries/CMSIS/DSP/Source/FilteringFunctions/arm_correlate_q31.c **** #if defined (ARM_MATH_LOOPUNROLL)
 536:./Libraries/CMSIS/DSP/Source/FilteringFunctions/arm_correlate_q31.c **** 
 537:./Libraries/CMSIS/DSP/Source/FilteringFunctions/arm_correlate_q31.c ****     /* Loop unrolling: Compute 4 outputs at a time */
 538:./Libraries/CMSIS/DSP/Source/FilteringFunctions/arm_correlate_q31.c ****     k = count >> 2U;
 539:./Libraries/CMSIS/DSP/Source/FilteringFunctions/arm_correlate_q31.c **** 
 540:./Libraries/CMSIS/DSP/Source/FilteringFunctions/arm_correlate_q31.c ****     while (k > 0U)
ARM GAS  /tmp/ccboCC0J.s 			page 19


 541:./Libraries/CMSIS/DSP/Source/FilteringFunctions/arm_correlate_q31.c ****     {
 542:./Libraries/CMSIS/DSP/Source/FilteringFunctions/arm_correlate_q31.c ****       /* Perform the multiply-accumulate */
 543:./Libraries/CMSIS/DSP/Source/FilteringFunctions/arm_correlate_q31.c ****       /* sum += x[srcALen - srcBLen + 4] * y[3] */
 544:./Libraries/CMSIS/DSP/Source/FilteringFunctions/arm_correlate_q31.c ****       sum += (q63_t) *px++ * *py++;
 545:./Libraries/CMSIS/DSP/Source/FilteringFunctions/arm_correlate_q31.c **** 
 546:./Libraries/CMSIS/DSP/Source/FilteringFunctions/arm_correlate_q31.c ****       /* sum += x[srcALen - srcBLen + 3] * y[2] */
 547:./Libraries/CMSIS/DSP/Source/FilteringFunctions/arm_correlate_q31.c ****       sum += (q63_t) *px++ * *py++;
 548:./Libraries/CMSIS/DSP/Source/FilteringFunctions/arm_correlate_q31.c **** 
 549:./Libraries/CMSIS/DSP/Source/FilteringFunctions/arm_correlate_q31.c ****       /* sum += x[srcALen - srcBLen + 2] * y[1] */
 550:./Libraries/CMSIS/DSP/Source/FilteringFunctions/arm_correlate_q31.c ****       sum += (q63_t) *px++ * *py++;
 551:./Libraries/CMSIS/DSP/Source/FilteringFunctions/arm_correlate_q31.c **** 
 552:./Libraries/CMSIS/DSP/Source/FilteringFunctions/arm_correlate_q31.c ****       /* sum += x[srcALen - srcBLen + 1] * y[0] */
 553:./Libraries/CMSIS/DSP/Source/FilteringFunctions/arm_correlate_q31.c ****       sum += (q63_t) *px++ * *py++;
 554:./Libraries/CMSIS/DSP/Source/FilteringFunctions/arm_correlate_q31.c **** 
 555:./Libraries/CMSIS/DSP/Source/FilteringFunctions/arm_correlate_q31.c ****       /* Decrement loop counter */
 556:./Libraries/CMSIS/DSP/Source/FilteringFunctions/arm_correlate_q31.c ****       k--;
 557:./Libraries/CMSIS/DSP/Source/FilteringFunctions/arm_correlate_q31.c ****     }
 558:./Libraries/CMSIS/DSP/Source/FilteringFunctions/arm_correlate_q31.c **** 
 559:./Libraries/CMSIS/DSP/Source/FilteringFunctions/arm_correlate_q31.c ****     /* Loop unrolling: Compute remaining outputs */
 560:./Libraries/CMSIS/DSP/Source/FilteringFunctions/arm_correlate_q31.c ****     k = count % 0x4U;
 561:./Libraries/CMSIS/DSP/Source/FilteringFunctions/arm_correlate_q31.c **** 
 562:./Libraries/CMSIS/DSP/Source/FilteringFunctions/arm_correlate_q31.c **** #else
 563:./Libraries/CMSIS/DSP/Source/FilteringFunctions/arm_correlate_q31.c **** 
 564:./Libraries/CMSIS/DSP/Source/FilteringFunctions/arm_correlate_q31.c ****     /* Initialize blkCnt with number of samples */
 565:./Libraries/CMSIS/DSP/Source/FilteringFunctions/arm_correlate_q31.c ****     k = count;
 482              		.loc 1 565 7
 483 02da 3B6B     		ldr	r3, [r7, #48]
 484 02dc 7B63     		str	r3, [r7, #52]
 566:./Libraries/CMSIS/DSP/Source/FilteringFunctions/arm_correlate_q31.c **** 
 567:./Libraries/CMSIS/DSP/Source/FilteringFunctions/arm_correlate_q31.c **** #endif /* #if defined (ARM_MATH_LOOPUNROLL) */
 568:./Libraries/CMSIS/DSP/Source/FilteringFunctions/arm_correlate_q31.c **** 
 569:./Libraries/CMSIS/DSP/Source/FilteringFunctions/arm_correlate_q31.c ****     while (k > 0U)
 485              		.loc 1 569 11
 486 02de 22E0     		b	.L19
 487              	.L23:
 488              		.align	2
 489              	.L22:
 490 02e0 FEFFFF3F 		.word	1073741822
 491              	.L20:
 570:./Libraries/CMSIS/DSP/Source/FilteringFunctions/arm_correlate_q31.c ****     {
 571:./Libraries/CMSIS/DSP/Source/FilteringFunctions/arm_correlate_q31.c ****       /* Perform the multiply-accumulate */
 572:./Libraries/CMSIS/DSP/Source/FilteringFunctions/arm_correlate_q31.c ****       sum += (q63_t) *px++ * *py++;
 492              		.loc 1 572 25
 493 02e4 3B6D     		ldr	r3, [r7, #80]
 494 02e6 1A1D     		adds	r2, r3, #4
 495 02e8 3A65     		str	r2, [r7, #80]
 496              		.loc 1 572 22
 497 02ea 1B68     		ldr	r3, [r3]
 498              		.loc 1 572 14
 499 02ec 1846     		mov	r0, r3
 500 02ee 4FEAE071 		asr	r1, r0, #31
 501              		.loc 1 572 33
 502 02f2 FB6C     		ldr	r3, [r7, #76]
 503 02f4 1A1D     		adds	r2, r3, #4
 504 02f6 FA64     		str	r2, [r7, #76]
 505              		.loc 1 572 30
 506 02f8 1B68     		ldr	r3, [r3]
ARM GAS  /tmp/ccboCC0J.s 			page 20


 507 02fa 1A46     		mov	r2, r3
 508 02fc 4FEAE273 		asr	r3, r2, #31
 509              		.loc 1 572 28
 510 0300 02FB01FC 		mul	ip, r2, r1
 511 0304 00FB03F6 		mul	r6, r0, r3
 512 0308 6644     		add	r6, r6, ip
 513 030a A0FB0223 		umull	r2, r3, r0, r2
 514 030e F118     		adds	r1, r6, r3
 515 0310 0B46     		mov	r3, r1
 516              		.loc 1 572 11
 517 0312 D7E91001 		ldrd	r0, [r7, #64]
 518 0316 8418     		adds	r4, r0, r2
 519 0318 41EB0305 		adc	r5, r1, r3
 520 031c C7E91045 		strd	r4, [r7, #64]
 573:./Libraries/CMSIS/DSP/Source/FilteringFunctions/arm_correlate_q31.c **** 
 574:./Libraries/CMSIS/DSP/Source/FilteringFunctions/arm_correlate_q31.c ****       /* Decrement loop counter */
 575:./Libraries/CMSIS/DSP/Source/FilteringFunctions/arm_correlate_q31.c ****       k--;
 521              		.loc 1 575 8
 522 0320 7B6B     		ldr	r3, [r7, #52]
 523 0322 013B     		subs	r3, r3, #1
 524 0324 7B63     		str	r3, [r7, #52]
 525              	.L19:
 569:./Libraries/CMSIS/DSP/Source/FilteringFunctions/arm_correlate_q31.c ****     {
 526              		.loc 1 569 11
 527 0326 7B6B     		ldr	r3, [r7, #52]
 528 0328 002B     		cmp	r3, #0
 529 032a DBD1     		bne	.L20
 576:./Libraries/CMSIS/DSP/Source/FilteringFunctions/arm_correlate_q31.c ****     }
 577:./Libraries/CMSIS/DSP/Source/FilteringFunctions/arm_correlate_q31.c **** 
 578:./Libraries/CMSIS/DSP/Source/FilteringFunctions/arm_correlate_q31.c ****     /* Store the result in the accumulator in the destination buffer. */
 579:./Libraries/CMSIS/DSP/Source/FilteringFunctions/arm_correlate_q31.c ****     *pOut = (q31_t) (sum >> 31);
 530              		.loc 1 579 26
 531 032c D7E91001 		ldrd	r0, [r7, #64]
 532 0330 4FF00002 		mov	r2, #0
 533 0334 4FF00003 		mov	r3, #0
 534 0338 C20F     		lsrs	r2, r0, #31
 535 033a 42EA4102 		orr	r2, r2, r1, lsl #1
 536 033e CB17     		asrs	r3, r1, #31
 537              		.loc 1 579 11
 538 0340 7B6D     		ldr	r3, [r7, #84]
 539 0342 1A60     		str	r2, [r3]
 580:./Libraries/CMSIS/DSP/Source/FilteringFunctions/arm_correlate_q31.c ****     /* Destination pointer is updated according to the address modifier, inc */
 581:./Libraries/CMSIS/DSP/Source/FilteringFunctions/arm_correlate_q31.c ****     pOut += inc;
 540              		.loc 1 581 10
 541 0344 BB6A     		ldr	r3, [r7, #40]
 542 0346 9B00     		lsls	r3, r3, #2
 543 0348 7A6D     		ldr	r2, [r7, #84]
 544 034a 1344     		add	r3, r3, r2
 545 034c 7B65     		str	r3, [r7, #84]
 582:./Libraries/CMSIS/DSP/Source/FilteringFunctions/arm_correlate_q31.c **** 
 583:./Libraries/CMSIS/DSP/Source/FilteringFunctions/arm_correlate_q31.c ****     /* Update the inputA and inputB pointers for next MAC calculation */
 584:./Libraries/CMSIS/DSP/Source/FilteringFunctions/arm_correlate_q31.c ****     px = ++pSrc1;
 546              		.loc 1 584 8
 547 034e BB6C     		ldr	r3, [r7, #72]
 548 0350 0433     		adds	r3, r3, #4
 549 0352 BB64     		str	r3, [r7, #72]
 550 0354 BB6C     		ldr	r3, [r7, #72]
ARM GAS  /tmp/ccboCC0J.s 			page 21


 551 0356 3B65     		str	r3, [r7, #80]
 585:./Libraries/CMSIS/DSP/Source/FilteringFunctions/arm_correlate_q31.c ****     py = pIn2;
 552              		.loc 1 585 8
 553 0358 BB6D     		ldr	r3, [r7, #88]
 554 035a FB64     		str	r3, [r7, #76]
 586:./Libraries/CMSIS/DSP/Source/FilteringFunctions/arm_correlate_q31.c **** 
 587:./Libraries/CMSIS/DSP/Source/FilteringFunctions/arm_correlate_q31.c ****     /* Decrement MAC count */
 588:./Libraries/CMSIS/DSP/Source/FilteringFunctions/arm_correlate_q31.c ****     count--;
 555              		.loc 1 588 10
 556 035c 3B6B     		ldr	r3, [r7, #48]
 557 035e 013B     		subs	r3, r3, #1
 558 0360 3B63     		str	r3, [r7, #48]
 589:./Libraries/CMSIS/DSP/Source/FilteringFunctions/arm_correlate_q31.c **** 
 590:./Libraries/CMSIS/DSP/Source/FilteringFunctions/arm_correlate_q31.c ****     /* Decrement loop counter */
 591:./Libraries/CMSIS/DSP/Source/FilteringFunctions/arm_correlate_q31.c ****     blockSize3--;
 559              		.loc 1 591 15
 560 0362 BB6B     		ldr	r3, [r7, #56]
 561 0364 013B     		subs	r3, r3, #1
 562 0366 BB63     		str	r3, [r7, #56]
 563              	.L18:
 530:./Libraries/CMSIS/DSP/Source/FilteringFunctions/arm_correlate_q31.c ****   {
 564              		.loc 1 530 9
 565 0368 BB6B     		ldr	r3, [r7, #56]
 566 036a 002B     		cmp	r3, #0
 567 036c AFD1     		bne	.L21
 592:./Libraries/CMSIS/DSP/Source/FilteringFunctions/arm_correlate_q31.c ****   }
 593:./Libraries/CMSIS/DSP/Source/FilteringFunctions/arm_correlate_q31.c **** 
 594:./Libraries/CMSIS/DSP/Source/FilteringFunctions/arm_correlate_q31.c **** #else
 595:./Libraries/CMSIS/DSP/Source/FilteringFunctions/arm_correlate_q31.c **** /* alternate version for CM0_FAMILY */
 596:./Libraries/CMSIS/DSP/Source/FilteringFunctions/arm_correlate_q31.c **** 
 597:./Libraries/CMSIS/DSP/Source/FilteringFunctions/arm_correlate_q31.c ****   const q31_t *pIn1 = pSrcA;                           /* InputA pointer */
 598:./Libraries/CMSIS/DSP/Source/FilteringFunctions/arm_correlate_q31.c ****   const q31_t *pIn2 = pSrcB + (srcBLen - 1U);          /* InputB pointer */
 599:./Libraries/CMSIS/DSP/Source/FilteringFunctions/arm_correlate_q31.c ****         q63_t sum;                                     /* Accumulators */
 600:./Libraries/CMSIS/DSP/Source/FilteringFunctions/arm_correlate_q31.c ****         uint32_t i = 0U, j;                            /* Loop counters */
 601:./Libraries/CMSIS/DSP/Source/FilteringFunctions/arm_correlate_q31.c ****         uint32_t inv = 0U;                             /* Reverse order flag */
 602:./Libraries/CMSIS/DSP/Source/FilteringFunctions/arm_correlate_q31.c ****         uint32_t tot = 0U;                             /* Length */
 603:./Libraries/CMSIS/DSP/Source/FilteringFunctions/arm_correlate_q31.c **** 
 604:./Libraries/CMSIS/DSP/Source/FilteringFunctions/arm_correlate_q31.c ****   /* The algorithm implementation is based on the lengths of the inputs. */
 605:./Libraries/CMSIS/DSP/Source/FilteringFunctions/arm_correlate_q31.c ****   /* srcB is always made to slide across srcA. */
 606:./Libraries/CMSIS/DSP/Source/FilteringFunctions/arm_correlate_q31.c ****   /* So srcBLen is always considered as shorter or equal to srcALen */
 607:./Libraries/CMSIS/DSP/Source/FilteringFunctions/arm_correlate_q31.c ****   /* But CORR(x, y) is reverse of CORR(y, x) */
 608:./Libraries/CMSIS/DSP/Source/FilteringFunctions/arm_correlate_q31.c ****   /* So, when srcBLen > srcALen, output pointer is made to point to the end of the output buffer */
 609:./Libraries/CMSIS/DSP/Source/FilteringFunctions/arm_correlate_q31.c ****   /* and a varaible, inv is set to 1 */
 610:./Libraries/CMSIS/DSP/Source/FilteringFunctions/arm_correlate_q31.c ****   /* If lengths are not equal then zero pad has to be done to  make the two
 611:./Libraries/CMSIS/DSP/Source/FilteringFunctions/arm_correlate_q31.c ****    * inputs of same length. But to improve the performance, we include zeroes
 612:./Libraries/CMSIS/DSP/Source/FilteringFunctions/arm_correlate_q31.c ****    * in the output instead of zero padding either of the the inputs*/
 613:./Libraries/CMSIS/DSP/Source/FilteringFunctions/arm_correlate_q31.c ****   /* If srcALen > srcBLen, (srcALen - srcBLen) zeroes has to included in the
 614:./Libraries/CMSIS/DSP/Source/FilteringFunctions/arm_correlate_q31.c ****    * starting of the output buffer */
 615:./Libraries/CMSIS/DSP/Source/FilteringFunctions/arm_correlate_q31.c ****   /* If srcALen < srcBLen, (srcALen - srcBLen) zeroes has to included in the
 616:./Libraries/CMSIS/DSP/Source/FilteringFunctions/arm_correlate_q31.c ****    * ending of the output buffer */
 617:./Libraries/CMSIS/DSP/Source/FilteringFunctions/arm_correlate_q31.c ****   /* Once the zero padding is done the remaining of the output is calcualted
 618:./Libraries/CMSIS/DSP/Source/FilteringFunctions/arm_correlate_q31.c ****    * using correlation but with the shorter signal time shifted. */
 619:./Libraries/CMSIS/DSP/Source/FilteringFunctions/arm_correlate_q31.c **** 
 620:./Libraries/CMSIS/DSP/Source/FilteringFunctions/arm_correlate_q31.c ****   /* Calculate the length of the remaining sequence */
 621:./Libraries/CMSIS/DSP/Source/FilteringFunctions/arm_correlate_q31.c ****   tot = ((srcALen + srcBLen) - 2U);
 622:./Libraries/CMSIS/DSP/Source/FilteringFunctions/arm_correlate_q31.c **** 
 623:./Libraries/CMSIS/DSP/Source/FilteringFunctions/arm_correlate_q31.c ****   if (srcALen > srcBLen)
ARM GAS  /tmp/ccboCC0J.s 			page 22


 624:./Libraries/CMSIS/DSP/Source/FilteringFunctions/arm_correlate_q31.c ****   {
 625:./Libraries/CMSIS/DSP/Source/FilteringFunctions/arm_correlate_q31.c ****     /* Calculating the number of zeros to be padded to the output */
 626:./Libraries/CMSIS/DSP/Source/FilteringFunctions/arm_correlate_q31.c ****     j = srcALen - srcBLen;
 627:./Libraries/CMSIS/DSP/Source/FilteringFunctions/arm_correlate_q31.c **** 
 628:./Libraries/CMSIS/DSP/Source/FilteringFunctions/arm_correlate_q31.c ****     /* Initialise the pointer after zero padding */
 629:./Libraries/CMSIS/DSP/Source/FilteringFunctions/arm_correlate_q31.c ****     pDst += j;
 630:./Libraries/CMSIS/DSP/Source/FilteringFunctions/arm_correlate_q31.c ****   }
 631:./Libraries/CMSIS/DSP/Source/FilteringFunctions/arm_correlate_q31.c **** 
 632:./Libraries/CMSIS/DSP/Source/FilteringFunctions/arm_correlate_q31.c ****   else if (srcALen < srcBLen)
 633:./Libraries/CMSIS/DSP/Source/FilteringFunctions/arm_correlate_q31.c ****   {
 634:./Libraries/CMSIS/DSP/Source/FilteringFunctions/arm_correlate_q31.c ****     /* Initialization to inputB pointer */
 635:./Libraries/CMSIS/DSP/Source/FilteringFunctions/arm_correlate_q31.c ****     pIn1 = pSrcB;
 636:./Libraries/CMSIS/DSP/Source/FilteringFunctions/arm_correlate_q31.c **** 
 637:./Libraries/CMSIS/DSP/Source/FilteringFunctions/arm_correlate_q31.c ****     /* Initialization to the end of inputA pointer */
 638:./Libraries/CMSIS/DSP/Source/FilteringFunctions/arm_correlate_q31.c ****     pIn2 = pSrcA + (srcALen - 1U);
 639:./Libraries/CMSIS/DSP/Source/FilteringFunctions/arm_correlate_q31.c **** 
 640:./Libraries/CMSIS/DSP/Source/FilteringFunctions/arm_correlate_q31.c ****     /* Initialisation of the pointer after zero padding */
 641:./Libraries/CMSIS/DSP/Source/FilteringFunctions/arm_correlate_q31.c ****     pDst = pDst + tot;
 642:./Libraries/CMSIS/DSP/Source/FilteringFunctions/arm_correlate_q31.c **** 
 643:./Libraries/CMSIS/DSP/Source/FilteringFunctions/arm_correlate_q31.c ****     /* Swapping the lengths */
 644:./Libraries/CMSIS/DSP/Source/FilteringFunctions/arm_correlate_q31.c ****     j = srcALen;
 645:./Libraries/CMSIS/DSP/Source/FilteringFunctions/arm_correlate_q31.c ****     srcALen = srcBLen;
 646:./Libraries/CMSIS/DSP/Source/FilteringFunctions/arm_correlate_q31.c ****     srcBLen = j;
 647:./Libraries/CMSIS/DSP/Source/FilteringFunctions/arm_correlate_q31.c **** 
 648:./Libraries/CMSIS/DSP/Source/FilteringFunctions/arm_correlate_q31.c ****     /* Setting the reverse flag */
 649:./Libraries/CMSIS/DSP/Source/FilteringFunctions/arm_correlate_q31.c ****     inv = 1;
 650:./Libraries/CMSIS/DSP/Source/FilteringFunctions/arm_correlate_q31.c ****   }
 651:./Libraries/CMSIS/DSP/Source/FilteringFunctions/arm_correlate_q31.c **** 
 652:./Libraries/CMSIS/DSP/Source/FilteringFunctions/arm_correlate_q31.c ****   /* Loop to calculate correlation for output length number of times */
 653:./Libraries/CMSIS/DSP/Source/FilteringFunctions/arm_correlate_q31.c ****   for (i = 0U; i <= tot; i++)
 654:./Libraries/CMSIS/DSP/Source/FilteringFunctions/arm_correlate_q31.c ****   {
 655:./Libraries/CMSIS/DSP/Source/FilteringFunctions/arm_correlate_q31.c ****     /* Initialize sum with zero to carry out MAC operations */
 656:./Libraries/CMSIS/DSP/Source/FilteringFunctions/arm_correlate_q31.c ****     sum = 0;
 657:./Libraries/CMSIS/DSP/Source/FilteringFunctions/arm_correlate_q31.c **** 
 658:./Libraries/CMSIS/DSP/Source/FilteringFunctions/arm_correlate_q31.c ****     /* Loop to perform MAC operations according to correlation equation */
 659:./Libraries/CMSIS/DSP/Source/FilteringFunctions/arm_correlate_q31.c ****     for (j = 0U; j <= i; j++)
 660:./Libraries/CMSIS/DSP/Source/FilteringFunctions/arm_correlate_q31.c ****     {
 661:./Libraries/CMSIS/DSP/Source/FilteringFunctions/arm_correlate_q31.c ****       /* Check the array limitations */
 662:./Libraries/CMSIS/DSP/Source/FilteringFunctions/arm_correlate_q31.c ****       if (((i - j) < srcBLen) && (j < srcALen))
 663:./Libraries/CMSIS/DSP/Source/FilteringFunctions/arm_correlate_q31.c ****       {
 664:./Libraries/CMSIS/DSP/Source/FilteringFunctions/arm_correlate_q31.c ****         /* z[i] += x[i-j] * y[j] */
 665:./Libraries/CMSIS/DSP/Source/FilteringFunctions/arm_correlate_q31.c ****         sum += ((q63_t) pIn1[j] * pIn2[-((int32_t) i - j)]);
 666:./Libraries/CMSIS/DSP/Source/FilteringFunctions/arm_correlate_q31.c ****       }
 667:./Libraries/CMSIS/DSP/Source/FilteringFunctions/arm_correlate_q31.c ****     }
 668:./Libraries/CMSIS/DSP/Source/FilteringFunctions/arm_correlate_q31.c **** 
 669:./Libraries/CMSIS/DSP/Source/FilteringFunctions/arm_correlate_q31.c ****     /* Store the output in the destination buffer */
 670:./Libraries/CMSIS/DSP/Source/FilteringFunctions/arm_correlate_q31.c ****     if (inv == 1)
 671:./Libraries/CMSIS/DSP/Source/FilteringFunctions/arm_correlate_q31.c ****       *pDst-- = (q31_t) (sum >> 31U);
 672:./Libraries/CMSIS/DSP/Source/FilteringFunctions/arm_correlate_q31.c ****     else
 673:./Libraries/CMSIS/DSP/Source/FilteringFunctions/arm_correlate_q31.c ****       *pDst++ = (q31_t) (sum >> 31U);
 674:./Libraries/CMSIS/DSP/Source/FilteringFunctions/arm_correlate_q31.c ****   }
 675:./Libraries/CMSIS/DSP/Source/FilteringFunctions/arm_correlate_q31.c **** 
 676:./Libraries/CMSIS/DSP/Source/FilteringFunctions/arm_correlate_q31.c **** #endif /* #if !defined(ARM_MATH_CM0_FAMILY) */
 677:./Libraries/CMSIS/DSP/Source/FilteringFunctions/arm_correlate_q31.c **** 
 678:./Libraries/CMSIS/DSP/Source/FilteringFunctions/arm_correlate_q31.c **** }
 568              		.loc 1 678 1
 569 036e 00BF     		nop
ARM GAS  /tmp/ccboCC0J.s 			page 23


 570 0370 00BF     		nop
 571 0372 6037     		adds	r7, r7, #96
 572              	.LCFI3:
 573              		.cfi_def_cfa_offset 32
 574 0374 BD46     		mov	sp, r7
 575              	.LCFI4:
 576              		.cfi_def_cfa_register 13
 577              		@ sp needed
 578 0376 BDE8F00F 		pop	{r4, r5, r6, r7, r8, r9, r10, fp}
 579              	.LCFI5:
 580              		.cfi_restore 11
 581              		.cfi_restore 10
 582              		.cfi_restore 9
 583              		.cfi_restore 8
 584              		.cfi_restore 7
 585              		.cfi_restore 6
 586              		.cfi_restore 5
 587              		.cfi_restore 4
 588              		.cfi_def_cfa_offset 0
 589 037a 7047     		bx	lr
 590              		.cfi_endproc
 591              	.LFE145:
 593              		.text
 594              	.Letext0:
 595              		.file 2 "/usr/lib/gcc/arm-none-eabi/9.2.1/include/stdint.h"
 596              		.file 3 "/usr/lib/gcc/arm-none-eabi/9.2.1/include/stddef.h"
 597              		.file 4 "/usr/include/newlib/sys/_types.h"
 598              		.file 5 "/usr/include/newlib/sys/reent.h"
 599              		.file 6 "/usr/include/newlib/sys/lock.h"
 600              		.file 7 "/usr/include/newlib/math.h"
 601              		.file 8 "./Libraries/CMSIS/DSP/Include/arm_math.h"
ARM GAS  /tmp/ccboCC0J.s 			page 24


DEFINED SYMBOLS
                            *ABS*:0000000000000000 arm_correlate_q31.c
     /tmp/ccboCC0J.s:17     .text.arm_correlate_q31:0000000000000000 $t
     /tmp/ccboCC0J.s:25     .text.arm_correlate_q31:0000000000000000 arm_correlate_q31
     /tmp/ccboCC0J.s:490    .text.arm_correlate_q31:00000000000002e0 $d
     /tmp/ccboCC0J.s:493    .text.arm_correlate_q31:00000000000002e4 $t

NO UNDEFINED SYMBOLS
