ARM GAS  /tmp/ccxbLVuW.s 			page 1


   1              		.cpu cortex-m7
   2              		.eabi_attribute 28, 1
   3              		.eabi_attribute 20, 1
   4              		.eabi_attribute 21, 1
   5              		.eabi_attribute 23, 3
   6              		.eabi_attribute 24, 1
   7              		.eabi_attribute 25, 1
   8              		.eabi_attribute 26, 1
   9              		.eabi_attribute 30, 6
  10              		.eabi_attribute 34, 1
  11              		.eabi_attribute 18, 4
  12              		.file	"arm_fir_sparse_init_q31.c"
  13              		.text
  14              	.Ltext0:
  15              		.cfi_sections	.debug_frame
  16              		.section	.text.arm_fir_sparse_init_q31,"ax",%progbits
  17              		.align	1
  18              		.global	arm_fir_sparse_init_q31
  19              		.arch armv7e-m
  20              		.syntax unified
  21              		.thumb
  22              		.thumb_func
  23              		.fpu fpv5-d16
  25              	arm_fir_sparse_init_q31:
  26              	.LFB145:
  27              		.file 1 "./Libraries/CMSIS/DSP/Source/FilteringFunctions/arm_fir_sparse_init_q31.c"
   1:./Libraries/CMSIS/DSP/Source/FilteringFunctions/arm_fir_sparse_init_q31.c **** /* ----------------------------------------------------------------------
   2:./Libraries/CMSIS/DSP/Source/FilteringFunctions/arm_fir_sparse_init_q31.c ****  * Project:      CMSIS DSP Library
   3:./Libraries/CMSIS/DSP/Source/FilteringFunctions/arm_fir_sparse_init_q31.c ****  * Title:        arm_fir_sparse_init_q31.c
   4:./Libraries/CMSIS/DSP/Source/FilteringFunctions/arm_fir_sparse_init_q31.c ****  * Description:  Q31 sparse FIR filter initialization function
   5:./Libraries/CMSIS/DSP/Source/FilteringFunctions/arm_fir_sparse_init_q31.c ****  *
   6:./Libraries/CMSIS/DSP/Source/FilteringFunctions/arm_fir_sparse_init_q31.c ****  * $Date:        18. March 2019
   7:./Libraries/CMSIS/DSP/Source/FilteringFunctions/arm_fir_sparse_init_q31.c ****  * $Revision:    V1.6.0
   8:./Libraries/CMSIS/DSP/Source/FilteringFunctions/arm_fir_sparse_init_q31.c ****  *
   9:./Libraries/CMSIS/DSP/Source/FilteringFunctions/arm_fir_sparse_init_q31.c ****  * Target Processor: Cortex-M cores
  10:./Libraries/CMSIS/DSP/Source/FilteringFunctions/arm_fir_sparse_init_q31.c ****  * -------------------------------------------------------------------- */
  11:./Libraries/CMSIS/DSP/Source/FilteringFunctions/arm_fir_sparse_init_q31.c **** /*
  12:./Libraries/CMSIS/DSP/Source/FilteringFunctions/arm_fir_sparse_init_q31.c ****  * Copyright (C) 2010-2019 ARM Limited or its affiliates. All rights reserved.
  13:./Libraries/CMSIS/DSP/Source/FilteringFunctions/arm_fir_sparse_init_q31.c ****  *
  14:./Libraries/CMSIS/DSP/Source/FilteringFunctions/arm_fir_sparse_init_q31.c ****  * SPDX-License-Identifier: Apache-2.0
  15:./Libraries/CMSIS/DSP/Source/FilteringFunctions/arm_fir_sparse_init_q31.c ****  *
  16:./Libraries/CMSIS/DSP/Source/FilteringFunctions/arm_fir_sparse_init_q31.c ****  * Licensed under the Apache License, Version 2.0 (the License); you may
  17:./Libraries/CMSIS/DSP/Source/FilteringFunctions/arm_fir_sparse_init_q31.c ****  * not use this file except in compliance with the License.
  18:./Libraries/CMSIS/DSP/Source/FilteringFunctions/arm_fir_sparse_init_q31.c ****  * You may obtain a copy of the License at
  19:./Libraries/CMSIS/DSP/Source/FilteringFunctions/arm_fir_sparse_init_q31.c ****  *
  20:./Libraries/CMSIS/DSP/Source/FilteringFunctions/arm_fir_sparse_init_q31.c ****  * www.apache.org/licenses/LICENSE-2.0
  21:./Libraries/CMSIS/DSP/Source/FilteringFunctions/arm_fir_sparse_init_q31.c ****  *
  22:./Libraries/CMSIS/DSP/Source/FilteringFunctions/arm_fir_sparse_init_q31.c ****  * Unless required by applicable law or agreed to in writing, software
  23:./Libraries/CMSIS/DSP/Source/FilteringFunctions/arm_fir_sparse_init_q31.c ****  * distributed under the License is distributed on an AS IS BASIS, WITHOUT
  24:./Libraries/CMSIS/DSP/Source/FilteringFunctions/arm_fir_sparse_init_q31.c ****  * WARRANTIES OR CONDITIONS OF ANY KIND, either express or implied.
  25:./Libraries/CMSIS/DSP/Source/FilteringFunctions/arm_fir_sparse_init_q31.c ****  * See the License for the specific language governing permissions and
  26:./Libraries/CMSIS/DSP/Source/FilteringFunctions/arm_fir_sparse_init_q31.c ****  * limitations under the License.
  27:./Libraries/CMSIS/DSP/Source/FilteringFunctions/arm_fir_sparse_init_q31.c ****  */
  28:./Libraries/CMSIS/DSP/Source/FilteringFunctions/arm_fir_sparse_init_q31.c **** 
  29:./Libraries/CMSIS/DSP/Source/FilteringFunctions/arm_fir_sparse_init_q31.c **** #include "arm_math.h"
  30:./Libraries/CMSIS/DSP/Source/FilteringFunctions/arm_fir_sparse_init_q31.c **** 
  31:./Libraries/CMSIS/DSP/Source/FilteringFunctions/arm_fir_sparse_init_q31.c **** /**
ARM GAS  /tmp/ccxbLVuW.s 			page 2


  32:./Libraries/CMSIS/DSP/Source/FilteringFunctions/arm_fir_sparse_init_q31.c ****   @ingroup groupFilters
  33:./Libraries/CMSIS/DSP/Source/FilteringFunctions/arm_fir_sparse_init_q31.c ****  */
  34:./Libraries/CMSIS/DSP/Source/FilteringFunctions/arm_fir_sparse_init_q31.c **** 
  35:./Libraries/CMSIS/DSP/Source/FilteringFunctions/arm_fir_sparse_init_q31.c **** /**
  36:./Libraries/CMSIS/DSP/Source/FilteringFunctions/arm_fir_sparse_init_q31.c ****   @addtogroup FIR_Sparse
  37:./Libraries/CMSIS/DSP/Source/FilteringFunctions/arm_fir_sparse_init_q31.c ****   @{
  38:./Libraries/CMSIS/DSP/Source/FilteringFunctions/arm_fir_sparse_init_q31.c ****  */
  39:./Libraries/CMSIS/DSP/Source/FilteringFunctions/arm_fir_sparse_init_q31.c **** 
  40:./Libraries/CMSIS/DSP/Source/FilteringFunctions/arm_fir_sparse_init_q31.c **** /**
  41:./Libraries/CMSIS/DSP/Source/FilteringFunctions/arm_fir_sparse_init_q31.c ****   @brief         Initialization function for the Q31 sparse FIR filter.
  42:./Libraries/CMSIS/DSP/Source/FilteringFunctions/arm_fir_sparse_init_q31.c ****   @param[in,out] S          points to an instance of the Q31 sparse FIR structure
  43:./Libraries/CMSIS/DSP/Source/FilteringFunctions/arm_fir_sparse_init_q31.c ****   @param[in]     numTaps    number of nonzero coefficients in the filter
  44:./Libraries/CMSIS/DSP/Source/FilteringFunctions/arm_fir_sparse_init_q31.c ****   @param[in]     pCoeffs    points to the array of filter coefficients
  45:./Libraries/CMSIS/DSP/Source/FilteringFunctions/arm_fir_sparse_init_q31.c ****   @param[in]     pState     points to the state buffer
  46:./Libraries/CMSIS/DSP/Source/FilteringFunctions/arm_fir_sparse_init_q31.c ****   @param[in]     pTapDelay  points to the array of offset times
  47:./Libraries/CMSIS/DSP/Source/FilteringFunctions/arm_fir_sparse_init_q31.c ****   @param[in]     maxDelay   maximum offset time supported
  48:./Libraries/CMSIS/DSP/Source/FilteringFunctions/arm_fir_sparse_init_q31.c ****   @param[in]     blockSize  number of samples that will be processed per block
  49:./Libraries/CMSIS/DSP/Source/FilteringFunctions/arm_fir_sparse_init_q31.c ****   @return        none
  50:./Libraries/CMSIS/DSP/Source/FilteringFunctions/arm_fir_sparse_init_q31.c **** 
  51:./Libraries/CMSIS/DSP/Source/FilteringFunctions/arm_fir_sparse_init_q31.c ****   @par           Details
  52:./Libraries/CMSIS/DSP/Source/FilteringFunctions/arm_fir_sparse_init_q31.c ****                    <code>pCoeffs</code> holds the filter coefficients and has length <code>numTaps<
  53:./Libraries/CMSIS/DSP/Source/FilteringFunctions/arm_fir_sparse_init_q31.c ****                    <code>pState</code> holds the filter's state variables and must be of length
  54:./Libraries/CMSIS/DSP/Source/FilteringFunctions/arm_fir_sparse_init_q31.c ****                    <code>maxDelay + blockSize</code>, where <code>maxDelay</code>
  55:./Libraries/CMSIS/DSP/Source/FilteringFunctions/arm_fir_sparse_init_q31.c ****                    is the maximum number of delay line values.
  56:./Libraries/CMSIS/DSP/Source/FilteringFunctions/arm_fir_sparse_init_q31.c ****                    <code>blockSize</code> is the number of words processed by <code>arm_fir_sparse_
  57:./Libraries/CMSIS/DSP/Source/FilteringFunctions/arm_fir_sparse_init_q31.c ****  */
  58:./Libraries/CMSIS/DSP/Source/FilteringFunctions/arm_fir_sparse_init_q31.c **** 
  59:./Libraries/CMSIS/DSP/Source/FilteringFunctions/arm_fir_sparse_init_q31.c **** void arm_fir_sparse_init_q31(
  60:./Libraries/CMSIS/DSP/Source/FilteringFunctions/arm_fir_sparse_init_q31.c ****         arm_fir_sparse_instance_q31 * S,
  61:./Libraries/CMSIS/DSP/Source/FilteringFunctions/arm_fir_sparse_init_q31.c ****         uint16_t numTaps,
  62:./Libraries/CMSIS/DSP/Source/FilteringFunctions/arm_fir_sparse_init_q31.c ****   const q31_t * pCoeffs,
  63:./Libraries/CMSIS/DSP/Source/FilteringFunctions/arm_fir_sparse_init_q31.c ****         q31_t * pState,
  64:./Libraries/CMSIS/DSP/Source/FilteringFunctions/arm_fir_sparse_init_q31.c ****         int32_t * pTapDelay,
  65:./Libraries/CMSIS/DSP/Source/FilteringFunctions/arm_fir_sparse_init_q31.c ****         uint16_t maxDelay,
  66:./Libraries/CMSIS/DSP/Source/FilteringFunctions/arm_fir_sparse_init_q31.c ****         uint32_t blockSize)
  67:./Libraries/CMSIS/DSP/Source/FilteringFunctions/arm_fir_sparse_init_q31.c **** {
  28              		.loc 1 67 1
  29              		.cfi_startproc
  30              		@ args = 12, pretend = 0, frame = 16
  31              		@ frame_needed = 1, uses_anonymous_args = 0
  32 0000 80B5     		push	{r7, lr}
  33              	.LCFI0:
  34              		.cfi_def_cfa_offset 8
  35              		.cfi_offset 7, -8
  36              		.cfi_offset 14, -4
  37 0002 84B0     		sub	sp, sp, #16
  38              	.LCFI1:
  39              		.cfi_def_cfa_offset 24
  40 0004 00AF     		add	r7, sp, #0
  41              	.LCFI2:
  42              		.cfi_def_cfa_register 7
  43 0006 F860     		str	r0, [r7, #12]
  44 0008 7A60     		str	r2, [r7, #4]
  45 000a 3B60     		str	r3, [r7]
  46 000c 0B46     		mov	r3, r1	@ movhi
  47 000e 7B81     		strh	r3, [r7, #10]	@ movhi
  68:./Libraries/CMSIS/DSP/Source/FilteringFunctions/arm_fir_sparse_init_q31.c ****   /* Assign filter taps */
ARM GAS  /tmp/ccxbLVuW.s 			page 3


  69:./Libraries/CMSIS/DSP/Source/FilteringFunctions/arm_fir_sparse_init_q31.c ****   S->numTaps = numTaps;
  48              		.loc 1 69 14
  49 0010 FB68     		ldr	r3, [r7, #12]
  50 0012 7A89     		ldrh	r2, [r7, #10]	@ movhi
  51 0014 1A80     		strh	r2, [r3]	@ movhi
  70:./Libraries/CMSIS/DSP/Source/FilteringFunctions/arm_fir_sparse_init_q31.c **** 
  71:./Libraries/CMSIS/DSP/Source/FilteringFunctions/arm_fir_sparse_init_q31.c ****   /* Assign coefficient pointer */
  72:./Libraries/CMSIS/DSP/Source/FilteringFunctions/arm_fir_sparse_init_q31.c ****   S->pCoeffs = pCoeffs;
  52              		.loc 1 72 14
  53 0016 FB68     		ldr	r3, [r7, #12]
  54 0018 7A68     		ldr	r2, [r7, #4]
  55 001a 9A60     		str	r2, [r3, #8]
  73:./Libraries/CMSIS/DSP/Source/FilteringFunctions/arm_fir_sparse_init_q31.c **** 
  74:./Libraries/CMSIS/DSP/Source/FilteringFunctions/arm_fir_sparse_init_q31.c ****   /* Assign TapDelay pointer */
  75:./Libraries/CMSIS/DSP/Source/FilteringFunctions/arm_fir_sparse_init_q31.c ****   S->pTapDelay = pTapDelay;
  56              		.loc 1 75 16
  57 001c FB68     		ldr	r3, [r7, #12]
  58 001e BA69     		ldr	r2, [r7, #24]
  59 0020 1A61     		str	r2, [r3, #16]
  76:./Libraries/CMSIS/DSP/Source/FilteringFunctions/arm_fir_sparse_init_q31.c **** 
  77:./Libraries/CMSIS/DSP/Source/FilteringFunctions/arm_fir_sparse_init_q31.c ****   /* Assign MaxDelay */
  78:./Libraries/CMSIS/DSP/Source/FilteringFunctions/arm_fir_sparse_init_q31.c ****   S->maxDelay = maxDelay;
  60              		.loc 1 78 15
  61 0022 FB68     		ldr	r3, [r7, #12]
  62 0024 BA8B     		ldrh	r2, [r7, #28]	@ movhi
  63 0026 9A81     		strh	r2, [r3, #12]	@ movhi
  79:./Libraries/CMSIS/DSP/Source/FilteringFunctions/arm_fir_sparse_init_q31.c **** 
  80:./Libraries/CMSIS/DSP/Source/FilteringFunctions/arm_fir_sparse_init_q31.c ****   /* reset the stateIndex to 0 */
  81:./Libraries/CMSIS/DSP/Source/FilteringFunctions/arm_fir_sparse_init_q31.c ****   S->stateIndex = 0U;
  64              		.loc 1 81 17
  65 0028 FB68     		ldr	r3, [r7, #12]
  66 002a 0022     		movs	r2, #0
  67 002c 5A80     		strh	r2, [r3, #2]	@ movhi
  82:./Libraries/CMSIS/DSP/Source/FilteringFunctions/arm_fir_sparse_init_q31.c **** 
  83:./Libraries/CMSIS/DSP/Source/FilteringFunctions/arm_fir_sparse_init_q31.c ****   /* Clear state buffer and size is always maxDelay + blockSize */
  84:./Libraries/CMSIS/DSP/Source/FilteringFunctions/arm_fir_sparse_init_q31.c ****   memset(pState, 0, (maxDelay + blockSize) * sizeof(q31_t));
  68              		.loc 1 84 31
  69 002e BA8B     		ldrh	r2, [r7, #28]
  70 0030 3B6A     		ldr	r3, [r7, #32]
  71 0032 1344     		add	r3, r3, r2
  72              		.loc 1 84 44
  73 0034 9B00     		lsls	r3, r3, #2
  74              		.loc 1 84 3
  75 0036 1A46     		mov	r2, r3
  76 0038 0021     		movs	r1, #0
  77 003a 3868     		ldr	r0, [r7]
  78 003c FFF7FEFF 		bl	memset
  85:./Libraries/CMSIS/DSP/Source/FilteringFunctions/arm_fir_sparse_init_q31.c **** 
  86:./Libraries/CMSIS/DSP/Source/FilteringFunctions/arm_fir_sparse_init_q31.c ****   /* Assign state pointer */
  87:./Libraries/CMSIS/DSP/Source/FilteringFunctions/arm_fir_sparse_init_q31.c ****   S->pState = pState;
  79              		.loc 1 87 13
  80 0040 FB68     		ldr	r3, [r7, #12]
  81 0042 3A68     		ldr	r2, [r7]
  82 0044 5A60     		str	r2, [r3, #4]
  88:./Libraries/CMSIS/DSP/Source/FilteringFunctions/arm_fir_sparse_init_q31.c **** }
  83              		.loc 1 88 1
  84 0046 00BF     		nop
ARM GAS  /tmp/ccxbLVuW.s 			page 4


  85 0048 1037     		adds	r7, r7, #16
  86              	.LCFI3:
  87              		.cfi_def_cfa_offset 8
  88 004a BD46     		mov	sp, r7
  89              	.LCFI4:
  90              		.cfi_def_cfa_register 13
  91              		@ sp needed
  92 004c 80BD     		pop	{r7, pc}
  93              		.cfi_endproc
  94              	.LFE145:
  96              		.text
  97              	.Letext0:
  98              		.file 2 "/usr/lib/gcc/arm-none-eabi/9.2.1/include/stdint.h"
  99              		.file 3 "/usr/lib/gcc/arm-none-eabi/9.2.1/include/stddef.h"
 100              		.file 4 "/usr/include/newlib/sys/_types.h"
 101              		.file 5 "/usr/include/newlib/sys/reent.h"
 102              		.file 6 "/usr/include/newlib/sys/lock.h"
 103              		.file 7 "/usr/include/newlib/math.h"
 104              		.file 8 "./Libraries/CMSIS/DSP/Include/arm_math.h"
ARM GAS  /tmp/ccxbLVuW.s 			page 5


DEFINED SYMBOLS
                            *ABS*:0000000000000000 arm_fir_sparse_init_q31.c
     /tmp/ccxbLVuW.s:17     .text.arm_fir_sparse_init_q31:0000000000000000 $t
     /tmp/ccxbLVuW.s:25     .text.arm_fir_sparse_init_q31:0000000000000000 arm_fir_sparse_init_q31

UNDEFINED SYMBOLS
memset
