ARM GAS  /tmp/ccNZsPMB.s 			page 1


   1              		.cpu cortex-m7
   2              		.eabi_attribute 28, 1
   3              		.eabi_attribute 20, 1
   4              		.eabi_attribute 21, 1
   5              		.eabi_attribute 23, 3
   6              		.eabi_attribute 24, 1
   7              		.eabi_attribute 25, 1
   8              		.eabi_attribute 26, 1
   9              		.eabi_attribute 30, 6
  10              		.eabi_attribute 34, 1
  11              		.eabi_attribute 18, 4
  12              		.file	"arm_cmplx_conj_f32.c"
  13              		.text
  14              	.Ltext0:
  15              		.cfi_sections	.debug_frame
  16              		.section	.text.arm_cmplx_conj_f32,"ax",%progbits
  17              		.align	1
  18              		.global	arm_cmplx_conj_f32
  19              		.arch armv7e-m
  20              		.syntax unified
  21              		.thumb
  22              		.thumb_func
  23              		.fpu fpv5-d16
  25              	arm_cmplx_conj_f32:
  26              	.LFB145:
  27              		.file 1 "./Libraries/CMSIS/DSP/Source/ComplexMathFunctions/arm_cmplx_conj_f32.c"
   1:./Libraries/CMSIS/DSP/Source/ComplexMathFunctions/arm_cmplx_conj_f32.c **** /* ----------------------------------------------------------------------
   2:./Libraries/CMSIS/DSP/Source/ComplexMathFunctions/arm_cmplx_conj_f32.c ****  * Project:      CMSIS DSP Library
   3:./Libraries/CMSIS/DSP/Source/ComplexMathFunctions/arm_cmplx_conj_f32.c ****  * Title:        arm_cmplx_conj_f32.c
   4:./Libraries/CMSIS/DSP/Source/ComplexMathFunctions/arm_cmplx_conj_f32.c ****  * Description:  Floating-point complex conjugate
   5:./Libraries/CMSIS/DSP/Source/ComplexMathFunctions/arm_cmplx_conj_f32.c ****  *
   6:./Libraries/CMSIS/DSP/Source/ComplexMathFunctions/arm_cmplx_conj_f32.c ****  * $Date:        18. March 2019
   7:./Libraries/CMSIS/DSP/Source/ComplexMathFunctions/arm_cmplx_conj_f32.c ****  * $Revision:    V1.6.0
   8:./Libraries/CMSIS/DSP/Source/ComplexMathFunctions/arm_cmplx_conj_f32.c ****  *
   9:./Libraries/CMSIS/DSP/Source/ComplexMathFunctions/arm_cmplx_conj_f32.c ****  * Target Processor: Cortex-M cores
  10:./Libraries/CMSIS/DSP/Source/ComplexMathFunctions/arm_cmplx_conj_f32.c ****  * -------------------------------------------------------------------- */
  11:./Libraries/CMSIS/DSP/Source/ComplexMathFunctions/arm_cmplx_conj_f32.c **** /*
  12:./Libraries/CMSIS/DSP/Source/ComplexMathFunctions/arm_cmplx_conj_f32.c ****  * Copyright (C) 2010-2019 ARM Limited or its affiliates. All rights reserved.
  13:./Libraries/CMSIS/DSP/Source/ComplexMathFunctions/arm_cmplx_conj_f32.c ****  *
  14:./Libraries/CMSIS/DSP/Source/ComplexMathFunctions/arm_cmplx_conj_f32.c ****  * SPDX-License-Identifier: Apache-2.0
  15:./Libraries/CMSIS/DSP/Source/ComplexMathFunctions/arm_cmplx_conj_f32.c ****  *
  16:./Libraries/CMSIS/DSP/Source/ComplexMathFunctions/arm_cmplx_conj_f32.c ****  * Licensed under the Apache License, Version 2.0 (the License); you may
  17:./Libraries/CMSIS/DSP/Source/ComplexMathFunctions/arm_cmplx_conj_f32.c ****  * not use this file except in compliance with the License.
  18:./Libraries/CMSIS/DSP/Source/ComplexMathFunctions/arm_cmplx_conj_f32.c ****  * You may obtain a copy of the License at
  19:./Libraries/CMSIS/DSP/Source/ComplexMathFunctions/arm_cmplx_conj_f32.c ****  *
  20:./Libraries/CMSIS/DSP/Source/ComplexMathFunctions/arm_cmplx_conj_f32.c ****  * www.apache.org/licenses/LICENSE-2.0
  21:./Libraries/CMSIS/DSP/Source/ComplexMathFunctions/arm_cmplx_conj_f32.c ****  *
  22:./Libraries/CMSIS/DSP/Source/ComplexMathFunctions/arm_cmplx_conj_f32.c ****  * Unless required by applicable law or agreed to in writing, software
  23:./Libraries/CMSIS/DSP/Source/ComplexMathFunctions/arm_cmplx_conj_f32.c ****  * distributed under the License is distributed on an AS IS BASIS, WITHOUT
  24:./Libraries/CMSIS/DSP/Source/ComplexMathFunctions/arm_cmplx_conj_f32.c ****  * WARRANTIES OR CONDITIONS OF ANY KIND, either express or implied.
  25:./Libraries/CMSIS/DSP/Source/ComplexMathFunctions/arm_cmplx_conj_f32.c ****  * See the License for the specific language governing permissions and
  26:./Libraries/CMSIS/DSP/Source/ComplexMathFunctions/arm_cmplx_conj_f32.c ****  * limitations under the License.
  27:./Libraries/CMSIS/DSP/Source/ComplexMathFunctions/arm_cmplx_conj_f32.c ****  */
  28:./Libraries/CMSIS/DSP/Source/ComplexMathFunctions/arm_cmplx_conj_f32.c **** 
  29:./Libraries/CMSIS/DSP/Source/ComplexMathFunctions/arm_cmplx_conj_f32.c **** #include "arm_math.h"
  30:./Libraries/CMSIS/DSP/Source/ComplexMathFunctions/arm_cmplx_conj_f32.c **** 
  31:./Libraries/CMSIS/DSP/Source/ComplexMathFunctions/arm_cmplx_conj_f32.c **** /**
ARM GAS  /tmp/ccNZsPMB.s 			page 2


  32:./Libraries/CMSIS/DSP/Source/ComplexMathFunctions/arm_cmplx_conj_f32.c ****   @ingroup groupCmplxMath
  33:./Libraries/CMSIS/DSP/Source/ComplexMathFunctions/arm_cmplx_conj_f32.c ****  */
  34:./Libraries/CMSIS/DSP/Source/ComplexMathFunctions/arm_cmplx_conj_f32.c **** 
  35:./Libraries/CMSIS/DSP/Source/ComplexMathFunctions/arm_cmplx_conj_f32.c **** /**
  36:./Libraries/CMSIS/DSP/Source/ComplexMathFunctions/arm_cmplx_conj_f32.c ****   @defgroup cmplx_conj Complex Conjugate
  37:./Libraries/CMSIS/DSP/Source/ComplexMathFunctions/arm_cmplx_conj_f32.c **** 
  38:./Libraries/CMSIS/DSP/Source/ComplexMathFunctions/arm_cmplx_conj_f32.c ****   Conjugates the elements of a complex data vector.
  39:./Libraries/CMSIS/DSP/Source/ComplexMathFunctions/arm_cmplx_conj_f32.c **** 
  40:./Libraries/CMSIS/DSP/Source/ComplexMathFunctions/arm_cmplx_conj_f32.c ****   The <code>pSrc</code> points to the source data and
  41:./Libraries/CMSIS/DSP/Source/ComplexMathFunctions/arm_cmplx_conj_f32.c ****   <code>pDst</code> points to the destination data where the result should be written.
  42:./Libraries/CMSIS/DSP/Source/ComplexMathFunctions/arm_cmplx_conj_f32.c ****   <code>numSamples</code> specifies the number of complex samples
  43:./Libraries/CMSIS/DSP/Source/ComplexMathFunctions/arm_cmplx_conj_f32.c ****   and the data in each array is stored in an interleaved fashion
  44:./Libraries/CMSIS/DSP/Source/ComplexMathFunctions/arm_cmplx_conj_f32.c ****   (real, imag, real, imag, ...).
  45:./Libraries/CMSIS/DSP/Source/ComplexMathFunctions/arm_cmplx_conj_f32.c ****   Each array has a total of <code>2*numSamples</code> values.
  46:./Libraries/CMSIS/DSP/Source/ComplexMathFunctions/arm_cmplx_conj_f32.c **** 
  47:./Libraries/CMSIS/DSP/Source/ComplexMathFunctions/arm_cmplx_conj_f32.c ****   The underlying algorithm is used:
  48:./Libraries/CMSIS/DSP/Source/ComplexMathFunctions/arm_cmplx_conj_f32.c ****   <pre>
  49:./Libraries/CMSIS/DSP/Source/ComplexMathFunctions/arm_cmplx_conj_f32.c ****   for (n = 0; n < numSamples; n++) {
  50:./Libraries/CMSIS/DSP/Source/ComplexMathFunctions/arm_cmplx_conj_f32.c ****       pDst[(2*n)  ] =  pSrc[(2*n)  ];    // real part
  51:./Libraries/CMSIS/DSP/Source/ComplexMathFunctions/arm_cmplx_conj_f32.c ****       pDst[(2*n)+1] = -pSrc[(2*n)+1];    // imag part
  52:./Libraries/CMSIS/DSP/Source/ComplexMathFunctions/arm_cmplx_conj_f32.c ****   }
  53:./Libraries/CMSIS/DSP/Source/ComplexMathFunctions/arm_cmplx_conj_f32.c ****   </pre>
  54:./Libraries/CMSIS/DSP/Source/ComplexMathFunctions/arm_cmplx_conj_f32.c **** 
  55:./Libraries/CMSIS/DSP/Source/ComplexMathFunctions/arm_cmplx_conj_f32.c ****   There are separate functions for floating-point, Q15, and Q31 data types.
  56:./Libraries/CMSIS/DSP/Source/ComplexMathFunctions/arm_cmplx_conj_f32.c ****  */
  57:./Libraries/CMSIS/DSP/Source/ComplexMathFunctions/arm_cmplx_conj_f32.c **** 
  58:./Libraries/CMSIS/DSP/Source/ComplexMathFunctions/arm_cmplx_conj_f32.c **** /**
  59:./Libraries/CMSIS/DSP/Source/ComplexMathFunctions/arm_cmplx_conj_f32.c ****   @addtogroup cmplx_conj
  60:./Libraries/CMSIS/DSP/Source/ComplexMathFunctions/arm_cmplx_conj_f32.c ****   @{
  61:./Libraries/CMSIS/DSP/Source/ComplexMathFunctions/arm_cmplx_conj_f32.c ****  */
  62:./Libraries/CMSIS/DSP/Source/ComplexMathFunctions/arm_cmplx_conj_f32.c **** 
  63:./Libraries/CMSIS/DSP/Source/ComplexMathFunctions/arm_cmplx_conj_f32.c **** /**
  64:./Libraries/CMSIS/DSP/Source/ComplexMathFunctions/arm_cmplx_conj_f32.c ****   @brief         Floating-point complex conjugate.
  65:./Libraries/CMSIS/DSP/Source/ComplexMathFunctions/arm_cmplx_conj_f32.c ****   @param[in]     pSrc        points to the input vector
  66:./Libraries/CMSIS/DSP/Source/ComplexMathFunctions/arm_cmplx_conj_f32.c ****   @param[out]    pDst        points to the output vector
  67:./Libraries/CMSIS/DSP/Source/ComplexMathFunctions/arm_cmplx_conj_f32.c ****   @param[in]     numSamples  number of samples in each vector
  68:./Libraries/CMSIS/DSP/Source/ComplexMathFunctions/arm_cmplx_conj_f32.c ****   @return        none
  69:./Libraries/CMSIS/DSP/Source/ComplexMathFunctions/arm_cmplx_conj_f32.c ****  */
  70:./Libraries/CMSIS/DSP/Source/ComplexMathFunctions/arm_cmplx_conj_f32.c **** 
  71:./Libraries/CMSIS/DSP/Source/ComplexMathFunctions/arm_cmplx_conj_f32.c **** 
  72:./Libraries/CMSIS/DSP/Source/ComplexMathFunctions/arm_cmplx_conj_f32.c **** void arm_cmplx_conj_f32(
  73:./Libraries/CMSIS/DSP/Source/ComplexMathFunctions/arm_cmplx_conj_f32.c ****   const float32_t * pSrc,
  74:./Libraries/CMSIS/DSP/Source/ComplexMathFunctions/arm_cmplx_conj_f32.c ****         float32_t * pDst,
  75:./Libraries/CMSIS/DSP/Source/ComplexMathFunctions/arm_cmplx_conj_f32.c ****         uint32_t numSamples)
  76:./Libraries/CMSIS/DSP/Source/ComplexMathFunctions/arm_cmplx_conj_f32.c **** {
  28              		.loc 1 76 1
  29              		.cfi_startproc
  30              		@ args = 0, pretend = 0, frame = 24
  31              		@ frame_needed = 1, uses_anonymous_args = 0
  32              		@ link register save eliminated.
  33 0000 80B4     		push	{r7}
  34              	.LCFI0:
  35              		.cfi_def_cfa_offset 4
  36              		.cfi_offset 7, -4
  37 0002 87B0     		sub	sp, sp, #28
  38              	.LCFI1:
  39              		.cfi_def_cfa_offset 32
ARM GAS  /tmp/ccNZsPMB.s 			page 3


  40 0004 00AF     		add	r7, sp, #0
  41              	.LCFI2:
  42              		.cfi_def_cfa_register 7
  43 0006 F860     		str	r0, [r7, #12]
  44 0008 B960     		str	r1, [r7, #8]
  45 000a 7A60     		str	r2, [r7, #4]
  77:./Libraries/CMSIS/DSP/Source/ComplexMathFunctions/arm_cmplx_conj_f32.c ****         uint32_t blkCnt;                               /* Loop counter */
  78:./Libraries/CMSIS/DSP/Source/ComplexMathFunctions/arm_cmplx_conj_f32.c **** 
  79:./Libraries/CMSIS/DSP/Source/ComplexMathFunctions/arm_cmplx_conj_f32.c **** #if defined(ARM_MATH_NEON)
  80:./Libraries/CMSIS/DSP/Source/ComplexMathFunctions/arm_cmplx_conj_f32.c ****    float32x4_t zero;
  81:./Libraries/CMSIS/DSP/Source/ComplexMathFunctions/arm_cmplx_conj_f32.c ****    float32x4x2_t vec;
  82:./Libraries/CMSIS/DSP/Source/ComplexMathFunctions/arm_cmplx_conj_f32.c **** 
  83:./Libraries/CMSIS/DSP/Source/ComplexMathFunctions/arm_cmplx_conj_f32.c ****    zero = vdupq_n_f32(0.0);
  84:./Libraries/CMSIS/DSP/Source/ComplexMathFunctions/arm_cmplx_conj_f32.c **** 
  85:./Libraries/CMSIS/DSP/Source/ComplexMathFunctions/arm_cmplx_conj_f32.c ****    /* Compute 4 outputs at a time */
  86:./Libraries/CMSIS/DSP/Source/ComplexMathFunctions/arm_cmplx_conj_f32.c ****    blkCnt = numSamples >> 2U;
  87:./Libraries/CMSIS/DSP/Source/ComplexMathFunctions/arm_cmplx_conj_f32.c **** 
  88:./Libraries/CMSIS/DSP/Source/ComplexMathFunctions/arm_cmplx_conj_f32.c ****    while (blkCnt > 0U)
  89:./Libraries/CMSIS/DSP/Source/ComplexMathFunctions/arm_cmplx_conj_f32.c ****    {
  90:./Libraries/CMSIS/DSP/Source/ComplexMathFunctions/arm_cmplx_conj_f32.c ****      /* C[0]+jC[1] = A[0]+(-1)*jA[1] */
  91:./Libraries/CMSIS/DSP/Source/ComplexMathFunctions/arm_cmplx_conj_f32.c ****      /* Calculate Complex Conjugate and then store the results in the destination buffer. */
  92:./Libraries/CMSIS/DSP/Source/ComplexMathFunctions/arm_cmplx_conj_f32.c ****      vec = vld2q_f32(pSrc);
  93:./Libraries/CMSIS/DSP/Source/ComplexMathFunctions/arm_cmplx_conj_f32.c ****      vec.val[1] = vsubq_f32(zero,vec.val[1]);
  94:./Libraries/CMSIS/DSP/Source/ComplexMathFunctions/arm_cmplx_conj_f32.c ****      vst2q_f32(pDst,vec);
  95:./Libraries/CMSIS/DSP/Source/ComplexMathFunctions/arm_cmplx_conj_f32.c **** 
  96:./Libraries/CMSIS/DSP/Source/ComplexMathFunctions/arm_cmplx_conj_f32.c ****      /* Increment pointers */
  97:./Libraries/CMSIS/DSP/Source/ComplexMathFunctions/arm_cmplx_conj_f32.c ****      pSrc += 8;
  98:./Libraries/CMSIS/DSP/Source/ComplexMathFunctions/arm_cmplx_conj_f32.c ****      pDst += 8;
  99:./Libraries/CMSIS/DSP/Source/ComplexMathFunctions/arm_cmplx_conj_f32.c ****         
 100:./Libraries/CMSIS/DSP/Source/ComplexMathFunctions/arm_cmplx_conj_f32.c ****      /* Decrement the loop counter */
 101:./Libraries/CMSIS/DSP/Source/ComplexMathFunctions/arm_cmplx_conj_f32.c ****      blkCnt--;
 102:./Libraries/CMSIS/DSP/Source/ComplexMathFunctions/arm_cmplx_conj_f32.c ****    }
 103:./Libraries/CMSIS/DSP/Source/ComplexMathFunctions/arm_cmplx_conj_f32.c **** 
 104:./Libraries/CMSIS/DSP/Source/ComplexMathFunctions/arm_cmplx_conj_f32.c ****    /* Tail */
 105:./Libraries/CMSIS/DSP/Source/ComplexMathFunctions/arm_cmplx_conj_f32.c ****    blkCnt = numSamples & 0x3;
 106:./Libraries/CMSIS/DSP/Source/ComplexMathFunctions/arm_cmplx_conj_f32.c **** 
 107:./Libraries/CMSIS/DSP/Source/ComplexMathFunctions/arm_cmplx_conj_f32.c **** #else
 108:./Libraries/CMSIS/DSP/Source/ComplexMathFunctions/arm_cmplx_conj_f32.c **** #if defined (ARM_MATH_LOOPUNROLL)
 109:./Libraries/CMSIS/DSP/Source/ComplexMathFunctions/arm_cmplx_conj_f32.c **** 
 110:./Libraries/CMSIS/DSP/Source/ComplexMathFunctions/arm_cmplx_conj_f32.c ****   /* Loop unrolling: Compute 4 outputs at a time */
 111:./Libraries/CMSIS/DSP/Source/ComplexMathFunctions/arm_cmplx_conj_f32.c ****   blkCnt = numSamples >> 2U;
 112:./Libraries/CMSIS/DSP/Source/ComplexMathFunctions/arm_cmplx_conj_f32.c **** 
 113:./Libraries/CMSIS/DSP/Source/ComplexMathFunctions/arm_cmplx_conj_f32.c ****   while (blkCnt > 0U)
 114:./Libraries/CMSIS/DSP/Source/ComplexMathFunctions/arm_cmplx_conj_f32.c ****   {
 115:./Libraries/CMSIS/DSP/Source/ComplexMathFunctions/arm_cmplx_conj_f32.c ****     /* C[0] + jC[1] = A[0]+ j(-1)A[1] */
 116:./Libraries/CMSIS/DSP/Source/ComplexMathFunctions/arm_cmplx_conj_f32.c **** 
 117:./Libraries/CMSIS/DSP/Source/ComplexMathFunctions/arm_cmplx_conj_f32.c ****     /* Calculate Complex Conjugate and store result in destination buffer. */
 118:./Libraries/CMSIS/DSP/Source/ComplexMathFunctions/arm_cmplx_conj_f32.c ****     *pDst++ =  *pSrc++;
 119:./Libraries/CMSIS/DSP/Source/ComplexMathFunctions/arm_cmplx_conj_f32.c ****     *pDst++ = -*pSrc++;
 120:./Libraries/CMSIS/DSP/Source/ComplexMathFunctions/arm_cmplx_conj_f32.c **** 
 121:./Libraries/CMSIS/DSP/Source/ComplexMathFunctions/arm_cmplx_conj_f32.c ****     *pDst++ =  *pSrc++;
 122:./Libraries/CMSIS/DSP/Source/ComplexMathFunctions/arm_cmplx_conj_f32.c ****     *pDst++ = -*pSrc++;
 123:./Libraries/CMSIS/DSP/Source/ComplexMathFunctions/arm_cmplx_conj_f32.c **** 
 124:./Libraries/CMSIS/DSP/Source/ComplexMathFunctions/arm_cmplx_conj_f32.c ****     *pDst++ =  *pSrc++;
 125:./Libraries/CMSIS/DSP/Source/ComplexMathFunctions/arm_cmplx_conj_f32.c ****     *pDst++ = -*pSrc++;
 126:./Libraries/CMSIS/DSP/Source/ComplexMathFunctions/arm_cmplx_conj_f32.c **** 
 127:./Libraries/CMSIS/DSP/Source/ComplexMathFunctions/arm_cmplx_conj_f32.c ****     *pDst++ =  *pSrc++;
ARM GAS  /tmp/ccNZsPMB.s 			page 4


 128:./Libraries/CMSIS/DSP/Source/ComplexMathFunctions/arm_cmplx_conj_f32.c ****     *pDst++ = -*pSrc++;
 129:./Libraries/CMSIS/DSP/Source/ComplexMathFunctions/arm_cmplx_conj_f32.c **** 
 130:./Libraries/CMSIS/DSP/Source/ComplexMathFunctions/arm_cmplx_conj_f32.c ****     /* Decrement loop counter */
 131:./Libraries/CMSIS/DSP/Source/ComplexMathFunctions/arm_cmplx_conj_f32.c ****     blkCnt--;
 132:./Libraries/CMSIS/DSP/Source/ComplexMathFunctions/arm_cmplx_conj_f32.c ****   }
 133:./Libraries/CMSIS/DSP/Source/ComplexMathFunctions/arm_cmplx_conj_f32.c **** 
 134:./Libraries/CMSIS/DSP/Source/ComplexMathFunctions/arm_cmplx_conj_f32.c ****   /* Loop unrolling: Compute remaining outputs */
 135:./Libraries/CMSIS/DSP/Source/ComplexMathFunctions/arm_cmplx_conj_f32.c ****   blkCnt = numSamples % 0x4U;
 136:./Libraries/CMSIS/DSP/Source/ComplexMathFunctions/arm_cmplx_conj_f32.c **** 
 137:./Libraries/CMSIS/DSP/Source/ComplexMathFunctions/arm_cmplx_conj_f32.c **** #else
 138:./Libraries/CMSIS/DSP/Source/ComplexMathFunctions/arm_cmplx_conj_f32.c **** 
 139:./Libraries/CMSIS/DSP/Source/ComplexMathFunctions/arm_cmplx_conj_f32.c ****   /* Initialize blkCnt with number of samples */
 140:./Libraries/CMSIS/DSP/Source/ComplexMathFunctions/arm_cmplx_conj_f32.c ****   blkCnt = numSamples;
  46              		.loc 1 140 10
  47 000c 7B68     		ldr	r3, [r7, #4]
  48 000e 7B61     		str	r3, [r7, #20]
 141:./Libraries/CMSIS/DSP/Source/ComplexMathFunctions/arm_cmplx_conj_f32.c **** 
 142:./Libraries/CMSIS/DSP/Source/ComplexMathFunctions/arm_cmplx_conj_f32.c **** #endif /* #if defined (ARM_MATH_LOOPUNROLL) */
 143:./Libraries/CMSIS/DSP/Source/ComplexMathFunctions/arm_cmplx_conj_f32.c **** #endif /* #if defined (ARM_MATH_NEON) */
 144:./Libraries/CMSIS/DSP/Source/ComplexMathFunctions/arm_cmplx_conj_f32.c **** 
 145:./Libraries/CMSIS/DSP/Source/ComplexMathFunctions/arm_cmplx_conj_f32.c ****   while (blkCnt > 0U)
  49              		.loc 1 145 9
  50 0010 16E0     		b	.L2
  51              	.L3:
 146:./Libraries/CMSIS/DSP/Source/ComplexMathFunctions/arm_cmplx_conj_f32.c ****   {
 147:./Libraries/CMSIS/DSP/Source/ComplexMathFunctions/arm_cmplx_conj_f32.c ****     /* C[0] + jC[1] = A[0]+ j(-1)A[1] */
 148:./Libraries/CMSIS/DSP/Source/ComplexMathFunctions/arm_cmplx_conj_f32.c **** 
 149:./Libraries/CMSIS/DSP/Source/ComplexMathFunctions/arm_cmplx_conj_f32.c ****     /* Calculate Complex Conjugate and store result in destination buffer. */
 150:./Libraries/CMSIS/DSP/Source/ComplexMathFunctions/arm_cmplx_conj_f32.c ****     *pDst++ =  *pSrc++;
  52              		.loc 1 150 21
  53 0012 FA68     		ldr	r2, [r7, #12]
  54 0014 131D     		adds	r3, r2, #4
  55 0016 FB60     		str	r3, [r7, #12]
  56              		.loc 1 150 10
  57 0018 BB68     		ldr	r3, [r7, #8]
  58 001a 191D     		adds	r1, r3, #4
  59 001c B960     		str	r1, [r7, #8]
  60              		.loc 1 150 16
  61 001e 1268     		ldr	r2, [r2]	@ float
  62              		.loc 1 150 13
  63 0020 1A60     		str	r2, [r3]	@ float
 151:./Libraries/CMSIS/DSP/Source/ComplexMathFunctions/arm_cmplx_conj_f32.c ****     *pDst++ = -*pSrc++;
  64              		.loc 1 151 21
  65 0022 FB68     		ldr	r3, [r7, #12]
  66 0024 1A1D     		adds	r2, r3, #4
  67 0026 FA60     		str	r2, [r7, #12]
  68              		.loc 1 151 16
  69 0028 D3ED007A 		vldr.32	s15, [r3]
  70              		.loc 1 151 10
  71 002c BB68     		ldr	r3, [r7, #8]
  72 002e 1A1D     		adds	r2, r3, #4
  73 0030 BA60     		str	r2, [r7, #8]
  74              		.loc 1 151 15
  75 0032 F1EE677A 		vneg.f32	s15, s15
  76              		.loc 1 151 13
  77 0036 C3ED007A 		vstr.32	s15, [r3]
 152:./Libraries/CMSIS/DSP/Source/ComplexMathFunctions/arm_cmplx_conj_f32.c **** 
ARM GAS  /tmp/ccNZsPMB.s 			page 5


 153:./Libraries/CMSIS/DSP/Source/ComplexMathFunctions/arm_cmplx_conj_f32.c ****     /* Decrement loop counter */
 154:./Libraries/CMSIS/DSP/Source/ComplexMathFunctions/arm_cmplx_conj_f32.c ****     blkCnt--;
  78              		.loc 1 154 11
  79 003a 7B69     		ldr	r3, [r7, #20]
  80 003c 013B     		subs	r3, r3, #1
  81 003e 7B61     		str	r3, [r7, #20]
  82              	.L2:
 145:./Libraries/CMSIS/DSP/Source/ComplexMathFunctions/arm_cmplx_conj_f32.c ****   {
  83              		.loc 1 145 9
  84 0040 7B69     		ldr	r3, [r7, #20]
  85 0042 002B     		cmp	r3, #0
  86 0044 E5D1     		bne	.L3
 155:./Libraries/CMSIS/DSP/Source/ComplexMathFunctions/arm_cmplx_conj_f32.c ****   }
 156:./Libraries/CMSIS/DSP/Source/ComplexMathFunctions/arm_cmplx_conj_f32.c **** 
 157:./Libraries/CMSIS/DSP/Source/ComplexMathFunctions/arm_cmplx_conj_f32.c **** }
  87              		.loc 1 157 1
  88 0046 00BF     		nop
  89 0048 00BF     		nop
  90 004a 1C37     		adds	r7, r7, #28
  91              	.LCFI3:
  92              		.cfi_def_cfa_offset 4
  93 004c BD46     		mov	sp, r7
  94              	.LCFI4:
  95              		.cfi_def_cfa_register 13
  96              		@ sp needed
  97 004e 5DF8047B 		ldr	r7, [sp], #4
  98              	.LCFI5:
  99              		.cfi_restore 7
 100              		.cfi_def_cfa_offset 0
 101 0052 7047     		bx	lr
 102              		.cfi_endproc
 103              	.LFE145:
 105              		.text
 106              	.Letext0:
 107              		.file 2 "/usr/lib/gcc/arm-none-eabi/9.2.1/include/stdint.h"
 108              		.file 3 "/usr/lib/gcc/arm-none-eabi/9.2.1/include/stddef.h"
 109              		.file 4 "/usr/include/newlib/sys/_types.h"
 110              		.file 5 "/usr/include/newlib/sys/reent.h"
 111              		.file 6 "/usr/include/newlib/sys/lock.h"
 112              		.file 7 "/usr/include/newlib/math.h"
 113              		.file 8 "./Libraries/CMSIS/DSP/Include/arm_math.h"
ARM GAS  /tmp/ccNZsPMB.s 			page 6


DEFINED SYMBOLS
                            *ABS*:0000000000000000 arm_cmplx_conj_f32.c
     /tmp/ccNZsPMB.s:17     .text.arm_cmplx_conj_f32:0000000000000000 $t
     /tmp/ccNZsPMB.s:25     .text.arm_cmplx_conj_f32:0000000000000000 arm_cmplx_conj_f32

NO UNDEFINED SYMBOLS
