ARM GAS  /tmp/cc8SYfIL.s 			page 1


   1              		.cpu cortex-m7
   2              		.eabi_attribute 28, 1
   3              		.eabi_attribute 20, 1
   4              		.eabi_attribute 21, 1
   5              		.eabi_attribute 23, 3
   6              		.eabi_attribute 24, 1
   7              		.eabi_attribute 25, 1
   8              		.eabi_attribute 26, 1
   9              		.eabi_attribute 30, 6
  10              		.eabi_attribute 34, 1
  11              		.eabi_attribute 18, 4
  12              		.file	"arm_rfft_init_q15.c"
  13              		.text
  14              	.Ltext0:
  15              		.cfi_sections	.debug_frame
  16              		.section	.text.arm_rfft_init_q15,"ax",%progbits
  17              		.align	1
  18              		.global	arm_rfft_init_q15
  19              		.arch armv7e-m
  20              		.syntax unified
  21              		.thumb
  22              		.thumb_func
  23              		.fpu fpv5-d16
  25              	arm_rfft_init_q15:
  26              	.LFB145:
  27              		.file 1 "./Libraries/CMSIS/DSP/Source/TransformFunctions/arm_rfft_init_q15.c"
   1:./Libraries/CMSIS/DSP/Source/TransformFunctions/arm_rfft_init_q15.c **** /* ----------------------------------------------------------------------
   2:./Libraries/CMSIS/DSP/Source/TransformFunctions/arm_rfft_init_q15.c ****  * Project:      CMSIS DSP Library
   3:./Libraries/CMSIS/DSP/Source/TransformFunctions/arm_rfft_init_q15.c ****  * Title:        arm_rfft_init_q15.c
   4:./Libraries/CMSIS/DSP/Source/TransformFunctions/arm_rfft_init_q15.c ****  * Description:  RFFT & RIFFT Q15 initialisation function
   5:./Libraries/CMSIS/DSP/Source/TransformFunctions/arm_rfft_init_q15.c ****  *
   6:./Libraries/CMSIS/DSP/Source/TransformFunctions/arm_rfft_init_q15.c ****  * $Date:        18. March 2019
   7:./Libraries/CMSIS/DSP/Source/TransformFunctions/arm_rfft_init_q15.c ****  * $Revision:    V1.6.0
   8:./Libraries/CMSIS/DSP/Source/TransformFunctions/arm_rfft_init_q15.c ****  *
   9:./Libraries/CMSIS/DSP/Source/TransformFunctions/arm_rfft_init_q15.c ****  * Target Processor: Cortex-M cores
  10:./Libraries/CMSIS/DSP/Source/TransformFunctions/arm_rfft_init_q15.c ****  * -------------------------------------------------------------------- */
  11:./Libraries/CMSIS/DSP/Source/TransformFunctions/arm_rfft_init_q15.c **** /*
  12:./Libraries/CMSIS/DSP/Source/TransformFunctions/arm_rfft_init_q15.c ****  * Copyright (C) 2010-2019 ARM Limited or its affiliates. All rights reserved.
  13:./Libraries/CMSIS/DSP/Source/TransformFunctions/arm_rfft_init_q15.c ****  *
  14:./Libraries/CMSIS/DSP/Source/TransformFunctions/arm_rfft_init_q15.c ****  * SPDX-License-Identifier: Apache-2.0
  15:./Libraries/CMSIS/DSP/Source/TransformFunctions/arm_rfft_init_q15.c ****  *
  16:./Libraries/CMSIS/DSP/Source/TransformFunctions/arm_rfft_init_q15.c ****  * Licensed under the Apache License, Version 2.0 (the License); you may
  17:./Libraries/CMSIS/DSP/Source/TransformFunctions/arm_rfft_init_q15.c ****  * not use this file except in compliance with the License.
  18:./Libraries/CMSIS/DSP/Source/TransformFunctions/arm_rfft_init_q15.c ****  * You may obtain a copy of the License at
  19:./Libraries/CMSIS/DSP/Source/TransformFunctions/arm_rfft_init_q15.c ****  *
  20:./Libraries/CMSIS/DSP/Source/TransformFunctions/arm_rfft_init_q15.c ****  * www.apache.org/licenses/LICENSE-2.0
  21:./Libraries/CMSIS/DSP/Source/TransformFunctions/arm_rfft_init_q15.c ****  *
  22:./Libraries/CMSIS/DSP/Source/TransformFunctions/arm_rfft_init_q15.c ****  * Unless required by applicable law or agreed to in writing, software
  23:./Libraries/CMSIS/DSP/Source/TransformFunctions/arm_rfft_init_q15.c ****  * distributed under the License is distributed on an AS IS BASIS, WITHOUT
  24:./Libraries/CMSIS/DSP/Source/TransformFunctions/arm_rfft_init_q15.c ****  * WARRANTIES OR CONDITIONS OF ANY KIND, either express or implied.
  25:./Libraries/CMSIS/DSP/Source/TransformFunctions/arm_rfft_init_q15.c ****  * See the License for the specific language governing permissions and
  26:./Libraries/CMSIS/DSP/Source/TransformFunctions/arm_rfft_init_q15.c ****  * limitations under the License.
  27:./Libraries/CMSIS/DSP/Source/TransformFunctions/arm_rfft_init_q15.c ****  */
  28:./Libraries/CMSIS/DSP/Source/TransformFunctions/arm_rfft_init_q15.c **** 
  29:./Libraries/CMSIS/DSP/Source/TransformFunctions/arm_rfft_init_q15.c **** #include "arm_math.h"
  30:./Libraries/CMSIS/DSP/Source/TransformFunctions/arm_rfft_init_q15.c **** #include "arm_common_tables.h"
  31:./Libraries/CMSIS/DSP/Source/TransformFunctions/arm_rfft_init_q15.c **** #include "arm_const_structs.h"
ARM GAS  /tmp/cc8SYfIL.s 			page 2


  32:./Libraries/CMSIS/DSP/Source/TransformFunctions/arm_rfft_init_q15.c **** 
  33:./Libraries/CMSIS/DSP/Source/TransformFunctions/arm_rfft_init_q15.c **** /**
  34:./Libraries/CMSIS/DSP/Source/TransformFunctions/arm_rfft_init_q15.c ****   @addtogroup RealFFT
  35:./Libraries/CMSIS/DSP/Source/TransformFunctions/arm_rfft_init_q15.c ****   @{
  36:./Libraries/CMSIS/DSP/Source/TransformFunctions/arm_rfft_init_q15.c ****  */
  37:./Libraries/CMSIS/DSP/Source/TransformFunctions/arm_rfft_init_q15.c **** 
  38:./Libraries/CMSIS/DSP/Source/TransformFunctions/arm_rfft_init_q15.c **** /**
  39:./Libraries/CMSIS/DSP/Source/TransformFunctions/arm_rfft_init_q15.c ****   @brief         Initialization function for the Q15 RFFT/RIFFT.
  40:./Libraries/CMSIS/DSP/Source/TransformFunctions/arm_rfft_init_q15.c ****   @param[in,out] S              points to an instance of the Q15 RFFT/RIFFT structure
  41:./Libraries/CMSIS/DSP/Source/TransformFunctions/arm_rfft_init_q15.c ****   @param[in]     fftLenReal     length of the FFT
  42:./Libraries/CMSIS/DSP/Source/TransformFunctions/arm_rfft_init_q15.c ****   @param[in]     ifftFlagR      flag that selects transform direction
  43:./Libraries/CMSIS/DSP/Source/TransformFunctions/arm_rfft_init_q15.c ****                    - value = 0: forward transform
  44:./Libraries/CMSIS/DSP/Source/TransformFunctions/arm_rfft_init_q15.c ****                    - value = 1: inverse transform
  45:./Libraries/CMSIS/DSP/Source/TransformFunctions/arm_rfft_init_q15.c ****   @param[in]     bitReverseFlag flag that enables / disables bit reversal of output
  46:./Libraries/CMSIS/DSP/Source/TransformFunctions/arm_rfft_init_q15.c ****                    - value = 0: disables bit reversal of output
  47:./Libraries/CMSIS/DSP/Source/TransformFunctions/arm_rfft_init_q15.c ****                    - value = 1: enables bit reversal of output
  48:./Libraries/CMSIS/DSP/Source/TransformFunctions/arm_rfft_init_q15.c ****   @return        execution status
  49:./Libraries/CMSIS/DSP/Source/TransformFunctions/arm_rfft_init_q15.c ****                    - \ref ARM_MATH_SUCCESS        : Operation successful
  50:./Libraries/CMSIS/DSP/Source/TransformFunctions/arm_rfft_init_q15.c ****                    - \ref ARM_MATH_ARGUMENT_ERROR : <code>fftLenReal</code> is not a supported leng
  51:./Libraries/CMSIS/DSP/Source/TransformFunctions/arm_rfft_init_q15.c **** 
  52:./Libraries/CMSIS/DSP/Source/TransformFunctions/arm_rfft_init_q15.c ****   @par           Details
  53:./Libraries/CMSIS/DSP/Source/TransformFunctions/arm_rfft_init_q15.c ****                    The parameter <code>fftLenReal</code> specifies length of RFFT/RIFFT Process.
  54:./Libraries/CMSIS/DSP/Source/TransformFunctions/arm_rfft_init_q15.c ****                    Supported FFT Lengths are 32, 64, 128, 256, 512, 1024, 2048, 4096, 8192.
  55:./Libraries/CMSIS/DSP/Source/TransformFunctions/arm_rfft_init_q15.c ****   @par
  56:./Libraries/CMSIS/DSP/Source/TransformFunctions/arm_rfft_init_q15.c ****                    The parameter <code>ifftFlagR</code> controls whether a forward or inverse trans
  57:./Libraries/CMSIS/DSP/Source/TransformFunctions/arm_rfft_init_q15.c ****                    Set(=1) ifftFlagR to calculate RIFFT, otherwise RFFT is calculated.
  58:./Libraries/CMSIS/DSP/Source/TransformFunctions/arm_rfft_init_q15.c ****   @par
  59:./Libraries/CMSIS/DSP/Source/TransformFunctions/arm_rfft_init_q15.c ****                    The parameter <code>bitReverseFlag</code> controls whether output is in normal o
  60:./Libraries/CMSIS/DSP/Source/TransformFunctions/arm_rfft_init_q15.c ****                    Set(=1) bitReverseFlag for output to be in normal order otherwise output is in b
  61:./Libraries/CMSIS/DSP/Source/TransformFunctions/arm_rfft_init_q15.c ****   @par
  62:./Libraries/CMSIS/DSP/Source/TransformFunctions/arm_rfft_init_q15.c ****                    This function also initializes Twiddle factor table.
  63:./Libraries/CMSIS/DSP/Source/TransformFunctions/arm_rfft_init_q15.c ****  */
  64:./Libraries/CMSIS/DSP/Source/TransformFunctions/arm_rfft_init_q15.c **** 
  65:./Libraries/CMSIS/DSP/Source/TransformFunctions/arm_rfft_init_q15.c **** arm_status arm_rfft_init_q15(
  66:./Libraries/CMSIS/DSP/Source/TransformFunctions/arm_rfft_init_q15.c ****     arm_rfft_instance_q15 * S,
  67:./Libraries/CMSIS/DSP/Source/TransformFunctions/arm_rfft_init_q15.c ****     uint32_t fftLenReal,
  68:./Libraries/CMSIS/DSP/Source/TransformFunctions/arm_rfft_init_q15.c ****     uint32_t ifftFlagR,
  69:./Libraries/CMSIS/DSP/Source/TransformFunctions/arm_rfft_init_q15.c ****     uint32_t bitReverseFlag)
  70:./Libraries/CMSIS/DSP/Source/TransformFunctions/arm_rfft_init_q15.c **** {
  28              		.loc 1 70 1
  29              		.cfi_startproc
  30              		@ args = 0, pretend = 0, frame = 24
  31              		@ frame_needed = 1, uses_anonymous_args = 0
  32              		@ link register save eliminated.
  33 0000 80B4     		push	{r7}
  34              	.LCFI0:
  35              		.cfi_def_cfa_offset 4
  36              		.cfi_offset 7, -4
  37 0002 87B0     		sub	sp, sp, #28
  38              	.LCFI1:
  39              		.cfi_def_cfa_offset 32
  40 0004 00AF     		add	r7, sp, #0
  41              	.LCFI2:
  42              		.cfi_def_cfa_register 7
  43 0006 F860     		str	r0, [r7, #12]
  44 0008 B960     		str	r1, [r7, #8]
  45 000a 7A60     		str	r2, [r7, #4]
ARM GAS  /tmp/cc8SYfIL.s 			page 3


  46 000c 3B60     		str	r3, [r7]
  71:./Libraries/CMSIS/DSP/Source/TransformFunctions/arm_rfft_init_q15.c ****     /*  Initialise the default arm status */
  72:./Libraries/CMSIS/DSP/Source/TransformFunctions/arm_rfft_init_q15.c ****     arm_status status = ARM_MATH_SUCCESS;
  47              		.loc 1 72 16
  48 000e 0023     		movs	r3, #0
  49 0010 FB75     		strb	r3, [r7, #23]
  73:./Libraries/CMSIS/DSP/Source/TransformFunctions/arm_rfft_init_q15.c **** 
  74:./Libraries/CMSIS/DSP/Source/TransformFunctions/arm_rfft_init_q15.c ****     /*  Initialize the Real FFT length */
  75:./Libraries/CMSIS/DSP/Source/TransformFunctions/arm_rfft_init_q15.c ****     S->fftLenReal = (uint16_t) fftLenReal;
  50              		.loc 1 75 21
  51 0012 BB68     		ldr	r3, [r7, #8]
  52 0014 9BB2     		uxth	r3, r3
  53 0016 1A46     		mov	r2, r3
  54              		.loc 1 75 19
  55 0018 FB68     		ldr	r3, [r7, #12]
  56 001a 1A60     		str	r2, [r3]
  76:./Libraries/CMSIS/DSP/Source/TransformFunctions/arm_rfft_init_q15.c **** 
  77:./Libraries/CMSIS/DSP/Source/TransformFunctions/arm_rfft_init_q15.c ****     /*  Initialize the Twiddle coefficientA pointer */
  78:./Libraries/CMSIS/DSP/Source/TransformFunctions/arm_rfft_init_q15.c ****     S->pTwiddleAReal = (q15_t *) realCoefAQ15;
  57              		.loc 1 78 22
  58 001c FB68     		ldr	r3, [r7, #12]
  59 001e 434A     		ldr	r2, .L14
  60 0020 DA60     		str	r2, [r3, #12]
  79:./Libraries/CMSIS/DSP/Source/TransformFunctions/arm_rfft_init_q15.c **** 
  80:./Libraries/CMSIS/DSP/Source/TransformFunctions/arm_rfft_init_q15.c ****     /*  Initialize the Twiddle coefficientB pointer */
  81:./Libraries/CMSIS/DSP/Source/TransformFunctions/arm_rfft_init_q15.c ****     S->pTwiddleBReal = (q15_t *) realCoefBQ15;
  61              		.loc 1 81 22
  62 0022 FB68     		ldr	r3, [r7, #12]
  63 0024 424A     		ldr	r2, .L14+4
  64 0026 1A61     		str	r2, [r3, #16]
  82:./Libraries/CMSIS/DSP/Source/TransformFunctions/arm_rfft_init_q15.c **** 
  83:./Libraries/CMSIS/DSP/Source/TransformFunctions/arm_rfft_init_q15.c ****     /*  Initialize the Flag for selection of RFFT or RIFFT */
  84:./Libraries/CMSIS/DSP/Source/TransformFunctions/arm_rfft_init_q15.c ****     S->ifftFlagR = (uint8_t) ifftFlagR;
  65              		.loc 1 84 20
  66 0028 7B68     		ldr	r3, [r7, #4]
  67 002a DAB2     		uxtb	r2, r3
  68              		.loc 1 84 18
  69 002c FB68     		ldr	r3, [r7, #12]
  70 002e 1A71     		strb	r2, [r3, #4]
  85:./Libraries/CMSIS/DSP/Source/TransformFunctions/arm_rfft_init_q15.c **** 
  86:./Libraries/CMSIS/DSP/Source/TransformFunctions/arm_rfft_init_q15.c ****     /*  Initialize the Flag for calculation Bit reversal or not */
  87:./Libraries/CMSIS/DSP/Source/TransformFunctions/arm_rfft_init_q15.c ****     S->bitReverseFlagR = (uint8_t) bitReverseFlag;
  71              		.loc 1 87 26
  72 0030 3B68     		ldr	r3, [r7]
  73 0032 DAB2     		uxtb	r2, r3
  74              		.loc 1 87 24
  75 0034 FB68     		ldr	r3, [r7, #12]
  76 0036 5A71     		strb	r2, [r3, #5]
  88:./Libraries/CMSIS/DSP/Source/TransformFunctions/arm_rfft_init_q15.c **** 
  89:./Libraries/CMSIS/DSP/Source/TransformFunctions/arm_rfft_init_q15.c ****     /*  Initialization of coef modifier depending on the FFT length */
  90:./Libraries/CMSIS/DSP/Source/TransformFunctions/arm_rfft_init_q15.c ****     switch (S->fftLenReal)
  77              		.loc 1 90 14
  78 0038 FB68     		ldr	r3, [r7, #12]
  79 003a 1B68     		ldr	r3, [r3]
  80              		.loc 1 90 5
  81 003c B3F5005F 		cmp	r3, #8192
  82 0040 29D0     		beq	.L2
ARM GAS  /tmp/cc8SYfIL.s 			page 4


  83 0042 B3F5005F 		cmp	r3, #8192
  84 0046 66D8     		bhi	.L3
  85 0048 B3F5805F 		cmp	r3, #4096
  86 004c 2AD0     		beq	.L4
  87 004e B3F5805F 		cmp	r3, #4096
  88 0052 60D8     		bhi	.L3
  89 0054 B3F5006F 		cmp	r3, #2048
  90 0058 2BD0     		beq	.L5
  91 005a B3F5006F 		cmp	r3, #2048
  92 005e 5AD8     		bhi	.L3
  93 0060 B3F5806F 		cmp	r3, #1024
  94 0064 2CD0     		beq	.L6
  95 0066 B3F5806F 		cmp	r3, #1024
  96 006a 54D8     		bhi	.L3
  97 006c B3F5007F 		cmp	r3, #512
  98 0070 2DD0     		beq	.L7
  99 0072 B3F5007F 		cmp	r3, #512
 100 0076 4ED8     		bhi	.L3
 101 0078 B3F5807F 		cmp	r3, #256
 102 007c 2ED0     		beq	.L8
 103 007e B3F5807F 		cmp	r3, #256
 104 0082 48D8     		bhi	.L3
 105 0084 802B     		cmp	r3, #128
 106 0086 30D0     		beq	.L9
 107 0088 802B     		cmp	r3, #128
 108 008a 44D8     		bhi	.L3
 109 008c 202B     		cmp	r3, #32
 110 008e 3AD0     		beq	.L10
 111 0090 402B     		cmp	r3, #64
 112 0092 31D0     		beq	.L11
 113 0094 3FE0     		b	.L3
 114              	.L2:
  91:./Libraries/CMSIS/DSP/Source/TransformFunctions/arm_rfft_init_q15.c ****     {
  92:./Libraries/CMSIS/DSP/Source/TransformFunctions/arm_rfft_init_q15.c **** #if !defined(ARM_DSP_CONFIG_TABLES) || defined(ARM_ALL_FFT_TABLES) || (defined(ARM_TABLE_TWIDDLECOE
  93:./Libraries/CMSIS/DSP/Source/TransformFunctions/arm_rfft_init_q15.c ****     case 8192U:
  94:./Libraries/CMSIS/DSP/Source/TransformFunctions/arm_rfft_init_q15.c ****         S->twidCoefRModifier = 1U;
 115              		.loc 1 94 30
 116 0096 FB68     		ldr	r3, [r7, #12]
 117 0098 0122     		movs	r2, #1
 118 009a 9A60     		str	r2, [r3, #8]
  95:./Libraries/CMSIS/DSP/Source/TransformFunctions/arm_rfft_init_q15.c ****         S->pCfft = &arm_cfft_sR_q15_len4096;
 119              		.loc 1 95 18
 120 009c FB68     		ldr	r3, [r7, #12]
 121 009e 254A     		ldr	r2, .L14+8
 122 00a0 5A61     		str	r2, [r3, #20]
  96:./Libraries/CMSIS/DSP/Source/TransformFunctions/arm_rfft_init_q15.c ****         break;
 123              		.loc 1 96 9
 124 00a2 3BE0     		b	.L12
 125              	.L4:
  97:./Libraries/CMSIS/DSP/Source/TransformFunctions/arm_rfft_init_q15.c **** #endif
  98:./Libraries/CMSIS/DSP/Source/TransformFunctions/arm_rfft_init_q15.c **** #if !defined(ARM_DSP_CONFIG_TABLES) || defined(ARM_ALL_FFT_TABLES) || (defined(ARM_TABLE_TWIDDLECOE
  99:./Libraries/CMSIS/DSP/Source/TransformFunctions/arm_rfft_init_q15.c ****     case 4096U:
 100:./Libraries/CMSIS/DSP/Source/TransformFunctions/arm_rfft_init_q15.c ****         S->twidCoefRModifier = 2U;
 126              		.loc 1 100 30
 127 00a4 FB68     		ldr	r3, [r7, #12]
 128 00a6 0222     		movs	r2, #2
 129 00a8 9A60     		str	r2, [r3, #8]
ARM GAS  /tmp/cc8SYfIL.s 			page 5


 101:./Libraries/CMSIS/DSP/Source/TransformFunctions/arm_rfft_init_q15.c ****         S->pCfft = &arm_cfft_sR_q15_len2048;
 130              		.loc 1 101 18
 131 00aa FB68     		ldr	r3, [r7, #12]
 132 00ac 224A     		ldr	r2, .L14+12
 133 00ae 5A61     		str	r2, [r3, #20]
 102:./Libraries/CMSIS/DSP/Source/TransformFunctions/arm_rfft_init_q15.c ****         break;
 134              		.loc 1 102 9
 135 00b0 34E0     		b	.L12
 136              	.L5:
 103:./Libraries/CMSIS/DSP/Source/TransformFunctions/arm_rfft_init_q15.c **** #endif
 104:./Libraries/CMSIS/DSP/Source/TransformFunctions/arm_rfft_init_q15.c **** #if !defined(ARM_DSP_CONFIG_TABLES) || defined(ARM_ALL_FFT_TABLES) || (defined(ARM_TABLE_TWIDDLECOE
 105:./Libraries/CMSIS/DSP/Source/TransformFunctions/arm_rfft_init_q15.c ****     case 2048U:
 106:./Libraries/CMSIS/DSP/Source/TransformFunctions/arm_rfft_init_q15.c ****         S->twidCoefRModifier = 4U;
 137              		.loc 1 106 30
 138 00b2 FB68     		ldr	r3, [r7, #12]
 139 00b4 0422     		movs	r2, #4
 140 00b6 9A60     		str	r2, [r3, #8]
 107:./Libraries/CMSIS/DSP/Source/TransformFunctions/arm_rfft_init_q15.c ****         S->pCfft = &arm_cfft_sR_q15_len1024;
 141              		.loc 1 107 18
 142 00b8 FB68     		ldr	r3, [r7, #12]
 143 00ba 204A     		ldr	r2, .L14+16
 144 00bc 5A61     		str	r2, [r3, #20]
 108:./Libraries/CMSIS/DSP/Source/TransformFunctions/arm_rfft_init_q15.c ****         break;
 145              		.loc 1 108 9
 146 00be 2DE0     		b	.L12
 147              	.L6:
 109:./Libraries/CMSIS/DSP/Source/TransformFunctions/arm_rfft_init_q15.c **** #endif 
 110:./Libraries/CMSIS/DSP/Source/TransformFunctions/arm_rfft_init_q15.c **** #if !defined(ARM_DSP_CONFIG_TABLES) || defined(ARM_ALL_FFT_TABLES) || (defined(ARM_TABLE_TWIDDLECOE
 111:./Libraries/CMSIS/DSP/Source/TransformFunctions/arm_rfft_init_q15.c ****     case 1024U:
 112:./Libraries/CMSIS/DSP/Source/TransformFunctions/arm_rfft_init_q15.c ****         S->twidCoefRModifier = 8U;
 148              		.loc 1 112 30
 149 00c0 FB68     		ldr	r3, [r7, #12]
 150 00c2 0822     		movs	r2, #8
 151 00c4 9A60     		str	r2, [r3, #8]
 113:./Libraries/CMSIS/DSP/Source/TransformFunctions/arm_rfft_init_q15.c ****         S->pCfft = &arm_cfft_sR_q15_len512;
 152              		.loc 1 113 18
 153 00c6 FB68     		ldr	r3, [r7, #12]
 154 00c8 1D4A     		ldr	r2, .L14+20
 155 00ca 5A61     		str	r2, [r3, #20]
 114:./Libraries/CMSIS/DSP/Source/TransformFunctions/arm_rfft_init_q15.c ****         break;
 156              		.loc 1 114 9
 157 00cc 26E0     		b	.L12
 158              	.L7:
 115:./Libraries/CMSIS/DSP/Source/TransformFunctions/arm_rfft_init_q15.c **** #endif 
 116:./Libraries/CMSIS/DSP/Source/TransformFunctions/arm_rfft_init_q15.c **** #if !defined(ARM_DSP_CONFIG_TABLES) || defined(ARM_ALL_FFT_TABLES) || (defined(ARM_TABLE_TWIDDLECOE
 117:./Libraries/CMSIS/DSP/Source/TransformFunctions/arm_rfft_init_q15.c ****     case 512U:
 118:./Libraries/CMSIS/DSP/Source/TransformFunctions/arm_rfft_init_q15.c ****         S->twidCoefRModifier = 16U;
 159              		.loc 1 118 30
 160 00ce FB68     		ldr	r3, [r7, #12]
 161 00d0 1022     		movs	r2, #16
 162 00d2 9A60     		str	r2, [r3, #8]
 119:./Libraries/CMSIS/DSP/Source/TransformFunctions/arm_rfft_init_q15.c ****         S->pCfft = &arm_cfft_sR_q15_len256;
 163              		.loc 1 119 18
 164 00d4 FB68     		ldr	r3, [r7, #12]
 165 00d6 1B4A     		ldr	r2, .L14+24
 166 00d8 5A61     		str	r2, [r3, #20]
 120:./Libraries/CMSIS/DSP/Source/TransformFunctions/arm_rfft_init_q15.c ****         break;
ARM GAS  /tmp/cc8SYfIL.s 			page 6


 167              		.loc 1 120 9
 168 00da 1FE0     		b	.L12
 169              	.L8:
 121:./Libraries/CMSIS/DSP/Source/TransformFunctions/arm_rfft_init_q15.c **** #endif
 122:./Libraries/CMSIS/DSP/Source/TransformFunctions/arm_rfft_init_q15.c **** #if !defined(ARM_DSP_CONFIG_TABLES) || defined(ARM_ALL_FFT_TABLES) || (defined(ARM_TABLE_TWIDDLECOE
 123:./Libraries/CMSIS/DSP/Source/TransformFunctions/arm_rfft_init_q15.c ****     case 256U:
 124:./Libraries/CMSIS/DSP/Source/TransformFunctions/arm_rfft_init_q15.c ****         S->twidCoefRModifier = 32U;
 170              		.loc 1 124 30
 171 00dc FB68     		ldr	r3, [r7, #12]
 172 00de 2022     		movs	r2, #32
 173 00e0 9A60     		str	r2, [r3, #8]
 125:./Libraries/CMSIS/DSP/Source/TransformFunctions/arm_rfft_init_q15.c ****         S->pCfft = &arm_cfft_sR_q15_len128;
 174              		.loc 1 125 18
 175 00e2 FB68     		ldr	r3, [r7, #12]
 176 00e4 184A     		ldr	r2, .L14+28
 177 00e6 5A61     		str	r2, [r3, #20]
 126:./Libraries/CMSIS/DSP/Source/TransformFunctions/arm_rfft_init_q15.c ****         break;
 178              		.loc 1 126 9
 179 00e8 18E0     		b	.L12
 180              	.L9:
 127:./Libraries/CMSIS/DSP/Source/TransformFunctions/arm_rfft_init_q15.c **** #endif
 128:./Libraries/CMSIS/DSP/Source/TransformFunctions/arm_rfft_init_q15.c **** #if !defined(ARM_DSP_CONFIG_TABLES) || defined(ARM_ALL_FFT_TABLES) || (defined(ARM_TABLE_TWIDDLECOE
 129:./Libraries/CMSIS/DSP/Source/TransformFunctions/arm_rfft_init_q15.c ****     case 128U:
 130:./Libraries/CMSIS/DSP/Source/TransformFunctions/arm_rfft_init_q15.c ****         S->twidCoefRModifier = 64U;
 181              		.loc 1 130 30
 182 00ea FB68     		ldr	r3, [r7, #12]
 183 00ec 4022     		movs	r2, #64
 184 00ee 9A60     		str	r2, [r3, #8]
 131:./Libraries/CMSIS/DSP/Source/TransformFunctions/arm_rfft_init_q15.c ****         S->pCfft = &arm_cfft_sR_q15_len64;
 185              		.loc 1 131 18
 186 00f0 FB68     		ldr	r3, [r7, #12]
 187 00f2 164A     		ldr	r2, .L14+32
 188 00f4 5A61     		str	r2, [r3, #20]
 132:./Libraries/CMSIS/DSP/Source/TransformFunctions/arm_rfft_init_q15.c ****         break;
 189              		.loc 1 132 9
 190 00f6 11E0     		b	.L12
 191              	.L11:
 133:./Libraries/CMSIS/DSP/Source/TransformFunctions/arm_rfft_init_q15.c **** #endif 
 134:./Libraries/CMSIS/DSP/Source/TransformFunctions/arm_rfft_init_q15.c **** #if !defined(ARM_DSP_CONFIG_TABLES) || defined(ARM_ALL_FFT_TABLES) || (defined(ARM_TABLE_TWIDDLECOE
 135:./Libraries/CMSIS/DSP/Source/TransformFunctions/arm_rfft_init_q15.c ****     case 64U:
 136:./Libraries/CMSIS/DSP/Source/TransformFunctions/arm_rfft_init_q15.c ****         S->twidCoefRModifier = 128U;
 192              		.loc 1 136 30
 193 00f8 FB68     		ldr	r3, [r7, #12]
 194 00fa 8022     		movs	r2, #128
 195 00fc 9A60     		str	r2, [r3, #8]
 137:./Libraries/CMSIS/DSP/Source/TransformFunctions/arm_rfft_init_q15.c ****         S->pCfft = &arm_cfft_sR_q15_len32;
 196              		.loc 1 137 18
 197 00fe FB68     		ldr	r3, [r7, #12]
 198 0100 134A     		ldr	r2, .L14+36
 199 0102 5A61     		str	r2, [r3, #20]
 138:./Libraries/CMSIS/DSP/Source/TransformFunctions/arm_rfft_init_q15.c ****         break;
 200              		.loc 1 138 9
 201 0104 0AE0     		b	.L12
 202              	.L10:
 139:./Libraries/CMSIS/DSP/Source/TransformFunctions/arm_rfft_init_q15.c **** #endif 
 140:./Libraries/CMSIS/DSP/Source/TransformFunctions/arm_rfft_init_q15.c **** #if !defined(ARM_DSP_CONFIG_TABLES) || defined(ARM_ALL_FFT_TABLES) || (defined(ARM_TABLE_TWIDDLECOE
 141:./Libraries/CMSIS/DSP/Source/TransformFunctions/arm_rfft_init_q15.c ****     case 32U:
ARM GAS  /tmp/cc8SYfIL.s 			page 7


 142:./Libraries/CMSIS/DSP/Source/TransformFunctions/arm_rfft_init_q15.c ****         S->twidCoefRModifier = 256U;
 203              		.loc 1 142 30
 204 0106 FB68     		ldr	r3, [r7, #12]
 205 0108 4FF48072 		mov	r2, #256
 206 010c 9A60     		str	r2, [r3, #8]
 143:./Libraries/CMSIS/DSP/Source/TransformFunctions/arm_rfft_init_q15.c ****         S->pCfft = &arm_cfft_sR_q15_len16;
 207              		.loc 1 143 18
 208 010e FB68     		ldr	r3, [r7, #12]
 209 0110 104A     		ldr	r2, .L14+40
 210 0112 5A61     		str	r2, [r3, #20]
 144:./Libraries/CMSIS/DSP/Source/TransformFunctions/arm_rfft_init_q15.c ****         break;
 211              		.loc 1 144 9
 212 0114 02E0     		b	.L12
 213              	.L3:
 145:./Libraries/CMSIS/DSP/Source/TransformFunctions/arm_rfft_init_q15.c **** #endif
 146:./Libraries/CMSIS/DSP/Source/TransformFunctions/arm_rfft_init_q15.c ****     default:
 147:./Libraries/CMSIS/DSP/Source/TransformFunctions/arm_rfft_init_q15.c ****         /*  Reporting argument error if rfftSize is not valid value */
 148:./Libraries/CMSIS/DSP/Source/TransformFunctions/arm_rfft_init_q15.c ****         status = ARM_MATH_ARGUMENT_ERROR;
 214              		.loc 1 148 16
 215 0116 FF23     		movs	r3, #255
 216 0118 FB75     		strb	r3, [r7, #23]
 149:./Libraries/CMSIS/DSP/Source/TransformFunctions/arm_rfft_init_q15.c ****         break;
 217              		.loc 1 149 9
 218 011a 00BF     		nop
 219              	.L12:
 150:./Libraries/CMSIS/DSP/Source/TransformFunctions/arm_rfft_init_q15.c ****     }
 151:./Libraries/CMSIS/DSP/Source/TransformFunctions/arm_rfft_init_q15.c **** 
 152:./Libraries/CMSIS/DSP/Source/TransformFunctions/arm_rfft_init_q15.c ****     /* return the status of RFFT Init function */
 153:./Libraries/CMSIS/DSP/Source/TransformFunctions/arm_rfft_init_q15.c ****     return (status);
 220              		.loc 1 153 12
 221 011c 97F91730 		ldrsb	r3, [r7, #23]
 154:./Libraries/CMSIS/DSP/Source/TransformFunctions/arm_rfft_init_q15.c **** }
 222              		.loc 1 154 1
 223 0120 1846     		mov	r0, r3
 224 0122 1C37     		adds	r7, r7, #28
 225              	.LCFI3:
 226              		.cfi_def_cfa_offset 4
 227 0124 BD46     		mov	sp, r7
 228              	.LCFI4:
 229              		.cfi_def_cfa_register 13
 230              		@ sp needed
 231 0126 5DF8047B 		ldr	r7, [sp], #4
 232              	.LCFI5:
 233              		.cfi_restore 7
 234              		.cfi_def_cfa_offset 0
 235 012a 7047     		bx	lr
 236              	.L15:
 237              		.align	2
 238              	.L14:
 239 012c 00000000 		.word	realCoefAQ15
 240 0130 00000000 		.word	realCoefBQ15
 241 0134 00000000 		.word	arm_cfft_sR_q15_len4096
 242 0138 00000000 		.word	arm_cfft_sR_q15_len2048
 243 013c 00000000 		.word	arm_cfft_sR_q15_len1024
 244 0140 00000000 		.word	arm_cfft_sR_q15_len512
 245 0144 00000000 		.word	arm_cfft_sR_q15_len256
 246 0148 00000000 		.word	arm_cfft_sR_q15_len128
ARM GAS  /tmp/cc8SYfIL.s 			page 8


 247 014c 00000000 		.word	arm_cfft_sR_q15_len64
 248 0150 00000000 		.word	arm_cfft_sR_q15_len32
 249 0154 00000000 		.word	arm_cfft_sR_q15_len16
 250              		.cfi_endproc
 251              	.LFE145:
 253              		.text
 254              	.Letext0:
 255              		.file 2 "/usr/lib/gcc/arm-none-eabi/9.2.1/include/stdint.h"
 256              		.file 3 "/usr/lib/gcc/arm-none-eabi/9.2.1/include/stddef.h"
 257              		.file 4 "/usr/include/newlib/sys/_types.h"
 258              		.file 5 "/usr/include/newlib/sys/reent.h"
 259              		.file 6 "/usr/include/newlib/sys/lock.h"
 260              		.file 7 "/usr/include/newlib/math.h"
 261              		.file 8 "./Libraries/CMSIS/DSP/Include/arm_math.h"
 262              		.file 9 "./Libraries/CMSIS/DSP/Include/arm_common_tables.h"
 263              		.file 10 "./Libraries/CMSIS/DSP/Include/arm_const_structs.h"
ARM GAS  /tmp/cc8SYfIL.s 			page 9


DEFINED SYMBOLS
                            *ABS*:0000000000000000 arm_rfft_init_q15.c
     /tmp/cc8SYfIL.s:17     .text.arm_rfft_init_q15:0000000000000000 $t
     /tmp/cc8SYfIL.s:25     .text.arm_rfft_init_q15:0000000000000000 arm_rfft_init_q15
     /tmp/cc8SYfIL.s:239    .text.arm_rfft_init_q15:000000000000012c $d

UNDEFINED SYMBOLS
realCoefAQ15
realCoefBQ15
arm_cfft_sR_q15_len4096
arm_cfft_sR_q15_len2048
arm_cfft_sR_q15_len1024
arm_cfft_sR_q15_len512
arm_cfft_sR_q15_len256
arm_cfft_sR_q15_len128
arm_cfft_sR_q15_len64
arm_cfft_sR_q15_len32
arm_cfft_sR_q15_len16
