ARM GAS  /tmp/ccWDolPH.s 			page 1


   1              		.cpu cortex-m7
   2              		.eabi_attribute 28, 1
   3              		.eabi_attribute 20, 1
   4              		.eabi_attribute 21, 1
   5              		.eabi_attribute 23, 3
   6              		.eabi_attribute 24, 1
   7              		.eabi_attribute 25, 1
   8              		.eabi_attribute 26, 1
   9              		.eabi_attribute 30, 6
  10              		.eabi_attribute 34, 1
  11              		.eabi_attribute 18, 4
  12              		.file	"arm_add_q7.c"
  13              		.text
  14              	.Ltext0:
  15              		.cfi_sections	.debug_frame
  16              		.section	.text.arm_add_q7,"ax",%progbits
  17              		.align	1
  18              		.global	arm_add_q7
  19              		.arch armv7e-m
  20              		.syntax unified
  21              		.thumb
  22              		.thumb_func
  23              		.fpu fpv5-d16
  25              	arm_add_q7:
  26              	.LFB145:
  27              		.file 1 "./Libraries/CMSIS/DSP/Source/BasicMathFunctions/arm_add_q7.c"
   1:./Libraries/CMSIS/DSP/Source/BasicMathFunctions/arm_add_q7.c **** /* ----------------------------------------------------------------------
   2:./Libraries/CMSIS/DSP/Source/BasicMathFunctions/arm_add_q7.c ****  * Project:      CMSIS DSP Library
   3:./Libraries/CMSIS/DSP/Source/BasicMathFunctions/arm_add_q7.c ****  * Title:        arm_add_q7.c
   4:./Libraries/CMSIS/DSP/Source/BasicMathFunctions/arm_add_q7.c ****  * Description:  Q7 vector addition
   5:./Libraries/CMSIS/DSP/Source/BasicMathFunctions/arm_add_q7.c ****  *
   6:./Libraries/CMSIS/DSP/Source/BasicMathFunctions/arm_add_q7.c ****  * $Date:        18. March 2019
   7:./Libraries/CMSIS/DSP/Source/BasicMathFunctions/arm_add_q7.c ****  * $Revision:    V1.6.0
   8:./Libraries/CMSIS/DSP/Source/BasicMathFunctions/arm_add_q7.c ****  *
   9:./Libraries/CMSIS/DSP/Source/BasicMathFunctions/arm_add_q7.c ****  * Target Processor: Cortex-M cores
  10:./Libraries/CMSIS/DSP/Source/BasicMathFunctions/arm_add_q7.c ****  * -------------------------------------------------------------------- */
  11:./Libraries/CMSIS/DSP/Source/BasicMathFunctions/arm_add_q7.c **** /*
  12:./Libraries/CMSIS/DSP/Source/BasicMathFunctions/arm_add_q7.c ****  * Copyright (C) 2010-2019 ARM Limited or its affiliates. All rights reserved.
  13:./Libraries/CMSIS/DSP/Source/BasicMathFunctions/arm_add_q7.c ****  *
  14:./Libraries/CMSIS/DSP/Source/BasicMathFunctions/arm_add_q7.c ****  * SPDX-License-Identifier: Apache-2.0
  15:./Libraries/CMSIS/DSP/Source/BasicMathFunctions/arm_add_q7.c ****  *
  16:./Libraries/CMSIS/DSP/Source/BasicMathFunctions/arm_add_q7.c ****  * Licensed under the Apache License, Version 2.0 (the License); you may
  17:./Libraries/CMSIS/DSP/Source/BasicMathFunctions/arm_add_q7.c ****  * not use this file except in compliance with the License.
  18:./Libraries/CMSIS/DSP/Source/BasicMathFunctions/arm_add_q7.c ****  * You may obtain a copy of the License at
  19:./Libraries/CMSIS/DSP/Source/BasicMathFunctions/arm_add_q7.c ****  *
  20:./Libraries/CMSIS/DSP/Source/BasicMathFunctions/arm_add_q7.c ****  * www.apache.org/licenses/LICENSE-2.0
  21:./Libraries/CMSIS/DSP/Source/BasicMathFunctions/arm_add_q7.c ****  *
  22:./Libraries/CMSIS/DSP/Source/BasicMathFunctions/arm_add_q7.c ****  * Unless required by applicable law or agreed to in writing, software
  23:./Libraries/CMSIS/DSP/Source/BasicMathFunctions/arm_add_q7.c ****  * distributed under the License is distributed on an AS IS BASIS, WITHOUT
  24:./Libraries/CMSIS/DSP/Source/BasicMathFunctions/arm_add_q7.c ****  * WARRANTIES OR CONDITIONS OF ANY KIND, either express or implied.
  25:./Libraries/CMSIS/DSP/Source/BasicMathFunctions/arm_add_q7.c ****  * See the License for the specific language governing permissions and
  26:./Libraries/CMSIS/DSP/Source/BasicMathFunctions/arm_add_q7.c ****  * limitations under the License.
  27:./Libraries/CMSIS/DSP/Source/BasicMathFunctions/arm_add_q7.c ****  */
  28:./Libraries/CMSIS/DSP/Source/BasicMathFunctions/arm_add_q7.c **** 
  29:./Libraries/CMSIS/DSP/Source/BasicMathFunctions/arm_add_q7.c **** #include "arm_math.h"
  30:./Libraries/CMSIS/DSP/Source/BasicMathFunctions/arm_add_q7.c **** 
  31:./Libraries/CMSIS/DSP/Source/BasicMathFunctions/arm_add_q7.c **** /**
ARM GAS  /tmp/ccWDolPH.s 			page 2


  32:./Libraries/CMSIS/DSP/Source/BasicMathFunctions/arm_add_q7.c ****   @ingroup groupMath
  33:./Libraries/CMSIS/DSP/Source/BasicMathFunctions/arm_add_q7.c ****  */
  34:./Libraries/CMSIS/DSP/Source/BasicMathFunctions/arm_add_q7.c **** 
  35:./Libraries/CMSIS/DSP/Source/BasicMathFunctions/arm_add_q7.c **** /**
  36:./Libraries/CMSIS/DSP/Source/BasicMathFunctions/arm_add_q7.c ****   @addtogroup BasicAdd
  37:./Libraries/CMSIS/DSP/Source/BasicMathFunctions/arm_add_q7.c ****   @{
  38:./Libraries/CMSIS/DSP/Source/BasicMathFunctions/arm_add_q7.c ****  */
  39:./Libraries/CMSIS/DSP/Source/BasicMathFunctions/arm_add_q7.c **** 
  40:./Libraries/CMSIS/DSP/Source/BasicMathFunctions/arm_add_q7.c **** /**
  41:./Libraries/CMSIS/DSP/Source/BasicMathFunctions/arm_add_q7.c ****   @brief         Q7 vector addition.
  42:./Libraries/CMSIS/DSP/Source/BasicMathFunctions/arm_add_q7.c ****   @param[in]     pSrcA      points to the first input vector
  43:./Libraries/CMSIS/DSP/Source/BasicMathFunctions/arm_add_q7.c ****   @param[in]     pSrcB      points to the second input vector
  44:./Libraries/CMSIS/DSP/Source/BasicMathFunctions/arm_add_q7.c ****   @param[out]    pDst       points to the output vector
  45:./Libraries/CMSIS/DSP/Source/BasicMathFunctions/arm_add_q7.c ****   @param[in]     blockSize  number of samples in each vector
  46:./Libraries/CMSIS/DSP/Source/BasicMathFunctions/arm_add_q7.c ****   @return        none
  47:./Libraries/CMSIS/DSP/Source/BasicMathFunctions/arm_add_q7.c **** 
  48:./Libraries/CMSIS/DSP/Source/BasicMathFunctions/arm_add_q7.c ****   @par           Scaling and Overflow Behavior
  49:./Libraries/CMSIS/DSP/Source/BasicMathFunctions/arm_add_q7.c ****                    The function uses saturating arithmetic.
  50:./Libraries/CMSIS/DSP/Source/BasicMathFunctions/arm_add_q7.c ****                    Results outside of the allowable Q7 range [0x80 0x7F] are saturated.
  51:./Libraries/CMSIS/DSP/Source/BasicMathFunctions/arm_add_q7.c ****  */
  52:./Libraries/CMSIS/DSP/Source/BasicMathFunctions/arm_add_q7.c **** 
  53:./Libraries/CMSIS/DSP/Source/BasicMathFunctions/arm_add_q7.c **** void arm_add_q7(
  54:./Libraries/CMSIS/DSP/Source/BasicMathFunctions/arm_add_q7.c ****   const q7_t * pSrcA,
  55:./Libraries/CMSIS/DSP/Source/BasicMathFunctions/arm_add_q7.c ****   const q7_t * pSrcB,
  56:./Libraries/CMSIS/DSP/Source/BasicMathFunctions/arm_add_q7.c ****         q7_t * pDst,
  57:./Libraries/CMSIS/DSP/Source/BasicMathFunctions/arm_add_q7.c ****         uint32_t blockSize)
  58:./Libraries/CMSIS/DSP/Source/BasicMathFunctions/arm_add_q7.c **** {
  28              		.loc 1 58 1
  29              		.cfi_startproc
  30              		@ args = 0, pretend = 0, frame = 32
  31              		@ frame_needed = 1, uses_anonymous_args = 0
  32              		@ link register save eliminated.
  33 0000 80B4     		push	{r7}
  34              	.LCFI0:
  35              		.cfi_def_cfa_offset 4
  36              		.cfi_offset 7, -4
  37 0002 89B0     		sub	sp, sp, #36
  38              	.LCFI1:
  39              		.cfi_def_cfa_offset 40
  40 0004 00AF     		add	r7, sp, #0
  41              	.LCFI2:
  42              		.cfi_def_cfa_register 7
  43 0006 F860     		str	r0, [r7, #12]
  44 0008 B960     		str	r1, [r7, #8]
  45 000a 7A60     		str	r2, [r7, #4]
  46 000c 3B60     		str	r3, [r7]
  59:./Libraries/CMSIS/DSP/Source/BasicMathFunctions/arm_add_q7.c ****         uint32_t blkCnt;                               /* Loop counter */
  60:./Libraries/CMSIS/DSP/Source/BasicMathFunctions/arm_add_q7.c **** 
  61:./Libraries/CMSIS/DSP/Source/BasicMathFunctions/arm_add_q7.c **** #if defined (ARM_MATH_LOOPUNROLL)
  62:./Libraries/CMSIS/DSP/Source/BasicMathFunctions/arm_add_q7.c **** 
  63:./Libraries/CMSIS/DSP/Source/BasicMathFunctions/arm_add_q7.c ****   /* Loop unrolling: Compute 4 outputs at a time */
  64:./Libraries/CMSIS/DSP/Source/BasicMathFunctions/arm_add_q7.c ****   blkCnt = blockSize >> 2U;
  65:./Libraries/CMSIS/DSP/Source/BasicMathFunctions/arm_add_q7.c **** 
  66:./Libraries/CMSIS/DSP/Source/BasicMathFunctions/arm_add_q7.c ****   while (blkCnt > 0U)
  67:./Libraries/CMSIS/DSP/Source/BasicMathFunctions/arm_add_q7.c ****   {
  68:./Libraries/CMSIS/DSP/Source/BasicMathFunctions/arm_add_q7.c ****     /* C = A + B */
  69:./Libraries/CMSIS/DSP/Source/BasicMathFunctions/arm_add_q7.c **** 
ARM GAS  /tmp/ccWDolPH.s 			page 3


  70:./Libraries/CMSIS/DSP/Source/BasicMathFunctions/arm_add_q7.c **** #if defined (ARM_MATH_DSP)
  71:./Libraries/CMSIS/DSP/Source/BasicMathFunctions/arm_add_q7.c ****     /* Add and store result in destination buffer (4 samples at a time). */
  72:./Libraries/CMSIS/DSP/Source/BasicMathFunctions/arm_add_q7.c ****     write_q7x4_ia (&pDst, __QADD8 (read_q7x4_ia ((q7_t **) &pSrcA), read_q7x4_ia ((q7_t **) &pSrcB)
  73:./Libraries/CMSIS/DSP/Source/BasicMathFunctions/arm_add_q7.c **** #else
  74:./Libraries/CMSIS/DSP/Source/BasicMathFunctions/arm_add_q7.c ****     *pDst++ = (q7_t) __SSAT ((q15_t) *pSrcA++ + *pSrcB++, 8);
  75:./Libraries/CMSIS/DSP/Source/BasicMathFunctions/arm_add_q7.c ****     *pDst++ = (q7_t) __SSAT ((q15_t) *pSrcA++ + *pSrcB++, 8);
  76:./Libraries/CMSIS/DSP/Source/BasicMathFunctions/arm_add_q7.c ****     *pDst++ = (q7_t) __SSAT ((q15_t) *pSrcA++ + *pSrcB++, 8);
  77:./Libraries/CMSIS/DSP/Source/BasicMathFunctions/arm_add_q7.c ****     *pDst++ = (q7_t) __SSAT ((q15_t) *pSrcA++ + *pSrcB++, 8);
  78:./Libraries/CMSIS/DSP/Source/BasicMathFunctions/arm_add_q7.c **** #endif
  79:./Libraries/CMSIS/DSP/Source/BasicMathFunctions/arm_add_q7.c **** 
  80:./Libraries/CMSIS/DSP/Source/BasicMathFunctions/arm_add_q7.c ****     /* Decrement loop counter */
  81:./Libraries/CMSIS/DSP/Source/BasicMathFunctions/arm_add_q7.c ****     blkCnt--;
  82:./Libraries/CMSIS/DSP/Source/BasicMathFunctions/arm_add_q7.c ****   }
  83:./Libraries/CMSIS/DSP/Source/BasicMathFunctions/arm_add_q7.c **** 
  84:./Libraries/CMSIS/DSP/Source/BasicMathFunctions/arm_add_q7.c ****   /* Loop unrolling: Compute remaining outputs */
  85:./Libraries/CMSIS/DSP/Source/BasicMathFunctions/arm_add_q7.c ****   blkCnt = blockSize % 0x4U;
  86:./Libraries/CMSIS/DSP/Source/BasicMathFunctions/arm_add_q7.c **** 
  87:./Libraries/CMSIS/DSP/Source/BasicMathFunctions/arm_add_q7.c **** #else
  88:./Libraries/CMSIS/DSP/Source/BasicMathFunctions/arm_add_q7.c **** 
  89:./Libraries/CMSIS/DSP/Source/BasicMathFunctions/arm_add_q7.c ****   /* Initialize blkCnt with number of samples */
  90:./Libraries/CMSIS/DSP/Source/BasicMathFunctions/arm_add_q7.c ****   blkCnt = blockSize;
  47              		.loc 1 90 10
  48 000e 3B68     		ldr	r3, [r7]
  49 0010 FB61     		str	r3, [r7, #28]
  91:./Libraries/CMSIS/DSP/Source/BasicMathFunctions/arm_add_q7.c **** 
  92:./Libraries/CMSIS/DSP/Source/BasicMathFunctions/arm_add_q7.c **** #endif /* #if defined (ARM_MATH_LOOPUNROLL) */
  93:./Libraries/CMSIS/DSP/Source/BasicMathFunctions/arm_add_q7.c **** 
  94:./Libraries/CMSIS/DSP/Source/BasicMathFunctions/arm_add_q7.c ****   while (blkCnt > 0U)
  50              		.loc 1 94 9
  51 0012 19E0     		b	.L2
  52              	.L3:
  53              	.LBB2:
  95:./Libraries/CMSIS/DSP/Source/BasicMathFunctions/arm_add_q7.c ****   {
  96:./Libraries/CMSIS/DSP/Source/BasicMathFunctions/arm_add_q7.c ****     /* C = A + B */
  97:./Libraries/CMSIS/DSP/Source/BasicMathFunctions/arm_add_q7.c **** 
  98:./Libraries/CMSIS/DSP/Source/BasicMathFunctions/arm_add_q7.c ****     /* Add and store result in destination buffer. */
  99:./Libraries/CMSIS/DSP/Source/BasicMathFunctions/arm_add_q7.c ****     *pDst++ = (q7_t) __SSAT((q15_t) *pSrcA++ + *pSrcB++, 8);
  54              		.loc 1 99 22
  55 0014 FB68     		ldr	r3, [r7, #12]
  56 0016 5A1C     		adds	r2, r3, #1
  57 0018 FA60     		str	r2, [r7, #12]
  58 001a 93F90030 		ldrsb	r3, [r3]
  59 001e 1946     		mov	r1, r3
  60 0020 BB68     		ldr	r3, [r7, #8]
  61 0022 5A1C     		adds	r2, r3, #1
  62 0024 BA60     		str	r2, [r7, #8]
  63 0026 93F90030 		ldrsb	r3, [r3]
  64 002a 0B44     		add	r3, r3, r1
  65 002c BB61     		str	r3, [r7, #24]
  66 002e BB69     		ldr	r3, [r7, #24]
  67              		.syntax unified
  68              	@ 99 "./Libraries/CMSIS/DSP/Source/BasicMathFunctions/arm_add_q7.c" 1
  69 0030 03F30703 		ssat r3, #8, r3
  70              	@ 0 "" 2
  71              		.thumb
  72              		.syntax unified
  73 0034 7B61     		str	r3, [r7, #20]
ARM GAS  /tmp/ccWDolPH.s 			page 4


  74 0036 7969     		ldr	r1, [r7, #20]
  75              	.LBE2:
  76              		.loc 1 99 10
  77 0038 7B68     		ldr	r3, [r7, #4]
  78 003a 5A1C     		adds	r2, r3, #1
  79 003c 7A60     		str	r2, [r7, #4]
  80              		.loc 1 99 15
  81 003e 4AB2     		sxtb	r2, r1
  82              		.loc 1 99 13
  83 0040 1A70     		strb	r2, [r3]
 100:./Libraries/CMSIS/DSP/Source/BasicMathFunctions/arm_add_q7.c **** 
 101:./Libraries/CMSIS/DSP/Source/BasicMathFunctions/arm_add_q7.c ****     /* Decrement loop counter */
 102:./Libraries/CMSIS/DSP/Source/BasicMathFunctions/arm_add_q7.c ****     blkCnt--;
  84              		.loc 1 102 11
  85 0042 FB69     		ldr	r3, [r7, #28]
  86 0044 013B     		subs	r3, r3, #1
  87 0046 FB61     		str	r3, [r7, #28]
  88              	.L2:
  94:./Libraries/CMSIS/DSP/Source/BasicMathFunctions/arm_add_q7.c ****   {
  89              		.loc 1 94 9
  90 0048 FB69     		ldr	r3, [r7, #28]
  91 004a 002B     		cmp	r3, #0
  92 004c E2D1     		bne	.L3
 103:./Libraries/CMSIS/DSP/Source/BasicMathFunctions/arm_add_q7.c ****   }
 104:./Libraries/CMSIS/DSP/Source/BasicMathFunctions/arm_add_q7.c **** 
 105:./Libraries/CMSIS/DSP/Source/BasicMathFunctions/arm_add_q7.c **** }
  93              		.loc 1 105 1
  94 004e 00BF     		nop
  95 0050 00BF     		nop
  96 0052 2437     		adds	r7, r7, #36
  97              	.LCFI3:
  98              		.cfi_def_cfa_offset 4
  99 0054 BD46     		mov	sp, r7
 100              	.LCFI4:
 101              		.cfi_def_cfa_register 13
 102              		@ sp needed
 103 0056 5DF8047B 		ldr	r7, [sp], #4
 104              	.LCFI5:
 105              		.cfi_restore 7
 106              		.cfi_def_cfa_offset 0
 107 005a 7047     		bx	lr
 108              		.cfi_endproc
 109              	.LFE145:
 111              		.text
 112              	.Letext0:
 113              		.file 2 "/usr/lib/gcc/arm-none-eabi/9.2.1/include/stdint.h"
 114              		.file 3 "/usr/lib/gcc/arm-none-eabi/9.2.1/include/stddef.h"
 115              		.file 4 "/usr/include/newlib/sys/_types.h"
 116              		.file 5 "/usr/include/newlib/sys/reent.h"
 117              		.file 6 "/usr/include/newlib/sys/lock.h"
 118              		.file 7 "/usr/include/newlib/math.h"
 119              		.file 8 "./Libraries/CMSIS/DSP/Include/arm_math.h"
ARM GAS  /tmp/ccWDolPH.s 			page 5


DEFINED SYMBOLS
                            *ABS*:0000000000000000 arm_add_q7.c
     /tmp/ccWDolPH.s:17     .text.arm_add_q7:0000000000000000 $t
     /tmp/ccWDolPH.s:25     .text.arm_add_q7:0000000000000000 arm_add_q7

NO UNDEFINED SYMBOLS
