ARM GAS  /tmp/ccCF6BOv.s 			page 1


   1              		.cpu cortex-m7
   2              		.eabi_attribute 28, 1
   3              		.eabi_attribute 20, 1
   4              		.eabi_attribute 21, 1
   5              		.eabi_attribute 23, 3
   6              		.eabi_attribute 24, 1
   7              		.eabi_attribute 25, 1
   8              		.eabi_attribute 26, 1
   9              		.eabi_attribute 30, 6
  10              		.eabi_attribute 34, 1
  11              		.eabi_attribute 18, 4
  12              		.file	"arm_dct4_init_q15.c"
  13              		.text
  14              	.Ltext0:
  15              		.cfi_sections	.debug_frame
  16              		.section	.text.arm_dct4_init_q15,"ax",%progbits
  17              		.align	1
  18              		.global	arm_dct4_init_q15
  19              		.arch armv7e-m
  20              		.syntax unified
  21              		.thumb
  22              		.thumb_func
  23              		.fpu fpv5-d16
  25              	arm_dct4_init_q15:
  26              	.LFB145:
  27              		.file 1 "./Libraries/CMSIS/DSP/Source/TransformFunctions/arm_dct4_init_q15.c"
   1:./Libraries/CMSIS/DSP/Source/TransformFunctions/arm_dct4_init_q15.c **** /* ----------------------------------------------------------------------
   2:./Libraries/CMSIS/DSP/Source/TransformFunctions/arm_dct4_init_q15.c ****  * Project:      CMSIS DSP Library
   3:./Libraries/CMSIS/DSP/Source/TransformFunctions/arm_dct4_init_q15.c ****  * Title:        arm_dct4_init_q15.c
   4:./Libraries/CMSIS/DSP/Source/TransformFunctions/arm_dct4_init_q15.c ****  * Description:  Initialization function of DCT-4 & IDCT4 Q15
   5:./Libraries/CMSIS/DSP/Source/TransformFunctions/arm_dct4_init_q15.c ****  *
   6:./Libraries/CMSIS/DSP/Source/TransformFunctions/arm_dct4_init_q15.c ****  * $Date:        18. March 2019
   7:./Libraries/CMSIS/DSP/Source/TransformFunctions/arm_dct4_init_q15.c ****  * $Revision:    V1.6.0
   8:./Libraries/CMSIS/DSP/Source/TransformFunctions/arm_dct4_init_q15.c ****  *
   9:./Libraries/CMSIS/DSP/Source/TransformFunctions/arm_dct4_init_q15.c ****  * Target Processor: Cortex-M cores
  10:./Libraries/CMSIS/DSP/Source/TransformFunctions/arm_dct4_init_q15.c ****  * -------------------------------------------------------------------- */
  11:./Libraries/CMSIS/DSP/Source/TransformFunctions/arm_dct4_init_q15.c **** /*
  12:./Libraries/CMSIS/DSP/Source/TransformFunctions/arm_dct4_init_q15.c ****  * Copyright (C) 2010-2019 ARM Limited or its affiliates. All rights reserved.
  13:./Libraries/CMSIS/DSP/Source/TransformFunctions/arm_dct4_init_q15.c ****  *
  14:./Libraries/CMSIS/DSP/Source/TransformFunctions/arm_dct4_init_q15.c ****  * SPDX-License-Identifier: Apache-2.0
  15:./Libraries/CMSIS/DSP/Source/TransformFunctions/arm_dct4_init_q15.c ****  *
  16:./Libraries/CMSIS/DSP/Source/TransformFunctions/arm_dct4_init_q15.c ****  * Licensed under the Apache License, Version 2.0 (the License); you may
  17:./Libraries/CMSIS/DSP/Source/TransformFunctions/arm_dct4_init_q15.c ****  * not use this file except in compliance with the License.
  18:./Libraries/CMSIS/DSP/Source/TransformFunctions/arm_dct4_init_q15.c ****  * You may obtain a copy of the License at
  19:./Libraries/CMSIS/DSP/Source/TransformFunctions/arm_dct4_init_q15.c ****  *
  20:./Libraries/CMSIS/DSP/Source/TransformFunctions/arm_dct4_init_q15.c ****  * www.apache.org/licenses/LICENSE-2.0
  21:./Libraries/CMSIS/DSP/Source/TransformFunctions/arm_dct4_init_q15.c ****  *
  22:./Libraries/CMSIS/DSP/Source/TransformFunctions/arm_dct4_init_q15.c ****  * Unless required by applicable law or agreed to in writing, software
  23:./Libraries/CMSIS/DSP/Source/TransformFunctions/arm_dct4_init_q15.c ****  * distributed under the License is distributed on an AS IS BASIS, WITHOUT
  24:./Libraries/CMSIS/DSP/Source/TransformFunctions/arm_dct4_init_q15.c ****  * WARRANTIES OR CONDITIONS OF ANY KIND, either express or implied.
  25:./Libraries/CMSIS/DSP/Source/TransformFunctions/arm_dct4_init_q15.c ****  * See the License for the specific language governing permissions and
  26:./Libraries/CMSIS/DSP/Source/TransformFunctions/arm_dct4_init_q15.c ****  * limitations under the License.
  27:./Libraries/CMSIS/DSP/Source/TransformFunctions/arm_dct4_init_q15.c ****  */
  28:./Libraries/CMSIS/DSP/Source/TransformFunctions/arm_dct4_init_q15.c **** 
  29:./Libraries/CMSIS/DSP/Source/TransformFunctions/arm_dct4_init_q15.c **** #include "arm_math.h"
  30:./Libraries/CMSIS/DSP/Source/TransformFunctions/arm_dct4_init_q15.c **** #include "arm_common_tables.h"
  31:./Libraries/CMSIS/DSP/Source/TransformFunctions/arm_dct4_init_q15.c **** 
ARM GAS  /tmp/ccCF6BOv.s 			page 2


  32:./Libraries/CMSIS/DSP/Source/TransformFunctions/arm_dct4_init_q15.c **** /**
  33:./Libraries/CMSIS/DSP/Source/TransformFunctions/arm_dct4_init_q15.c ****   @ingroup DCT4_IDCT4
  34:./Libraries/CMSIS/DSP/Source/TransformFunctions/arm_dct4_init_q15.c ****  */
  35:./Libraries/CMSIS/DSP/Source/TransformFunctions/arm_dct4_init_q15.c **** 
  36:./Libraries/CMSIS/DSP/Source/TransformFunctions/arm_dct4_init_q15.c **** /**
  37:./Libraries/CMSIS/DSP/Source/TransformFunctions/arm_dct4_init_q15.c ****   @addtogroup DCT4_IDCT4
  38:./Libraries/CMSIS/DSP/Source/TransformFunctions/arm_dct4_init_q15.c ****   @{
  39:./Libraries/CMSIS/DSP/Source/TransformFunctions/arm_dct4_init_q15.c ****  */
  40:./Libraries/CMSIS/DSP/Source/TransformFunctions/arm_dct4_init_q15.c **** 
  41:./Libraries/CMSIS/DSP/Source/TransformFunctions/arm_dct4_init_q15.c **** /**
  42:./Libraries/CMSIS/DSP/Source/TransformFunctions/arm_dct4_init_q15.c ****   @brief         Initialization function for the Q15 DCT4/IDCT4.
  43:./Libraries/CMSIS/DSP/Source/TransformFunctions/arm_dct4_init_q15.c ****   @param[in,out] S         points to an instance of Q15 DCT4/IDCT4 structure
  44:./Libraries/CMSIS/DSP/Source/TransformFunctions/arm_dct4_init_q15.c ****   @param[in]     S_RFFT    points to an instance of Q15 RFFT/RIFFT structure
  45:./Libraries/CMSIS/DSP/Source/TransformFunctions/arm_dct4_init_q15.c ****   @param[in]     S_CFFT    points to an instance of Q15 CFFT/CIFFT structure
  46:./Libraries/CMSIS/DSP/Source/TransformFunctions/arm_dct4_init_q15.c ****   @param[in]     N          length of the DCT4
  47:./Libraries/CMSIS/DSP/Source/TransformFunctions/arm_dct4_init_q15.c ****   @param[in]     Nby2       half of the length of the DCT4
  48:./Libraries/CMSIS/DSP/Source/TransformFunctions/arm_dct4_init_q15.c ****   @param[in]     normalize  normalizing factor
  49:./Libraries/CMSIS/DSP/Source/TransformFunctions/arm_dct4_init_q15.c ****   @return        execution status
  50:./Libraries/CMSIS/DSP/Source/TransformFunctions/arm_dct4_init_q15.c ****                    - \ref ARM_MATH_SUCCESS        : Operation successful
  51:./Libraries/CMSIS/DSP/Source/TransformFunctions/arm_dct4_init_q15.c ****                    - \ref ARM_MATH_ARGUMENT_ERROR : <code>N</code> is not a supported transform len
  52:./Libraries/CMSIS/DSP/Source/TransformFunctions/arm_dct4_init_q15.c **** 
  53:./Libraries/CMSIS/DSP/Source/TransformFunctions/arm_dct4_init_q15.c ****   @par           Normalizing factor
  54:./Libraries/CMSIS/DSP/Source/TransformFunctions/arm_dct4_init_q15.c ****                    The normalizing factor is <code>sqrt(2/N)</code>, which depends on the size of t
  55:./Libraries/CMSIS/DSP/Source/TransformFunctions/arm_dct4_init_q15.c ****                    Normalizing factors in 1.15 format are mentioned in the table below for differen
  56:./Libraries/CMSIS/DSP/Source/TransformFunctions/arm_dct4_init_q15.c **** 
  57:./Libraries/CMSIS/DSP/Source/TransformFunctions/arm_dct4_init_q15.c ****                    \image html dct4NormalizingQ15Table.gif
  58:./Libraries/CMSIS/DSP/Source/TransformFunctions/arm_dct4_init_q15.c ****  */
  59:./Libraries/CMSIS/DSP/Source/TransformFunctions/arm_dct4_init_q15.c **** 
  60:./Libraries/CMSIS/DSP/Source/TransformFunctions/arm_dct4_init_q15.c **** arm_status arm_dct4_init_q15(
  61:./Libraries/CMSIS/DSP/Source/TransformFunctions/arm_dct4_init_q15.c ****   arm_dct4_instance_q15 * S,
  62:./Libraries/CMSIS/DSP/Source/TransformFunctions/arm_dct4_init_q15.c ****   arm_rfft_instance_q15 * S_RFFT,
  63:./Libraries/CMSIS/DSP/Source/TransformFunctions/arm_dct4_init_q15.c ****   arm_cfft_radix4_instance_q15 * S_CFFT,
  64:./Libraries/CMSIS/DSP/Source/TransformFunctions/arm_dct4_init_q15.c ****   uint16_t N,
  65:./Libraries/CMSIS/DSP/Source/TransformFunctions/arm_dct4_init_q15.c ****   uint16_t Nby2,
  66:./Libraries/CMSIS/DSP/Source/TransformFunctions/arm_dct4_init_q15.c ****   q15_t normalize)
  67:./Libraries/CMSIS/DSP/Source/TransformFunctions/arm_dct4_init_q15.c **** {
  28              		.loc 1 67 1
  29              		.cfi_startproc
  30              		@ args = 8, pretend = 0, frame = 24
  31              		@ frame_needed = 1, uses_anonymous_args = 0
  32 0000 80B5     		push	{r7, lr}
  33              	.LCFI0:
  34              		.cfi_def_cfa_offset 8
  35              		.cfi_offset 7, -8
  36              		.cfi_offset 14, -4
  37 0002 86B0     		sub	sp, sp, #24
  38              	.LCFI1:
  39              		.cfi_def_cfa_offset 32
  40 0004 00AF     		add	r7, sp, #0
  41              	.LCFI2:
  42              		.cfi_def_cfa_register 7
  43 0006 F860     		str	r0, [r7, #12]
  44 0008 B960     		str	r1, [r7, #8]
  45 000a 7A60     		str	r2, [r7, #4]
  46 000c 7B80     		strh	r3, [r7, #2]	@ movhi
  68:./Libraries/CMSIS/DSP/Source/TransformFunctions/arm_dct4_init_q15.c ****   /*  Initialise the default arm status */
  69:./Libraries/CMSIS/DSP/Source/TransformFunctions/arm_dct4_init_q15.c ****   arm_status status = ARM_MATH_SUCCESS;
ARM GAS  /tmp/ccCF6BOv.s 			page 3


  47              		.loc 1 69 14
  48 000e 0023     		movs	r3, #0
  49 0010 FB75     		strb	r3, [r7, #23]
  70:./Libraries/CMSIS/DSP/Source/TransformFunctions/arm_dct4_init_q15.c **** 
  71:./Libraries/CMSIS/DSP/Source/TransformFunctions/arm_dct4_init_q15.c ****   /* Initialize the DCT4 length */
  72:./Libraries/CMSIS/DSP/Source/TransformFunctions/arm_dct4_init_q15.c ****   S->N = N;
  50              		.loc 1 72 8
  51 0012 FB68     		ldr	r3, [r7, #12]
  52 0014 7A88     		ldrh	r2, [r7, #2]	@ movhi
  53 0016 1A80     		strh	r2, [r3]	@ movhi
  73:./Libraries/CMSIS/DSP/Source/TransformFunctions/arm_dct4_init_q15.c **** 
  74:./Libraries/CMSIS/DSP/Source/TransformFunctions/arm_dct4_init_q15.c ****   /* Initialize the half of DCT4 length */
  75:./Libraries/CMSIS/DSP/Source/TransformFunctions/arm_dct4_init_q15.c ****   S->Nby2 = Nby2;
  54              		.loc 1 75 11
  55 0018 FB68     		ldr	r3, [r7, #12]
  56 001a 3A8C     		ldrh	r2, [r7, #32]	@ movhi
  57 001c 5A80     		strh	r2, [r3, #2]	@ movhi
  76:./Libraries/CMSIS/DSP/Source/TransformFunctions/arm_dct4_init_q15.c **** 
  77:./Libraries/CMSIS/DSP/Source/TransformFunctions/arm_dct4_init_q15.c ****   /* Initialize the DCT4 Normalizing factor */
  78:./Libraries/CMSIS/DSP/Source/TransformFunctions/arm_dct4_init_q15.c ****   S->normalize = normalize;
  58              		.loc 1 78 16
  59 001e FB68     		ldr	r3, [r7, #12]
  60 0020 BA8C     		ldrh	r2, [r7, #36]	@ movhi
  61 0022 9A80     		strh	r2, [r3, #4]	@ movhi
  79:./Libraries/CMSIS/DSP/Source/TransformFunctions/arm_dct4_init_q15.c **** 
  80:./Libraries/CMSIS/DSP/Source/TransformFunctions/arm_dct4_init_q15.c ****   /* Initialize Real FFT Instance */
  81:./Libraries/CMSIS/DSP/Source/TransformFunctions/arm_dct4_init_q15.c ****   S->pRfft = S_RFFT;
  62              		.loc 1 81 12
  63 0024 FB68     		ldr	r3, [r7, #12]
  64 0026 BA68     		ldr	r2, [r7, #8]
  65 0028 1A61     		str	r2, [r3, #16]
  82:./Libraries/CMSIS/DSP/Source/TransformFunctions/arm_dct4_init_q15.c **** 
  83:./Libraries/CMSIS/DSP/Source/TransformFunctions/arm_dct4_init_q15.c ****   /* Initialize Complex FFT Instance */
  84:./Libraries/CMSIS/DSP/Source/TransformFunctions/arm_dct4_init_q15.c ****   S->pCfft = S_CFFT;
  66              		.loc 1 84 12
  67 002a FB68     		ldr	r3, [r7, #12]
  68 002c 7A68     		ldr	r2, [r7, #4]
  69 002e 5A61     		str	r2, [r3, #20]
  85:./Libraries/CMSIS/DSP/Source/TransformFunctions/arm_dct4_init_q15.c **** 
  86:./Libraries/CMSIS/DSP/Source/TransformFunctions/arm_dct4_init_q15.c ****   switch (N)
  70              		.loc 1 86 3
  71 0030 7B88     		ldrh	r3, [r7, #2]
  72 0032 B3F5005F 		cmp	r3, #8192
  73 0036 0ED0     		beq	.L2
  74 0038 B3F5005F 		cmp	r3, #8192
  75 003c 27DC     		bgt	.L3
  76 003e B3F5006F 		cmp	r3, #2048
  77 0042 0FD0     		beq	.L4
  78 0044 B3F5006F 		cmp	r3, #2048
  79 0048 21DC     		bgt	.L3
  80 004a 802B     		cmp	r3, #128
  81 004c 18D0     		beq	.L5
  82 004e B3F5007F 		cmp	r3, #512
  83 0052 0ED0     		beq	.L6
  84 0054 1BE0     		b	.L3
  85              	.L2:
  87:./Libraries/CMSIS/DSP/Source/TransformFunctions/arm_dct4_init_q15.c ****   {
ARM GAS  /tmp/ccCF6BOv.s 			page 4


  88:./Libraries/CMSIS/DSP/Source/TransformFunctions/arm_dct4_init_q15.c ****   #if !defined(ARM_DSP_CONFIG_TABLES) || defined(ARM_ALL_FFT_TABLES) || defined(ARM_TABLE_DCT4_Q15_
  89:./Libraries/CMSIS/DSP/Source/TransformFunctions/arm_dct4_init_q15.c ****     /* Initialize the table modifier values */
  90:./Libraries/CMSIS/DSP/Source/TransformFunctions/arm_dct4_init_q15.c ****   case 8192U:
  91:./Libraries/CMSIS/DSP/Source/TransformFunctions/arm_dct4_init_q15.c ****     S->pTwiddle = WeightsQ15_8192;
  86              		.loc 1 91 17
  87 0056 FB68     		ldr	r3, [r7, #12]
  88 0058 154A     		ldr	r2, .L9
  89 005a 9A60     		str	r2, [r3, #8]
  92:./Libraries/CMSIS/DSP/Source/TransformFunctions/arm_dct4_init_q15.c ****     S->pCosFactor = cos_factorsQ15_8192;
  90              		.loc 1 92 19
  91 005c FB68     		ldr	r3, [r7, #12]
  92 005e 154A     		ldr	r2, .L9+4
  93 0060 DA60     		str	r2, [r3, #12]
  93:./Libraries/CMSIS/DSP/Source/TransformFunctions/arm_dct4_init_q15.c ****     break;
  94              		.loc 1 93 5
  95 0062 16E0     		b	.L7
  96              	.L4:
  94:./Libraries/CMSIS/DSP/Source/TransformFunctions/arm_dct4_init_q15.c ****   #endif
  95:./Libraries/CMSIS/DSP/Source/TransformFunctions/arm_dct4_init_q15.c **** 
  96:./Libraries/CMSIS/DSP/Source/TransformFunctions/arm_dct4_init_q15.c ****   #if !defined(ARM_DSP_CONFIG_TABLES) || defined(ARM_ALL_FFT_TABLES) || defined(ARM_TABLE_DCT4_Q15_
  97:./Libraries/CMSIS/DSP/Source/TransformFunctions/arm_dct4_init_q15.c ****   case 2048U:
  98:./Libraries/CMSIS/DSP/Source/TransformFunctions/arm_dct4_init_q15.c ****     S->pTwiddle = WeightsQ15_2048;
  97              		.loc 1 98 17
  98 0064 FB68     		ldr	r3, [r7, #12]
  99 0066 144A     		ldr	r2, .L9+8
 100 0068 9A60     		str	r2, [r3, #8]
  99:./Libraries/CMSIS/DSP/Source/TransformFunctions/arm_dct4_init_q15.c ****     S->pCosFactor = cos_factorsQ15_2048;
 101              		.loc 1 99 19
 102 006a FB68     		ldr	r3, [r7, #12]
 103 006c 134A     		ldr	r2, .L9+12
 104 006e DA60     		str	r2, [r3, #12]
 100:./Libraries/CMSIS/DSP/Source/TransformFunctions/arm_dct4_init_q15.c ****     break;
 105              		.loc 1 100 5
 106 0070 0FE0     		b	.L7
 107              	.L6:
 101:./Libraries/CMSIS/DSP/Source/TransformFunctions/arm_dct4_init_q15.c ****   #endif
 102:./Libraries/CMSIS/DSP/Source/TransformFunctions/arm_dct4_init_q15.c **** 
 103:./Libraries/CMSIS/DSP/Source/TransformFunctions/arm_dct4_init_q15.c ****   #if !defined(ARM_DSP_CONFIG_TABLES) || defined(ARM_ALL_FFT_TABLES) || defined(ARM_TABLE_DCT4_Q15_
 104:./Libraries/CMSIS/DSP/Source/TransformFunctions/arm_dct4_init_q15.c ****   case 512U:
 105:./Libraries/CMSIS/DSP/Source/TransformFunctions/arm_dct4_init_q15.c ****     S->pTwiddle = WeightsQ15_512;
 108              		.loc 1 105 17
 109 0072 FB68     		ldr	r3, [r7, #12]
 110 0074 124A     		ldr	r2, .L9+16
 111 0076 9A60     		str	r2, [r3, #8]
 106:./Libraries/CMSIS/DSP/Source/TransformFunctions/arm_dct4_init_q15.c ****     S->pCosFactor = cos_factorsQ15_512;
 112              		.loc 1 106 19
 113 0078 FB68     		ldr	r3, [r7, #12]
 114 007a 124A     		ldr	r2, .L9+20
 115 007c DA60     		str	r2, [r3, #12]
 107:./Libraries/CMSIS/DSP/Source/TransformFunctions/arm_dct4_init_q15.c ****     break;
 116              		.loc 1 107 5
 117 007e 08E0     		b	.L7
 118              	.L5:
 108:./Libraries/CMSIS/DSP/Source/TransformFunctions/arm_dct4_init_q15.c ****   #endif 
 109:./Libraries/CMSIS/DSP/Source/TransformFunctions/arm_dct4_init_q15.c **** 
 110:./Libraries/CMSIS/DSP/Source/TransformFunctions/arm_dct4_init_q15.c ****   #if !defined(ARM_DSP_CONFIG_TABLES) || defined(ARM_ALL_FFT_TABLES) || defined(ARM_TABLE_DCT4_Q15_
 111:./Libraries/CMSIS/DSP/Source/TransformFunctions/arm_dct4_init_q15.c ****   case 128U:
ARM GAS  /tmp/ccCF6BOv.s 			page 5


 112:./Libraries/CMSIS/DSP/Source/TransformFunctions/arm_dct4_init_q15.c ****     S->pTwiddle = WeightsQ15_128;
 119              		.loc 1 112 17
 120 0080 FB68     		ldr	r3, [r7, #12]
 121 0082 114A     		ldr	r2, .L9+24
 122 0084 9A60     		str	r2, [r3, #8]
 113:./Libraries/CMSIS/DSP/Source/TransformFunctions/arm_dct4_init_q15.c ****     S->pCosFactor = cos_factorsQ15_128;
 123              		.loc 1 113 19
 124 0086 FB68     		ldr	r3, [r7, #12]
 125 0088 104A     		ldr	r2, .L9+28
 126 008a DA60     		str	r2, [r3, #12]
 114:./Libraries/CMSIS/DSP/Source/TransformFunctions/arm_dct4_init_q15.c ****     break;
 127              		.loc 1 114 5
 128 008c 01E0     		b	.L7
 129              	.L3:
 115:./Libraries/CMSIS/DSP/Source/TransformFunctions/arm_dct4_init_q15.c ****   #endif 
 116:./Libraries/CMSIS/DSP/Source/TransformFunctions/arm_dct4_init_q15.c **** 
 117:./Libraries/CMSIS/DSP/Source/TransformFunctions/arm_dct4_init_q15.c ****   default:
 118:./Libraries/CMSIS/DSP/Source/TransformFunctions/arm_dct4_init_q15.c ****     status = ARM_MATH_ARGUMENT_ERROR;
 130              		.loc 1 118 12
 131 008e FF23     		movs	r3, #255
 132 0090 FB75     		strb	r3, [r7, #23]
 133              	.L7:
 119:./Libraries/CMSIS/DSP/Source/TransformFunctions/arm_dct4_init_q15.c ****   }
 120:./Libraries/CMSIS/DSP/Source/TransformFunctions/arm_dct4_init_q15.c **** 
 121:./Libraries/CMSIS/DSP/Source/TransformFunctions/arm_dct4_init_q15.c ****   /* Initialize the RFFT/RIFFT */
 122:./Libraries/CMSIS/DSP/Source/TransformFunctions/arm_dct4_init_q15.c ****   arm_rfft_init_q15(S->pRfft, S->N, 0U, 1U);
 134              		.loc 1 122 3
 135 0092 FB68     		ldr	r3, [r7, #12]
 136 0094 1869     		ldr	r0, [r3, #16]
 137              		.loc 1 122 32
 138 0096 FB68     		ldr	r3, [r7, #12]
 139 0098 1B88     		ldrh	r3, [r3]
 140              		.loc 1 122 3
 141 009a 1946     		mov	r1, r3
 142 009c 0123     		movs	r3, #1
 143 009e 0022     		movs	r2, #0
 144 00a0 FFF7FEFF 		bl	arm_rfft_init_q15
 123:./Libraries/CMSIS/DSP/Source/TransformFunctions/arm_dct4_init_q15.c **** 
 124:./Libraries/CMSIS/DSP/Source/TransformFunctions/arm_dct4_init_q15.c ****   /* return the status of DCT4 Init function */
 125:./Libraries/CMSIS/DSP/Source/TransformFunctions/arm_dct4_init_q15.c ****   return (status);
 145              		.loc 1 125 10
 146 00a4 97F91730 		ldrsb	r3, [r7, #23]
 126:./Libraries/CMSIS/DSP/Source/TransformFunctions/arm_dct4_init_q15.c **** }
 147              		.loc 1 126 1
 148 00a8 1846     		mov	r0, r3
 149 00aa 1837     		adds	r7, r7, #24
 150              	.LCFI3:
 151              		.cfi_def_cfa_offset 8
 152 00ac BD46     		mov	sp, r7
 153              	.LCFI4:
 154              		.cfi_def_cfa_register 13
 155              		@ sp needed
 156 00ae 80BD     		pop	{r7, pc}
 157              	.L10:
 158              		.align	2
 159              	.L9:
 160 00b0 00000000 		.word	WeightsQ15_8192
ARM GAS  /tmp/ccCF6BOv.s 			page 6


 161 00b4 00000000 		.word	cos_factorsQ15_8192
 162 00b8 00000000 		.word	WeightsQ15_2048
 163 00bc 00000000 		.word	cos_factorsQ15_2048
 164 00c0 00000000 		.word	WeightsQ15_512
 165 00c4 00000000 		.word	cos_factorsQ15_512
 166 00c8 00000000 		.word	WeightsQ15_128
 167 00cc 00000000 		.word	cos_factorsQ15_128
 168              		.cfi_endproc
 169              	.LFE145:
 171              		.text
 172              	.Letext0:
 173              		.file 2 "/usr/lib/gcc/arm-none-eabi/9.2.1/include/stdint.h"
 174              		.file 3 "/usr/lib/gcc/arm-none-eabi/9.2.1/include/stddef.h"
 175              		.file 4 "/usr/include/newlib/sys/_types.h"
 176              		.file 5 "/usr/include/newlib/sys/reent.h"
 177              		.file 6 "/usr/include/newlib/sys/lock.h"
 178              		.file 7 "/usr/include/newlib/math.h"
 179              		.file 8 "./Libraries/CMSIS/DSP/Include/arm_math.h"
 180              		.file 9 "./Libraries/CMSIS/DSP/Include/arm_common_tables.h"
ARM GAS  /tmp/ccCF6BOv.s 			page 7


DEFINED SYMBOLS
                            *ABS*:0000000000000000 arm_dct4_init_q15.c
     /tmp/ccCF6BOv.s:17     .text.arm_dct4_init_q15:0000000000000000 $t
     /tmp/ccCF6BOv.s:25     .text.arm_dct4_init_q15:0000000000000000 arm_dct4_init_q15
     /tmp/ccCF6BOv.s:160    .text.arm_dct4_init_q15:00000000000000b0 $d

UNDEFINED SYMBOLS
arm_rfft_init_q15
WeightsQ15_8192
cos_factorsQ15_8192
WeightsQ15_2048
cos_factorsQ15_2048
WeightsQ15_512
cos_factorsQ15_512
WeightsQ15_128
cos_factorsQ15_128
