ARM GAS  /tmp/ccJ8TZep.s 			page 1


   1              		.cpu cortex-m7
   2              		.eabi_attribute 28, 1
   3              		.eabi_attribute 20, 1
   4              		.eabi_attribute 21, 1
   5              		.eabi_attribute 23, 3
   6              		.eabi_attribute 24, 1
   7              		.eabi_attribute 25, 1
   8              		.eabi_attribute 26, 1
   9              		.eabi_attribute 30, 6
  10              		.eabi_attribute 34, 1
  11              		.eabi_attribute 18, 4
  12              		.file	"arm_float_to_q15.c"
  13              		.text
  14              	.Ltext0:
  15              		.cfi_sections	.debug_frame
  16              		.section	.text.arm_float_to_q15,"ax",%progbits
  17              		.align	1
  18              		.global	arm_float_to_q15
  19              		.arch armv7e-m
  20              		.syntax unified
  21              		.thumb
  22              		.thumb_func
  23              		.fpu fpv5-d16
  25              	arm_float_to_q15:
  26              	.LFB145:
  27              		.file 1 "./Libraries/CMSIS/DSP/Source/SupportFunctions/arm_float_to_q15.c"
   1:./Libraries/CMSIS/DSP/Source/SupportFunctions/arm_float_to_q15.c **** /* ----------------------------------------------------------------------
   2:./Libraries/CMSIS/DSP/Source/SupportFunctions/arm_float_to_q15.c ****  * Project:      CMSIS DSP Library
   3:./Libraries/CMSIS/DSP/Source/SupportFunctions/arm_float_to_q15.c ****  * Title:        arm_float_to_q15.c
   4:./Libraries/CMSIS/DSP/Source/SupportFunctions/arm_float_to_q15.c ****  * Description:  Converts the elements of the floating-point vector to Q15 vector
   5:./Libraries/CMSIS/DSP/Source/SupportFunctions/arm_float_to_q15.c ****  *
   6:./Libraries/CMSIS/DSP/Source/SupportFunctions/arm_float_to_q15.c ****  * $Date:        18. March 2019
   7:./Libraries/CMSIS/DSP/Source/SupportFunctions/arm_float_to_q15.c ****  * $Revision:    V1.6.0
   8:./Libraries/CMSIS/DSP/Source/SupportFunctions/arm_float_to_q15.c ****  *
   9:./Libraries/CMSIS/DSP/Source/SupportFunctions/arm_float_to_q15.c ****  * Target Processor: Cortex-M cores
  10:./Libraries/CMSIS/DSP/Source/SupportFunctions/arm_float_to_q15.c ****  * -------------------------------------------------------------------- */
  11:./Libraries/CMSIS/DSP/Source/SupportFunctions/arm_float_to_q15.c **** /*
  12:./Libraries/CMSIS/DSP/Source/SupportFunctions/arm_float_to_q15.c ****  * Copyright (C) 2010-2019 ARM Limited or its affiliates. All rights reserved.
  13:./Libraries/CMSIS/DSP/Source/SupportFunctions/arm_float_to_q15.c ****  *
  14:./Libraries/CMSIS/DSP/Source/SupportFunctions/arm_float_to_q15.c ****  * SPDX-License-Identifier: Apache-2.0
  15:./Libraries/CMSIS/DSP/Source/SupportFunctions/arm_float_to_q15.c ****  *
  16:./Libraries/CMSIS/DSP/Source/SupportFunctions/arm_float_to_q15.c ****  * Licensed under the Apache License, Version 2.0 (the License); you may
  17:./Libraries/CMSIS/DSP/Source/SupportFunctions/arm_float_to_q15.c ****  * not use this file except in compliance with the License.
  18:./Libraries/CMSIS/DSP/Source/SupportFunctions/arm_float_to_q15.c ****  * You may obtain a copy of the License at
  19:./Libraries/CMSIS/DSP/Source/SupportFunctions/arm_float_to_q15.c ****  *
  20:./Libraries/CMSIS/DSP/Source/SupportFunctions/arm_float_to_q15.c ****  * www.apache.org/licenses/LICENSE-2.0
  21:./Libraries/CMSIS/DSP/Source/SupportFunctions/arm_float_to_q15.c ****  *
  22:./Libraries/CMSIS/DSP/Source/SupportFunctions/arm_float_to_q15.c ****  * Unless required by applicable law or agreed to in writing, software
  23:./Libraries/CMSIS/DSP/Source/SupportFunctions/arm_float_to_q15.c ****  * distributed under the License is distributed on an AS IS BASIS, WITHOUT
  24:./Libraries/CMSIS/DSP/Source/SupportFunctions/arm_float_to_q15.c ****  * WARRANTIES OR CONDITIONS OF ANY KIND, either express or implied.
  25:./Libraries/CMSIS/DSP/Source/SupportFunctions/arm_float_to_q15.c ****  * See the License for the specific language governing permissions and
  26:./Libraries/CMSIS/DSP/Source/SupportFunctions/arm_float_to_q15.c ****  * limitations under the License.
  27:./Libraries/CMSIS/DSP/Source/SupportFunctions/arm_float_to_q15.c ****  */
  28:./Libraries/CMSIS/DSP/Source/SupportFunctions/arm_float_to_q15.c **** 
  29:./Libraries/CMSIS/DSP/Source/SupportFunctions/arm_float_to_q15.c **** #include "arm_math.h"
  30:./Libraries/CMSIS/DSP/Source/SupportFunctions/arm_float_to_q15.c **** 
  31:./Libraries/CMSIS/DSP/Source/SupportFunctions/arm_float_to_q15.c **** /**
ARM GAS  /tmp/ccJ8TZep.s 			page 2


  32:./Libraries/CMSIS/DSP/Source/SupportFunctions/arm_float_to_q15.c ****   @ingroup groupSupport
  33:./Libraries/CMSIS/DSP/Source/SupportFunctions/arm_float_to_q15.c ****  */
  34:./Libraries/CMSIS/DSP/Source/SupportFunctions/arm_float_to_q15.c **** 
  35:./Libraries/CMSIS/DSP/Source/SupportFunctions/arm_float_to_q15.c **** /**
  36:./Libraries/CMSIS/DSP/Source/SupportFunctions/arm_float_to_q15.c ****   @addtogroup float_to_x
  37:./Libraries/CMSIS/DSP/Source/SupportFunctions/arm_float_to_q15.c ****   @{
  38:./Libraries/CMSIS/DSP/Source/SupportFunctions/arm_float_to_q15.c ****  */
  39:./Libraries/CMSIS/DSP/Source/SupportFunctions/arm_float_to_q15.c **** 
  40:./Libraries/CMSIS/DSP/Source/SupportFunctions/arm_float_to_q15.c **** /**
  41:./Libraries/CMSIS/DSP/Source/SupportFunctions/arm_float_to_q15.c ****   @brief         Converts the elements of the floating-point vector to Q15 vector.
  42:./Libraries/CMSIS/DSP/Source/SupportFunctions/arm_float_to_q15.c ****   @param[in]     pSrc       points to the floating-point input vector
  43:./Libraries/CMSIS/DSP/Source/SupportFunctions/arm_float_to_q15.c ****   @param[out]    pDst       points to the Q15 output vector
  44:./Libraries/CMSIS/DSP/Source/SupportFunctions/arm_float_to_q15.c ****   @param[in]     blockSize  number of samples in each vector
  45:./Libraries/CMSIS/DSP/Source/SupportFunctions/arm_float_to_q15.c ****   @return        none
  46:./Libraries/CMSIS/DSP/Source/SupportFunctions/arm_float_to_q15.c **** 
  47:./Libraries/CMSIS/DSP/Source/SupportFunctions/arm_float_to_q15.c ****   @par           Details
  48:./Libraries/CMSIS/DSP/Source/SupportFunctions/arm_float_to_q15.c ****                    The equation used for the conversion process is:
  49:./Libraries/CMSIS/DSP/Source/SupportFunctions/arm_float_to_q15.c ****   <pre>
  50:./Libraries/CMSIS/DSP/Source/SupportFunctions/arm_float_to_q15.c ****       pDst[n] = (q15_t)(pSrc[n] * 32768);   0 <= n < blockSize.
  51:./Libraries/CMSIS/DSP/Source/SupportFunctions/arm_float_to_q15.c ****   </pre>
  52:./Libraries/CMSIS/DSP/Source/SupportFunctions/arm_float_to_q15.c **** 
  53:./Libraries/CMSIS/DSP/Source/SupportFunctions/arm_float_to_q15.c ****   @par           Scaling and Overflow Behavior
  54:./Libraries/CMSIS/DSP/Source/SupportFunctions/arm_float_to_q15.c ****                    The function uses saturating arithmetic.
  55:./Libraries/CMSIS/DSP/Source/SupportFunctions/arm_float_to_q15.c ****                    Results outside of the allowable Q15 range [0x8000 0x7FFF] are saturated.
  56:./Libraries/CMSIS/DSP/Source/SupportFunctions/arm_float_to_q15.c **** 
  57:./Libraries/CMSIS/DSP/Source/SupportFunctions/arm_float_to_q15.c ****   @note
  58:./Libraries/CMSIS/DSP/Source/SupportFunctions/arm_float_to_q15.c ****                    In order to apply rounding, the library should be rebuilt with the ROUNDING macr
  59:./Libraries/CMSIS/DSP/Source/SupportFunctions/arm_float_to_q15.c ****                    defined in the preprocessor section of project options.
  60:./Libraries/CMSIS/DSP/Source/SupportFunctions/arm_float_to_q15.c ****  */
  61:./Libraries/CMSIS/DSP/Source/SupportFunctions/arm_float_to_q15.c **** #if defined(ARM_MATH_NEON_EXPERIMENTAL)
  62:./Libraries/CMSIS/DSP/Source/SupportFunctions/arm_float_to_q15.c **** void arm_float_to_q15(
  63:./Libraries/CMSIS/DSP/Source/SupportFunctions/arm_float_to_q15.c ****   const float32_t * pSrc,
  64:./Libraries/CMSIS/DSP/Source/SupportFunctions/arm_float_to_q15.c ****   q15_t * pDst,
  65:./Libraries/CMSIS/DSP/Source/SupportFunctions/arm_float_to_q15.c ****   uint32_t blockSize)
  66:./Libraries/CMSIS/DSP/Source/SupportFunctions/arm_float_to_q15.c **** {
  67:./Libraries/CMSIS/DSP/Source/SupportFunctions/arm_float_to_q15.c ****   const float32_t *pIn = pSrc;                         /* Src pointer */
  68:./Libraries/CMSIS/DSP/Source/SupportFunctions/arm_float_to_q15.c ****   uint32_t blkCnt;                               /* loop counter */
  69:./Libraries/CMSIS/DSP/Source/SupportFunctions/arm_float_to_q15.c **** 
  70:./Libraries/CMSIS/DSP/Source/SupportFunctions/arm_float_to_q15.c ****   float32_t in;
  71:./Libraries/CMSIS/DSP/Source/SupportFunctions/arm_float_to_q15.c ****   float32x4_t inV;
  72:./Libraries/CMSIS/DSP/Source/SupportFunctions/arm_float_to_q15.c ****   #ifdef ARM_MATH_ROUNDING
  73:./Libraries/CMSIS/DSP/Source/SupportFunctions/arm_float_to_q15.c ****   float32x4_t zeroV = vdupq_n_f32(0.0f);
  74:./Libraries/CMSIS/DSP/Source/SupportFunctions/arm_float_to_q15.c ****   float32x4_t pHalf = vdupq_n_f32(0.5f / 32768.0f);
  75:./Libraries/CMSIS/DSP/Source/SupportFunctions/arm_float_to_q15.c ****   float32x4_t mHalf = vdupq_n_f32(-0.5f / 32768.0f);
  76:./Libraries/CMSIS/DSP/Source/SupportFunctions/arm_float_to_q15.c ****   float32x4_t r;
  77:./Libraries/CMSIS/DSP/Source/SupportFunctions/arm_float_to_q15.c ****   uint32x4_t cmp;
  78:./Libraries/CMSIS/DSP/Source/SupportFunctions/arm_float_to_q15.c ****   #endif
  79:./Libraries/CMSIS/DSP/Source/SupportFunctions/arm_float_to_q15.c **** 
  80:./Libraries/CMSIS/DSP/Source/SupportFunctions/arm_float_to_q15.c ****   int32x4_t cvt;
  81:./Libraries/CMSIS/DSP/Source/SupportFunctions/arm_float_to_q15.c ****   int16x4_t outV;
  82:./Libraries/CMSIS/DSP/Source/SupportFunctions/arm_float_to_q15.c **** 
  83:./Libraries/CMSIS/DSP/Source/SupportFunctions/arm_float_to_q15.c ****   blkCnt = blockSize >> 2U;
  84:./Libraries/CMSIS/DSP/Source/SupportFunctions/arm_float_to_q15.c **** 
  85:./Libraries/CMSIS/DSP/Source/SupportFunctions/arm_float_to_q15.c ****   /* Compute 4 outputs at a time.
  86:./Libraries/CMSIS/DSP/Source/SupportFunctions/arm_float_to_q15.c ****    ** a second loop below computes the remaining 1 to 3 samples. */
  87:./Libraries/CMSIS/DSP/Source/SupportFunctions/arm_float_to_q15.c ****   while (blkCnt > 0U)
  88:./Libraries/CMSIS/DSP/Source/SupportFunctions/arm_float_to_q15.c ****   {
ARM GAS  /tmp/ccJ8TZep.s 			page 3


  89:./Libraries/CMSIS/DSP/Source/SupportFunctions/arm_float_to_q15.c **** 
  90:./Libraries/CMSIS/DSP/Source/SupportFunctions/arm_float_to_q15.c **** #ifdef ARM_MATH_ROUNDING
  91:./Libraries/CMSIS/DSP/Source/SupportFunctions/arm_float_to_q15.c ****     /* C = A * 32768 */
  92:./Libraries/CMSIS/DSP/Source/SupportFunctions/arm_float_to_q15.c ****     /* Convert from float to q15 and then store the results in the destination buffer */
  93:./Libraries/CMSIS/DSP/Source/SupportFunctions/arm_float_to_q15.c ****     inV = vld1q_f32(pIn);
  94:./Libraries/CMSIS/DSP/Source/SupportFunctions/arm_float_to_q15.c ****     cmp = vcgtq_f32(inV,zeroV);
  95:./Libraries/CMSIS/DSP/Source/SupportFunctions/arm_float_to_q15.c ****     r = vbslq_f32(cmp,pHalf,mHalf);
  96:./Libraries/CMSIS/DSP/Source/SupportFunctions/arm_float_to_q15.c ****     inV = vaddq_f32(inV, r);
  97:./Libraries/CMSIS/DSP/Source/SupportFunctions/arm_float_to_q15.c **** 
  98:./Libraries/CMSIS/DSP/Source/SupportFunctions/arm_float_to_q15.c ****     pIn += 4;
  99:./Libraries/CMSIS/DSP/Source/SupportFunctions/arm_float_to_q15.c **** 
 100:./Libraries/CMSIS/DSP/Source/SupportFunctions/arm_float_to_q15.c ****     cvt = vcvtq_n_s32_f32(inV,15);
 101:./Libraries/CMSIS/DSP/Source/SupportFunctions/arm_float_to_q15.c ****     outV = vqmovn_s32(cvt);
 102:./Libraries/CMSIS/DSP/Source/SupportFunctions/arm_float_to_q15.c **** 
 103:./Libraries/CMSIS/DSP/Source/SupportFunctions/arm_float_to_q15.c ****     vst1_s16(pDst, outV);
 104:./Libraries/CMSIS/DSP/Source/SupportFunctions/arm_float_to_q15.c ****     pDst += 4;
 105:./Libraries/CMSIS/DSP/Source/SupportFunctions/arm_float_to_q15.c **** 
 106:./Libraries/CMSIS/DSP/Source/SupportFunctions/arm_float_to_q15.c **** #else
 107:./Libraries/CMSIS/DSP/Source/SupportFunctions/arm_float_to_q15.c **** 
 108:./Libraries/CMSIS/DSP/Source/SupportFunctions/arm_float_to_q15.c ****     /* C = A * 32768 */
 109:./Libraries/CMSIS/DSP/Source/SupportFunctions/arm_float_to_q15.c ****     /* Convert from float to q15 and then store the results in the destination buffer */
 110:./Libraries/CMSIS/DSP/Source/SupportFunctions/arm_float_to_q15.c ****     inV = vld1q_f32(pIn);
 111:./Libraries/CMSIS/DSP/Source/SupportFunctions/arm_float_to_q15.c **** 
 112:./Libraries/CMSIS/DSP/Source/SupportFunctions/arm_float_to_q15.c ****     cvt = vcvtq_n_s32_f32(inV,15);
 113:./Libraries/CMSIS/DSP/Source/SupportFunctions/arm_float_to_q15.c ****     outV = vqmovn_s32(cvt);
 114:./Libraries/CMSIS/DSP/Source/SupportFunctions/arm_float_to_q15.c **** 
 115:./Libraries/CMSIS/DSP/Source/SupportFunctions/arm_float_to_q15.c ****     vst1_s16(pDst, outV);
 116:./Libraries/CMSIS/DSP/Source/SupportFunctions/arm_float_to_q15.c ****     pDst += 4;
 117:./Libraries/CMSIS/DSP/Source/SupportFunctions/arm_float_to_q15.c ****     pIn += 4;
 118:./Libraries/CMSIS/DSP/Source/SupportFunctions/arm_float_to_q15.c **** 
 119:./Libraries/CMSIS/DSP/Source/SupportFunctions/arm_float_to_q15.c **** #endif /*      #ifdef ARM_MATH_ROUNDING        */
 120:./Libraries/CMSIS/DSP/Source/SupportFunctions/arm_float_to_q15.c **** 
 121:./Libraries/CMSIS/DSP/Source/SupportFunctions/arm_float_to_q15.c ****     /* Decrement the loop counter */
 122:./Libraries/CMSIS/DSP/Source/SupportFunctions/arm_float_to_q15.c ****     blkCnt--;
 123:./Libraries/CMSIS/DSP/Source/SupportFunctions/arm_float_to_q15.c ****   }
 124:./Libraries/CMSIS/DSP/Source/SupportFunctions/arm_float_to_q15.c **** 
 125:./Libraries/CMSIS/DSP/Source/SupportFunctions/arm_float_to_q15.c ****   /* If the blockSize is not a multiple of 4, compute any remaining output samples here.
 126:./Libraries/CMSIS/DSP/Source/SupportFunctions/arm_float_to_q15.c ****    ** No loop unrolling is used. */
 127:./Libraries/CMSIS/DSP/Source/SupportFunctions/arm_float_to_q15.c ****   blkCnt = blockSize & 3;
 128:./Libraries/CMSIS/DSP/Source/SupportFunctions/arm_float_to_q15.c **** 
 129:./Libraries/CMSIS/DSP/Source/SupportFunctions/arm_float_to_q15.c ****   while (blkCnt > 0U)
 130:./Libraries/CMSIS/DSP/Source/SupportFunctions/arm_float_to_q15.c ****   {
 131:./Libraries/CMSIS/DSP/Source/SupportFunctions/arm_float_to_q15.c **** 
 132:./Libraries/CMSIS/DSP/Source/SupportFunctions/arm_float_to_q15.c **** #ifdef ARM_MATH_ROUNDING
 133:./Libraries/CMSIS/DSP/Source/SupportFunctions/arm_float_to_q15.c ****     /* C = A * 32768 */
 134:./Libraries/CMSIS/DSP/Source/SupportFunctions/arm_float_to_q15.c ****     /* Convert from float to q15 and then store the results in the destination buffer */
 135:./Libraries/CMSIS/DSP/Source/SupportFunctions/arm_float_to_q15.c ****     in = *pIn++;
 136:./Libraries/CMSIS/DSP/Source/SupportFunctions/arm_float_to_q15.c ****     in = (in * 32768.0f);
 137:./Libraries/CMSIS/DSP/Source/SupportFunctions/arm_float_to_q15.c ****     in += in > 0.0f ? 0.5f : -0.5f;
 138:./Libraries/CMSIS/DSP/Source/SupportFunctions/arm_float_to_q15.c ****     *pDst++ = (q15_t) (__SSAT((q31_t) (in), 16));
 139:./Libraries/CMSIS/DSP/Source/SupportFunctions/arm_float_to_q15.c **** 
 140:./Libraries/CMSIS/DSP/Source/SupportFunctions/arm_float_to_q15.c **** #else
 141:./Libraries/CMSIS/DSP/Source/SupportFunctions/arm_float_to_q15.c **** 
 142:./Libraries/CMSIS/DSP/Source/SupportFunctions/arm_float_to_q15.c ****     /* C = A * 32768 */
 143:./Libraries/CMSIS/DSP/Source/SupportFunctions/arm_float_to_q15.c ****     /* Convert from float to q15 and then store the results in the destination buffer */
 144:./Libraries/CMSIS/DSP/Source/SupportFunctions/arm_float_to_q15.c ****     *pDst++ = (q15_t) __SSAT((q31_t) (*pIn++ * 32768.0f), 16);
 145:./Libraries/CMSIS/DSP/Source/SupportFunctions/arm_float_to_q15.c **** 
ARM GAS  /tmp/ccJ8TZep.s 			page 4


 146:./Libraries/CMSIS/DSP/Source/SupportFunctions/arm_float_to_q15.c **** #endif /*      #ifdef ARM_MATH_ROUNDING        */
 147:./Libraries/CMSIS/DSP/Source/SupportFunctions/arm_float_to_q15.c **** 
 148:./Libraries/CMSIS/DSP/Source/SupportFunctions/arm_float_to_q15.c ****     /* Decrement the loop counter */
 149:./Libraries/CMSIS/DSP/Source/SupportFunctions/arm_float_to_q15.c ****     blkCnt--;
 150:./Libraries/CMSIS/DSP/Source/SupportFunctions/arm_float_to_q15.c ****   }
 151:./Libraries/CMSIS/DSP/Source/SupportFunctions/arm_float_to_q15.c **** }
 152:./Libraries/CMSIS/DSP/Source/SupportFunctions/arm_float_to_q15.c **** #else
 153:./Libraries/CMSIS/DSP/Source/SupportFunctions/arm_float_to_q15.c **** void arm_float_to_q15(
 154:./Libraries/CMSIS/DSP/Source/SupportFunctions/arm_float_to_q15.c ****   const float32_t * pSrc,
 155:./Libraries/CMSIS/DSP/Source/SupportFunctions/arm_float_to_q15.c ****         q15_t * pDst,
 156:./Libraries/CMSIS/DSP/Source/SupportFunctions/arm_float_to_q15.c ****         uint32_t blockSize)
 157:./Libraries/CMSIS/DSP/Source/SupportFunctions/arm_float_to_q15.c **** {
  28              		.loc 1 157 1
  29              		.cfi_startproc
  30              		@ args = 0, pretend = 0, frame = 32
  31              		@ frame_needed = 1, uses_anonymous_args = 0
  32              		@ link register save eliminated.
  33 0000 80B4     		push	{r7}
  34              	.LCFI0:
  35              		.cfi_def_cfa_offset 4
  36              		.cfi_offset 7, -4
  37 0002 89B0     		sub	sp, sp, #36
  38              	.LCFI1:
  39              		.cfi_def_cfa_offset 40
  40 0004 00AF     		add	r7, sp, #0
  41              	.LCFI2:
  42              		.cfi_def_cfa_register 7
  43 0006 F860     		str	r0, [r7, #12]
  44 0008 B960     		str	r1, [r7, #8]
  45 000a 7A60     		str	r2, [r7, #4]
 158:./Libraries/CMSIS/DSP/Source/SupportFunctions/arm_float_to_q15.c ****         uint32_t blkCnt;                               /* Loop counter */
 159:./Libraries/CMSIS/DSP/Source/SupportFunctions/arm_float_to_q15.c ****   const float32_t *pIn = pSrc;                         /* Source pointer */
  46              		.loc 1 159 20
  47 000c FB68     		ldr	r3, [r7, #12]
  48 000e BB61     		str	r3, [r7, #24]
 160:./Libraries/CMSIS/DSP/Source/SupportFunctions/arm_float_to_q15.c **** 
 161:./Libraries/CMSIS/DSP/Source/SupportFunctions/arm_float_to_q15.c **** #ifdef ARM_MATH_ROUNDING
 162:./Libraries/CMSIS/DSP/Source/SupportFunctions/arm_float_to_q15.c ****         float32_t in;
 163:./Libraries/CMSIS/DSP/Source/SupportFunctions/arm_float_to_q15.c **** #endif /* #ifdef ARM_MATH_ROUNDING */
 164:./Libraries/CMSIS/DSP/Source/SupportFunctions/arm_float_to_q15.c **** 
 165:./Libraries/CMSIS/DSP/Source/SupportFunctions/arm_float_to_q15.c **** #if defined (ARM_MATH_LOOPUNROLL)
 166:./Libraries/CMSIS/DSP/Source/SupportFunctions/arm_float_to_q15.c **** 
 167:./Libraries/CMSIS/DSP/Source/SupportFunctions/arm_float_to_q15.c ****   /* Loop unrolling: Compute 4 outputs at a time */
 168:./Libraries/CMSIS/DSP/Source/SupportFunctions/arm_float_to_q15.c ****   blkCnt = blockSize >> 2U;
 169:./Libraries/CMSIS/DSP/Source/SupportFunctions/arm_float_to_q15.c **** 
 170:./Libraries/CMSIS/DSP/Source/SupportFunctions/arm_float_to_q15.c ****   while (blkCnt > 0U)
 171:./Libraries/CMSIS/DSP/Source/SupportFunctions/arm_float_to_q15.c ****   {
 172:./Libraries/CMSIS/DSP/Source/SupportFunctions/arm_float_to_q15.c ****     /* C = A * 32768 */
 173:./Libraries/CMSIS/DSP/Source/SupportFunctions/arm_float_to_q15.c **** 
 174:./Libraries/CMSIS/DSP/Source/SupportFunctions/arm_float_to_q15.c ****     /* convert from float to Q15 and store result in destination buffer */
 175:./Libraries/CMSIS/DSP/Source/SupportFunctions/arm_float_to_q15.c **** #ifdef ARM_MATH_ROUNDING
 176:./Libraries/CMSIS/DSP/Source/SupportFunctions/arm_float_to_q15.c **** 
 177:./Libraries/CMSIS/DSP/Source/SupportFunctions/arm_float_to_q15.c ****     in = (*pIn++ * 32768.0f);
 178:./Libraries/CMSIS/DSP/Source/SupportFunctions/arm_float_to_q15.c ****     in += in > 0.0f ? 0.5f : -0.5f;
 179:./Libraries/CMSIS/DSP/Source/SupportFunctions/arm_float_to_q15.c ****     *pDst++ = (q15_t) (__SSAT((q31_t) (in), 16));
 180:./Libraries/CMSIS/DSP/Source/SupportFunctions/arm_float_to_q15.c **** 
 181:./Libraries/CMSIS/DSP/Source/SupportFunctions/arm_float_to_q15.c ****     in = (*pIn++ * 32768.0f);
ARM GAS  /tmp/ccJ8TZep.s 			page 5


 182:./Libraries/CMSIS/DSP/Source/SupportFunctions/arm_float_to_q15.c ****     in += in > 0.0f ? 0.5f : -0.5f;
 183:./Libraries/CMSIS/DSP/Source/SupportFunctions/arm_float_to_q15.c ****     *pDst++ = (q15_t) (__SSAT((q31_t) (in), 16));
 184:./Libraries/CMSIS/DSP/Source/SupportFunctions/arm_float_to_q15.c **** 
 185:./Libraries/CMSIS/DSP/Source/SupportFunctions/arm_float_to_q15.c ****     in = (*pIn++ * 32768.0f);
 186:./Libraries/CMSIS/DSP/Source/SupportFunctions/arm_float_to_q15.c ****     in += in > 0.0f ? 0.5f : -0.5f;
 187:./Libraries/CMSIS/DSP/Source/SupportFunctions/arm_float_to_q15.c ****     *pDst++ = (q15_t) (__SSAT((q31_t) (in), 16));
 188:./Libraries/CMSIS/DSP/Source/SupportFunctions/arm_float_to_q15.c **** 
 189:./Libraries/CMSIS/DSP/Source/SupportFunctions/arm_float_to_q15.c ****     in = (*pIn++ * 32768.0f);
 190:./Libraries/CMSIS/DSP/Source/SupportFunctions/arm_float_to_q15.c ****     in += in > 0.0f ? 0.5f : -0.5f;
 191:./Libraries/CMSIS/DSP/Source/SupportFunctions/arm_float_to_q15.c ****     *pDst++ = (q15_t) (__SSAT((q31_t) (in), 16));
 192:./Libraries/CMSIS/DSP/Source/SupportFunctions/arm_float_to_q15.c **** 
 193:./Libraries/CMSIS/DSP/Source/SupportFunctions/arm_float_to_q15.c **** #else
 194:./Libraries/CMSIS/DSP/Source/SupportFunctions/arm_float_to_q15.c **** 
 195:./Libraries/CMSIS/DSP/Source/SupportFunctions/arm_float_to_q15.c ****     *pDst++ = (q15_t) __SSAT((q31_t) (*pIn++ * 32768.0f), 16);
 196:./Libraries/CMSIS/DSP/Source/SupportFunctions/arm_float_to_q15.c ****     *pDst++ = (q15_t) __SSAT((q31_t) (*pIn++ * 32768.0f), 16);
 197:./Libraries/CMSIS/DSP/Source/SupportFunctions/arm_float_to_q15.c ****     *pDst++ = (q15_t) __SSAT((q31_t) (*pIn++ * 32768.0f), 16);
 198:./Libraries/CMSIS/DSP/Source/SupportFunctions/arm_float_to_q15.c ****     *pDst++ = (q15_t) __SSAT((q31_t) (*pIn++ * 32768.0f), 16);
 199:./Libraries/CMSIS/DSP/Source/SupportFunctions/arm_float_to_q15.c **** 
 200:./Libraries/CMSIS/DSP/Source/SupportFunctions/arm_float_to_q15.c **** #endif /* #ifdef ARM_MATH_ROUNDING */
 201:./Libraries/CMSIS/DSP/Source/SupportFunctions/arm_float_to_q15.c **** 
 202:./Libraries/CMSIS/DSP/Source/SupportFunctions/arm_float_to_q15.c ****     /* Decrement loop counter */
 203:./Libraries/CMSIS/DSP/Source/SupportFunctions/arm_float_to_q15.c ****     blkCnt--;
 204:./Libraries/CMSIS/DSP/Source/SupportFunctions/arm_float_to_q15.c ****   }
 205:./Libraries/CMSIS/DSP/Source/SupportFunctions/arm_float_to_q15.c **** 
 206:./Libraries/CMSIS/DSP/Source/SupportFunctions/arm_float_to_q15.c ****   /* Loop unrolling: Compute remaining outputs */
 207:./Libraries/CMSIS/DSP/Source/SupportFunctions/arm_float_to_q15.c ****   blkCnt = blockSize % 0x4U;
 208:./Libraries/CMSIS/DSP/Source/SupportFunctions/arm_float_to_q15.c **** 
 209:./Libraries/CMSIS/DSP/Source/SupportFunctions/arm_float_to_q15.c **** #else
 210:./Libraries/CMSIS/DSP/Source/SupportFunctions/arm_float_to_q15.c **** 
 211:./Libraries/CMSIS/DSP/Source/SupportFunctions/arm_float_to_q15.c ****   /* Initialize blkCnt with number of samples */
 212:./Libraries/CMSIS/DSP/Source/SupportFunctions/arm_float_to_q15.c ****   blkCnt = blockSize;
  49              		.loc 1 212 10
  50 0010 7B68     		ldr	r3, [r7, #4]
  51 0012 FB61     		str	r3, [r7, #28]
 213:./Libraries/CMSIS/DSP/Source/SupportFunctions/arm_float_to_q15.c **** 
 214:./Libraries/CMSIS/DSP/Source/SupportFunctions/arm_float_to_q15.c **** #endif /* #if defined (ARM_MATH_LOOPUNROLL) */
 215:./Libraries/CMSIS/DSP/Source/SupportFunctions/arm_float_to_q15.c **** 
 216:./Libraries/CMSIS/DSP/Source/SupportFunctions/arm_float_to_q15.c ****   while (blkCnt > 0U)
  52              		.loc 1 216 9
  53 0014 1AE0     		b	.L2
  54              	.L3:
  55              	.LBB2:
 217:./Libraries/CMSIS/DSP/Source/SupportFunctions/arm_float_to_q15.c ****   {
 218:./Libraries/CMSIS/DSP/Source/SupportFunctions/arm_float_to_q15.c ****     /* C = A * 32768 */
 219:./Libraries/CMSIS/DSP/Source/SupportFunctions/arm_float_to_q15.c **** 
 220:./Libraries/CMSIS/DSP/Source/SupportFunctions/arm_float_to_q15.c ****     /* convert from float to Q15 and store result in destination buffer */
 221:./Libraries/CMSIS/DSP/Source/SupportFunctions/arm_float_to_q15.c **** #ifdef ARM_MATH_ROUNDING
 222:./Libraries/CMSIS/DSP/Source/SupportFunctions/arm_float_to_q15.c **** 
 223:./Libraries/CMSIS/DSP/Source/SupportFunctions/arm_float_to_q15.c ****     in = (*pIn++ * 32768.0f);
 224:./Libraries/CMSIS/DSP/Source/SupportFunctions/arm_float_to_q15.c ****     in += in > 0.0f ? 0.5f : -0.5f;
 225:./Libraries/CMSIS/DSP/Source/SupportFunctions/arm_float_to_q15.c ****     *pDst++ = (q15_t) (__SSAT((q31_t) (in), 16));
 226:./Libraries/CMSIS/DSP/Source/SupportFunctions/arm_float_to_q15.c **** 
 227:./Libraries/CMSIS/DSP/Source/SupportFunctions/arm_float_to_q15.c **** #else
 228:./Libraries/CMSIS/DSP/Source/SupportFunctions/arm_float_to_q15.c **** 
 229:./Libraries/CMSIS/DSP/Source/SupportFunctions/arm_float_to_q15.c ****     /* C = A * 32768 */
 230:./Libraries/CMSIS/DSP/Source/SupportFunctions/arm_float_to_q15.c ****     /* Convert from float to q15 and then store the results in the destination buffer */
 231:./Libraries/CMSIS/DSP/Source/SupportFunctions/arm_float_to_q15.c ****     *pDst++ = (q15_t) __SSAT((q31_t) (*pIn++ * 32768.0f), 16);
ARM GAS  /tmp/ccJ8TZep.s 			page 6


  56              		.loc 1 231 23
  57 0016 BB69     		ldr	r3, [r7, #24]
  58 0018 1A1D     		adds	r2, r3, #4
  59 001a BA61     		str	r2, [r7, #24]
  60 001c D3ED007A 		vldr.32	s15, [r3]
  61 0020 9FED0F7A 		vldr.32	s14, .L4
  62 0024 67EE877A 		vmul.f32	s15, s15, s14
  63 0028 FDEEE77A 		vcvt.s32.f32	s15, s15
  64 002c 17EE903A 		vmov	r3, s15	@ int
  65 0030 7B61     		str	r3, [r7, #20]
  66 0032 7B69     		ldr	r3, [r7, #20]
  67              		.syntax unified
  68              	@ 231 "./Libraries/CMSIS/DSP/Source/SupportFunctions/arm_float_to_q15.c" 1
  69 0034 03F30F03 		ssat r3, #16, r3
  70              	@ 0 "" 2
  71              		.thumb
  72              		.syntax unified
  73 0038 3B61     		str	r3, [r7, #16]
  74 003a 3969     		ldr	r1, [r7, #16]
  75              	.LBE2:
  76              		.loc 1 231 10
  77 003c BB68     		ldr	r3, [r7, #8]
  78 003e 9A1C     		adds	r2, r3, #2
  79 0040 BA60     		str	r2, [r7, #8]
  80              		.loc 1 231 15
  81 0042 0AB2     		sxth	r2, r1
  82              		.loc 1 231 13
  83 0044 1A80     		strh	r2, [r3]	@ movhi
 232:./Libraries/CMSIS/DSP/Source/SupportFunctions/arm_float_to_q15.c **** 
 233:./Libraries/CMSIS/DSP/Source/SupportFunctions/arm_float_to_q15.c **** #endif /* #ifdef ARM_MATH_ROUNDING */
 234:./Libraries/CMSIS/DSP/Source/SupportFunctions/arm_float_to_q15.c **** 
 235:./Libraries/CMSIS/DSP/Source/SupportFunctions/arm_float_to_q15.c ****     /* Decrement loop counter */
 236:./Libraries/CMSIS/DSP/Source/SupportFunctions/arm_float_to_q15.c ****     blkCnt--;
  84              		.loc 1 236 11
  85 0046 FB69     		ldr	r3, [r7, #28]
  86 0048 013B     		subs	r3, r3, #1
  87 004a FB61     		str	r3, [r7, #28]
  88              	.L2:
 216:./Libraries/CMSIS/DSP/Source/SupportFunctions/arm_float_to_q15.c ****   {
  89              		.loc 1 216 9
  90 004c FB69     		ldr	r3, [r7, #28]
  91 004e 002B     		cmp	r3, #0
  92 0050 E1D1     		bne	.L3
 237:./Libraries/CMSIS/DSP/Source/SupportFunctions/arm_float_to_q15.c ****   }
 238:./Libraries/CMSIS/DSP/Source/SupportFunctions/arm_float_to_q15.c **** 
 239:./Libraries/CMSIS/DSP/Source/SupportFunctions/arm_float_to_q15.c **** }
  93              		.loc 1 239 1
  94 0052 00BF     		nop
  95 0054 00BF     		nop
  96 0056 2437     		adds	r7, r7, #36
  97              	.LCFI3:
  98              		.cfi_def_cfa_offset 4
  99 0058 BD46     		mov	sp, r7
 100              	.LCFI4:
 101              		.cfi_def_cfa_register 13
 102              		@ sp needed
 103 005a 5DF8047B 		ldr	r7, [sp], #4
ARM GAS  /tmp/ccJ8TZep.s 			page 7


 104              	.LCFI5:
 105              		.cfi_restore 7
 106              		.cfi_def_cfa_offset 0
 107 005e 7047     		bx	lr
 108              	.L5:
 109              		.align	2
 110              	.L4:
 111 0060 00000047 		.word	1191182336
 112              		.cfi_endproc
 113              	.LFE145:
 115              		.text
 116              	.Letext0:
 117              		.file 2 "/usr/lib/gcc/arm-none-eabi/9.2.1/include/stdint.h"
 118              		.file 3 "/usr/lib/gcc/arm-none-eabi/9.2.1/include/stddef.h"
 119              		.file 4 "/usr/include/newlib/sys/_types.h"
 120              		.file 5 "/usr/include/newlib/sys/reent.h"
 121              		.file 6 "/usr/include/newlib/sys/lock.h"
 122              		.file 7 "/usr/include/newlib/math.h"
 123              		.file 8 "./Libraries/CMSIS/DSP/Include/arm_math.h"
ARM GAS  /tmp/ccJ8TZep.s 			page 8


DEFINED SYMBOLS
                            *ABS*:0000000000000000 arm_float_to_q15.c
     /tmp/ccJ8TZep.s:17     .text.arm_float_to_q15:0000000000000000 $t
     /tmp/ccJ8TZep.s:25     .text.arm_float_to_q15:0000000000000000 arm_float_to_q15
     /tmp/ccJ8TZep.s:111    .text.arm_float_to_q15:0000000000000060 $d

NO UNDEFINED SYMBOLS
