ARM GAS  /tmp/ccbZnpeY.s 			page 1


   1              		.cpu cortex-m7
   2              		.eabi_attribute 28, 1
   3              		.eabi_attribute 20, 1
   4              		.eabi_attribute 21, 1
   5              		.eabi_attribute 23, 3
   6              		.eabi_attribute 24, 1
   7              		.eabi_attribute 25, 1
   8              		.eabi_attribute 26, 1
   9              		.eabi_attribute 30, 6
  10              		.eabi_attribute 34, 1
  11              		.eabi_attribute 18, 4
  12              		.file	"arm_fir_q7.c"
  13              		.text
  14              	.Ltext0:
  15              		.cfi_sections	.debug_frame
  16              		.section	.text.arm_fir_q7,"ax",%progbits
  17              		.align	1
  18              		.global	arm_fir_q7
  19              		.arch armv7e-m
  20              		.syntax unified
  21              		.thumb
  22              		.thumb_func
  23              		.fpu fpv5-d16
  25              	arm_fir_q7:
  26              	.LFB145:
  27              		.file 1 "./Libraries/CMSIS/DSP/Source/FilteringFunctions/arm_fir_q7.c"
   1:./Libraries/CMSIS/DSP/Source/FilteringFunctions/arm_fir_q7.c **** /* ----------------------------------------------------------------------
   2:./Libraries/CMSIS/DSP/Source/FilteringFunctions/arm_fir_q7.c ****  * Project:      CMSIS DSP Library
   3:./Libraries/CMSIS/DSP/Source/FilteringFunctions/arm_fir_q7.c ****  * Title:        arm_fir_q7.c
   4:./Libraries/CMSIS/DSP/Source/FilteringFunctions/arm_fir_q7.c ****  * Description:  Q7 FIR filter processing function
   5:./Libraries/CMSIS/DSP/Source/FilteringFunctions/arm_fir_q7.c ****  *
   6:./Libraries/CMSIS/DSP/Source/FilteringFunctions/arm_fir_q7.c ****  * $Date:        18. March 2019
   7:./Libraries/CMSIS/DSP/Source/FilteringFunctions/arm_fir_q7.c ****  * $Revision:    V1.6.0
   8:./Libraries/CMSIS/DSP/Source/FilteringFunctions/arm_fir_q7.c ****  *
   9:./Libraries/CMSIS/DSP/Source/FilteringFunctions/arm_fir_q7.c ****  * Target Processor: Cortex-M cores
  10:./Libraries/CMSIS/DSP/Source/FilteringFunctions/arm_fir_q7.c ****  * -------------------------------------------------------------------- */
  11:./Libraries/CMSIS/DSP/Source/FilteringFunctions/arm_fir_q7.c **** /*
  12:./Libraries/CMSIS/DSP/Source/FilteringFunctions/arm_fir_q7.c ****  * Copyright (C) 2010-2019 ARM Limited or its affiliates. All rights reserved.
  13:./Libraries/CMSIS/DSP/Source/FilteringFunctions/arm_fir_q7.c ****  *
  14:./Libraries/CMSIS/DSP/Source/FilteringFunctions/arm_fir_q7.c ****  * SPDX-License-Identifier: Apache-2.0
  15:./Libraries/CMSIS/DSP/Source/FilteringFunctions/arm_fir_q7.c ****  *
  16:./Libraries/CMSIS/DSP/Source/FilteringFunctions/arm_fir_q7.c ****  * Licensed under the Apache License, Version 2.0 (the License); you may
  17:./Libraries/CMSIS/DSP/Source/FilteringFunctions/arm_fir_q7.c ****  * not use this file except in compliance with the License.
  18:./Libraries/CMSIS/DSP/Source/FilteringFunctions/arm_fir_q7.c ****  * You may obtain a copy of the License at
  19:./Libraries/CMSIS/DSP/Source/FilteringFunctions/arm_fir_q7.c ****  *
  20:./Libraries/CMSIS/DSP/Source/FilteringFunctions/arm_fir_q7.c ****  * www.apache.org/licenses/LICENSE-2.0
  21:./Libraries/CMSIS/DSP/Source/FilteringFunctions/arm_fir_q7.c ****  *
  22:./Libraries/CMSIS/DSP/Source/FilteringFunctions/arm_fir_q7.c ****  * Unless required by applicable law or agreed to in writing, software
  23:./Libraries/CMSIS/DSP/Source/FilteringFunctions/arm_fir_q7.c ****  * distributed under the License is distributed on an AS IS BASIS, WITHOUT
  24:./Libraries/CMSIS/DSP/Source/FilteringFunctions/arm_fir_q7.c ****  * WARRANTIES OR CONDITIONS OF ANY KIND, either express or implied.
  25:./Libraries/CMSIS/DSP/Source/FilteringFunctions/arm_fir_q7.c ****  * See the License for the specific language governing permissions and
  26:./Libraries/CMSIS/DSP/Source/FilteringFunctions/arm_fir_q7.c ****  * limitations under the License.
  27:./Libraries/CMSIS/DSP/Source/FilteringFunctions/arm_fir_q7.c ****  */
  28:./Libraries/CMSIS/DSP/Source/FilteringFunctions/arm_fir_q7.c **** 
  29:./Libraries/CMSIS/DSP/Source/FilteringFunctions/arm_fir_q7.c **** #include "arm_math.h"
  30:./Libraries/CMSIS/DSP/Source/FilteringFunctions/arm_fir_q7.c **** 
  31:./Libraries/CMSIS/DSP/Source/FilteringFunctions/arm_fir_q7.c **** /**
ARM GAS  /tmp/ccbZnpeY.s 			page 2


  32:./Libraries/CMSIS/DSP/Source/FilteringFunctions/arm_fir_q7.c ****   @ingroup groupFilters
  33:./Libraries/CMSIS/DSP/Source/FilteringFunctions/arm_fir_q7.c ****  */
  34:./Libraries/CMSIS/DSP/Source/FilteringFunctions/arm_fir_q7.c **** 
  35:./Libraries/CMSIS/DSP/Source/FilteringFunctions/arm_fir_q7.c **** /**
  36:./Libraries/CMSIS/DSP/Source/FilteringFunctions/arm_fir_q7.c ****   @addtogroup FIR
  37:./Libraries/CMSIS/DSP/Source/FilteringFunctions/arm_fir_q7.c ****   @{
  38:./Libraries/CMSIS/DSP/Source/FilteringFunctions/arm_fir_q7.c ****  */
  39:./Libraries/CMSIS/DSP/Source/FilteringFunctions/arm_fir_q7.c **** 
  40:./Libraries/CMSIS/DSP/Source/FilteringFunctions/arm_fir_q7.c **** /**
  41:./Libraries/CMSIS/DSP/Source/FilteringFunctions/arm_fir_q7.c ****   @brief         Processing function for Q7 FIR filter.
  42:./Libraries/CMSIS/DSP/Source/FilteringFunctions/arm_fir_q7.c ****   @param[in]     S          points to an instance of the Q7 FIR filter structure
  43:./Libraries/CMSIS/DSP/Source/FilteringFunctions/arm_fir_q7.c ****   @param[in]     pSrc       points to the block of input data
  44:./Libraries/CMSIS/DSP/Source/FilteringFunctions/arm_fir_q7.c ****   @param[out]    pDst       points to the block of output data
  45:./Libraries/CMSIS/DSP/Source/FilteringFunctions/arm_fir_q7.c ****   @param[in]     blockSize  number of samples to process
  46:./Libraries/CMSIS/DSP/Source/FilteringFunctions/arm_fir_q7.c ****   @return        none
  47:./Libraries/CMSIS/DSP/Source/FilteringFunctions/arm_fir_q7.c **** 
  48:./Libraries/CMSIS/DSP/Source/FilteringFunctions/arm_fir_q7.c ****   @par           Scaling and Overflow Behavior
  49:./Libraries/CMSIS/DSP/Source/FilteringFunctions/arm_fir_q7.c ****                    The function is implemented using a 32-bit internal accumulator.
  50:./Libraries/CMSIS/DSP/Source/FilteringFunctions/arm_fir_q7.c ****                    Both coefficients and state variables are represented in 1.7 format and multipli
  51:./Libraries/CMSIS/DSP/Source/FilteringFunctions/arm_fir_q7.c ****                    The 2.14 intermediate results are accumulated in a 32-bit accumulator in 18.14 f
  52:./Libraries/CMSIS/DSP/Source/FilteringFunctions/arm_fir_q7.c ****                    There is no risk of internal overflow with this approach and the full precision 
  53:./Libraries/CMSIS/DSP/Source/FilteringFunctions/arm_fir_q7.c ****                    The accumulator is converted to 18.7 format by discarding the low 7 bits.
  54:./Libraries/CMSIS/DSP/Source/FilteringFunctions/arm_fir_q7.c ****                    Finally, the result is truncated to 1.7 format.
  55:./Libraries/CMSIS/DSP/Source/FilteringFunctions/arm_fir_q7.c ****  */
  56:./Libraries/CMSIS/DSP/Source/FilteringFunctions/arm_fir_q7.c **** 
  57:./Libraries/CMSIS/DSP/Source/FilteringFunctions/arm_fir_q7.c **** void arm_fir_q7(
  58:./Libraries/CMSIS/DSP/Source/FilteringFunctions/arm_fir_q7.c ****   const arm_fir_instance_q7 * S,
  59:./Libraries/CMSIS/DSP/Source/FilteringFunctions/arm_fir_q7.c ****   const q7_t * pSrc,
  60:./Libraries/CMSIS/DSP/Source/FilteringFunctions/arm_fir_q7.c ****         q7_t * pDst,
  61:./Libraries/CMSIS/DSP/Source/FilteringFunctions/arm_fir_q7.c ****         uint32_t blockSize)
  62:./Libraries/CMSIS/DSP/Source/FilteringFunctions/arm_fir_q7.c **** {
  28              		.loc 1 62 1
  29              		.cfi_startproc
  30              		@ args = 0, pretend = 0, frame = 64
  31              		@ frame_needed = 1, uses_anonymous_args = 0
  32              		@ link register save eliminated.
  33 0000 80B4     		push	{r7}
  34              	.LCFI0:
  35              		.cfi_def_cfa_offset 4
  36              		.cfi_offset 7, -4
  37 0002 91B0     		sub	sp, sp, #68
  38              	.LCFI1:
  39              		.cfi_def_cfa_offset 72
  40 0004 00AF     		add	r7, sp, #0
  41              	.LCFI2:
  42              		.cfi_def_cfa_register 7
  43 0006 F860     		str	r0, [r7, #12]
  44 0008 B960     		str	r1, [r7, #8]
  45 000a 7A60     		str	r2, [r7, #4]
  46 000c 3B60     		str	r3, [r7]
  63:./Libraries/CMSIS/DSP/Source/FilteringFunctions/arm_fir_q7.c ****         q7_t *pState = S->pState;                      /* State pointer */
  47              		.loc 1 63 15
  48 000e FB68     		ldr	r3, [r7, #12]
  49 0010 5B68     		ldr	r3, [r3, #4]
  50 0012 FB63     		str	r3, [r7, #60]
  64:./Libraries/CMSIS/DSP/Source/FilteringFunctions/arm_fir_q7.c ****   const q7_t *pCoeffs = S->pCoeffs;                    /* Coefficient pointer */
  51              		.loc 1 64 15
ARM GAS  /tmp/ccbZnpeY.s 			page 3


  52 0014 FB68     		ldr	r3, [r7, #12]
  53 0016 9B68     		ldr	r3, [r3, #8]
  54 0018 FB61     		str	r3, [r7, #28]
  65:./Libraries/CMSIS/DSP/Source/FilteringFunctions/arm_fir_q7.c ****         q7_t *pStateCurnt;                             /* Points to the current sample of the state
  66:./Libraries/CMSIS/DSP/Source/FilteringFunctions/arm_fir_q7.c ****         q7_t *px;                                      /* Temporary pointer for state buffer */
  67:./Libraries/CMSIS/DSP/Source/FilteringFunctions/arm_fir_q7.c ****   const q7_t *pb;                                      /* Temporary pointer for coefficient buffer 
  68:./Libraries/CMSIS/DSP/Source/FilteringFunctions/arm_fir_q7.c ****         q31_t acc0;                                    /* Accumulators */
  69:./Libraries/CMSIS/DSP/Source/FilteringFunctions/arm_fir_q7.c ****         uint32_t numTaps = S->numTaps;                 /* Number of filter coefficients in the filt
  55              		.loc 1 69 29
  56 001a FB68     		ldr	r3, [r7, #12]
  57 001c 1B88     		ldrh	r3, [r3]
  58              		.loc 1 69 18
  59 001e BB61     		str	r3, [r7, #24]
  70:./Libraries/CMSIS/DSP/Source/FilteringFunctions/arm_fir_q7.c ****         uint32_t i, tapCnt, blkCnt;                    /* Loop counters */
  71:./Libraries/CMSIS/DSP/Source/FilteringFunctions/arm_fir_q7.c **** 
  72:./Libraries/CMSIS/DSP/Source/FilteringFunctions/arm_fir_q7.c **** #if defined (ARM_MATH_LOOPUNROLL)
  73:./Libraries/CMSIS/DSP/Source/FilteringFunctions/arm_fir_q7.c ****         q31_t acc1, acc2, acc3;                        /* Accumulators */
  74:./Libraries/CMSIS/DSP/Source/FilteringFunctions/arm_fir_q7.c ****         q7_t x0, x1, x2, x3, c0;                       /* Temporary variables to hold state */
  75:./Libraries/CMSIS/DSP/Source/FilteringFunctions/arm_fir_q7.c **** #endif
  76:./Libraries/CMSIS/DSP/Source/FilteringFunctions/arm_fir_q7.c **** 
  77:./Libraries/CMSIS/DSP/Source/FilteringFunctions/arm_fir_q7.c ****   /* S->pState points to state array which contains previous frame (numTaps - 1) samples */
  78:./Libraries/CMSIS/DSP/Source/FilteringFunctions/arm_fir_q7.c ****   /* pStateCurnt points to the location where the new input data should be written */
  79:./Libraries/CMSIS/DSP/Source/FilteringFunctions/arm_fir_q7.c ****   pStateCurnt = &(S->pState[(numTaps - 1U)]);
  60              		.loc 1 79 20
  61 0020 FB68     		ldr	r3, [r7, #12]
  62 0022 5A68     		ldr	r2, [r3, #4]
  63              		.loc 1 79 28
  64 0024 BB69     		ldr	r3, [r7, #24]
  65 0026 013B     		subs	r3, r3, #1
  66              		.loc 1 79 15
  67 0028 1344     		add	r3, r3, r2
  68 002a BB63     		str	r3, [r7, #56]
  80:./Libraries/CMSIS/DSP/Source/FilteringFunctions/arm_fir_q7.c **** 
  81:./Libraries/CMSIS/DSP/Source/FilteringFunctions/arm_fir_q7.c **** #if defined (ARM_MATH_LOOPUNROLL)
  82:./Libraries/CMSIS/DSP/Source/FilteringFunctions/arm_fir_q7.c **** 
  83:./Libraries/CMSIS/DSP/Source/FilteringFunctions/arm_fir_q7.c ****   /* Loop unrolling: Compute 4 output values simultaneously.
  84:./Libraries/CMSIS/DSP/Source/FilteringFunctions/arm_fir_q7.c ****    * The variables acc0 ... acc3 hold output values that are being computed:
  85:./Libraries/CMSIS/DSP/Source/FilteringFunctions/arm_fir_q7.c ****    *
  86:./Libraries/CMSIS/DSP/Source/FilteringFunctions/arm_fir_q7.c ****    *    acc0 =  b[numTaps-1] * x[n-numTaps-1] + b[numTaps-2] * x[n-numTaps-2] + b[numTaps-3] * x[n-
  87:./Libraries/CMSIS/DSP/Source/FilteringFunctions/arm_fir_q7.c ****    *    acc1 =  b[numTaps-1] * x[n-numTaps]   + b[numTaps-2] * x[n-numTaps-1] + b[numTaps-3] * x[n-
  88:./Libraries/CMSIS/DSP/Source/FilteringFunctions/arm_fir_q7.c ****    *    acc2 =  b[numTaps-1] * x[n-numTaps+1] + b[numTaps-2] * x[n-numTaps]   + b[numTaps-3] * x[n-
  89:./Libraries/CMSIS/DSP/Source/FilteringFunctions/arm_fir_q7.c ****    *    acc3 =  b[numTaps-1] * x[n-numTaps+2] + b[numTaps-2] * x[n-numTaps+1] + b[numTaps-3] * x[n-
  90:./Libraries/CMSIS/DSP/Source/FilteringFunctions/arm_fir_q7.c ****    */
  91:./Libraries/CMSIS/DSP/Source/FilteringFunctions/arm_fir_q7.c ****   blkCnt = blockSize >> 2U;
  92:./Libraries/CMSIS/DSP/Source/FilteringFunctions/arm_fir_q7.c **** 
  93:./Libraries/CMSIS/DSP/Source/FilteringFunctions/arm_fir_q7.c ****   while (blkCnt > 0U)
  94:./Libraries/CMSIS/DSP/Source/FilteringFunctions/arm_fir_q7.c ****   {
  95:./Libraries/CMSIS/DSP/Source/FilteringFunctions/arm_fir_q7.c ****     /* Copy 4 new input samples into the state buffer. */
  96:./Libraries/CMSIS/DSP/Source/FilteringFunctions/arm_fir_q7.c ****     *pStateCurnt++ = *pSrc++;
  97:./Libraries/CMSIS/DSP/Source/FilteringFunctions/arm_fir_q7.c ****     *pStateCurnt++ = *pSrc++;
  98:./Libraries/CMSIS/DSP/Source/FilteringFunctions/arm_fir_q7.c ****     *pStateCurnt++ = *pSrc++;
  99:./Libraries/CMSIS/DSP/Source/FilteringFunctions/arm_fir_q7.c ****     *pStateCurnt++ = *pSrc++;
 100:./Libraries/CMSIS/DSP/Source/FilteringFunctions/arm_fir_q7.c **** 
 101:./Libraries/CMSIS/DSP/Source/FilteringFunctions/arm_fir_q7.c ****     /* Set all accumulators to zero */
 102:./Libraries/CMSIS/DSP/Source/FilteringFunctions/arm_fir_q7.c ****     acc0 = 0;
 103:./Libraries/CMSIS/DSP/Source/FilteringFunctions/arm_fir_q7.c ****     acc1 = 0;
 104:./Libraries/CMSIS/DSP/Source/FilteringFunctions/arm_fir_q7.c ****     acc2 = 0;
ARM GAS  /tmp/ccbZnpeY.s 			page 4


 105:./Libraries/CMSIS/DSP/Source/FilteringFunctions/arm_fir_q7.c ****     acc3 = 0;
 106:./Libraries/CMSIS/DSP/Source/FilteringFunctions/arm_fir_q7.c **** 
 107:./Libraries/CMSIS/DSP/Source/FilteringFunctions/arm_fir_q7.c ****     /* Initialize state pointer */
 108:./Libraries/CMSIS/DSP/Source/FilteringFunctions/arm_fir_q7.c ****     px = pState;
 109:./Libraries/CMSIS/DSP/Source/FilteringFunctions/arm_fir_q7.c **** 
 110:./Libraries/CMSIS/DSP/Source/FilteringFunctions/arm_fir_q7.c ****     /* Initialize coefficient pointer */
 111:./Libraries/CMSIS/DSP/Source/FilteringFunctions/arm_fir_q7.c ****     pb = pCoeffs;
 112:./Libraries/CMSIS/DSP/Source/FilteringFunctions/arm_fir_q7.c **** 
 113:./Libraries/CMSIS/DSP/Source/FilteringFunctions/arm_fir_q7.c ****     /* Read the first 3 samples from the state buffer:
 114:./Libraries/CMSIS/DSP/Source/FilteringFunctions/arm_fir_q7.c ****      *  x[n-numTaps], x[n-numTaps-1], x[n-numTaps-2] */
 115:./Libraries/CMSIS/DSP/Source/FilteringFunctions/arm_fir_q7.c ****     x0 = *px++;
 116:./Libraries/CMSIS/DSP/Source/FilteringFunctions/arm_fir_q7.c ****     x1 = *px++;
 117:./Libraries/CMSIS/DSP/Source/FilteringFunctions/arm_fir_q7.c ****     x2 = *px++;
 118:./Libraries/CMSIS/DSP/Source/FilteringFunctions/arm_fir_q7.c **** 
 119:./Libraries/CMSIS/DSP/Source/FilteringFunctions/arm_fir_q7.c ****     /* Loop unrolling. Process 4 taps at a time. */
 120:./Libraries/CMSIS/DSP/Source/FilteringFunctions/arm_fir_q7.c ****     tapCnt = numTaps >> 2U;
 121:./Libraries/CMSIS/DSP/Source/FilteringFunctions/arm_fir_q7.c **** 
 122:./Libraries/CMSIS/DSP/Source/FilteringFunctions/arm_fir_q7.c ****     /* Loop over the number of taps.  Unroll by a factor of 4.
 123:./Libraries/CMSIS/DSP/Source/FilteringFunctions/arm_fir_q7.c ****        Repeat until we've computed numTaps-4 coefficients. */
 124:./Libraries/CMSIS/DSP/Source/FilteringFunctions/arm_fir_q7.c ****     while (tapCnt > 0U)
 125:./Libraries/CMSIS/DSP/Source/FilteringFunctions/arm_fir_q7.c ****     {
 126:./Libraries/CMSIS/DSP/Source/FilteringFunctions/arm_fir_q7.c ****       /* Read the b[numTaps] coefficient */
 127:./Libraries/CMSIS/DSP/Source/FilteringFunctions/arm_fir_q7.c ****       c0 = *pb;
 128:./Libraries/CMSIS/DSP/Source/FilteringFunctions/arm_fir_q7.c **** 
 129:./Libraries/CMSIS/DSP/Source/FilteringFunctions/arm_fir_q7.c ****       /* Read x[n-numTaps-3] sample */
 130:./Libraries/CMSIS/DSP/Source/FilteringFunctions/arm_fir_q7.c ****       x3 = *px;
 131:./Libraries/CMSIS/DSP/Source/FilteringFunctions/arm_fir_q7.c **** 
 132:./Libraries/CMSIS/DSP/Source/FilteringFunctions/arm_fir_q7.c ****       /* acc0 +=  b[numTaps] * x[n-numTaps] */
 133:./Libraries/CMSIS/DSP/Source/FilteringFunctions/arm_fir_q7.c ****       acc0 += ((q15_t) x0 * c0);
 134:./Libraries/CMSIS/DSP/Source/FilteringFunctions/arm_fir_q7.c **** 
 135:./Libraries/CMSIS/DSP/Source/FilteringFunctions/arm_fir_q7.c ****       /* acc1 +=  b[numTaps] * x[n-numTaps-1] */
 136:./Libraries/CMSIS/DSP/Source/FilteringFunctions/arm_fir_q7.c ****       acc1 += ((q15_t) x1 * c0);
 137:./Libraries/CMSIS/DSP/Source/FilteringFunctions/arm_fir_q7.c **** 
 138:./Libraries/CMSIS/DSP/Source/FilteringFunctions/arm_fir_q7.c ****       /* acc2 +=  b[numTaps] * x[n-numTaps-2] */
 139:./Libraries/CMSIS/DSP/Source/FilteringFunctions/arm_fir_q7.c ****       acc2 += ((q15_t) x2 * c0);
 140:./Libraries/CMSIS/DSP/Source/FilteringFunctions/arm_fir_q7.c **** 
 141:./Libraries/CMSIS/DSP/Source/FilteringFunctions/arm_fir_q7.c ****       /* acc3 +=  b[numTaps] * x[n-numTaps-3] */
 142:./Libraries/CMSIS/DSP/Source/FilteringFunctions/arm_fir_q7.c ****       acc3 += ((q15_t) x3 * c0);
 143:./Libraries/CMSIS/DSP/Source/FilteringFunctions/arm_fir_q7.c **** 
 144:./Libraries/CMSIS/DSP/Source/FilteringFunctions/arm_fir_q7.c ****       /* Read the b[numTaps-1] coefficient */
 145:./Libraries/CMSIS/DSP/Source/FilteringFunctions/arm_fir_q7.c ****       c0 = *(pb + 1U);
 146:./Libraries/CMSIS/DSP/Source/FilteringFunctions/arm_fir_q7.c **** 
 147:./Libraries/CMSIS/DSP/Source/FilteringFunctions/arm_fir_q7.c ****       /* Read x[n-numTaps-4] sample */
 148:./Libraries/CMSIS/DSP/Source/FilteringFunctions/arm_fir_q7.c ****       x0 = *(px + 1U);
 149:./Libraries/CMSIS/DSP/Source/FilteringFunctions/arm_fir_q7.c **** 
 150:./Libraries/CMSIS/DSP/Source/FilteringFunctions/arm_fir_q7.c ****       /* Perform the multiply-accumulates */
 151:./Libraries/CMSIS/DSP/Source/FilteringFunctions/arm_fir_q7.c ****       acc0 += ((q15_t) x1 * c0);
 152:./Libraries/CMSIS/DSP/Source/FilteringFunctions/arm_fir_q7.c ****       acc1 += ((q15_t) x2 * c0);
 153:./Libraries/CMSIS/DSP/Source/FilteringFunctions/arm_fir_q7.c ****       acc2 += ((q15_t) x3 * c0);
 154:./Libraries/CMSIS/DSP/Source/FilteringFunctions/arm_fir_q7.c ****       acc3 += ((q15_t) x0 * c0);
 155:./Libraries/CMSIS/DSP/Source/FilteringFunctions/arm_fir_q7.c **** 
 156:./Libraries/CMSIS/DSP/Source/FilteringFunctions/arm_fir_q7.c ****       /* Read the b[numTaps-2] coefficient */
 157:./Libraries/CMSIS/DSP/Source/FilteringFunctions/arm_fir_q7.c ****       c0 = *(pb + 2U);
 158:./Libraries/CMSIS/DSP/Source/FilteringFunctions/arm_fir_q7.c **** 
 159:./Libraries/CMSIS/DSP/Source/FilteringFunctions/arm_fir_q7.c ****       /* Read x[n-numTaps-5] sample */
 160:./Libraries/CMSIS/DSP/Source/FilteringFunctions/arm_fir_q7.c ****       x1 = *(px + 2U);
 161:./Libraries/CMSIS/DSP/Source/FilteringFunctions/arm_fir_q7.c **** 
ARM GAS  /tmp/ccbZnpeY.s 			page 5


 162:./Libraries/CMSIS/DSP/Source/FilteringFunctions/arm_fir_q7.c ****       /* Perform the multiply-accumulates */
 163:./Libraries/CMSIS/DSP/Source/FilteringFunctions/arm_fir_q7.c ****       acc0 += ((q15_t) x2 * c0);
 164:./Libraries/CMSIS/DSP/Source/FilteringFunctions/arm_fir_q7.c ****       acc1 += ((q15_t) x3 * c0);
 165:./Libraries/CMSIS/DSP/Source/FilteringFunctions/arm_fir_q7.c ****       acc2 += ((q15_t) x0 * c0);
 166:./Libraries/CMSIS/DSP/Source/FilteringFunctions/arm_fir_q7.c ****       acc3 += ((q15_t) x1 * c0);
 167:./Libraries/CMSIS/DSP/Source/FilteringFunctions/arm_fir_q7.c **** 
 168:./Libraries/CMSIS/DSP/Source/FilteringFunctions/arm_fir_q7.c ****       /* Read the b[numTaps-3] coefficients */
 169:./Libraries/CMSIS/DSP/Source/FilteringFunctions/arm_fir_q7.c ****       c0 = *(pb + 3U);
 170:./Libraries/CMSIS/DSP/Source/FilteringFunctions/arm_fir_q7.c **** 
 171:./Libraries/CMSIS/DSP/Source/FilteringFunctions/arm_fir_q7.c ****       /* Read x[n-numTaps-6] sample */
 172:./Libraries/CMSIS/DSP/Source/FilteringFunctions/arm_fir_q7.c ****       x2 = *(px + 3U);
 173:./Libraries/CMSIS/DSP/Source/FilteringFunctions/arm_fir_q7.c **** 
 174:./Libraries/CMSIS/DSP/Source/FilteringFunctions/arm_fir_q7.c ****       /* Perform the multiply-accumulates */
 175:./Libraries/CMSIS/DSP/Source/FilteringFunctions/arm_fir_q7.c ****       acc0 += ((q15_t) x3 * c0);
 176:./Libraries/CMSIS/DSP/Source/FilteringFunctions/arm_fir_q7.c ****       acc1 += ((q15_t) x0 * c0);
 177:./Libraries/CMSIS/DSP/Source/FilteringFunctions/arm_fir_q7.c ****       acc2 += ((q15_t) x1 * c0);
 178:./Libraries/CMSIS/DSP/Source/FilteringFunctions/arm_fir_q7.c ****       acc3 += ((q15_t) x2 * c0);
 179:./Libraries/CMSIS/DSP/Source/FilteringFunctions/arm_fir_q7.c **** 
 180:./Libraries/CMSIS/DSP/Source/FilteringFunctions/arm_fir_q7.c ****       /* update coefficient pointer */
 181:./Libraries/CMSIS/DSP/Source/FilteringFunctions/arm_fir_q7.c ****       pb += 4U;
 182:./Libraries/CMSIS/DSP/Source/FilteringFunctions/arm_fir_q7.c ****       px += 4U;
 183:./Libraries/CMSIS/DSP/Source/FilteringFunctions/arm_fir_q7.c **** 
 184:./Libraries/CMSIS/DSP/Source/FilteringFunctions/arm_fir_q7.c ****       /* Decrement loop counter */
 185:./Libraries/CMSIS/DSP/Source/FilteringFunctions/arm_fir_q7.c ****       tapCnt--;
 186:./Libraries/CMSIS/DSP/Source/FilteringFunctions/arm_fir_q7.c ****     }
 187:./Libraries/CMSIS/DSP/Source/FilteringFunctions/arm_fir_q7.c **** 
 188:./Libraries/CMSIS/DSP/Source/FilteringFunctions/arm_fir_q7.c ****     /* If the filter length is not a multiple of 4, compute the remaining filter taps */
 189:./Libraries/CMSIS/DSP/Source/FilteringFunctions/arm_fir_q7.c ****     tapCnt = numTaps % 0x4U;
 190:./Libraries/CMSIS/DSP/Source/FilteringFunctions/arm_fir_q7.c **** 
 191:./Libraries/CMSIS/DSP/Source/FilteringFunctions/arm_fir_q7.c ****     while (tapCnt > 0U)
 192:./Libraries/CMSIS/DSP/Source/FilteringFunctions/arm_fir_q7.c ****     {
 193:./Libraries/CMSIS/DSP/Source/FilteringFunctions/arm_fir_q7.c ****       /* Read coefficients */
 194:./Libraries/CMSIS/DSP/Source/FilteringFunctions/arm_fir_q7.c ****       c0 = *(pb++);
 195:./Libraries/CMSIS/DSP/Source/FilteringFunctions/arm_fir_q7.c **** 
 196:./Libraries/CMSIS/DSP/Source/FilteringFunctions/arm_fir_q7.c ****       /* Fetch 1 state variable */
 197:./Libraries/CMSIS/DSP/Source/FilteringFunctions/arm_fir_q7.c ****       x3 = *(px++);
 198:./Libraries/CMSIS/DSP/Source/FilteringFunctions/arm_fir_q7.c **** 
 199:./Libraries/CMSIS/DSP/Source/FilteringFunctions/arm_fir_q7.c ****       /* Perform the multiply-accumulates */
 200:./Libraries/CMSIS/DSP/Source/FilteringFunctions/arm_fir_q7.c ****       acc0 += ((q15_t) x0 * c0);
 201:./Libraries/CMSIS/DSP/Source/FilteringFunctions/arm_fir_q7.c ****       acc1 += ((q15_t) x1 * c0);
 202:./Libraries/CMSIS/DSP/Source/FilteringFunctions/arm_fir_q7.c ****       acc2 += ((q15_t) x2 * c0);
 203:./Libraries/CMSIS/DSP/Source/FilteringFunctions/arm_fir_q7.c ****       acc3 += ((q15_t) x3 * c0);
 204:./Libraries/CMSIS/DSP/Source/FilteringFunctions/arm_fir_q7.c **** 
 205:./Libraries/CMSIS/DSP/Source/FilteringFunctions/arm_fir_q7.c ****       /* Reuse the present sample states for next sample */
 206:./Libraries/CMSIS/DSP/Source/FilteringFunctions/arm_fir_q7.c ****       x0 = x1;
 207:./Libraries/CMSIS/DSP/Source/FilteringFunctions/arm_fir_q7.c ****       x1 = x2;
 208:./Libraries/CMSIS/DSP/Source/FilteringFunctions/arm_fir_q7.c ****       x2 = x3;
 209:./Libraries/CMSIS/DSP/Source/FilteringFunctions/arm_fir_q7.c **** 
 210:./Libraries/CMSIS/DSP/Source/FilteringFunctions/arm_fir_q7.c ****       /* Decrement loop counter */
 211:./Libraries/CMSIS/DSP/Source/FilteringFunctions/arm_fir_q7.c ****       tapCnt--;
 212:./Libraries/CMSIS/DSP/Source/FilteringFunctions/arm_fir_q7.c ****     }
 213:./Libraries/CMSIS/DSP/Source/FilteringFunctions/arm_fir_q7.c **** 
 214:./Libraries/CMSIS/DSP/Source/FilteringFunctions/arm_fir_q7.c ****     /* The results in the 4 accumulators are in 2.62 format. Convert to 1.31
 215:./Libraries/CMSIS/DSP/Source/FilteringFunctions/arm_fir_q7.c ****        Then store the 4 outputs in the destination buffer. */
 216:./Libraries/CMSIS/DSP/Source/FilteringFunctions/arm_fir_q7.c ****     acc0 = __SSAT((acc0 >> 7U), 8);
 217:./Libraries/CMSIS/DSP/Source/FilteringFunctions/arm_fir_q7.c ****     *pDst++ = acc0;
 218:./Libraries/CMSIS/DSP/Source/FilteringFunctions/arm_fir_q7.c ****     acc1 = __SSAT((acc1 >> 7U), 8);
ARM GAS  /tmp/ccbZnpeY.s 			page 6


 219:./Libraries/CMSIS/DSP/Source/FilteringFunctions/arm_fir_q7.c ****     *pDst++ = acc1;
 220:./Libraries/CMSIS/DSP/Source/FilteringFunctions/arm_fir_q7.c ****     acc2 = __SSAT((acc2 >> 7U), 8);
 221:./Libraries/CMSIS/DSP/Source/FilteringFunctions/arm_fir_q7.c ****     *pDst++ = acc2;
 222:./Libraries/CMSIS/DSP/Source/FilteringFunctions/arm_fir_q7.c ****     acc3 = __SSAT((acc3 >> 7U), 8);
 223:./Libraries/CMSIS/DSP/Source/FilteringFunctions/arm_fir_q7.c ****     *pDst++ = acc3;
 224:./Libraries/CMSIS/DSP/Source/FilteringFunctions/arm_fir_q7.c **** 
 225:./Libraries/CMSIS/DSP/Source/FilteringFunctions/arm_fir_q7.c ****     /* Advance the state pointer by 4 to process the next group of 4 samples */
 226:./Libraries/CMSIS/DSP/Source/FilteringFunctions/arm_fir_q7.c ****     pState = pState + 4U;
 227:./Libraries/CMSIS/DSP/Source/FilteringFunctions/arm_fir_q7.c **** 
 228:./Libraries/CMSIS/DSP/Source/FilteringFunctions/arm_fir_q7.c ****     /* Decrement loop counter */
 229:./Libraries/CMSIS/DSP/Source/FilteringFunctions/arm_fir_q7.c ****     blkCnt--;
 230:./Libraries/CMSIS/DSP/Source/FilteringFunctions/arm_fir_q7.c ****   }
 231:./Libraries/CMSIS/DSP/Source/FilteringFunctions/arm_fir_q7.c **** 
 232:./Libraries/CMSIS/DSP/Source/FilteringFunctions/arm_fir_q7.c ****   /* Loop unrolling: Compute remaining output samples */
 233:./Libraries/CMSIS/DSP/Source/FilteringFunctions/arm_fir_q7.c ****   blkCnt = blockSize % 0x4U;
 234:./Libraries/CMSIS/DSP/Source/FilteringFunctions/arm_fir_q7.c **** 
 235:./Libraries/CMSIS/DSP/Source/FilteringFunctions/arm_fir_q7.c **** #else
 236:./Libraries/CMSIS/DSP/Source/FilteringFunctions/arm_fir_q7.c **** 
 237:./Libraries/CMSIS/DSP/Source/FilteringFunctions/arm_fir_q7.c ****   /* Initialize blkCnt with number of taps */
 238:./Libraries/CMSIS/DSP/Source/FilteringFunctions/arm_fir_q7.c ****   blkCnt = blockSize;
  69              		.loc 1 238 10
  70 002c 3B68     		ldr	r3, [r7]
  71 002e 3B62     		str	r3, [r7, #32]
 239:./Libraries/CMSIS/DSP/Source/FilteringFunctions/arm_fir_q7.c **** 
 240:./Libraries/CMSIS/DSP/Source/FilteringFunctions/arm_fir_q7.c **** #endif /* #if defined (ARM_MATH_LOOPUNROLL) */
 241:./Libraries/CMSIS/DSP/Source/FilteringFunctions/arm_fir_q7.c **** 
 242:./Libraries/CMSIS/DSP/Source/FilteringFunctions/arm_fir_q7.c ****   while (blkCnt > 0U)
  72              		.loc 1 242 9
  73 0030 39E0     		b	.L2
  74              	.L4:
 243:./Libraries/CMSIS/DSP/Source/FilteringFunctions/arm_fir_q7.c ****   {
 244:./Libraries/CMSIS/DSP/Source/FilteringFunctions/arm_fir_q7.c ****     /* Copy one sample at a time into state buffer */
 245:./Libraries/CMSIS/DSP/Source/FilteringFunctions/arm_fir_q7.c ****     *pStateCurnt++ = *pSrc++;
  75              		.loc 1 245 27
  76 0032 BA68     		ldr	r2, [r7, #8]
  77 0034 531C     		adds	r3, r2, #1
  78 0036 BB60     		str	r3, [r7, #8]
  79              		.loc 1 245 17
  80 0038 BB6B     		ldr	r3, [r7, #56]
  81 003a 591C     		adds	r1, r3, #1
  82 003c B963     		str	r1, [r7, #56]
  83              		.loc 1 245 22
  84 003e 92F90020 		ldrsb	r2, [r2]
  85              		.loc 1 245 20
  86 0042 1A70     		strb	r2, [r3]
 246:./Libraries/CMSIS/DSP/Source/FilteringFunctions/arm_fir_q7.c **** 
 247:./Libraries/CMSIS/DSP/Source/FilteringFunctions/arm_fir_q7.c ****     /* Set the accumulator to zero */
 248:./Libraries/CMSIS/DSP/Source/FilteringFunctions/arm_fir_q7.c ****     acc0 = 0;
  87              		.loc 1 248 10
  88 0044 0023     		movs	r3, #0
  89 0046 FB62     		str	r3, [r7, #44]
 249:./Libraries/CMSIS/DSP/Source/FilteringFunctions/arm_fir_q7.c **** 
 250:./Libraries/CMSIS/DSP/Source/FilteringFunctions/arm_fir_q7.c ****     /* Initialize state pointer */
 251:./Libraries/CMSIS/DSP/Source/FilteringFunctions/arm_fir_q7.c ****     px = pState;
  90              		.loc 1 251 8
  91 0048 FB6B     		ldr	r3, [r7, #60]
  92 004a 7B63     		str	r3, [r7, #52]
ARM GAS  /tmp/ccbZnpeY.s 			page 7


 252:./Libraries/CMSIS/DSP/Source/FilteringFunctions/arm_fir_q7.c **** 
 253:./Libraries/CMSIS/DSP/Source/FilteringFunctions/arm_fir_q7.c ****     /* Initialize Coefficient pointer */
 254:./Libraries/CMSIS/DSP/Source/FilteringFunctions/arm_fir_q7.c ****     pb = pCoeffs;
  93              		.loc 1 254 8
  94 004c FB69     		ldr	r3, [r7, #28]
  95 004e 3B63     		str	r3, [r7, #48]
 255:./Libraries/CMSIS/DSP/Source/FilteringFunctions/arm_fir_q7.c **** 
 256:./Libraries/CMSIS/DSP/Source/FilteringFunctions/arm_fir_q7.c ****     i = numTaps;
  96              		.loc 1 256 7
  97 0050 BB69     		ldr	r3, [r7, #24]
  98 0052 BB62     		str	r3, [r7, #40]
  99              	.L3:
 257:./Libraries/CMSIS/DSP/Source/FilteringFunctions/arm_fir_q7.c **** 
 258:./Libraries/CMSIS/DSP/Source/FilteringFunctions/arm_fir_q7.c ****     /* Perform the multiply-accumulates */
 259:./Libraries/CMSIS/DSP/Source/FilteringFunctions/arm_fir_q7.c ****     do
 260:./Libraries/CMSIS/DSP/Source/FilteringFunctions/arm_fir_q7.c ****     {
 261:./Libraries/CMSIS/DSP/Source/FilteringFunctions/arm_fir_q7.c ****       acc0 += (q15_t) * (px++) * (*(pb++));
 100              		.loc 1 261 28 discriminator 1
 101 0054 7B6B     		ldr	r3, [r7, #52]
 102 0056 5A1C     		adds	r2, r3, #1
 103 0058 7A63     		str	r2, [r7, #52]
 104              		.loc 1 261 23 discriminator 1
 105 005a 93F90030 		ldrsb	r3, [r3]
 106              		.loc 1 261 15 discriminator 1
 107 005e 1946     		mov	r1, r3
 108              		.loc 1 261 39 discriminator 1
 109 0060 3B6B     		ldr	r3, [r7, #48]
 110 0062 5A1C     		adds	r2, r3, #1
 111 0064 3A63     		str	r2, [r7, #48]
 112              		.loc 1 261 35 discriminator 1
 113 0066 93F90030 		ldrsb	r3, [r3]
 114              		.loc 1 261 32 discriminator 1
 115 006a 03FB01F3 		mul	r3, r3, r1
 116              		.loc 1 261 12 discriminator 1
 117 006e FA6A     		ldr	r2, [r7, #44]
 118 0070 1344     		add	r3, r3, r2
 119 0072 FB62     		str	r3, [r7, #44]
 262:./Libraries/CMSIS/DSP/Source/FilteringFunctions/arm_fir_q7.c ****       i--;
 120              		.loc 1 262 8 discriminator 1
 121 0074 BB6A     		ldr	r3, [r7, #40]
 122 0076 013B     		subs	r3, r3, #1
 123 0078 BB62     		str	r3, [r7, #40]
 263:./Libraries/CMSIS/DSP/Source/FilteringFunctions/arm_fir_q7.c ****     } while (i > 0U);
 124              		.loc 1 263 5 discriminator 1
 125 007a BB6A     		ldr	r3, [r7, #40]
 126 007c 002B     		cmp	r3, #0
 127 007e E9D1     		bne	.L3
 128              	.LBB2:
 264:./Libraries/CMSIS/DSP/Source/FilteringFunctions/arm_fir_q7.c **** 
 265:./Libraries/CMSIS/DSP/Source/FilteringFunctions/arm_fir_q7.c ****     /* The result is in 2.14 format. Convert to 1.7
 266:./Libraries/CMSIS/DSP/Source/FilteringFunctions/arm_fir_q7.c ****        Then store the output in the destination buffer. */
 267:./Libraries/CMSIS/DSP/Source/FilteringFunctions/arm_fir_q7.c ****     *pDst++ = __SSAT((acc0 >> 7U), 8);
 129              		.loc 1 267 15
 130 0080 FB6A     		ldr	r3, [r7, #44]
 131 0082 DB11     		asrs	r3, r3, #7
 132 0084 7B61     		str	r3, [r7, #20]
 133 0086 7B69     		ldr	r3, [r7, #20]
ARM GAS  /tmp/ccbZnpeY.s 			page 8


 134              		.syntax unified
 135              	@ 267 "./Libraries/CMSIS/DSP/Source/FilteringFunctions/arm_fir_q7.c" 1
 136 0088 03F30703 		ssat r3, #8, r3
 137              	@ 0 "" 2
 138              		.thumb
 139              		.syntax unified
 140 008c 3B61     		str	r3, [r7, #16]
 141 008e 3969     		ldr	r1, [r7, #16]
 142              	.LBE2:
 143              		.loc 1 267 10
 144 0090 7B68     		ldr	r3, [r7, #4]
 145 0092 5A1C     		adds	r2, r3, #1
 146 0094 7A60     		str	r2, [r7, #4]
 147              		.loc 1 267 13
 148 0096 4AB2     		sxtb	r2, r1
 149 0098 1A70     		strb	r2, [r3]
 268:./Libraries/CMSIS/DSP/Source/FilteringFunctions/arm_fir_q7.c **** 
 269:./Libraries/CMSIS/DSP/Source/FilteringFunctions/arm_fir_q7.c ****     /* Advance state pointer by 1 for the next sample */
 270:./Libraries/CMSIS/DSP/Source/FilteringFunctions/arm_fir_q7.c ****     pState = pState + 1U;
 150              		.loc 1 270 12
 151 009a FB6B     		ldr	r3, [r7, #60]
 152 009c 0133     		adds	r3, r3, #1
 153 009e FB63     		str	r3, [r7, #60]
 271:./Libraries/CMSIS/DSP/Source/FilteringFunctions/arm_fir_q7.c **** 
 272:./Libraries/CMSIS/DSP/Source/FilteringFunctions/arm_fir_q7.c ****     /* Decrement loop counter */
 273:./Libraries/CMSIS/DSP/Source/FilteringFunctions/arm_fir_q7.c ****     blkCnt--;
 154              		.loc 1 273 11
 155 00a0 3B6A     		ldr	r3, [r7, #32]
 156 00a2 013B     		subs	r3, r3, #1
 157 00a4 3B62     		str	r3, [r7, #32]
 158              	.L2:
 242:./Libraries/CMSIS/DSP/Source/FilteringFunctions/arm_fir_q7.c ****   {
 159              		.loc 1 242 9
 160 00a6 3B6A     		ldr	r3, [r7, #32]
 161 00a8 002B     		cmp	r3, #0
 162 00aa C2D1     		bne	.L4
 274:./Libraries/CMSIS/DSP/Source/FilteringFunctions/arm_fir_q7.c ****   }
 275:./Libraries/CMSIS/DSP/Source/FilteringFunctions/arm_fir_q7.c **** 
 276:./Libraries/CMSIS/DSP/Source/FilteringFunctions/arm_fir_q7.c ****   /* Processing is complete.
 277:./Libraries/CMSIS/DSP/Source/FilteringFunctions/arm_fir_q7.c ****      Now copy the last numTaps - 1 samples to the start of the state buffer.
 278:./Libraries/CMSIS/DSP/Source/FilteringFunctions/arm_fir_q7.c ****      This prepares the state buffer for the next function call. */
 279:./Libraries/CMSIS/DSP/Source/FilteringFunctions/arm_fir_q7.c **** 
 280:./Libraries/CMSIS/DSP/Source/FilteringFunctions/arm_fir_q7.c ****   /* Points to the start of the state buffer */
 281:./Libraries/CMSIS/DSP/Source/FilteringFunctions/arm_fir_q7.c ****   pStateCurnt = S->pState;
 163              		.loc 1 281 15
 164 00ac FB68     		ldr	r3, [r7, #12]
 165 00ae 5B68     		ldr	r3, [r3, #4]
 166 00b0 BB63     		str	r3, [r7, #56]
 282:./Libraries/CMSIS/DSP/Source/FilteringFunctions/arm_fir_q7.c **** 
 283:./Libraries/CMSIS/DSP/Source/FilteringFunctions/arm_fir_q7.c **** #if defined (ARM_MATH_LOOPUNROLL)
 284:./Libraries/CMSIS/DSP/Source/FilteringFunctions/arm_fir_q7.c **** 
 285:./Libraries/CMSIS/DSP/Source/FilteringFunctions/arm_fir_q7.c ****   /* Loop unrolling: Compute 4 taps at a time */
 286:./Libraries/CMSIS/DSP/Source/FilteringFunctions/arm_fir_q7.c ****   tapCnt = (numTaps - 1U) >> 2U;
 287:./Libraries/CMSIS/DSP/Source/FilteringFunctions/arm_fir_q7.c **** 
 288:./Libraries/CMSIS/DSP/Source/FilteringFunctions/arm_fir_q7.c ****   /* Copy data */
 289:./Libraries/CMSIS/DSP/Source/FilteringFunctions/arm_fir_q7.c ****   while (tapCnt > 0U)
 290:./Libraries/CMSIS/DSP/Source/FilteringFunctions/arm_fir_q7.c ****   {
ARM GAS  /tmp/ccbZnpeY.s 			page 9


 291:./Libraries/CMSIS/DSP/Source/FilteringFunctions/arm_fir_q7.c ****     *pStateCurnt++ = *pState++;
 292:./Libraries/CMSIS/DSP/Source/FilteringFunctions/arm_fir_q7.c ****     *pStateCurnt++ = *pState++;
 293:./Libraries/CMSIS/DSP/Source/FilteringFunctions/arm_fir_q7.c ****     *pStateCurnt++ = *pState++;
 294:./Libraries/CMSIS/DSP/Source/FilteringFunctions/arm_fir_q7.c ****     *pStateCurnt++ = *pState++;
 295:./Libraries/CMSIS/DSP/Source/FilteringFunctions/arm_fir_q7.c **** 
 296:./Libraries/CMSIS/DSP/Source/FilteringFunctions/arm_fir_q7.c ****     /* Decrement loop counter */
 297:./Libraries/CMSIS/DSP/Source/FilteringFunctions/arm_fir_q7.c ****     tapCnt--;
 298:./Libraries/CMSIS/DSP/Source/FilteringFunctions/arm_fir_q7.c ****   }
 299:./Libraries/CMSIS/DSP/Source/FilteringFunctions/arm_fir_q7.c **** 
 300:./Libraries/CMSIS/DSP/Source/FilteringFunctions/arm_fir_q7.c ****   /* Calculate remaining number of copies */
 301:./Libraries/CMSIS/DSP/Source/FilteringFunctions/arm_fir_q7.c ****   tapCnt = (numTaps - 1U) % 0x4U;
 302:./Libraries/CMSIS/DSP/Source/FilteringFunctions/arm_fir_q7.c **** 
 303:./Libraries/CMSIS/DSP/Source/FilteringFunctions/arm_fir_q7.c **** #else
 304:./Libraries/CMSIS/DSP/Source/FilteringFunctions/arm_fir_q7.c **** 
 305:./Libraries/CMSIS/DSP/Source/FilteringFunctions/arm_fir_q7.c ****   /* Initialize tapCnt with number of taps */
 306:./Libraries/CMSIS/DSP/Source/FilteringFunctions/arm_fir_q7.c ****   tapCnt = (numTaps - 1U);
 167              		.loc 1 306 10
 168 00b2 BB69     		ldr	r3, [r7, #24]
 169 00b4 013B     		subs	r3, r3, #1
 170 00b6 7B62     		str	r3, [r7, #36]
 307:./Libraries/CMSIS/DSP/Source/FilteringFunctions/arm_fir_q7.c **** 
 308:./Libraries/CMSIS/DSP/Source/FilteringFunctions/arm_fir_q7.c **** #endif /* #if defined (ARM_MATH_LOOPUNROLL) */
 309:./Libraries/CMSIS/DSP/Source/FilteringFunctions/arm_fir_q7.c **** 
 310:./Libraries/CMSIS/DSP/Source/FilteringFunctions/arm_fir_q7.c ****   /* Copy remaining data */
 311:./Libraries/CMSIS/DSP/Source/FilteringFunctions/arm_fir_q7.c ****   while (tapCnt > 0U)
 171              		.loc 1 311 9
 172 00b8 0BE0     		b	.L5
 173              	.L6:
 312:./Libraries/CMSIS/DSP/Source/FilteringFunctions/arm_fir_q7.c ****   {
 313:./Libraries/CMSIS/DSP/Source/FilteringFunctions/arm_fir_q7.c ****     *pStateCurnt++ = *pState++;
 174              		.loc 1 313 29
 175 00ba FA6B     		ldr	r2, [r7, #60]
 176 00bc 531C     		adds	r3, r2, #1
 177 00be FB63     		str	r3, [r7, #60]
 178              		.loc 1 313 17
 179 00c0 BB6B     		ldr	r3, [r7, #56]
 180 00c2 591C     		adds	r1, r3, #1
 181 00c4 B963     		str	r1, [r7, #56]
 182              		.loc 1 313 22
 183 00c6 92F90020 		ldrsb	r2, [r2]
 184              		.loc 1 313 20
 185 00ca 1A70     		strb	r2, [r3]
 314:./Libraries/CMSIS/DSP/Source/FilteringFunctions/arm_fir_q7.c **** 
 315:./Libraries/CMSIS/DSP/Source/FilteringFunctions/arm_fir_q7.c ****     /* Decrement the loop counter */
 316:./Libraries/CMSIS/DSP/Source/FilteringFunctions/arm_fir_q7.c ****     tapCnt--;
 186              		.loc 1 316 11
 187 00cc 7B6A     		ldr	r3, [r7, #36]
 188 00ce 013B     		subs	r3, r3, #1
 189 00d0 7B62     		str	r3, [r7, #36]
 190              	.L5:
 311:./Libraries/CMSIS/DSP/Source/FilteringFunctions/arm_fir_q7.c ****   {
 191              		.loc 1 311 9
 192 00d2 7B6A     		ldr	r3, [r7, #36]
 193 00d4 002B     		cmp	r3, #0
 194 00d6 F0D1     		bne	.L6
 317:./Libraries/CMSIS/DSP/Source/FilteringFunctions/arm_fir_q7.c ****   }
 318:./Libraries/CMSIS/DSP/Source/FilteringFunctions/arm_fir_q7.c **** 
ARM GAS  /tmp/ccbZnpeY.s 			page 10


 319:./Libraries/CMSIS/DSP/Source/FilteringFunctions/arm_fir_q7.c **** }
 195              		.loc 1 319 1
 196 00d8 00BF     		nop
 197 00da 00BF     		nop
 198 00dc 4437     		adds	r7, r7, #68
 199              	.LCFI3:
 200              		.cfi_def_cfa_offset 4
 201 00de BD46     		mov	sp, r7
 202              	.LCFI4:
 203              		.cfi_def_cfa_register 13
 204              		@ sp needed
 205 00e0 5DF8047B 		ldr	r7, [sp], #4
 206              	.LCFI5:
 207              		.cfi_restore 7
 208              		.cfi_def_cfa_offset 0
 209 00e4 7047     		bx	lr
 210              		.cfi_endproc
 211              	.LFE145:
 213              		.text
 214              	.Letext0:
 215              		.file 2 "/usr/lib/gcc/arm-none-eabi/9.2.1/include/stdint.h"
 216              		.file 3 "/usr/lib/gcc/arm-none-eabi/9.2.1/include/stddef.h"
 217              		.file 4 "/usr/include/newlib/sys/_types.h"
 218              		.file 5 "/usr/include/newlib/sys/reent.h"
 219              		.file 6 "/usr/include/newlib/sys/lock.h"
 220              		.file 7 "/usr/include/newlib/math.h"
 221              		.file 8 "./Libraries/CMSIS/DSP/Include/arm_math.h"
ARM GAS  /tmp/ccbZnpeY.s 			page 11


DEFINED SYMBOLS
                            *ABS*:0000000000000000 arm_fir_q7.c
     /tmp/ccbZnpeY.s:17     .text.arm_fir_q7:0000000000000000 $t
     /tmp/ccbZnpeY.s:25     .text.arm_fir_q7:0000000000000000 arm_fir_q7

NO UNDEFINED SYMBOLS
