ARM GAS  /tmp/ccphwdr8.s 			page 1


   1              		.cpu cortex-m7
   2              		.eabi_attribute 28, 1
   3              		.eabi_attribute 20, 1
   4              		.eabi_attribute 21, 1
   5              		.eabi_attribute 23, 3
   6              		.eabi_attribute 24, 1
   7              		.eabi_attribute 25, 1
   8              		.eabi_attribute 26, 1
   9              		.eabi_attribute 30, 6
  10              		.eabi_attribute 34, 1
  11              		.eabi_attribute 18, 4
  12              		.file	"arm_mean_q15.c"
  13              		.text
  14              	.Ltext0:
  15              		.cfi_sections	.debug_frame
  16              		.section	.text.arm_mean_q15,"ax",%progbits
  17              		.align	1
  18              		.global	arm_mean_q15
  19              		.arch armv7e-m
  20              		.syntax unified
  21              		.thumb
  22              		.thumb_func
  23              		.fpu fpv5-d16
  25              	arm_mean_q15:
  26              	.LFB145:
  27              		.file 1 "./Libraries/CMSIS/DSP/Source/StatisticsFunctions/arm_mean_q15.c"
   1:./Libraries/CMSIS/DSP/Source/StatisticsFunctions/arm_mean_q15.c **** /* ----------------------------------------------------------------------
   2:./Libraries/CMSIS/DSP/Source/StatisticsFunctions/arm_mean_q15.c ****  * Project:      CMSIS DSP Library
   3:./Libraries/CMSIS/DSP/Source/StatisticsFunctions/arm_mean_q15.c ****  * Title:        arm_mean_q15.c
   4:./Libraries/CMSIS/DSP/Source/StatisticsFunctions/arm_mean_q15.c ****  * Description:  Mean value of a Q15 vector
   5:./Libraries/CMSIS/DSP/Source/StatisticsFunctions/arm_mean_q15.c ****  *
   6:./Libraries/CMSIS/DSP/Source/StatisticsFunctions/arm_mean_q15.c ****  * $Date:        18. March 2019
   7:./Libraries/CMSIS/DSP/Source/StatisticsFunctions/arm_mean_q15.c ****  * $Revision:    V1.6.0
   8:./Libraries/CMSIS/DSP/Source/StatisticsFunctions/arm_mean_q15.c ****  *
   9:./Libraries/CMSIS/DSP/Source/StatisticsFunctions/arm_mean_q15.c ****  * Target Processor: Cortex-M cores
  10:./Libraries/CMSIS/DSP/Source/StatisticsFunctions/arm_mean_q15.c ****  * -------------------------------------------------------------------- */
  11:./Libraries/CMSIS/DSP/Source/StatisticsFunctions/arm_mean_q15.c **** /*
  12:./Libraries/CMSIS/DSP/Source/StatisticsFunctions/arm_mean_q15.c ****  * Copyright (C) 2010-2019 ARM Limited or its affiliates. All rights reserved.
  13:./Libraries/CMSIS/DSP/Source/StatisticsFunctions/arm_mean_q15.c ****  *
  14:./Libraries/CMSIS/DSP/Source/StatisticsFunctions/arm_mean_q15.c ****  * SPDX-License-Identifier: Apache-2.0
  15:./Libraries/CMSIS/DSP/Source/StatisticsFunctions/arm_mean_q15.c ****  *
  16:./Libraries/CMSIS/DSP/Source/StatisticsFunctions/arm_mean_q15.c ****  * Licensed under the Apache License, Version 2.0 (the License); you may
  17:./Libraries/CMSIS/DSP/Source/StatisticsFunctions/arm_mean_q15.c ****  * not use this file except in compliance with the License.
  18:./Libraries/CMSIS/DSP/Source/StatisticsFunctions/arm_mean_q15.c ****  * You may obtain a copy of the License at
  19:./Libraries/CMSIS/DSP/Source/StatisticsFunctions/arm_mean_q15.c ****  *
  20:./Libraries/CMSIS/DSP/Source/StatisticsFunctions/arm_mean_q15.c ****  * www.apache.org/licenses/LICENSE-2.0
  21:./Libraries/CMSIS/DSP/Source/StatisticsFunctions/arm_mean_q15.c ****  *
  22:./Libraries/CMSIS/DSP/Source/StatisticsFunctions/arm_mean_q15.c ****  * Unless required by applicable law or agreed to in writing, software
  23:./Libraries/CMSIS/DSP/Source/StatisticsFunctions/arm_mean_q15.c ****  * distributed under the License is distributed on an AS IS BASIS, WITHOUT
  24:./Libraries/CMSIS/DSP/Source/StatisticsFunctions/arm_mean_q15.c ****  * WARRANTIES OR CONDITIONS OF ANY KIND, either express or implied.
  25:./Libraries/CMSIS/DSP/Source/StatisticsFunctions/arm_mean_q15.c ****  * See the License for the specific language governing permissions and
  26:./Libraries/CMSIS/DSP/Source/StatisticsFunctions/arm_mean_q15.c ****  * limitations under the License.
  27:./Libraries/CMSIS/DSP/Source/StatisticsFunctions/arm_mean_q15.c ****  */
  28:./Libraries/CMSIS/DSP/Source/StatisticsFunctions/arm_mean_q15.c **** 
  29:./Libraries/CMSIS/DSP/Source/StatisticsFunctions/arm_mean_q15.c **** #include "arm_math.h"
  30:./Libraries/CMSIS/DSP/Source/StatisticsFunctions/arm_mean_q15.c **** 
  31:./Libraries/CMSIS/DSP/Source/StatisticsFunctions/arm_mean_q15.c **** /**
ARM GAS  /tmp/ccphwdr8.s 			page 2


  32:./Libraries/CMSIS/DSP/Source/StatisticsFunctions/arm_mean_q15.c ****   @ingroup groupStats
  33:./Libraries/CMSIS/DSP/Source/StatisticsFunctions/arm_mean_q15.c ****  */
  34:./Libraries/CMSIS/DSP/Source/StatisticsFunctions/arm_mean_q15.c **** 
  35:./Libraries/CMSIS/DSP/Source/StatisticsFunctions/arm_mean_q15.c **** /**
  36:./Libraries/CMSIS/DSP/Source/StatisticsFunctions/arm_mean_q15.c ****   @addtogroup mean
  37:./Libraries/CMSIS/DSP/Source/StatisticsFunctions/arm_mean_q15.c ****   @{
  38:./Libraries/CMSIS/DSP/Source/StatisticsFunctions/arm_mean_q15.c ****  */
  39:./Libraries/CMSIS/DSP/Source/StatisticsFunctions/arm_mean_q15.c **** 
  40:./Libraries/CMSIS/DSP/Source/StatisticsFunctions/arm_mean_q15.c **** /**
  41:./Libraries/CMSIS/DSP/Source/StatisticsFunctions/arm_mean_q15.c ****   @brief         Mean value of a Q15 vector.
  42:./Libraries/CMSIS/DSP/Source/StatisticsFunctions/arm_mean_q15.c ****   @param[in]     pSrc       points to the input vector
  43:./Libraries/CMSIS/DSP/Source/StatisticsFunctions/arm_mean_q15.c ****   @param[in]     blockSize  number of samples in input vector
  44:./Libraries/CMSIS/DSP/Source/StatisticsFunctions/arm_mean_q15.c ****   @param[out]    pResult    mean value returned here
  45:./Libraries/CMSIS/DSP/Source/StatisticsFunctions/arm_mean_q15.c ****   @return        none
  46:./Libraries/CMSIS/DSP/Source/StatisticsFunctions/arm_mean_q15.c **** 
  47:./Libraries/CMSIS/DSP/Source/StatisticsFunctions/arm_mean_q15.c ****   @par           Scaling and Overflow Behavior
  48:./Libraries/CMSIS/DSP/Source/StatisticsFunctions/arm_mean_q15.c ****                    The function is implemented using a 32-bit internal accumulator.
  49:./Libraries/CMSIS/DSP/Source/StatisticsFunctions/arm_mean_q15.c ****                    The input is represented in 1.15 format and is accumulated in a 32-bit
  50:./Libraries/CMSIS/DSP/Source/StatisticsFunctions/arm_mean_q15.c ****                    accumulator in 17.15 format.
  51:./Libraries/CMSIS/DSP/Source/StatisticsFunctions/arm_mean_q15.c ****                    There is no risk of internal overflow with this approach, and the
  52:./Libraries/CMSIS/DSP/Source/StatisticsFunctions/arm_mean_q15.c ****                    full precision of intermediate result is preserved.
  53:./Libraries/CMSIS/DSP/Source/StatisticsFunctions/arm_mean_q15.c ****                    Finally, the accumulator is truncated to yield a result of 1.15 format.
  54:./Libraries/CMSIS/DSP/Source/StatisticsFunctions/arm_mean_q15.c ****  */
  55:./Libraries/CMSIS/DSP/Source/StatisticsFunctions/arm_mean_q15.c **** 
  56:./Libraries/CMSIS/DSP/Source/StatisticsFunctions/arm_mean_q15.c **** void arm_mean_q15(
  57:./Libraries/CMSIS/DSP/Source/StatisticsFunctions/arm_mean_q15.c ****   const q15_t * pSrc,
  58:./Libraries/CMSIS/DSP/Source/StatisticsFunctions/arm_mean_q15.c ****         uint32_t blockSize,
  59:./Libraries/CMSIS/DSP/Source/StatisticsFunctions/arm_mean_q15.c ****         q15_t * pResult)
  60:./Libraries/CMSIS/DSP/Source/StatisticsFunctions/arm_mean_q15.c **** {
  28              		.loc 1 60 1
  29              		.cfi_startproc
  30              		@ args = 0, pretend = 0, frame = 24
  31              		@ frame_needed = 1, uses_anonymous_args = 0
  32              		@ link register save eliminated.
  33 0000 80B4     		push	{r7}
  34              	.LCFI0:
  35              		.cfi_def_cfa_offset 4
  36              		.cfi_offset 7, -4
  37 0002 87B0     		sub	sp, sp, #28
  38              	.LCFI1:
  39              		.cfi_def_cfa_offset 32
  40 0004 00AF     		add	r7, sp, #0
  41              	.LCFI2:
  42              		.cfi_def_cfa_register 7
  43 0006 F860     		str	r0, [r7, #12]
  44 0008 B960     		str	r1, [r7, #8]
  45 000a 7A60     		str	r2, [r7, #4]
  61:./Libraries/CMSIS/DSP/Source/StatisticsFunctions/arm_mean_q15.c ****         uint32_t blkCnt;                               /* Loop counter */
  62:./Libraries/CMSIS/DSP/Source/StatisticsFunctions/arm_mean_q15.c ****         q31_t sum = 0;                                 /* Temporary result storage */
  46              		.loc 1 62 15
  47 000c 0023     		movs	r3, #0
  48 000e 3B61     		str	r3, [r7, #16]
  63:./Libraries/CMSIS/DSP/Source/StatisticsFunctions/arm_mean_q15.c **** 
  64:./Libraries/CMSIS/DSP/Source/StatisticsFunctions/arm_mean_q15.c **** #if defined (ARM_MATH_LOOPUNROLL)
  65:./Libraries/CMSIS/DSP/Source/StatisticsFunctions/arm_mean_q15.c ****         q31_t in;
  66:./Libraries/CMSIS/DSP/Source/StatisticsFunctions/arm_mean_q15.c **** #endif
  67:./Libraries/CMSIS/DSP/Source/StatisticsFunctions/arm_mean_q15.c **** 
ARM GAS  /tmp/ccphwdr8.s 			page 3


  68:./Libraries/CMSIS/DSP/Source/StatisticsFunctions/arm_mean_q15.c **** #if defined (ARM_MATH_LOOPUNROLL)
  69:./Libraries/CMSIS/DSP/Source/StatisticsFunctions/arm_mean_q15.c **** 
  70:./Libraries/CMSIS/DSP/Source/StatisticsFunctions/arm_mean_q15.c ****   /* Loop unrolling: Compute 4 outputs at a time */
  71:./Libraries/CMSIS/DSP/Source/StatisticsFunctions/arm_mean_q15.c ****   blkCnt = blockSize >> 2U;
  72:./Libraries/CMSIS/DSP/Source/StatisticsFunctions/arm_mean_q15.c **** 
  73:./Libraries/CMSIS/DSP/Source/StatisticsFunctions/arm_mean_q15.c ****   while (blkCnt > 0U)
  74:./Libraries/CMSIS/DSP/Source/StatisticsFunctions/arm_mean_q15.c ****   {
  75:./Libraries/CMSIS/DSP/Source/StatisticsFunctions/arm_mean_q15.c ****     /* C = (A[0] + A[1] + A[2] + ... + A[blockSize-1]) */
  76:./Libraries/CMSIS/DSP/Source/StatisticsFunctions/arm_mean_q15.c ****     in = read_q15x2_ia ((q15_t **) &pSrc);
  77:./Libraries/CMSIS/DSP/Source/StatisticsFunctions/arm_mean_q15.c ****     sum += ((in << 16U) >> 16U);
  78:./Libraries/CMSIS/DSP/Source/StatisticsFunctions/arm_mean_q15.c ****     sum +=  (in >> 16U);
  79:./Libraries/CMSIS/DSP/Source/StatisticsFunctions/arm_mean_q15.c **** 
  80:./Libraries/CMSIS/DSP/Source/StatisticsFunctions/arm_mean_q15.c ****     in = read_q15x2_ia ((q15_t **) &pSrc);
  81:./Libraries/CMSIS/DSP/Source/StatisticsFunctions/arm_mean_q15.c ****     sum += ((in << 16U) >> 16U);
  82:./Libraries/CMSIS/DSP/Source/StatisticsFunctions/arm_mean_q15.c ****     sum +=  (in >> 16U);
  83:./Libraries/CMSIS/DSP/Source/StatisticsFunctions/arm_mean_q15.c **** 
  84:./Libraries/CMSIS/DSP/Source/StatisticsFunctions/arm_mean_q15.c ****     /* Decrement the loop counter */
  85:./Libraries/CMSIS/DSP/Source/StatisticsFunctions/arm_mean_q15.c ****     blkCnt--;
  86:./Libraries/CMSIS/DSP/Source/StatisticsFunctions/arm_mean_q15.c ****   }
  87:./Libraries/CMSIS/DSP/Source/StatisticsFunctions/arm_mean_q15.c **** 
  88:./Libraries/CMSIS/DSP/Source/StatisticsFunctions/arm_mean_q15.c ****   /* Loop unrolling: Compute remaining outputs */
  89:./Libraries/CMSIS/DSP/Source/StatisticsFunctions/arm_mean_q15.c ****   blkCnt = blockSize % 0x4U;
  90:./Libraries/CMSIS/DSP/Source/StatisticsFunctions/arm_mean_q15.c **** 
  91:./Libraries/CMSIS/DSP/Source/StatisticsFunctions/arm_mean_q15.c **** #else
  92:./Libraries/CMSIS/DSP/Source/StatisticsFunctions/arm_mean_q15.c **** 
  93:./Libraries/CMSIS/DSP/Source/StatisticsFunctions/arm_mean_q15.c ****   /* Initialize blkCnt with number of samples */
  94:./Libraries/CMSIS/DSP/Source/StatisticsFunctions/arm_mean_q15.c ****   blkCnt = blockSize;
  49              		.loc 1 94 10
  50 0010 BB68     		ldr	r3, [r7, #8]
  51 0012 7B61     		str	r3, [r7, #20]
  95:./Libraries/CMSIS/DSP/Source/StatisticsFunctions/arm_mean_q15.c **** 
  96:./Libraries/CMSIS/DSP/Source/StatisticsFunctions/arm_mean_q15.c **** #endif /* #if defined (ARM_MATH_LOOPUNROLL) */
  97:./Libraries/CMSIS/DSP/Source/StatisticsFunctions/arm_mean_q15.c **** 
  98:./Libraries/CMSIS/DSP/Source/StatisticsFunctions/arm_mean_q15.c ****   while (blkCnt > 0U)
  52              		.loc 1 98 9
  53 0014 0BE0     		b	.L2
  54              	.L3:
  99:./Libraries/CMSIS/DSP/Source/StatisticsFunctions/arm_mean_q15.c ****   {
 100:./Libraries/CMSIS/DSP/Source/StatisticsFunctions/arm_mean_q15.c ****     /* C = (A[0] + A[1] + A[2] + ... + A[blockSize-1]) */
 101:./Libraries/CMSIS/DSP/Source/StatisticsFunctions/arm_mean_q15.c ****     sum += *pSrc++;
  55              		.loc 1 101 17
  56 0016 FB68     		ldr	r3, [r7, #12]
  57 0018 9A1C     		adds	r2, r3, #2
  58 001a FA60     		str	r2, [r7, #12]
  59              		.loc 1 101 12
  60 001c B3F90030 		ldrsh	r3, [r3]
  61 0020 1A46     		mov	r2, r3
  62              		.loc 1 101 9
  63 0022 3B69     		ldr	r3, [r7, #16]
  64 0024 1344     		add	r3, r3, r2
  65 0026 3B61     		str	r3, [r7, #16]
 102:./Libraries/CMSIS/DSP/Source/StatisticsFunctions/arm_mean_q15.c **** 
 103:./Libraries/CMSIS/DSP/Source/StatisticsFunctions/arm_mean_q15.c ****     /* Decrement loop counter */
 104:./Libraries/CMSIS/DSP/Source/StatisticsFunctions/arm_mean_q15.c ****     blkCnt--;
  66              		.loc 1 104 11
  67 0028 7B69     		ldr	r3, [r7, #20]
  68 002a 013B     		subs	r3, r3, #1
ARM GAS  /tmp/ccphwdr8.s 			page 4


  69 002c 7B61     		str	r3, [r7, #20]
  70              	.L2:
  98:./Libraries/CMSIS/DSP/Source/StatisticsFunctions/arm_mean_q15.c ****   {
  71              		.loc 1 98 9
  72 002e 7B69     		ldr	r3, [r7, #20]
  73 0030 002B     		cmp	r3, #0
  74 0032 F0D1     		bne	.L3
 105:./Libraries/CMSIS/DSP/Source/StatisticsFunctions/arm_mean_q15.c ****   }
 106:./Libraries/CMSIS/DSP/Source/StatisticsFunctions/arm_mean_q15.c **** 
 107:./Libraries/CMSIS/DSP/Source/StatisticsFunctions/arm_mean_q15.c ****   /* C = (A[0] + A[1] + A[2] + ... + A[blockSize-1]) / blockSize  */
 108:./Libraries/CMSIS/DSP/Source/StatisticsFunctions/arm_mean_q15.c ****   /* Store result to destination */
 109:./Libraries/CMSIS/DSP/Source/StatisticsFunctions/arm_mean_q15.c ****   *pResult = (q15_t) (sum / (int32_t) blockSize);
  75              		.loc 1 109 29
  76 0034 BB68     		ldr	r3, [r7, #8]
  77              		.loc 1 109 27
  78 0036 3A69     		ldr	r2, [r7, #16]
  79 0038 92FBF3F3 		sdiv	r3, r2, r3
  80              		.loc 1 109 14
  81 003c 1AB2     		sxth	r2, r3
  82              		.loc 1 109 12
  83 003e 7B68     		ldr	r3, [r7, #4]
  84 0040 1A80     		strh	r2, [r3]	@ movhi
 110:./Libraries/CMSIS/DSP/Source/StatisticsFunctions/arm_mean_q15.c **** }
  85              		.loc 1 110 1
  86 0042 00BF     		nop
  87 0044 1C37     		adds	r7, r7, #28
  88              	.LCFI3:
  89              		.cfi_def_cfa_offset 4
  90 0046 BD46     		mov	sp, r7
  91              	.LCFI4:
  92              		.cfi_def_cfa_register 13
  93              		@ sp needed
  94 0048 5DF8047B 		ldr	r7, [sp], #4
  95              	.LCFI5:
  96              		.cfi_restore 7
  97              		.cfi_def_cfa_offset 0
  98 004c 7047     		bx	lr
  99              		.cfi_endproc
 100              	.LFE145:
 102              		.text
 103              	.Letext0:
 104              		.file 2 "/usr/lib/gcc/arm-none-eabi/9.2.1/include/stdint.h"
 105              		.file 3 "/usr/lib/gcc/arm-none-eabi/9.2.1/include/stddef.h"
 106              		.file 4 "/usr/include/newlib/sys/_types.h"
 107              		.file 5 "/usr/include/newlib/sys/reent.h"
 108              		.file 6 "/usr/include/newlib/sys/lock.h"
 109              		.file 7 "/usr/include/newlib/math.h"
 110              		.file 8 "./Libraries/CMSIS/DSP/Include/arm_math.h"
ARM GAS  /tmp/ccphwdr8.s 			page 5


DEFINED SYMBOLS
                            *ABS*:0000000000000000 arm_mean_q15.c
     /tmp/ccphwdr8.s:17     .text.arm_mean_q15:0000000000000000 $t
     /tmp/ccphwdr8.s:25     .text.arm_mean_q15:0000000000000000 arm_mean_q15

NO UNDEFINED SYMBOLS
