ARM GAS  /tmp/ccjteZiH.s 			page 1


   1              		.cpu cortex-m7
   2              		.eabi_attribute 28, 1
   3              		.eabi_attribute 20, 1
   4              		.eabi_attribute 21, 1
   5              		.eabi_attribute 23, 3
   6              		.eabi_attribute 24, 1
   7              		.eabi_attribute 25, 1
   8              		.eabi_attribute 26, 1
   9              		.eabi_attribute 30, 6
  10              		.eabi_attribute 34, 1
  11              		.eabi_attribute 18, 4
  12              		.file	"arm_iir_lattice_init_f32.c"
  13              		.text
  14              	.Ltext0:
  15              		.cfi_sections	.debug_frame
  16              		.section	.text.arm_iir_lattice_init_f32,"ax",%progbits
  17              		.align	1
  18              		.global	arm_iir_lattice_init_f32
  19              		.arch armv7e-m
  20              		.syntax unified
  21              		.thumb
  22              		.thumb_func
  23              		.fpu fpv5-d16
  25              	arm_iir_lattice_init_f32:
  26              	.LFB145:
  27              		.file 1 "./Libraries/CMSIS/DSP/Source/FilteringFunctions/arm_iir_lattice_init_f32.c"
   1:./Libraries/CMSIS/DSP/Source/FilteringFunctions/arm_iir_lattice_init_f32.c **** /* ----------------------------------------------------------------------
   2:./Libraries/CMSIS/DSP/Source/FilteringFunctions/arm_iir_lattice_init_f32.c ****  * Project:      CMSIS DSP Library
   3:./Libraries/CMSIS/DSP/Source/FilteringFunctions/arm_iir_lattice_init_f32.c ****  * Title:        arm_iir_lattice_init_f32.c
   4:./Libraries/CMSIS/DSP/Source/FilteringFunctions/arm_iir_lattice_init_f32.c ****  * Description:  Floating-point IIR lattice filter initialization function
   5:./Libraries/CMSIS/DSP/Source/FilteringFunctions/arm_iir_lattice_init_f32.c ****  *
   6:./Libraries/CMSIS/DSP/Source/FilteringFunctions/arm_iir_lattice_init_f32.c ****  * $Date:        18. March 2019
   7:./Libraries/CMSIS/DSP/Source/FilteringFunctions/arm_iir_lattice_init_f32.c ****  * $Revision:    V1.6.0
   8:./Libraries/CMSIS/DSP/Source/FilteringFunctions/arm_iir_lattice_init_f32.c ****  *
   9:./Libraries/CMSIS/DSP/Source/FilteringFunctions/arm_iir_lattice_init_f32.c ****  * Target Processor: Cortex-M cores
  10:./Libraries/CMSIS/DSP/Source/FilteringFunctions/arm_iir_lattice_init_f32.c ****  * -------------------------------------------------------------------- */
  11:./Libraries/CMSIS/DSP/Source/FilteringFunctions/arm_iir_lattice_init_f32.c **** /*
  12:./Libraries/CMSIS/DSP/Source/FilteringFunctions/arm_iir_lattice_init_f32.c ****  * Copyright (C) 2010-2019 ARM Limited or its affiliates. All rights reserved.
  13:./Libraries/CMSIS/DSP/Source/FilteringFunctions/arm_iir_lattice_init_f32.c ****  *
  14:./Libraries/CMSIS/DSP/Source/FilteringFunctions/arm_iir_lattice_init_f32.c ****  * SPDX-License-Identifier: Apache-2.0
  15:./Libraries/CMSIS/DSP/Source/FilteringFunctions/arm_iir_lattice_init_f32.c ****  *
  16:./Libraries/CMSIS/DSP/Source/FilteringFunctions/arm_iir_lattice_init_f32.c ****  * Licensed under the Apache License, Version 2.0 (the License); you may
  17:./Libraries/CMSIS/DSP/Source/FilteringFunctions/arm_iir_lattice_init_f32.c ****  * not use this file except in compliance with the License.
  18:./Libraries/CMSIS/DSP/Source/FilteringFunctions/arm_iir_lattice_init_f32.c ****  * You may obtain a copy of the License at
  19:./Libraries/CMSIS/DSP/Source/FilteringFunctions/arm_iir_lattice_init_f32.c ****  *
  20:./Libraries/CMSIS/DSP/Source/FilteringFunctions/arm_iir_lattice_init_f32.c ****  * www.apache.org/licenses/LICENSE-2.0
  21:./Libraries/CMSIS/DSP/Source/FilteringFunctions/arm_iir_lattice_init_f32.c ****  *
  22:./Libraries/CMSIS/DSP/Source/FilteringFunctions/arm_iir_lattice_init_f32.c ****  * Unless required by applicable law or agreed to in writing, software
  23:./Libraries/CMSIS/DSP/Source/FilteringFunctions/arm_iir_lattice_init_f32.c ****  * distributed under the License is distributed on an AS IS BASIS, WITHOUT
  24:./Libraries/CMSIS/DSP/Source/FilteringFunctions/arm_iir_lattice_init_f32.c ****  * WARRANTIES OR CONDITIONS OF ANY KIND, either express or implied.
  25:./Libraries/CMSIS/DSP/Source/FilteringFunctions/arm_iir_lattice_init_f32.c ****  * See the License for the specific language governing permissions and
  26:./Libraries/CMSIS/DSP/Source/FilteringFunctions/arm_iir_lattice_init_f32.c ****  * limitations under the License.
  27:./Libraries/CMSIS/DSP/Source/FilteringFunctions/arm_iir_lattice_init_f32.c ****  */
  28:./Libraries/CMSIS/DSP/Source/FilteringFunctions/arm_iir_lattice_init_f32.c **** 
  29:./Libraries/CMSIS/DSP/Source/FilteringFunctions/arm_iir_lattice_init_f32.c **** #include "arm_math.h"
  30:./Libraries/CMSIS/DSP/Source/FilteringFunctions/arm_iir_lattice_init_f32.c **** 
  31:./Libraries/CMSIS/DSP/Source/FilteringFunctions/arm_iir_lattice_init_f32.c **** /**
ARM GAS  /tmp/ccjteZiH.s 			page 2


  32:./Libraries/CMSIS/DSP/Source/FilteringFunctions/arm_iir_lattice_init_f32.c ****   @ingroup groupFilters
  33:./Libraries/CMSIS/DSP/Source/FilteringFunctions/arm_iir_lattice_init_f32.c ****  */
  34:./Libraries/CMSIS/DSP/Source/FilteringFunctions/arm_iir_lattice_init_f32.c **** 
  35:./Libraries/CMSIS/DSP/Source/FilteringFunctions/arm_iir_lattice_init_f32.c **** /**
  36:./Libraries/CMSIS/DSP/Source/FilteringFunctions/arm_iir_lattice_init_f32.c ****   @addtogroup IIR_Lattice
  37:./Libraries/CMSIS/DSP/Source/FilteringFunctions/arm_iir_lattice_init_f32.c ****   @{
  38:./Libraries/CMSIS/DSP/Source/FilteringFunctions/arm_iir_lattice_init_f32.c ****  */
  39:./Libraries/CMSIS/DSP/Source/FilteringFunctions/arm_iir_lattice_init_f32.c **** 
  40:./Libraries/CMSIS/DSP/Source/FilteringFunctions/arm_iir_lattice_init_f32.c **** /**
  41:./Libraries/CMSIS/DSP/Source/FilteringFunctions/arm_iir_lattice_init_f32.c ****   @brief         Initialization function for the floating-point IIR lattice filter.
  42:./Libraries/CMSIS/DSP/Source/FilteringFunctions/arm_iir_lattice_init_f32.c ****   @param[in]     S          points to an instance of the floating-point IIR lattice structure
  43:./Libraries/CMSIS/DSP/Source/FilteringFunctions/arm_iir_lattice_init_f32.c ****   @param[in]     numStages  number of stages in the filter
  44:./Libraries/CMSIS/DSP/Source/FilteringFunctions/arm_iir_lattice_init_f32.c ****   @param[in]     pkCoeffs   points to reflection coefficient buffer.  The array is of length numSta
  45:./Libraries/CMSIS/DSP/Source/FilteringFunctions/arm_iir_lattice_init_f32.c ****   @param[in]     pvCoeffs   points to ladder coefficient buffer.  The array is of length numStages+
  46:./Libraries/CMSIS/DSP/Source/FilteringFunctions/arm_iir_lattice_init_f32.c ****   @param[in]     pState     points to state buffer.  The array is of length numStages+blockSize
  47:./Libraries/CMSIS/DSP/Source/FilteringFunctions/arm_iir_lattice_init_f32.c ****   @param[in]     blockSize  number of samples to process
  48:./Libraries/CMSIS/DSP/Source/FilteringFunctions/arm_iir_lattice_init_f32.c ****   @return        none
  49:./Libraries/CMSIS/DSP/Source/FilteringFunctions/arm_iir_lattice_init_f32.c ****  */
  50:./Libraries/CMSIS/DSP/Source/FilteringFunctions/arm_iir_lattice_init_f32.c **** 
  51:./Libraries/CMSIS/DSP/Source/FilteringFunctions/arm_iir_lattice_init_f32.c **** void arm_iir_lattice_init_f32(
  52:./Libraries/CMSIS/DSP/Source/FilteringFunctions/arm_iir_lattice_init_f32.c ****   arm_iir_lattice_instance_f32 * S,
  53:./Libraries/CMSIS/DSP/Source/FilteringFunctions/arm_iir_lattice_init_f32.c ****   uint16_t numStages,
  54:./Libraries/CMSIS/DSP/Source/FilteringFunctions/arm_iir_lattice_init_f32.c ****   float32_t * pkCoeffs,
  55:./Libraries/CMSIS/DSP/Source/FilteringFunctions/arm_iir_lattice_init_f32.c ****   float32_t * pvCoeffs,
  56:./Libraries/CMSIS/DSP/Source/FilteringFunctions/arm_iir_lattice_init_f32.c ****   float32_t * pState,
  57:./Libraries/CMSIS/DSP/Source/FilteringFunctions/arm_iir_lattice_init_f32.c ****   uint32_t blockSize)
  58:./Libraries/CMSIS/DSP/Source/FilteringFunctions/arm_iir_lattice_init_f32.c **** {
  28              		.loc 1 58 1
  29              		.cfi_startproc
  30              		@ args = 8, pretend = 0, frame = 16
  31              		@ frame_needed = 1, uses_anonymous_args = 0
  32 0000 80B5     		push	{r7, lr}
  33              	.LCFI0:
  34              		.cfi_def_cfa_offset 8
  35              		.cfi_offset 7, -8
  36              		.cfi_offset 14, -4
  37 0002 84B0     		sub	sp, sp, #16
  38              	.LCFI1:
  39              		.cfi_def_cfa_offset 24
  40 0004 00AF     		add	r7, sp, #0
  41              	.LCFI2:
  42              		.cfi_def_cfa_register 7
  43 0006 F860     		str	r0, [r7, #12]
  44 0008 7A60     		str	r2, [r7, #4]
  45 000a 3B60     		str	r3, [r7]
  46 000c 0B46     		mov	r3, r1	@ movhi
  47 000e 7B81     		strh	r3, [r7, #10]	@ movhi
  59:./Libraries/CMSIS/DSP/Source/FilteringFunctions/arm_iir_lattice_init_f32.c ****   /* Assign filter taps */
  60:./Libraries/CMSIS/DSP/Source/FilteringFunctions/arm_iir_lattice_init_f32.c ****   S->numStages = numStages;
  48              		.loc 1 60 16
  49 0010 FB68     		ldr	r3, [r7, #12]
  50 0012 7A89     		ldrh	r2, [r7, #10]	@ movhi
  51 0014 1A80     		strh	r2, [r3]	@ movhi
  61:./Libraries/CMSIS/DSP/Source/FilteringFunctions/arm_iir_lattice_init_f32.c **** 
  62:./Libraries/CMSIS/DSP/Source/FilteringFunctions/arm_iir_lattice_init_f32.c ****   /* Assign reflection coefficient pointer */
  63:./Libraries/CMSIS/DSP/Source/FilteringFunctions/arm_iir_lattice_init_f32.c ****   S->pkCoeffs = pkCoeffs;
  52              		.loc 1 63 15
ARM GAS  /tmp/ccjteZiH.s 			page 3


  53 0016 FB68     		ldr	r3, [r7, #12]
  54 0018 7A68     		ldr	r2, [r7, #4]
  55 001a 9A60     		str	r2, [r3, #8]
  64:./Libraries/CMSIS/DSP/Source/FilteringFunctions/arm_iir_lattice_init_f32.c **** 
  65:./Libraries/CMSIS/DSP/Source/FilteringFunctions/arm_iir_lattice_init_f32.c ****   /* Assign ladder coefficient pointer */
  66:./Libraries/CMSIS/DSP/Source/FilteringFunctions/arm_iir_lattice_init_f32.c ****   S->pvCoeffs = pvCoeffs;
  56              		.loc 1 66 15
  57 001c FB68     		ldr	r3, [r7, #12]
  58 001e 3A68     		ldr	r2, [r7]
  59 0020 DA60     		str	r2, [r3, #12]
  67:./Libraries/CMSIS/DSP/Source/FilteringFunctions/arm_iir_lattice_init_f32.c **** 
  68:./Libraries/CMSIS/DSP/Source/FilteringFunctions/arm_iir_lattice_init_f32.c ****   /* Clear state buffer and size is always blockSize + numStages */
  69:./Libraries/CMSIS/DSP/Source/FilteringFunctions/arm_iir_lattice_init_f32.c ****   memset(pState, 0, (numStages + blockSize) * sizeof(float32_t));
  60              		.loc 1 69 32
  61 0022 7A89     		ldrh	r2, [r7, #10]
  62 0024 FB69     		ldr	r3, [r7, #28]
  63 0026 1344     		add	r3, r3, r2
  64              		.loc 1 69 45
  65 0028 9B00     		lsls	r3, r3, #2
  66              		.loc 1 69 3
  67 002a 1A46     		mov	r2, r3
  68 002c 0021     		movs	r1, #0
  69 002e B869     		ldr	r0, [r7, #24]
  70 0030 FFF7FEFF 		bl	memset
  70:./Libraries/CMSIS/DSP/Source/FilteringFunctions/arm_iir_lattice_init_f32.c **** 
  71:./Libraries/CMSIS/DSP/Source/FilteringFunctions/arm_iir_lattice_init_f32.c ****   /* Assign state pointer */
  72:./Libraries/CMSIS/DSP/Source/FilteringFunctions/arm_iir_lattice_init_f32.c ****   S->pState = pState;
  71              		.loc 1 72 13
  72 0034 FB68     		ldr	r3, [r7, #12]
  73 0036 BA69     		ldr	r2, [r7, #24]
  74 0038 5A60     		str	r2, [r3, #4]
  73:./Libraries/CMSIS/DSP/Source/FilteringFunctions/arm_iir_lattice_init_f32.c **** }
  75              		.loc 1 73 1
  76 003a 00BF     		nop
  77 003c 1037     		adds	r7, r7, #16
  78              	.LCFI3:
  79              		.cfi_def_cfa_offset 8
  80 003e BD46     		mov	sp, r7
  81              	.LCFI4:
  82              		.cfi_def_cfa_register 13
  83              		@ sp needed
  84 0040 80BD     		pop	{r7, pc}
  85              		.cfi_endproc
  86              	.LFE145:
  88              		.text
  89              	.Letext0:
  90              		.file 2 "/usr/lib/gcc/arm-none-eabi/9.2.1/include/stdint.h"
  91              		.file 3 "/usr/lib/gcc/arm-none-eabi/9.2.1/include/stddef.h"
  92              		.file 4 "/usr/include/newlib/sys/_types.h"
  93              		.file 5 "/usr/include/newlib/sys/reent.h"
  94              		.file 6 "/usr/include/newlib/sys/lock.h"
  95              		.file 7 "/usr/include/newlib/math.h"
  96              		.file 8 "./Libraries/CMSIS/DSP/Include/arm_math.h"
ARM GAS  /tmp/ccjteZiH.s 			page 4


DEFINED SYMBOLS
                            *ABS*:0000000000000000 arm_iir_lattice_init_f32.c
     /tmp/ccjteZiH.s:17     .text.arm_iir_lattice_init_f32:0000000000000000 $t
     /tmp/ccjteZiH.s:25     .text.arm_iir_lattice_init_f32:0000000000000000 arm_iir_lattice_init_f32

UNDEFINED SYMBOLS
memset
