ARM GAS  /tmp/cci6pCcw.s 			page 1


   1              		.cpu cortex-m7
   2              		.eabi_attribute 28, 1
   3              		.eabi_attribute 20, 1
   4              		.eabi_attribute 21, 1
   5              		.eabi_attribute 23, 3
   6              		.eabi_attribute 24, 1
   7              		.eabi_attribute 25, 1
   8              		.eabi_attribute 26, 1
   9              		.eabi_attribute 30, 6
  10              		.eabi_attribute 34, 1
  11              		.eabi_attribute 18, 4
  12              		.file	"arm_scale_q7.c"
  13              		.text
  14              	.Ltext0:
  15              		.cfi_sections	.debug_frame
  16              		.section	.text.arm_scale_q7,"ax",%progbits
  17              		.align	1
  18              		.global	arm_scale_q7
  19              		.arch armv7e-m
  20              		.syntax unified
  21              		.thumb
  22              		.thumb_func
  23              		.fpu fpv5-d16
  25              	arm_scale_q7:
  26              	.LFB145:
  27              		.file 1 "./Libraries/CMSIS/DSP/Source/BasicMathFunctions/arm_scale_q7.c"
   1:./Libraries/CMSIS/DSP/Source/BasicMathFunctions/arm_scale_q7.c **** /* ----------------------------------------------------------------------
   2:./Libraries/CMSIS/DSP/Source/BasicMathFunctions/arm_scale_q7.c ****  * Project:      CMSIS DSP Library
   3:./Libraries/CMSIS/DSP/Source/BasicMathFunctions/arm_scale_q7.c ****  * Title:        arm_scale_q7.c
   4:./Libraries/CMSIS/DSP/Source/BasicMathFunctions/arm_scale_q7.c ****  * Description:  Multiplies a Q7 vector by a scalar
   5:./Libraries/CMSIS/DSP/Source/BasicMathFunctions/arm_scale_q7.c ****  *
   6:./Libraries/CMSIS/DSP/Source/BasicMathFunctions/arm_scale_q7.c ****  * $Date:        18. March 2019
   7:./Libraries/CMSIS/DSP/Source/BasicMathFunctions/arm_scale_q7.c ****  * $Revision:    V1.6.0
   8:./Libraries/CMSIS/DSP/Source/BasicMathFunctions/arm_scale_q7.c ****  *
   9:./Libraries/CMSIS/DSP/Source/BasicMathFunctions/arm_scale_q7.c ****  * Target Processor: Cortex-M cores
  10:./Libraries/CMSIS/DSP/Source/BasicMathFunctions/arm_scale_q7.c ****  * -------------------------------------------------------------------- */
  11:./Libraries/CMSIS/DSP/Source/BasicMathFunctions/arm_scale_q7.c **** /*
  12:./Libraries/CMSIS/DSP/Source/BasicMathFunctions/arm_scale_q7.c ****  * Copyright (C) 2010-2019 ARM Limited or its affiliates. All rights reserved.
  13:./Libraries/CMSIS/DSP/Source/BasicMathFunctions/arm_scale_q7.c ****  *
  14:./Libraries/CMSIS/DSP/Source/BasicMathFunctions/arm_scale_q7.c ****  * SPDX-License-Identifier: Apache-2.0
  15:./Libraries/CMSIS/DSP/Source/BasicMathFunctions/arm_scale_q7.c ****  *
  16:./Libraries/CMSIS/DSP/Source/BasicMathFunctions/arm_scale_q7.c ****  * Licensed under the Apache License, Version 2.0 (the License); you may
  17:./Libraries/CMSIS/DSP/Source/BasicMathFunctions/arm_scale_q7.c ****  * not use this file except in compliance with the License.
  18:./Libraries/CMSIS/DSP/Source/BasicMathFunctions/arm_scale_q7.c ****  * You may obtain a copy of the License at
  19:./Libraries/CMSIS/DSP/Source/BasicMathFunctions/arm_scale_q7.c ****  *
  20:./Libraries/CMSIS/DSP/Source/BasicMathFunctions/arm_scale_q7.c ****  * www.apache.org/licenses/LICENSE-2.0
  21:./Libraries/CMSIS/DSP/Source/BasicMathFunctions/arm_scale_q7.c ****  *
  22:./Libraries/CMSIS/DSP/Source/BasicMathFunctions/arm_scale_q7.c ****  * Unless required by applicable law or agreed to in writing, software
  23:./Libraries/CMSIS/DSP/Source/BasicMathFunctions/arm_scale_q7.c ****  * distributed under the License is distributed on an AS IS BASIS, WITHOUT
  24:./Libraries/CMSIS/DSP/Source/BasicMathFunctions/arm_scale_q7.c ****  * WARRANTIES OR CONDITIONS OF ANY KIND, either express or implied.
  25:./Libraries/CMSIS/DSP/Source/BasicMathFunctions/arm_scale_q7.c ****  * See the License for the specific language governing permissions and
  26:./Libraries/CMSIS/DSP/Source/BasicMathFunctions/arm_scale_q7.c ****  * limitations under the License.
  27:./Libraries/CMSIS/DSP/Source/BasicMathFunctions/arm_scale_q7.c ****  */
  28:./Libraries/CMSIS/DSP/Source/BasicMathFunctions/arm_scale_q7.c **** 
  29:./Libraries/CMSIS/DSP/Source/BasicMathFunctions/arm_scale_q7.c **** #include "arm_math.h"
  30:./Libraries/CMSIS/DSP/Source/BasicMathFunctions/arm_scale_q7.c **** 
  31:./Libraries/CMSIS/DSP/Source/BasicMathFunctions/arm_scale_q7.c **** /**
ARM GAS  /tmp/cci6pCcw.s 			page 2


  32:./Libraries/CMSIS/DSP/Source/BasicMathFunctions/arm_scale_q7.c ****   @ingroup groupMath
  33:./Libraries/CMSIS/DSP/Source/BasicMathFunctions/arm_scale_q7.c ****  */
  34:./Libraries/CMSIS/DSP/Source/BasicMathFunctions/arm_scale_q7.c **** 
  35:./Libraries/CMSIS/DSP/Source/BasicMathFunctions/arm_scale_q7.c **** /**
  36:./Libraries/CMSIS/DSP/Source/BasicMathFunctions/arm_scale_q7.c ****   @addtogroup BasicScale
  37:./Libraries/CMSIS/DSP/Source/BasicMathFunctions/arm_scale_q7.c ****   @{
  38:./Libraries/CMSIS/DSP/Source/BasicMathFunctions/arm_scale_q7.c ****  */
  39:./Libraries/CMSIS/DSP/Source/BasicMathFunctions/arm_scale_q7.c **** 
  40:./Libraries/CMSIS/DSP/Source/BasicMathFunctions/arm_scale_q7.c **** /**
  41:./Libraries/CMSIS/DSP/Source/BasicMathFunctions/arm_scale_q7.c ****   @brief         Multiplies a Q7 vector by a scalar.
  42:./Libraries/CMSIS/DSP/Source/BasicMathFunctions/arm_scale_q7.c ****   @param[in]     pSrc       points to the input vector
  43:./Libraries/CMSIS/DSP/Source/BasicMathFunctions/arm_scale_q7.c ****   @param[in]     scaleFract fractional portion of the scale value
  44:./Libraries/CMSIS/DSP/Source/BasicMathFunctions/arm_scale_q7.c ****   @param[in]     shift      number of bits to shift the result by
  45:./Libraries/CMSIS/DSP/Source/BasicMathFunctions/arm_scale_q7.c ****   @param[out]    pDst       points to the output vector
  46:./Libraries/CMSIS/DSP/Source/BasicMathFunctions/arm_scale_q7.c ****   @param[in]     blockSize  number of samples in each vector
  47:./Libraries/CMSIS/DSP/Source/BasicMathFunctions/arm_scale_q7.c ****   @return        none
  48:./Libraries/CMSIS/DSP/Source/BasicMathFunctions/arm_scale_q7.c **** 
  49:./Libraries/CMSIS/DSP/Source/BasicMathFunctions/arm_scale_q7.c ****   @par           Scaling and Overflow Behavior
  50:./Libraries/CMSIS/DSP/Source/BasicMathFunctions/arm_scale_q7.c ****                    The input data <code>*pSrc</code> and <code>scaleFract</code> are in 1.7 format.
  51:./Libraries/CMSIS/DSP/Source/BasicMathFunctions/arm_scale_q7.c ****                    These are multiplied to yield a 2.14 intermediate result and this is shifted wit
  52:./Libraries/CMSIS/DSP/Source/BasicMathFunctions/arm_scale_q7.c ****  */
  53:./Libraries/CMSIS/DSP/Source/BasicMathFunctions/arm_scale_q7.c **** 
  54:./Libraries/CMSIS/DSP/Source/BasicMathFunctions/arm_scale_q7.c **** void arm_scale_q7(
  55:./Libraries/CMSIS/DSP/Source/BasicMathFunctions/arm_scale_q7.c ****   const q7_t * pSrc,
  56:./Libraries/CMSIS/DSP/Source/BasicMathFunctions/arm_scale_q7.c ****         q7_t scaleFract,
  57:./Libraries/CMSIS/DSP/Source/BasicMathFunctions/arm_scale_q7.c ****         int8_t shift,
  58:./Libraries/CMSIS/DSP/Source/BasicMathFunctions/arm_scale_q7.c ****         q7_t * pDst,
  59:./Libraries/CMSIS/DSP/Source/BasicMathFunctions/arm_scale_q7.c ****         uint32_t blockSize)
  60:./Libraries/CMSIS/DSP/Source/BasicMathFunctions/arm_scale_q7.c **** {
  28              		.loc 1 60 1
  29              		.cfi_startproc
  30              		@ args = 4, pretend = 0, frame = 32
  31              		@ frame_needed = 1, uses_anonymous_args = 0
  32              		@ link register save eliminated.
  33 0000 80B4     		push	{r7}
  34              	.LCFI0:
  35              		.cfi_def_cfa_offset 4
  36              		.cfi_offset 7, -4
  37 0002 89B0     		sub	sp, sp, #36
  38              	.LCFI1:
  39              		.cfi_def_cfa_offset 40
  40 0004 00AF     		add	r7, sp, #0
  41              	.LCFI2:
  42              		.cfi_def_cfa_register 7
  43 0006 F860     		str	r0, [r7, #12]
  44 0008 7B60     		str	r3, [r7, #4]
  45 000a 0B46     		mov	r3, r1
  46 000c FB72     		strb	r3, [r7, #11]
  47 000e 1346     		mov	r3, r2
  48 0010 BB72     		strb	r3, [r7, #10]
  61:./Libraries/CMSIS/DSP/Source/BasicMathFunctions/arm_scale_q7.c ****         uint32_t blkCnt;                               /* Loop counter */
  62:./Libraries/CMSIS/DSP/Source/BasicMathFunctions/arm_scale_q7.c ****         int8_t kShift = 7 - shift;                     /* Shift to apply after scaling */
  49              		.loc 1 62 27
  50 0012 BB7A     		ldrb	r3, [r7, #10]	@ zero_extendqisi2
  51 0014 C3F10703 		rsb	r3, r3, #7
  52 0018 DBB2     		uxtb	r3, r3
  53              		.loc 1 62 16
ARM GAS  /tmp/cci6pCcw.s 			page 3


  54 001a FB76     		strb	r3, [r7, #27]
  63:./Libraries/CMSIS/DSP/Source/BasicMathFunctions/arm_scale_q7.c **** 
  64:./Libraries/CMSIS/DSP/Source/BasicMathFunctions/arm_scale_q7.c **** #if defined (ARM_MATH_LOOPUNROLL)
  65:./Libraries/CMSIS/DSP/Source/BasicMathFunctions/arm_scale_q7.c **** 
  66:./Libraries/CMSIS/DSP/Source/BasicMathFunctions/arm_scale_q7.c **** #if defined (ARM_MATH_DSP)
  67:./Libraries/CMSIS/DSP/Source/BasicMathFunctions/arm_scale_q7.c ****   q7_t in1,  in2,  in3,  in4;                    /* Temporary input variables */
  68:./Libraries/CMSIS/DSP/Source/BasicMathFunctions/arm_scale_q7.c ****   q7_t out1, out2, out3, out4;                   /* Temporary output variables */
  69:./Libraries/CMSIS/DSP/Source/BasicMathFunctions/arm_scale_q7.c **** #endif
  70:./Libraries/CMSIS/DSP/Source/BasicMathFunctions/arm_scale_q7.c **** 
  71:./Libraries/CMSIS/DSP/Source/BasicMathFunctions/arm_scale_q7.c ****   /* Loop unrolling: Compute 4 outputs at a time */
  72:./Libraries/CMSIS/DSP/Source/BasicMathFunctions/arm_scale_q7.c ****   blkCnt = blockSize >> 2U;
  73:./Libraries/CMSIS/DSP/Source/BasicMathFunctions/arm_scale_q7.c **** 
  74:./Libraries/CMSIS/DSP/Source/BasicMathFunctions/arm_scale_q7.c ****   while (blkCnt > 0U)
  75:./Libraries/CMSIS/DSP/Source/BasicMathFunctions/arm_scale_q7.c ****   {
  76:./Libraries/CMSIS/DSP/Source/BasicMathFunctions/arm_scale_q7.c ****     /* C = A * scale */
  77:./Libraries/CMSIS/DSP/Source/BasicMathFunctions/arm_scale_q7.c **** 
  78:./Libraries/CMSIS/DSP/Source/BasicMathFunctions/arm_scale_q7.c **** #if defined (ARM_MATH_DSP)
  79:./Libraries/CMSIS/DSP/Source/BasicMathFunctions/arm_scale_q7.c ****     /* Reading 4 inputs from memory */
  80:./Libraries/CMSIS/DSP/Source/BasicMathFunctions/arm_scale_q7.c ****     in1 = *pSrc++;
  81:./Libraries/CMSIS/DSP/Source/BasicMathFunctions/arm_scale_q7.c ****     in2 = *pSrc++;
  82:./Libraries/CMSIS/DSP/Source/BasicMathFunctions/arm_scale_q7.c ****     in3 = *pSrc++;
  83:./Libraries/CMSIS/DSP/Source/BasicMathFunctions/arm_scale_q7.c ****     in4 = *pSrc++;
  84:./Libraries/CMSIS/DSP/Source/BasicMathFunctions/arm_scale_q7.c **** 
  85:./Libraries/CMSIS/DSP/Source/BasicMathFunctions/arm_scale_q7.c ****     /* Scale inputs and store result in the temporary variable. */
  86:./Libraries/CMSIS/DSP/Source/BasicMathFunctions/arm_scale_q7.c ****     out1 = (q7_t) (__SSAT(((in1) * scaleFract) >> kShift, 8));
  87:./Libraries/CMSIS/DSP/Source/BasicMathFunctions/arm_scale_q7.c ****     out2 = (q7_t) (__SSAT(((in2) * scaleFract) >> kShift, 8));
  88:./Libraries/CMSIS/DSP/Source/BasicMathFunctions/arm_scale_q7.c ****     out3 = (q7_t) (__SSAT(((in3) * scaleFract) >> kShift, 8));
  89:./Libraries/CMSIS/DSP/Source/BasicMathFunctions/arm_scale_q7.c ****     out4 = (q7_t) (__SSAT(((in4) * scaleFract) >> kShift, 8));
  90:./Libraries/CMSIS/DSP/Source/BasicMathFunctions/arm_scale_q7.c **** 
  91:./Libraries/CMSIS/DSP/Source/BasicMathFunctions/arm_scale_q7.c ****     /* Pack and store result in destination buffer (in single write) */
  92:./Libraries/CMSIS/DSP/Source/BasicMathFunctions/arm_scale_q7.c ****     write_q7x4_ia (&pDst, __PACKq7(out1, out2, out3, out4));
  93:./Libraries/CMSIS/DSP/Source/BasicMathFunctions/arm_scale_q7.c **** #else
  94:./Libraries/CMSIS/DSP/Source/BasicMathFunctions/arm_scale_q7.c ****     *pDst++ = (q7_t) (__SSAT((((q15_t) *pSrc++ * scaleFract) >> kShift), 8));
  95:./Libraries/CMSIS/DSP/Source/BasicMathFunctions/arm_scale_q7.c ****     *pDst++ = (q7_t) (__SSAT((((q15_t) *pSrc++ * scaleFract) >> kShift), 8));
  96:./Libraries/CMSIS/DSP/Source/BasicMathFunctions/arm_scale_q7.c ****     *pDst++ = (q7_t) (__SSAT((((q15_t) *pSrc++ * scaleFract) >> kShift), 8));
  97:./Libraries/CMSIS/DSP/Source/BasicMathFunctions/arm_scale_q7.c ****     *pDst++ = (q7_t) (__SSAT((((q15_t) *pSrc++ * scaleFract) >> kShift), 8));
  98:./Libraries/CMSIS/DSP/Source/BasicMathFunctions/arm_scale_q7.c **** #endif
  99:./Libraries/CMSIS/DSP/Source/BasicMathFunctions/arm_scale_q7.c **** 
 100:./Libraries/CMSIS/DSP/Source/BasicMathFunctions/arm_scale_q7.c ****     /* Decrement loop counter */
 101:./Libraries/CMSIS/DSP/Source/BasicMathFunctions/arm_scale_q7.c ****     blkCnt--;
 102:./Libraries/CMSIS/DSP/Source/BasicMathFunctions/arm_scale_q7.c ****   }
 103:./Libraries/CMSIS/DSP/Source/BasicMathFunctions/arm_scale_q7.c **** 
 104:./Libraries/CMSIS/DSP/Source/BasicMathFunctions/arm_scale_q7.c ****   /* Loop unrolling: Compute remaining outputs */
 105:./Libraries/CMSIS/DSP/Source/BasicMathFunctions/arm_scale_q7.c ****   blkCnt = blockSize % 0x4U;
 106:./Libraries/CMSIS/DSP/Source/BasicMathFunctions/arm_scale_q7.c **** 
 107:./Libraries/CMSIS/DSP/Source/BasicMathFunctions/arm_scale_q7.c **** #else
 108:./Libraries/CMSIS/DSP/Source/BasicMathFunctions/arm_scale_q7.c **** 
 109:./Libraries/CMSIS/DSP/Source/BasicMathFunctions/arm_scale_q7.c ****   /* Initialize blkCnt with number of samples */
 110:./Libraries/CMSIS/DSP/Source/BasicMathFunctions/arm_scale_q7.c ****   blkCnt = blockSize;
  55              		.loc 1 110 10
  56 001c BB6A     		ldr	r3, [r7, #40]
  57 001e FB61     		str	r3, [r7, #28]
 111:./Libraries/CMSIS/DSP/Source/BasicMathFunctions/arm_scale_q7.c **** 
 112:./Libraries/CMSIS/DSP/Source/BasicMathFunctions/arm_scale_q7.c **** #endif /* #if defined (ARM_MATH_LOOPUNROLL) */
 113:./Libraries/CMSIS/DSP/Source/BasicMathFunctions/arm_scale_q7.c **** 
 114:./Libraries/CMSIS/DSP/Source/BasicMathFunctions/arm_scale_q7.c ****   while (blkCnt > 0U)
  58              		.loc 1 114 9
ARM GAS  /tmp/cci6pCcw.s 			page 4


  59 0020 1BE0     		b	.L2
  60              	.L3:
  61              	.LBB2:
 115:./Libraries/CMSIS/DSP/Source/BasicMathFunctions/arm_scale_q7.c ****   {
 116:./Libraries/CMSIS/DSP/Source/BasicMathFunctions/arm_scale_q7.c ****     /* C = A * scale */
 117:./Libraries/CMSIS/DSP/Source/BasicMathFunctions/arm_scale_q7.c **** 
 118:./Libraries/CMSIS/DSP/Source/BasicMathFunctions/arm_scale_q7.c ****     /* Scale input and store result in destination buffer. */
 119:./Libraries/CMSIS/DSP/Source/BasicMathFunctions/arm_scale_q7.c ****     *pDst++ = (q7_t) (__SSAT((((q15_t) *pSrc++ * scaleFract) >> kShift), 8));
  62              		.loc 1 119 23
  63 0022 FB68     		ldr	r3, [r7, #12]
  64 0024 5A1C     		adds	r2, r3, #1
  65 0026 FA60     		str	r2, [r7, #12]
  66 0028 93F90030 		ldrsb	r3, [r3]
  67 002c 1A46     		mov	r2, r3
  68 002e 97F90B30 		ldrsb	r3, [r7, #11]
  69 0032 03FB02F2 		mul	r2, r3, r2
  70 0036 97F91B30 		ldrsb	r3, [r7, #27]
  71 003a 42FA03F3 		asr	r3, r2, r3
  72 003e 7B61     		str	r3, [r7, #20]
  73 0040 7B69     		ldr	r3, [r7, #20]
  74              		.syntax unified
  75              	@ 119 "./Libraries/CMSIS/DSP/Source/BasicMathFunctions/arm_scale_q7.c" 1
  76 0042 03F30703 		ssat r3, #8, r3
  77              	@ 0 "" 2
  78              		.thumb
  79              		.syntax unified
  80 0046 3B61     		str	r3, [r7, #16]
  81 0048 3969     		ldr	r1, [r7, #16]
  82              	.LBE2:
  83              		.loc 1 119 10
  84 004a 7B68     		ldr	r3, [r7, #4]
  85 004c 5A1C     		adds	r2, r3, #1
  86 004e 7A60     		str	r2, [r7, #4]
  87              		.loc 1 119 15
  88 0050 4AB2     		sxtb	r2, r1
  89              		.loc 1 119 13
  90 0052 1A70     		strb	r2, [r3]
 120:./Libraries/CMSIS/DSP/Source/BasicMathFunctions/arm_scale_q7.c **** 
 121:./Libraries/CMSIS/DSP/Source/BasicMathFunctions/arm_scale_q7.c ****     /* Decrement loop counter */
 122:./Libraries/CMSIS/DSP/Source/BasicMathFunctions/arm_scale_q7.c ****     blkCnt--;
  91              		.loc 1 122 11
  92 0054 FB69     		ldr	r3, [r7, #28]
  93 0056 013B     		subs	r3, r3, #1
  94 0058 FB61     		str	r3, [r7, #28]
  95              	.L2:
 114:./Libraries/CMSIS/DSP/Source/BasicMathFunctions/arm_scale_q7.c ****   {
  96              		.loc 1 114 9
  97 005a FB69     		ldr	r3, [r7, #28]
  98 005c 002B     		cmp	r3, #0
  99 005e E0D1     		bne	.L3
 123:./Libraries/CMSIS/DSP/Source/BasicMathFunctions/arm_scale_q7.c ****   }
 124:./Libraries/CMSIS/DSP/Source/BasicMathFunctions/arm_scale_q7.c **** 
 125:./Libraries/CMSIS/DSP/Source/BasicMathFunctions/arm_scale_q7.c **** }
 100              		.loc 1 125 1
 101 0060 00BF     		nop
 102 0062 00BF     		nop
 103 0064 2437     		adds	r7, r7, #36
ARM GAS  /tmp/cci6pCcw.s 			page 5


 104              	.LCFI3:
 105              		.cfi_def_cfa_offset 4
 106 0066 BD46     		mov	sp, r7
 107              	.LCFI4:
 108              		.cfi_def_cfa_register 13
 109              		@ sp needed
 110 0068 5DF8047B 		ldr	r7, [sp], #4
 111              	.LCFI5:
 112              		.cfi_restore 7
 113              		.cfi_def_cfa_offset 0
 114 006c 7047     		bx	lr
 115              		.cfi_endproc
 116              	.LFE145:
 118              		.text
 119              	.Letext0:
 120              		.file 2 "/usr/lib/gcc/arm-none-eabi/9.2.1/include/stdint.h"
 121              		.file 3 "/usr/lib/gcc/arm-none-eabi/9.2.1/include/stddef.h"
 122              		.file 4 "/usr/include/newlib/sys/_types.h"
 123              		.file 5 "/usr/include/newlib/sys/reent.h"
 124              		.file 6 "/usr/include/newlib/sys/lock.h"
 125              		.file 7 "/usr/include/newlib/math.h"
 126              		.file 8 "./Libraries/CMSIS/DSP/Include/arm_math.h"
ARM GAS  /tmp/cci6pCcw.s 			page 6


DEFINED SYMBOLS
                            *ABS*:0000000000000000 arm_scale_q7.c
     /tmp/cci6pCcw.s:17     .text.arm_scale_q7:0000000000000000 $t
     /tmp/cci6pCcw.s:25     .text.arm_scale_q7:0000000000000000 arm_scale_q7

NO UNDEFINED SYMBOLS
