ARM GAS  /tmp/ccayVNHz.s 			page 1


   1              		.cpu cortex-m7
   2              		.eabi_attribute 28, 1
   3              		.eabi_attribute 20, 1
   4              		.eabi_attribute 21, 1
   5              		.eabi_attribute 23, 3
   6              		.eabi_attribute 24, 1
   7              		.eabi_attribute 25, 1
   8              		.eabi_attribute 26, 1
   9              		.eabi_attribute 30, 6
  10              		.eabi_attribute 34, 1
  11              		.eabi_attribute 18, 4
  12              		.file	"arm_fill_q15.c"
  13              		.text
  14              	.Ltext0:
  15              		.cfi_sections	.debug_frame
  16              		.section	.text.arm_fill_q15,"ax",%progbits
  17              		.align	1
  18              		.global	arm_fill_q15
  19              		.arch armv7e-m
  20              		.syntax unified
  21              		.thumb
  22              		.thumb_func
  23              		.fpu fpv5-d16
  25              	arm_fill_q15:
  26              	.LFB145:
  27              		.file 1 "./Libraries/CMSIS/DSP/Source/SupportFunctions/arm_fill_q15.c"
   1:./Libraries/CMSIS/DSP/Source/SupportFunctions/arm_fill_q15.c **** /* ----------------------------------------------------------------------
   2:./Libraries/CMSIS/DSP/Source/SupportFunctions/arm_fill_q15.c ****  * Project:      CMSIS DSP Library
   3:./Libraries/CMSIS/DSP/Source/SupportFunctions/arm_fill_q15.c ****  * Title:        arm_fill_q15.c
   4:./Libraries/CMSIS/DSP/Source/SupportFunctions/arm_fill_q15.c ****  * Description:  Fills a constant value into a Q15 vector
   5:./Libraries/CMSIS/DSP/Source/SupportFunctions/arm_fill_q15.c ****  *
   6:./Libraries/CMSIS/DSP/Source/SupportFunctions/arm_fill_q15.c ****  * $Date:        18. March 2019
   7:./Libraries/CMSIS/DSP/Source/SupportFunctions/arm_fill_q15.c ****  * $Revision:    V1.6.0
   8:./Libraries/CMSIS/DSP/Source/SupportFunctions/arm_fill_q15.c ****  *
   9:./Libraries/CMSIS/DSP/Source/SupportFunctions/arm_fill_q15.c ****  * Target Processor: Cortex-M cores
  10:./Libraries/CMSIS/DSP/Source/SupportFunctions/arm_fill_q15.c ****  * -------------------------------------------------------------------- */
  11:./Libraries/CMSIS/DSP/Source/SupportFunctions/arm_fill_q15.c **** /*
  12:./Libraries/CMSIS/DSP/Source/SupportFunctions/arm_fill_q15.c ****  * Copyright (C) 2010-2019 ARM Limited or its affiliates. All rights reserved.
  13:./Libraries/CMSIS/DSP/Source/SupportFunctions/arm_fill_q15.c ****  *
  14:./Libraries/CMSIS/DSP/Source/SupportFunctions/arm_fill_q15.c ****  * SPDX-License-Identifier: Apache-2.0
  15:./Libraries/CMSIS/DSP/Source/SupportFunctions/arm_fill_q15.c ****  *
  16:./Libraries/CMSIS/DSP/Source/SupportFunctions/arm_fill_q15.c ****  * Licensed under the Apache License, Version 2.0 (the License); you may
  17:./Libraries/CMSIS/DSP/Source/SupportFunctions/arm_fill_q15.c ****  * not use this file except in compliance with the License.
  18:./Libraries/CMSIS/DSP/Source/SupportFunctions/arm_fill_q15.c ****  * You may obtain a copy of the License at
  19:./Libraries/CMSIS/DSP/Source/SupportFunctions/arm_fill_q15.c ****  *
  20:./Libraries/CMSIS/DSP/Source/SupportFunctions/arm_fill_q15.c ****  * www.apache.org/licenses/LICENSE-2.0
  21:./Libraries/CMSIS/DSP/Source/SupportFunctions/arm_fill_q15.c ****  *
  22:./Libraries/CMSIS/DSP/Source/SupportFunctions/arm_fill_q15.c ****  * Unless required by applicable law or agreed to in writing, software
  23:./Libraries/CMSIS/DSP/Source/SupportFunctions/arm_fill_q15.c ****  * distributed under the License is distributed on an AS IS BASIS, WITHOUT
  24:./Libraries/CMSIS/DSP/Source/SupportFunctions/arm_fill_q15.c ****  * WARRANTIES OR CONDITIONS OF ANY KIND, either express or implied.
  25:./Libraries/CMSIS/DSP/Source/SupportFunctions/arm_fill_q15.c ****  * See the License for the specific language governing permissions and
  26:./Libraries/CMSIS/DSP/Source/SupportFunctions/arm_fill_q15.c ****  * limitations under the License.
  27:./Libraries/CMSIS/DSP/Source/SupportFunctions/arm_fill_q15.c ****  */
  28:./Libraries/CMSIS/DSP/Source/SupportFunctions/arm_fill_q15.c **** 
  29:./Libraries/CMSIS/DSP/Source/SupportFunctions/arm_fill_q15.c **** #include "arm_math.h"
  30:./Libraries/CMSIS/DSP/Source/SupportFunctions/arm_fill_q15.c **** 
  31:./Libraries/CMSIS/DSP/Source/SupportFunctions/arm_fill_q15.c **** /**
ARM GAS  /tmp/ccayVNHz.s 			page 2


  32:./Libraries/CMSIS/DSP/Source/SupportFunctions/arm_fill_q15.c ****   @ingroup groupSupport
  33:./Libraries/CMSIS/DSP/Source/SupportFunctions/arm_fill_q15.c ****  */
  34:./Libraries/CMSIS/DSP/Source/SupportFunctions/arm_fill_q15.c **** 
  35:./Libraries/CMSIS/DSP/Source/SupportFunctions/arm_fill_q15.c **** /**
  36:./Libraries/CMSIS/DSP/Source/SupportFunctions/arm_fill_q15.c ****   @addtogroup Fill
  37:./Libraries/CMSIS/DSP/Source/SupportFunctions/arm_fill_q15.c ****   @{
  38:./Libraries/CMSIS/DSP/Source/SupportFunctions/arm_fill_q15.c ****  */
  39:./Libraries/CMSIS/DSP/Source/SupportFunctions/arm_fill_q15.c **** 
  40:./Libraries/CMSIS/DSP/Source/SupportFunctions/arm_fill_q15.c **** /**
  41:./Libraries/CMSIS/DSP/Source/SupportFunctions/arm_fill_q15.c ****   @brief         Fills a constant value into a Q15 vector.
  42:./Libraries/CMSIS/DSP/Source/SupportFunctions/arm_fill_q15.c ****   @param[in]     value      input value to be filled
  43:./Libraries/CMSIS/DSP/Source/SupportFunctions/arm_fill_q15.c ****   @param[out]    pDst       points to output vector
  44:./Libraries/CMSIS/DSP/Source/SupportFunctions/arm_fill_q15.c ****   @param[in]     blockSize  number of samples in each vector
  45:./Libraries/CMSIS/DSP/Source/SupportFunctions/arm_fill_q15.c ****   @return        none
  46:./Libraries/CMSIS/DSP/Source/SupportFunctions/arm_fill_q15.c ****  */
  47:./Libraries/CMSIS/DSP/Source/SupportFunctions/arm_fill_q15.c **** 
  48:./Libraries/CMSIS/DSP/Source/SupportFunctions/arm_fill_q15.c **** void arm_fill_q15(
  49:./Libraries/CMSIS/DSP/Source/SupportFunctions/arm_fill_q15.c ****   q15_t value,
  50:./Libraries/CMSIS/DSP/Source/SupportFunctions/arm_fill_q15.c ****   q15_t * pDst,
  51:./Libraries/CMSIS/DSP/Source/SupportFunctions/arm_fill_q15.c ****   uint32_t blockSize)
  52:./Libraries/CMSIS/DSP/Source/SupportFunctions/arm_fill_q15.c **** {
  28              		.loc 1 52 1
  29              		.cfi_startproc
  30              		@ args = 0, pretend = 0, frame = 24
  31              		@ frame_needed = 1, uses_anonymous_args = 0
  32              		@ link register save eliminated.
  33 0000 80B4     		push	{r7}
  34              	.LCFI0:
  35              		.cfi_def_cfa_offset 4
  36              		.cfi_offset 7, -4
  37 0002 87B0     		sub	sp, sp, #28
  38              	.LCFI1:
  39              		.cfi_def_cfa_offset 32
  40 0004 00AF     		add	r7, sp, #0
  41              	.LCFI2:
  42              		.cfi_def_cfa_register 7
  43 0006 0346     		mov	r3, r0
  44 0008 B960     		str	r1, [r7, #8]
  45 000a 7A60     		str	r2, [r7, #4]
  46 000c FB81     		strh	r3, [r7, #14]	@ movhi
  53:./Libraries/CMSIS/DSP/Source/SupportFunctions/arm_fill_q15.c ****   uint32_t blkCnt;                               /* Loop counter */
  54:./Libraries/CMSIS/DSP/Source/SupportFunctions/arm_fill_q15.c **** 
  55:./Libraries/CMSIS/DSP/Source/SupportFunctions/arm_fill_q15.c **** #if defined (ARM_MATH_LOOPUNROLL)
  56:./Libraries/CMSIS/DSP/Source/SupportFunctions/arm_fill_q15.c ****   q31_t packedValue;                             /* value packed to 32 bits */
  57:./Libraries/CMSIS/DSP/Source/SupportFunctions/arm_fill_q15.c **** 
  58:./Libraries/CMSIS/DSP/Source/SupportFunctions/arm_fill_q15.c ****   /* Packing two 16 bit values to 32 bit value in order to use SIMD */
  59:./Libraries/CMSIS/DSP/Source/SupportFunctions/arm_fill_q15.c ****   packedValue = __PKHBT(value, value, 16U);
  60:./Libraries/CMSIS/DSP/Source/SupportFunctions/arm_fill_q15.c **** 
  61:./Libraries/CMSIS/DSP/Source/SupportFunctions/arm_fill_q15.c ****   /* Loop unrolling: Compute 4 outputs at a time */
  62:./Libraries/CMSIS/DSP/Source/SupportFunctions/arm_fill_q15.c ****   blkCnt = blockSize >> 2U;
  63:./Libraries/CMSIS/DSP/Source/SupportFunctions/arm_fill_q15.c **** 
  64:./Libraries/CMSIS/DSP/Source/SupportFunctions/arm_fill_q15.c ****   while (blkCnt > 0U)
  65:./Libraries/CMSIS/DSP/Source/SupportFunctions/arm_fill_q15.c ****   {
  66:./Libraries/CMSIS/DSP/Source/SupportFunctions/arm_fill_q15.c ****     /* C = value */
  67:./Libraries/CMSIS/DSP/Source/SupportFunctions/arm_fill_q15.c **** 
  68:./Libraries/CMSIS/DSP/Source/SupportFunctions/arm_fill_q15.c ****     /* fill 2 times 2 samples at a time */
  69:./Libraries/CMSIS/DSP/Source/SupportFunctions/arm_fill_q15.c ****     write_q15x2_ia (&pDst, packedValue);
ARM GAS  /tmp/ccayVNHz.s 			page 3


  70:./Libraries/CMSIS/DSP/Source/SupportFunctions/arm_fill_q15.c ****     write_q15x2_ia (&pDst, packedValue);
  71:./Libraries/CMSIS/DSP/Source/SupportFunctions/arm_fill_q15.c **** 
  72:./Libraries/CMSIS/DSP/Source/SupportFunctions/arm_fill_q15.c ****     /* Decrement loop counter */
  73:./Libraries/CMSIS/DSP/Source/SupportFunctions/arm_fill_q15.c ****     blkCnt--;
  74:./Libraries/CMSIS/DSP/Source/SupportFunctions/arm_fill_q15.c ****   }
  75:./Libraries/CMSIS/DSP/Source/SupportFunctions/arm_fill_q15.c **** 
  76:./Libraries/CMSIS/DSP/Source/SupportFunctions/arm_fill_q15.c ****   /* Loop unrolling: Compute remaining outputs */
  77:./Libraries/CMSIS/DSP/Source/SupportFunctions/arm_fill_q15.c ****   blkCnt = blockSize % 0x4U;
  78:./Libraries/CMSIS/DSP/Source/SupportFunctions/arm_fill_q15.c **** 
  79:./Libraries/CMSIS/DSP/Source/SupportFunctions/arm_fill_q15.c **** #else
  80:./Libraries/CMSIS/DSP/Source/SupportFunctions/arm_fill_q15.c **** 
  81:./Libraries/CMSIS/DSP/Source/SupportFunctions/arm_fill_q15.c ****   /* Initialize blkCnt with number of samples */
  82:./Libraries/CMSIS/DSP/Source/SupportFunctions/arm_fill_q15.c ****   blkCnt = blockSize;
  47              		.loc 1 82 10
  48 000e 7B68     		ldr	r3, [r7, #4]
  49 0010 7B61     		str	r3, [r7, #20]
  83:./Libraries/CMSIS/DSP/Source/SupportFunctions/arm_fill_q15.c **** 
  84:./Libraries/CMSIS/DSP/Source/SupportFunctions/arm_fill_q15.c **** #endif /* #if defined (ARM_MATH_LOOPUNROLL) */
  85:./Libraries/CMSIS/DSP/Source/SupportFunctions/arm_fill_q15.c **** 
  86:./Libraries/CMSIS/DSP/Source/SupportFunctions/arm_fill_q15.c ****   while (blkCnt > 0U)
  50              		.loc 1 86 9
  51 0012 07E0     		b	.L2
  52              	.L3:
  87:./Libraries/CMSIS/DSP/Source/SupportFunctions/arm_fill_q15.c ****   {
  88:./Libraries/CMSIS/DSP/Source/SupportFunctions/arm_fill_q15.c ****     /* C = value */
  89:./Libraries/CMSIS/DSP/Source/SupportFunctions/arm_fill_q15.c **** 
  90:./Libraries/CMSIS/DSP/Source/SupportFunctions/arm_fill_q15.c ****     /* Fill value in destination buffer */
  91:./Libraries/CMSIS/DSP/Source/SupportFunctions/arm_fill_q15.c ****     *pDst++ = value;
  53              		.loc 1 91 10
  54 0014 BB68     		ldr	r3, [r7, #8]
  55 0016 9A1C     		adds	r2, r3, #2
  56 0018 BA60     		str	r2, [r7, #8]
  57              		.loc 1 91 13
  58 001a FA89     		ldrh	r2, [r7, #14]	@ movhi
  59 001c 1A80     		strh	r2, [r3]	@ movhi
  92:./Libraries/CMSIS/DSP/Source/SupportFunctions/arm_fill_q15.c **** 
  93:./Libraries/CMSIS/DSP/Source/SupportFunctions/arm_fill_q15.c ****     /* Decrement loop counter */
  94:./Libraries/CMSIS/DSP/Source/SupportFunctions/arm_fill_q15.c ****     blkCnt--;
  60              		.loc 1 94 11
  61 001e 7B69     		ldr	r3, [r7, #20]
  62 0020 013B     		subs	r3, r3, #1
  63 0022 7B61     		str	r3, [r7, #20]
  64              	.L2:
  86:./Libraries/CMSIS/DSP/Source/SupportFunctions/arm_fill_q15.c ****   {
  65              		.loc 1 86 9
  66 0024 7B69     		ldr	r3, [r7, #20]
  67 0026 002B     		cmp	r3, #0
  68 0028 F4D1     		bne	.L3
  95:./Libraries/CMSIS/DSP/Source/SupportFunctions/arm_fill_q15.c ****   }
  96:./Libraries/CMSIS/DSP/Source/SupportFunctions/arm_fill_q15.c **** }
  69              		.loc 1 96 1
  70 002a 00BF     		nop
  71 002c 00BF     		nop
  72 002e 1C37     		adds	r7, r7, #28
  73              	.LCFI3:
  74              		.cfi_def_cfa_offset 4
  75 0030 BD46     		mov	sp, r7
ARM GAS  /tmp/ccayVNHz.s 			page 4


  76              	.LCFI4:
  77              		.cfi_def_cfa_register 13
  78              		@ sp needed
  79 0032 5DF8047B 		ldr	r7, [sp], #4
  80              	.LCFI5:
  81              		.cfi_restore 7
  82              		.cfi_def_cfa_offset 0
  83 0036 7047     		bx	lr
  84              		.cfi_endproc
  85              	.LFE145:
  87              		.text
  88              	.Letext0:
  89              		.file 2 "/usr/lib/gcc/arm-none-eabi/9.2.1/include/stdint.h"
  90              		.file 3 "/usr/lib/gcc/arm-none-eabi/9.2.1/include/stddef.h"
  91              		.file 4 "/usr/include/newlib/sys/_types.h"
  92              		.file 5 "/usr/include/newlib/sys/reent.h"
  93              		.file 6 "/usr/include/newlib/sys/lock.h"
  94              		.file 7 "/usr/include/newlib/math.h"
  95              		.file 8 "./Libraries/CMSIS/DSP/Include/arm_math.h"
ARM GAS  /tmp/ccayVNHz.s 			page 5


DEFINED SYMBOLS
                            *ABS*:0000000000000000 arm_fill_q15.c
     /tmp/ccayVNHz.s:17     .text.arm_fill_q15:0000000000000000 $t
     /tmp/ccayVNHz.s:25     .text.arm_fill_q15:0000000000000000 arm_fill_q15

NO UNDEFINED SYMBOLS
