ARM GAS  /tmp/cckz43y8.s 			page 1


   1              		.cpu cortex-m7
   2              		.eabi_attribute 28, 1
   3              		.eabi_attribute 20, 1
   4              		.eabi_attribute 21, 1
   5              		.eabi_attribute 23, 3
   6              		.eabi_attribute 24, 1
   7              		.eabi_attribute 25, 1
   8              		.eabi_attribute 26, 1
   9              		.eabi_attribute 30, 6
  10              		.eabi_attribute 34, 1
  11              		.eabi_attribute 18, 4
  12              		.file	"arm_cmplx_mag_q31.c"
  13              		.text
  14              	.Ltext0:
  15              		.cfi_sections	.debug_frame
  16              		.section	.text.arm_cmplx_mag_q31,"ax",%progbits
  17              		.align	1
  18              		.global	arm_cmplx_mag_q31
  19              		.arch armv7e-m
  20              		.syntax unified
  21              		.thumb
  22              		.thumb_func
  23              		.fpu fpv5-d16
  25              	arm_cmplx_mag_q31:
  26              	.LFB145:
  27              		.file 1 "./Libraries/CMSIS/DSP/Source/ComplexMathFunctions/arm_cmplx_mag_q31.c"
   1:./Libraries/CMSIS/DSP/Source/ComplexMathFunctions/arm_cmplx_mag_q31.c **** /* ----------------------------------------------------------------------
   2:./Libraries/CMSIS/DSP/Source/ComplexMathFunctions/arm_cmplx_mag_q31.c ****  * Project:      CMSIS DSP Library
   3:./Libraries/CMSIS/DSP/Source/ComplexMathFunctions/arm_cmplx_mag_q31.c ****  * Title:        arm_cmplx_mag_q31.c
   4:./Libraries/CMSIS/DSP/Source/ComplexMathFunctions/arm_cmplx_mag_q31.c ****  * Description:  Q31 complex magnitude
   5:./Libraries/CMSIS/DSP/Source/ComplexMathFunctions/arm_cmplx_mag_q31.c ****  *
   6:./Libraries/CMSIS/DSP/Source/ComplexMathFunctions/arm_cmplx_mag_q31.c ****  * $Date:        18. March 2019
   7:./Libraries/CMSIS/DSP/Source/ComplexMathFunctions/arm_cmplx_mag_q31.c ****  * $Revision:    V1.6.0
   8:./Libraries/CMSIS/DSP/Source/ComplexMathFunctions/arm_cmplx_mag_q31.c ****  *
   9:./Libraries/CMSIS/DSP/Source/ComplexMathFunctions/arm_cmplx_mag_q31.c ****  * Target Processor: Cortex-M cores
  10:./Libraries/CMSIS/DSP/Source/ComplexMathFunctions/arm_cmplx_mag_q31.c ****  * -------------------------------------------------------------------- */
  11:./Libraries/CMSIS/DSP/Source/ComplexMathFunctions/arm_cmplx_mag_q31.c **** /*
  12:./Libraries/CMSIS/DSP/Source/ComplexMathFunctions/arm_cmplx_mag_q31.c ****  * Copyright (C) 2010-2019 ARM Limited or its affiliates. All rights reserved.
  13:./Libraries/CMSIS/DSP/Source/ComplexMathFunctions/arm_cmplx_mag_q31.c ****  *
  14:./Libraries/CMSIS/DSP/Source/ComplexMathFunctions/arm_cmplx_mag_q31.c ****  * SPDX-License-Identifier: Apache-2.0
  15:./Libraries/CMSIS/DSP/Source/ComplexMathFunctions/arm_cmplx_mag_q31.c ****  *
  16:./Libraries/CMSIS/DSP/Source/ComplexMathFunctions/arm_cmplx_mag_q31.c ****  * Licensed under the Apache License, Version 2.0 (the License); you may
  17:./Libraries/CMSIS/DSP/Source/ComplexMathFunctions/arm_cmplx_mag_q31.c ****  * not use this file except in compliance with the License.
  18:./Libraries/CMSIS/DSP/Source/ComplexMathFunctions/arm_cmplx_mag_q31.c ****  * You may obtain a copy of the License at
  19:./Libraries/CMSIS/DSP/Source/ComplexMathFunctions/arm_cmplx_mag_q31.c ****  *
  20:./Libraries/CMSIS/DSP/Source/ComplexMathFunctions/arm_cmplx_mag_q31.c ****  * www.apache.org/licenses/LICENSE-2.0
  21:./Libraries/CMSIS/DSP/Source/ComplexMathFunctions/arm_cmplx_mag_q31.c ****  *
  22:./Libraries/CMSIS/DSP/Source/ComplexMathFunctions/arm_cmplx_mag_q31.c ****  * Unless required by applicable law or agreed to in writing, software
  23:./Libraries/CMSIS/DSP/Source/ComplexMathFunctions/arm_cmplx_mag_q31.c ****  * distributed under the License is distributed on an AS IS BASIS, WITHOUT
  24:./Libraries/CMSIS/DSP/Source/ComplexMathFunctions/arm_cmplx_mag_q31.c ****  * WARRANTIES OR CONDITIONS OF ANY KIND, either express or implied.
  25:./Libraries/CMSIS/DSP/Source/ComplexMathFunctions/arm_cmplx_mag_q31.c ****  * See the License for the specific language governing permissions and
  26:./Libraries/CMSIS/DSP/Source/ComplexMathFunctions/arm_cmplx_mag_q31.c ****  * limitations under the License.
  27:./Libraries/CMSIS/DSP/Source/ComplexMathFunctions/arm_cmplx_mag_q31.c ****  */
  28:./Libraries/CMSIS/DSP/Source/ComplexMathFunctions/arm_cmplx_mag_q31.c **** 
  29:./Libraries/CMSIS/DSP/Source/ComplexMathFunctions/arm_cmplx_mag_q31.c **** #include "arm_math.h"
  30:./Libraries/CMSIS/DSP/Source/ComplexMathFunctions/arm_cmplx_mag_q31.c **** 
  31:./Libraries/CMSIS/DSP/Source/ComplexMathFunctions/arm_cmplx_mag_q31.c **** /**
ARM GAS  /tmp/cckz43y8.s 			page 2


  32:./Libraries/CMSIS/DSP/Source/ComplexMathFunctions/arm_cmplx_mag_q31.c ****   @ingroup groupCmplxMath
  33:./Libraries/CMSIS/DSP/Source/ComplexMathFunctions/arm_cmplx_mag_q31.c ****  */
  34:./Libraries/CMSIS/DSP/Source/ComplexMathFunctions/arm_cmplx_mag_q31.c **** 
  35:./Libraries/CMSIS/DSP/Source/ComplexMathFunctions/arm_cmplx_mag_q31.c **** /**
  36:./Libraries/CMSIS/DSP/Source/ComplexMathFunctions/arm_cmplx_mag_q31.c ****   @addtogroup cmplx_mag
  37:./Libraries/CMSIS/DSP/Source/ComplexMathFunctions/arm_cmplx_mag_q31.c ****   @{
  38:./Libraries/CMSIS/DSP/Source/ComplexMathFunctions/arm_cmplx_mag_q31.c ****  */
  39:./Libraries/CMSIS/DSP/Source/ComplexMathFunctions/arm_cmplx_mag_q31.c **** 
  40:./Libraries/CMSIS/DSP/Source/ComplexMathFunctions/arm_cmplx_mag_q31.c **** /**
  41:./Libraries/CMSIS/DSP/Source/ComplexMathFunctions/arm_cmplx_mag_q31.c ****   @brief         Q31 complex magnitude.
  42:./Libraries/CMSIS/DSP/Source/ComplexMathFunctions/arm_cmplx_mag_q31.c ****   @param[in]     pSrc        points to input vector
  43:./Libraries/CMSIS/DSP/Source/ComplexMathFunctions/arm_cmplx_mag_q31.c ****   @param[out]    pDst        points to output vector
  44:./Libraries/CMSIS/DSP/Source/ComplexMathFunctions/arm_cmplx_mag_q31.c ****   @param[in]     numSamples  number of samples in each vector
  45:./Libraries/CMSIS/DSP/Source/ComplexMathFunctions/arm_cmplx_mag_q31.c ****   @return        none
  46:./Libraries/CMSIS/DSP/Source/ComplexMathFunctions/arm_cmplx_mag_q31.c **** 
  47:./Libraries/CMSIS/DSP/Source/ComplexMathFunctions/arm_cmplx_mag_q31.c ****   @par           Scaling and Overflow Behavior
  48:./Libraries/CMSIS/DSP/Source/ComplexMathFunctions/arm_cmplx_mag_q31.c ****                    The function implements 1.31 by 1.31 multiplications and finally output is conve
  49:./Libraries/CMSIS/DSP/Source/ComplexMathFunctions/arm_cmplx_mag_q31.c ****                    Input down scaling is not required.
  50:./Libraries/CMSIS/DSP/Source/ComplexMathFunctions/arm_cmplx_mag_q31.c ****  */
  51:./Libraries/CMSIS/DSP/Source/ComplexMathFunctions/arm_cmplx_mag_q31.c **** 
  52:./Libraries/CMSIS/DSP/Source/ComplexMathFunctions/arm_cmplx_mag_q31.c **** void arm_cmplx_mag_q31(
  53:./Libraries/CMSIS/DSP/Source/ComplexMathFunctions/arm_cmplx_mag_q31.c ****   const q31_t * pSrc,
  54:./Libraries/CMSIS/DSP/Source/ComplexMathFunctions/arm_cmplx_mag_q31.c ****         q31_t * pDst,
  55:./Libraries/CMSIS/DSP/Source/ComplexMathFunctions/arm_cmplx_mag_q31.c ****         uint32_t numSamples)
  56:./Libraries/CMSIS/DSP/Source/ComplexMathFunctions/arm_cmplx_mag_q31.c **** {
  28              		.loc 1 56 1
  29              		.cfi_startproc
  30              		@ args = 0, pretend = 0, frame = 40
  31              		@ frame_needed = 1, uses_anonymous_args = 0
  32 0000 B0B5     		push	{r4, r5, r7, lr}
  33              	.LCFI0:
  34              		.cfi_def_cfa_offset 16
  35              		.cfi_offset 4, -16
  36              		.cfi_offset 5, -12
  37              		.cfi_offset 7, -8
  38              		.cfi_offset 14, -4
  39 0002 8AB0     		sub	sp, sp, #40
  40              	.LCFI1:
  41              		.cfi_def_cfa_offset 56
  42 0004 00AF     		add	r7, sp, #0
  43              	.LCFI2:
  44              		.cfi_def_cfa_register 7
  45 0006 F860     		str	r0, [r7, #12]
  46 0008 B960     		str	r1, [r7, #8]
  47 000a 7A60     		str	r2, [r7, #4]
  57:./Libraries/CMSIS/DSP/Source/ComplexMathFunctions/arm_cmplx_mag_q31.c ****         uint32_t blkCnt;                               /* Loop counter */
  58:./Libraries/CMSIS/DSP/Source/ComplexMathFunctions/arm_cmplx_mag_q31.c ****         q31_t real, imag;                              /* Temporary input variables */
  59:./Libraries/CMSIS/DSP/Source/ComplexMathFunctions/arm_cmplx_mag_q31.c ****         q31_t acc0, acc1;                              /* Accumulators */
  60:./Libraries/CMSIS/DSP/Source/ComplexMathFunctions/arm_cmplx_mag_q31.c **** 
  61:./Libraries/CMSIS/DSP/Source/ComplexMathFunctions/arm_cmplx_mag_q31.c **** #if defined (ARM_MATH_LOOPUNROLL)
  62:./Libraries/CMSIS/DSP/Source/ComplexMathFunctions/arm_cmplx_mag_q31.c **** 
  63:./Libraries/CMSIS/DSP/Source/ComplexMathFunctions/arm_cmplx_mag_q31.c ****   /* Loop unrolling: Compute 4 outputs at a time */
  64:./Libraries/CMSIS/DSP/Source/ComplexMathFunctions/arm_cmplx_mag_q31.c ****   blkCnt = numSamples >> 2U;
  65:./Libraries/CMSIS/DSP/Source/ComplexMathFunctions/arm_cmplx_mag_q31.c **** 
  66:./Libraries/CMSIS/DSP/Source/ComplexMathFunctions/arm_cmplx_mag_q31.c ****   while (blkCnt > 0U)
  67:./Libraries/CMSIS/DSP/Source/ComplexMathFunctions/arm_cmplx_mag_q31.c ****   {
  68:./Libraries/CMSIS/DSP/Source/ComplexMathFunctions/arm_cmplx_mag_q31.c ****     /* C[0] = sqrt(A[0] * A[0] + A[1] * A[1]) */
ARM GAS  /tmp/cckz43y8.s 			page 3


  69:./Libraries/CMSIS/DSP/Source/ComplexMathFunctions/arm_cmplx_mag_q31.c **** 
  70:./Libraries/CMSIS/DSP/Source/ComplexMathFunctions/arm_cmplx_mag_q31.c ****     real = *pSrc++;
  71:./Libraries/CMSIS/DSP/Source/ComplexMathFunctions/arm_cmplx_mag_q31.c ****     imag = *pSrc++;
  72:./Libraries/CMSIS/DSP/Source/ComplexMathFunctions/arm_cmplx_mag_q31.c ****     acc0 = (q31_t) (((q63_t) real * real) >> 33);
  73:./Libraries/CMSIS/DSP/Source/ComplexMathFunctions/arm_cmplx_mag_q31.c ****     acc1 = (q31_t) (((q63_t) imag * imag) >> 33);
  74:./Libraries/CMSIS/DSP/Source/ComplexMathFunctions/arm_cmplx_mag_q31.c **** 
  75:./Libraries/CMSIS/DSP/Source/ComplexMathFunctions/arm_cmplx_mag_q31.c ****     /* store result in 2.30 format in destination buffer. */
  76:./Libraries/CMSIS/DSP/Source/ComplexMathFunctions/arm_cmplx_mag_q31.c ****     arm_sqrt_q31(acc0 + acc1, pDst++);
  77:./Libraries/CMSIS/DSP/Source/ComplexMathFunctions/arm_cmplx_mag_q31.c **** 
  78:./Libraries/CMSIS/DSP/Source/ComplexMathFunctions/arm_cmplx_mag_q31.c ****     real = *pSrc++;
  79:./Libraries/CMSIS/DSP/Source/ComplexMathFunctions/arm_cmplx_mag_q31.c ****     imag = *pSrc++;
  80:./Libraries/CMSIS/DSP/Source/ComplexMathFunctions/arm_cmplx_mag_q31.c ****     acc0 = (q31_t) (((q63_t) real * real) >> 33);
  81:./Libraries/CMSIS/DSP/Source/ComplexMathFunctions/arm_cmplx_mag_q31.c ****     acc1 = (q31_t) (((q63_t) imag * imag) >> 33);
  82:./Libraries/CMSIS/DSP/Source/ComplexMathFunctions/arm_cmplx_mag_q31.c ****     arm_sqrt_q31(acc0 + acc1, pDst++);
  83:./Libraries/CMSIS/DSP/Source/ComplexMathFunctions/arm_cmplx_mag_q31.c **** 
  84:./Libraries/CMSIS/DSP/Source/ComplexMathFunctions/arm_cmplx_mag_q31.c ****     real = *pSrc++;
  85:./Libraries/CMSIS/DSP/Source/ComplexMathFunctions/arm_cmplx_mag_q31.c ****     imag = *pSrc++;
  86:./Libraries/CMSIS/DSP/Source/ComplexMathFunctions/arm_cmplx_mag_q31.c ****     acc0 = (q31_t) (((q63_t) real * real) >> 33);
  87:./Libraries/CMSIS/DSP/Source/ComplexMathFunctions/arm_cmplx_mag_q31.c ****     acc1 = (q31_t) (((q63_t) imag * imag) >> 33);
  88:./Libraries/CMSIS/DSP/Source/ComplexMathFunctions/arm_cmplx_mag_q31.c ****     arm_sqrt_q31(acc0 + acc1, pDst++);
  89:./Libraries/CMSIS/DSP/Source/ComplexMathFunctions/arm_cmplx_mag_q31.c **** 
  90:./Libraries/CMSIS/DSP/Source/ComplexMathFunctions/arm_cmplx_mag_q31.c ****     real = *pSrc++;
  91:./Libraries/CMSIS/DSP/Source/ComplexMathFunctions/arm_cmplx_mag_q31.c ****     imag = *pSrc++;
  92:./Libraries/CMSIS/DSP/Source/ComplexMathFunctions/arm_cmplx_mag_q31.c ****     acc0 = (q31_t) (((q63_t) real * real) >> 33);
  93:./Libraries/CMSIS/DSP/Source/ComplexMathFunctions/arm_cmplx_mag_q31.c ****     acc1 = (q31_t) (((q63_t) imag * imag) >> 33);
  94:./Libraries/CMSIS/DSP/Source/ComplexMathFunctions/arm_cmplx_mag_q31.c ****     arm_sqrt_q31(acc0 + acc1, pDst++);
  95:./Libraries/CMSIS/DSP/Source/ComplexMathFunctions/arm_cmplx_mag_q31.c **** 
  96:./Libraries/CMSIS/DSP/Source/ComplexMathFunctions/arm_cmplx_mag_q31.c ****     /* Decrement loop counter */
  97:./Libraries/CMSIS/DSP/Source/ComplexMathFunctions/arm_cmplx_mag_q31.c ****     blkCnt--;
  98:./Libraries/CMSIS/DSP/Source/ComplexMathFunctions/arm_cmplx_mag_q31.c ****   }
  99:./Libraries/CMSIS/DSP/Source/ComplexMathFunctions/arm_cmplx_mag_q31.c **** 
 100:./Libraries/CMSIS/DSP/Source/ComplexMathFunctions/arm_cmplx_mag_q31.c ****   /* Loop unrolling: Compute remaining outputs */
 101:./Libraries/CMSIS/DSP/Source/ComplexMathFunctions/arm_cmplx_mag_q31.c ****   blkCnt = numSamples % 0x4U;
 102:./Libraries/CMSIS/DSP/Source/ComplexMathFunctions/arm_cmplx_mag_q31.c **** 
 103:./Libraries/CMSIS/DSP/Source/ComplexMathFunctions/arm_cmplx_mag_q31.c **** #else
 104:./Libraries/CMSIS/DSP/Source/ComplexMathFunctions/arm_cmplx_mag_q31.c **** 
 105:./Libraries/CMSIS/DSP/Source/ComplexMathFunctions/arm_cmplx_mag_q31.c ****   /* Initialize blkCnt with number of samples */
 106:./Libraries/CMSIS/DSP/Source/ComplexMathFunctions/arm_cmplx_mag_q31.c ****   blkCnt = numSamples;
  48              		.loc 1 106 10
  49 000c 7B68     		ldr	r3, [r7, #4]
  50 000e 7B62     		str	r3, [r7, #36]
 107:./Libraries/CMSIS/DSP/Source/ComplexMathFunctions/arm_cmplx_mag_q31.c **** 
 108:./Libraries/CMSIS/DSP/Source/ComplexMathFunctions/arm_cmplx_mag_q31.c **** #endif /* #if defined (ARM_MATH_LOOPUNROLL) */
 109:./Libraries/CMSIS/DSP/Source/ComplexMathFunctions/arm_cmplx_mag_q31.c **** 
 110:./Libraries/CMSIS/DSP/Source/ComplexMathFunctions/arm_cmplx_mag_q31.c ****   while (blkCnt > 0U)
  51              		.loc 1 110 9
  52 0010 47E0     		b	.L2
  53              	.L3:
 111:./Libraries/CMSIS/DSP/Source/ComplexMathFunctions/arm_cmplx_mag_q31.c ****   {
 112:./Libraries/CMSIS/DSP/Source/ComplexMathFunctions/arm_cmplx_mag_q31.c ****     /* C[0] = sqrt(A[0] * A[0] + A[1] * A[1]) */
 113:./Libraries/CMSIS/DSP/Source/ComplexMathFunctions/arm_cmplx_mag_q31.c **** 
 114:./Libraries/CMSIS/DSP/Source/ComplexMathFunctions/arm_cmplx_mag_q31.c ****     real = *pSrc++;
  54              		.loc 1 114 17
  55 0012 FB68     		ldr	r3, [r7, #12]
  56 0014 1A1D     		adds	r2, r3, #4
  57 0016 FA60     		str	r2, [r7, #12]
  58              		.loc 1 114 10
ARM GAS  /tmp/cckz43y8.s 			page 4


  59 0018 1B68     		ldr	r3, [r3]
  60 001a 3B62     		str	r3, [r7, #32]
 115:./Libraries/CMSIS/DSP/Source/ComplexMathFunctions/arm_cmplx_mag_q31.c ****     imag = *pSrc++;
  61              		.loc 1 115 17
  62 001c FB68     		ldr	r3, [r7, #12]
  63 001e 1A1D     		adds	r2, r3, #4
  64 0020 FA60     		str	r2, [r7, #12]
  65              		.loc 1 115 10
  66 0022 1B68     		ldr	r3, [r3]
  67 0024 FB61     		str	r3, [r7, #28]
 116:./Libraries/CMSIS/DSP/Source/ComplexMathFunctions/arm_cmplx_mag_q31.c ****     acc0 = (q31_t) (((q63_t) real * real) >> 33);
  68              		.loc 1 116 22
  69 0026 3B6A     		ldr	r3, [r7, #32]
  70 0028 1846     		mov	r0, r3
  71 002a 4FEAE071 		asr	r1, r0, #31
  72              		.loc 1 116 35
  73 002e 3B6A     		ldr	r3, [r7, #32]
  74 0030 1A46     		mov	r2, r3
  75 0032 4FEAE273 		asr	r3, r2, #31
  76 0036 02FB01F5 		mul	r5, r2, r1
  77 003a 00FB03F4 		mul	r4, r0, r3
  78 003e 2C44     		add	r4, r4, r5
  79 0040 A0FB0223 		umull	r2, r3, r0, r2
  80 0044 E118     		adds	r1, r4, r3
  81 0046 0B46     		mov	r3, r1
  82              		.loc 1 116 43
  83 0048 4FF00000 		mov	r0, #0
  84 004c 4FF00001 		mov	r1, #0
  85 0050 5810     		asrs	r0, r3, #1
  86 0052 D917     		asrs	r1, r3, #31
  87              		.loc 1 116 10
  88 0054 0346     		mov	r3, r0
  89 0056 BB61     		str	r3, [r7, #24]
 117:./Libraries/CMSIS/DSP/Source/ComplexMathFunctions/arm_cmplx_mag_q31.c ****     acc1 = (q31_t) (((q63_t) imag * imag) >> 33);
  90              		.loc 1 117 22
  91 0058 FB69     		ldr	r3, [r7, #28]
  92 005a 1846     		mov	r0, r3
  93 005c 4FEAE071 		asr	r1, r0, #31
  94              		.loc 1 117 35
  95 0060 FB69     		ldr	r3, [r7, #28]
  96 0062 1A46     		mov	r2, r3
  97 0064 4FEAE273 		asr	r3, r2, #31
  98 0068 02FB01F5 		mul	r5, r2, r1
  99 006c 00FB03F4 		mul	r4, r0, r3
 100 0070 2C44     		add	r4, r4, r5
 101 0072 A0FB0223 		umull	r2, r3, r0, r2
 102 0076 E118     		adds	r1, r4, r3
 103 0078 0B46     		mov	r3, r1
 104              		.loc 1 117 43
 105 007a 4FF00000 		mov	r0, #0
 106 007e 4FF00001 		mov	r1, #0
 107 0082 5810     		asrs	r0, r3, #1
 108 0084 D917     		asrs	r1, r3, #31
 109              		.loc 1 117 10
 110 0086 0346     		mov	r3, r0
 111 0088 7B61     		str	r3, [r7, #20]
 118:./Libraries/CMSIS/DSP/Source/ComplexMathFunctions/arm_cmplx_mag_q31.c **** 
ARM GAS  /tmp/cckz43y8.s 			page 5


 119:./Libraries/CMSIS/DSP/Source/ComplexMathFunctions/arm_cmplx_mag_q31.c ****     /* store result in 2.30 format in destination buffer. */
 120:./Libraries/CMSIS/DSP/Source/ComplexMathFunctions/arm_cmplx_mag_q31.c ****     arm_sqrt_q31(acc0 + acc1, pDst++);
 112              		.loc 1 120 5
 113 008a BA69     		ldr	r2, [r7, #24]
 114 008c 7B69     		ldr	r3, [r7, #20]
 115 008e D018     		adds	r0, r2, r3
 116 0090 BB68     		ldr	r3, [r7, #8]
 117 0092 1A1D     		adds	r2, r3, #4
 118 0094 BA60     		str	r2, [r7, #8]
 119 0096 1946     		mov	r1, r3
 120 0098 FFF7FEFF 		bl	arm_sqrt_q31
 121:./Libraries/CMSIS/DSP/Source/ComplexMathFunctions/arm_cmplx_mag_q31.c **** 
 122:./Libraries/CMSIS/DSP/Source/ComplexMathFunctions/arm_cmplx_mag_q31.c ****     /* Decrement loop counter */
 123:./Libraries/CMSIS/DSP/Source/ComplexMathFunctions/arm_cmplx_mag_q31.c ****     blkCnt--;
 121              		.loc 1 123 11
 122 009c 7B6A     		ldr	r3, [r7, #36]
 123 009e 013B     		subs	r3, r3, #1
 124 00a0 7B62     		str	r3, [r7, #36]
 125              	.L2:
 110:./Libraries/CMSIS/DSP/Source/ComplexMathFunctions/arm_cmplx_mag_q31.c ****   {
 126              		.loc 1 110 9
 127 00a2 7B6A     		ldr	r3, [r7, #36]
 128 00a4 002B     		cmp	r3, #0
 129 00a6 B4D1     		bne	.L3
 124:./Libraries/CMSIS/DSP/Source/ComplexMathFunctions/arm_cmplx_mag_q31.c ****   }
 125:./Libraries/CMSIS/DSP/Source/ComplexMathFunctions/arm_cmplx_mag_q31.c **** 
 126:./Libraries/CMSIS/DSP/Source/ComplexMathFunctions/arm_cmplx_mag_q31.c **** }
 130              		.loc 1 126 1
 131 00a8 00BF     		nop
 132 00aa 00BF     		nop
 133 00ac 2837     		adds	r7, r7, #40
 134              	.LCFI3:
 135              		.cfi_def_cfa_offset 16
 136 00ae BD46     		mov	sp, r7
 137              	.LCFI4:
 138              		.cfi_def_cfa_register 13
 139              		@ sp needed
 140 00b0 B0BD     		pop	{r4, r5, r7, pc}
 141              		.cfi_endproc
 142              	.LFE145:
 144              		.text
 145              	.Letext0:
 146              		.file 2 "/usr/lib/gcc/arm-none-eabi/9.2.1/include/stdint.h"
 147              		.file 3 "/usr/lib/gcc/arm-none-eabi/9.2.1/include/stddef.h"
 148              		.file 4 "/usr/include/newlib/sys/_types.h"
 149              		.file 5 "/usr/include/newlib/sys/reent.h"
 150              		.file 6 "/usr/include/newlib/sys/lock.h"
 151              		.file 7 "/usr/include/newlib/math.h"
 152              		.file 8 "./Libraries/CMSIS/DSP/Include/arm_math.h"
ARM GAS  /tmp/cckz43y8.s 			page 6


DEFINED SYMBOLS
                            *ABS*:0000000000000000 arm_cmplx_mag_q31.c
     /tmp/cckz43y8.s:17     .text.arm_cmplx_mag_q31:0000000000000000 $t
     /tmp/cckz43y8.s:25     .text.arm_cmplx_mag_q31:0000000000000000 arm_cmplx_mag_q31

UNDEFINED SYMBOLS
arm_sqrt_q31
