ARM GAS  /tmp/cc6CmgAC.s 			page 1


   1              		.cpu cortex-m7
   2              		.eabi_attribute 28, 1
   3              		.eabi_attribute 20, 1
   4              		.eabi_attribute 21, 1
   5              		.eabi_attribute 23, 3
   6              		.eabi_attribute 24, 1
   7              		.eabi_attribute 25, 1
   8              		.eabi_attribute 26, 1
   9              		.eabi_attribute 30, 6
  10              		.eabi_attribute 34, 1
  11              		.eabi_attribute 18, 4
  12              		.file	"arm_cmplx_mult_real_q15.c"
  13              		.text
  14              	.Ltext0:
  15              		.cfi_sections	.debug_frame
  16              		.section	.text.arm_cmplx_mult_real_q15,"ax",%progbits
  17              		.align	1
  18              		.global	arm_cmplx_mult_real_q15
  19              		.arch armv7e-m
  20              		.syntax unified
  21              		.thumb
  22              		.thumb_func
  23              		.fpu fpv5-d16
  25              	arm_cmplx_mult_real_q15:
  26              	.LFB145:
  27              		.file 1 "./Libraries/CMSIS/DSP/Source/ComplexMathFunctions/arm_cmplx_mult_real_q15.c"
   1:./Libraries/CMSIS/DSP/Source/ComplexMathFunctions/arm_cmplx_mult_real_q15.c **** /* ----------------------------------------------------------------------
   2:./Libraries/CMSIS/DSP/Source/ComplexMathFunctions/arm_cmplx_mult_real_q15.c ****  * Project:      CMSIS DSP Library
   3:./Libraries/CMSIS/DSP/Source/ComplexMathFunctions/arm_cmplx_mult_real_q15.c ****  * Title:        arm_cmplx_mult_real_q15.c
   4:./Libraries/CMSIS/DSP/Source/ComplexMathFunctions/arm_cmplx_mult_real_q15.c ****  * Description:  Q15 complex by real multiplication
   5:./Libraries/CMSIS/DSP/Source/ComplexMathFunctions/arm_cmplx_mult_real_q15.c ****  *
   6:./Libraries/CMSIS/DSP/Source/ComplexMathFunctions/arm_cmplx_mult_real_q15.c ****  * $Date:        18. March 2019
   7:./Libraries/CMSIS/DSP/Source/ComplexMathFunctions/arm_cmplx_mult_real_q15.c ****  * $Revision:    V1.6.0
   8:./Libraries/CMSIS/DSP/Source/ComplexMathFunctions/arm_cmplx_mult_real_q15.c ****  *
   9:./Libraries/CMSIS/DSP/Source/ComplexMathFunctions/arm_cmplx_mult_real_q15.c ****  * Target Processor: Cortex-M cores
  10:./Libraries/CMSIS/DSP/Source/ComplexMathFunctions/arm_cmplx_mult_real_q15.c ****  * -------------------------------------------------------------------- */
  11:./Libraries/CMSIS/DSP/Source/ComplexMathFunctions/arm_cmplx_mult_real_q15.c **** /*
  12:./Libraries/CMSIS/DSP/Source/ComplexMathFunctions/arm_cmplx_mult_real_q15.c ****  * Copyright (C) 2010-2019 ARM Limited or its affiliates. All rights reserved.
  13:./Libraries/CMSIS/DSP/Source/ComplexMathFunctions/arm_cmplx_mult_real_q15.c ****  *
  14:./Libraries/CMSIS/DSP/Source/ComplexMathFunctions/arm_cmplx_mult_real_q15.c ****  * SPDX-License-Identifier: Apache-2.0
  15:./Libraries/CMSIS/DSP/Source/ComplexMathFunctions/arm_cmplx_mult_real_q15.c ****  *
  16:./Libraries/CMSIS/DSP/Source/ComplexMathFunctions/arm_cmplx_mult_real_q15.c ****  * Licensed under the Apache License, Version 2.0 (the License); you may
  17:./Libraries/CMSIS/DSP/Source/ComplexMathFunctions/arm_cmplx_mult_real_q15.c ****  * not use this file except in compliance with the License.
  18:./Libraries/CMSIS/DSP/Source/ComplexMathFunctions/arm_cmplx_mult_real_q15.c ****  * You may obtain a copy of the License at
  19:./Libraries/CMSIS/DSP/Source/ComplexMathFunctions/arm_cmplx_mult_real_q15.c ****  *
  20:./Libraries/CMSIS/DSP/Source/ComplexMathFunctions/arm_cmplx_mult_real_q15.c ****  * www.apache.org/licenses/LICENSE-2.0
  21:./Libraries/CMSIS/DSP/Source/ComplexMathFunctions/arm_cmplx_mult_real_q15.c ****  *
  22:./Libraries/CMSIS/DSP/Source/ComplexMathFunctions/arm_cmplx_mult_real_q15.c ****  * Unless required by applicable law or agreed to in writing, software
  23:./Libraries/CMSIS/DSP/Source/ComplexMathFunctions/arm_cmplx_mult_real_q15.c ****  * distributed under the License is distributed on an AS IS BASIS, WITHOUT
  24:./Libraries/CMSIS/DSP/Source/ComplexMathFunctions/arm_cmplx_mult_real_q15.c ****  * WARRANTIES OR CONDITIONS OF ANY KIND, either express or implied.
  25:./Libraries/CMSIS/DSP/Source/ComplexMathFunctions/arm_cmplx_mult_real_q15.c ****  * See the License for the specific language governing permissions and
  26:./Libraries/CMSIS/DSP/Source/ComplexMathFunctions/arm_cmplx_mult_real_q15.c ****  * limitations under the License.
  27:./Libraries/CMSIS/DSP/Source/ComplexMathFunctions/arm_cmplx_mult_real_q15.c ****  */
  28:./Libraries/CMSIS/DSP/Source/ComplexMathFunctions/arm_cmplx_mult_real_q15.c **** 
  29:./Libraries/CMSIS/DSP/Source/ComplexMathFunctions/arm_cmplx_mult_real_q15.c **** #include "arm_math.h"
  30:./Libraries/CMSIS/DSP/Source/ComplexMathFunctions/arm_cmplx_mult_real_q15.c **** 
  31:./Libraries/CMSIS/DSP/Source/ComplexMathFunctions/arm_cmplx_mult_real_q15.c **** /**
ARM GAS  /tmp/cc6CmgAC.s 			page 2


  32:./Libraries/CMSIS/DSP/Source/ComplexMathFunctions/arm_cmplx_mult_real_q15.c ****   @ingroup groupCmplxMath
  33:./Libraries/CMSIS/DSP/Source/ComplexMathFunctions/arm_cmplx_mult_real_q15.c ****  */
  34:./Libraries/CMSIS/DSP/Source/ComplexMathFunctions/arm_cmplx_mult_real_q15.c **** 
  35:./Libraries/CMSIS/DSP/Source/ComplexMathFunctions/arm_cmplx_mult_real_q15.c **** /**
  36:./Libraries/CMSIS/DSP/Source/ComplexMathFunctions/arm_cmplx_mult_real_q15.c ****   @addtogroup CmplxByRealMult
  37:./Libraries/CMSIS/DSP/Source/ComplexMathFunctions/arm_cmplx_mult_real_q15.c ****   @{
  38:./Libraries/CMSIS/DSP/Source/ComplexMathFunctions/arm_cmplx_mult_real_q15.c ****  */
  39:./Libraries/CMSIS/DSP/Source/ComplexMathFunctions/arm_cmplx_mult_real_q15.c **** 
  40:./Libraries/CMSIS/DSP/Source/ComplexMathFunctions/arm_cmplx_mult_real_q15.c **** /**
  41:./Libraries/CMSIS/DSP/Source/ComplexMathFunctions/arm_cmplx_mult_real_q15.c ****   @brief         Q15 complex-by-real multiplication.
  42:./Libraries/CMSIS/DSP/Source/ComplexMathFunctions/arm_cmplx_mult_real_q15.c ****   @param[in]     pSrcCmplx   points to complex input vector
  43:./Libraries/CMSIS/DSP/Source/ComplexMathFunctions/arm_cmplx_mult_real_q15.c ****   @param[in]     pSrcReal    points to real input vector
  44:./Libraries/CMSIS/DSP/Source/ComplexMathFunctions/arm_cmplx_mult_real_q15.c ****   @param[out]    pCmplxDst   points to complex output vector
  45:./Libraries/CMSIS/DSP/Source/ComplexMathFunctions/arm_cmplx_mult_real_q15.c ****   @param[in]     numSamples  number of samples in each vector
  46:./Libraries/CMSIS/DSP/Source/ComplexMathFunctions/arm_cmplx_mult_real_q15.c ****   @return        none
  47:./Libraries/CMSIS/DSP/Source/ComplexMathFunctions/arm_cmplx_mult_real_q15.c **** 
  48:./Libraries/CMSIS/DSP/Source/ComplexMathFunctions/arm_cmplx_mult_real_q15.c ****   @par           Scaling and Overflow Behavior
  49:./Libraries/CMSIS/DSP/Source/ComplexMathFunctions/arm_cmplx_mult_real_q15.c ****                    The function uses saturating arithmetic.
  50:./Libraries/CMSIS/DSP/Source/ComplexMathFunctions/arm_cmplx_mult_real_q15.c ****                    Results outside of the allowable Q15 range [0x8000 0x7FFF] are saturated.
  51:./Libraries/CMSIS/DSP/Source/ComplexMathFunctions/arm_cmplx_mult_real_q15.c ****  */
  52:./Libraries/CMSIS/DSP/Source/ComplexMathFunctions/arm_cmplx_mult_real_q15.c **** 
  53:./Libraries/CMSIS/DSP/Source/ComplexMathFunctions/arm_cmplx_mult_real_q15.c **** void arm_cmplx_mult_real_q15(
  54:./Libraries/CMSIS/DSP/Source/ComplexMathFunctions/arm_cmplx_mult_real_q15.c ****   const q15_t * pSrcCmplx,
  55:./Libraries/CMSIS/DSP/Source/ComplexMathFunctions/arm_cmplx_mult_real_q15.c ****   const q15_t * pSrcReal,
  56:./Libraries/CMSIS/DSP/Source/ComplexMathFunctions/arm_cmplx_mult_real_q15.c ****         q15_t * pCmplxDst,
  57:./Libraries/CMSIS/DSP/Source/ComplexMathFunctions/arm_cmplx_mult_real_q15.c ****         uint32_t numSamples)
  58:./Libraries/CMSIS/DSP/Source/ComplexMathFunctions/arm_cmplx_mult_real_q15.c **** {
  28              		.loc 1 58 1
  29              		.cfi_startproc
  30              		@ args = 0, pretend = 0, frame = 40
  31              		@ frame_needed = 1, uses_anonymous_args = 0
  32              		@ link register save eliminated.
  33 0000 80B4     		push	{r7}
  34              	.LCFI0:
  35              		.cfi_def_cfa_offset 4
  36              		.cfi_offset 7, -4
  37 0002 8BB0     		sub	sp, sp, #44
  38              	.LCFI1:
  39              		.cfi_def_cfa_offset 48
  40 0004 00AF     		add	r7, sp, #0
  41              	.LCFI2:
  42              		.cfi_def_cfa_register 7
  43 0006 F860     		str	r0, [r7, #12]
  44 0008 B960     		str	r1, [r7, #8]
  45 000a 7A60     		str	r2, [r7, #4]
  46 000c 3B60     		str	r3, [r7]
  59:./Libraries/CMSIS/DSP/Source/ComplexMathFunctions/arm_cmplx_mult_real_q15.c ****         uint32_t blkCnt;                               /* Loop counter */
  60:./Libraries/CMSIS/DSP/Source/ComplexMathFunctions/arm_cmplx_mult_real_q15.c ****         q15_t in;                                      /* Temporary variable */
  61:./Libraries/CMSIS/DSP/Source/ComplexMathFunctions/arm_cmplx_mult_real_q15.c **** 
  62:./Libraries/CMSIS/DSP/Source/ComplexMathFunctions/arm_cmplx_mult_real_q15.c **** #if defined (ARM_MATH_LOOPUNROLL)
  63:./Libraries/CMSIS/DSP/Source/ComplexMathFunctions/arm_cmplx_mult_real_q15.c **** 
  64:./Libraries/CMSIS/DSP/Source/ComplexMathFunctions/arm_cmplx_mult_real_q15.c **** #if defined (ARM_MATH_DSP)
  65:./Libraries/CMSIS/DSP/Source/ComplexMathFunctions/arm_cmplx_mult_real_q15.c ****         q31_t inA1, inA2;                              /* Temporary variables to hold input data */
  66:./Libraries/CMSIS/DSP/Source/ComplexMathFunctions/arm_cmplx_mult_real_q15.c ****         q31_t inB1;                                    /* Temporary variables to hold input data */
  67:./Libraries/CMSIS/DSP/Source/ComplexMathFunctions/arm_cmplx_mult_real_q15.c ****         q15_t out1, out2, out3, out4;                  /* Temporary variables to hold output data *
  68:./Libraries/CMSIS/DSP/Source/ComplexMathFunctions/arm_cmplx_mult_real_q15.c ****         q31_t mul1, mul2, mul3, mul4;                  /* Temporary variables to hold intermediate 
  69:./Libraries/CMSIS/DSP/Source/ComplexMathFunctions/arm_cmplx_mult_real_q15.c **** #endif
ARM GAS  /tmp/cc6CmgAC.s 			page 3


  70:./Libraries/CMSIS/DSP/Source/ComplexMathFunctions/arm_cmplx_mult_real_q15.c **** 
  71:./Libraries/CMSIS/DSP/Source/ComplexMathFunctions/arm_cmplx_mult_real_q15.c ****   /* Loop unrolling: Compute 4 outputs at a time */
  72:./Libraries/CMSIS/DSP/Source/ComplexMathFunctions/arm_cmplx_mult_real_q15.c ****   blkCnt = numSamples >> 2U;
  73:./Libraries/CMSIS/DSP/Source/ComplexMathFunctions/arm_cmplx_mult_real_q15.c **** 
  74:./Libraries/CMSIS/DSP/Source/ComplexMathFunctions/arm_cmplx_mult_real_q15.c ****   while (blkCnt > 0U)
  75:./Libraries/CMSIS/DSP/Source/ComplexMathFunctions/arm_cmplx_mult_real_q15.c ****   {
  76:./Libraries/CMSIS/DSP/Source/ComplexMathFunctions/arm_cmplx_mult_real_q15.c ****     /* C[2 * i    ] = A[2 * i    ] * B[i]. */
  77:./Libraries/CMSIS/DSP/Source/ComplexMathFunctions/arm_cmplx_mult_real_q15.c ****     /* C[2 * i + 1] = A[2 * i + 1] * B[i]. */
  78:./Libraries/CMSIS/DSP/Source/ComplexMathFunctions/arm_cmplx_mult_real_q15.c **** 
  79:./Libraries/CMSIS/DSP/Source/ComplexMathFunctions/arm_cmplx_mult_real_q15.c **** #if defined (ARM_MATH_DSP)
  80:./Libraries/CMSIS/DSP/Source/ComplexMathFunctions/arm_cmplx_mult_real_q15.c ****     /* read 2 complex numbers both real and imaginary from complex input buffer */
  81:./Libraries/CMSIS/DSP/Source/ComplexMathFunctions/arm_cmplx_mult_real_q15.c ****     inA1 = read_q15x2_ia ((q15_t **) &pSrcCmplx);
  82:./Libraries/CMSIS/DSP/Source/ComplexMathFunctions/arm_cmplx_mult_real_q15.c ****     inA2 = read_q15x2_ia ((q15_t **) &pSrcCmplx);
  83:./Libraries/CMSIS/DSP/Source/ComplexMathFunctions/arm_cmplx_mult_real_q15.c ****     /* read 2 real values at a time from real input buffer */
  84:./Libraries/CMSIS/DSP/Source/ComplexMathFunctions/arm_cmplx_mult_real_q15.c ****     inB1 = read_q15x2_ia ((q15_t **) &pSrcReal);
  85:./Libraries/CMSIS/DSP/Source/ComplexMathFunctions/arm_cmplx_mult_real_q15.c **** 
  86:./Libraries/CMSIS/DSP/Source/ComplexMathFunctions/arm_cmplx_mult_real_q15.c ****     /* multiply complex number with real numbers */
  87:./Libraries/CMSIS/DSP/Source/ComplexMathFunctions/arm_cmplx_mult_real_q15.c **** #ifndef ARM_MATH_BIG_ENDIAN
  88:./Libraries/CMSIS/DSP/Source/ComplexMathFunctions/arm_cmplx_mult_real_q15.c ****     mul1 = (q31_t) ((q15_t) (inA1)       * (q15_t) (inB1));
  89:./Libraries/CMSIS/DSP/Source/ComplexMathFunctions/arm_cmplx_mult_real_q15.c ****     mul2 = (q31_t) ((q15_t) (inA1 >> 16) * (q15_t) (inB1));
  90:./Libraries/CMSIS/DSP/Source/ComplexMathFunctions/arm_cmplx_mult_real_q15.c ****     mul3 = (q31_t) ((q15_t) (inA2)       * (q15_t) (inB1 >> 16));
  91:./Libraries/CMSIS/DSP/Source/ComplexMathFunctions/arm_cmplx_mult_real_q15.c ****     mul4 = (q31_t) ((q15_t) (inA2 >> 16) * (q15_t) (inB1 >> 16));
  92:./Libraries/CMSIS/DSP/Source/ComplexMathFunctions/arm_cmplx_mult_real_q15.c **** #else
  93:./Libraries/CMSIS/DSP/Source/ComplexMathFunctions/arm_cmplx_mult_real_q15.c ****     mul2 = (q31_t) ((q15_t) (inA1 >> 16) * (q15_t) (inB1 >> 16));
  94:./Libraries/CMSIS/DSP/Source/ComplexMathFunctions/arm_cmplx_mult_real_q15.c ****     mul1 = (q31_t) ((q15_t) inA1         * (q15_t) (inB1 >> 16));
  95:./Libraries/CMSIS/DSP/Source/ComplexMathFunctions/arm_cmplx_mult_real_q15.c ****     mul4 = (q31_t) ((q15_t) (inA2 >> 16) * (q15_t) inB1);
  96:./Libraries/CMSIS/DSP/Source/ComplexMathFunctions/arm_cmplx_mult_real_q15.c ****     mul3 = (q31_t) ((q15_t) inA2         * (q15_t) inB1);
  97:./Libraries/CMSIS/DSP/Source/ComplexMathFunctions/arm_cmplx_mult_real_q15.c **** #endif /* #ifndef ARM_MATH_BIG_ENDIAN */
  98:./Libraries/CMSIS/DSP/Source/ComplexMathFunctions/arm_cmplx_mult_real_q15.c **** 
  99:./Libraries/CMSIS/DSP/Source/ComplexMathFunctions/arm_cmplx_mult_real_q15.c ****     /* saturate the result */
 100:./Libraries/CMSIS/DSP/Source/ComplexMathFunctions/arm_cmplx_mult_real_q15.c ****     out1 = (q15_t) __SSAT(mul1 >> 15U, 16);
 101:./Libraries/CMSIS/DSP/Source/ComplexMathFunctions/arm_cmplx_mult_real_q15.c ****     out2 = (q15_t) __SSAT(mul2 >> 15U, 16);
 102:./Libraries/CMSIS/DSP/Source/ComplexMathFunctions/arm_cmplx_mult_real_q15.c ****     out3 = (q15_t) __SSAT(mul3 >> 15U, 16);
 103:./Libraries/CMSIS/DSP/Source/ComplexMathFunctions/arm_cmplx_mult_real_q15.c ****     out4 = (q15_t) __SSAT(mul4 >> 15U, 16);
 104:./Libraries/CMSIS/DSP/Source/ComplexMathFunctions/arm_cmplx_mult_real_q15.c **** 
 105:./Libraries/CMSIS/DSP/Source/ComplexMathFunctions/arm_cmplx_mult_real_q15.c ****     /* pack real and imaginary outputs and store them to destination */
 106:./Libraries/CMSIS/DSP/Source/ComplexMathFunctions/arm_cmplx_mult_real_q15.c ****     write_q15x2_ia (&pCmplxDst, __PKHBT(out1, out2, 16));
 107:./Libraries/CMSIS/DSP/Source/ComplexMathFunctions/arm_cmplx_mult_real_q15.c ****     write_q15x2_ia (&pCmplxDst, __PKHBT(out3, out4, 16));
 108:./Libraries/CMSIS/DSP/Source/ComplexMathFunctions/arm_cmplx_mult_real_q15.c **** 
 109:./Libraries/CMSIS/DSP/Source/ComplexMathFunctions/arm_cmplx_mult_real_q15.c ****     inA1 = read_q15x2_ia ((q15_t **) &pSrcCmplx);
 110:./Libraries/CMSIS/DSP/Source/ComplexMathFunctions/arm_cmplx_mult_real_q15.c ****     inA2 = read_q15x2_ia ((q15_t **) &pSrcCmplx);
 111:./Libraries/CMSIS/DSP/Source/ComplexMathFunctions/arm_cmplx_mult_real_q15.c ****     inB1 = read_q15x2_ia ((q15_t **) &pSrcReal);
 112:./Libraries/CMSIS/DSP/Source/ComplexMathFunctions/arm_cmplx_mult_real_q15.c **** 
 113:./Libraries/CMSIS/DSP/Source/ComplexMathFunctions/arm_cmplx_mult_real_q15.c **** #ifndef ARM_MATH_BIG_ENDIAN
 114:./Libraries/CMSIS/DSP/Source/ComplexMathFunctions/arm_cmplx_mult_real_q15.c ****     mul1 = (q31_t) ((q15_t) (inA1)       * (q15_t) (inB1));
 115:./Libraries/CMSIS/DSP/Source/ComplexMathFunctions/arm_cmplx_mult_real_q15.c ****     mul2 = (q31_t) ((q15_t) (inA1 >> 16) * (q15_t) (inB1));
 116:./Libraries/CMSIS/DSP/Source/ComplexMathFunctions/arm_cmplx_mult_real_q15.c ****     mul3 = (q31_t) ((q15_t) (inA2)       * (q15_t) (inB1 >> 16));
 117:./Libraries/CMSIS/DSP/Source/ComplexMathFunctions/arm_cmplx_mult_real_q15.c ****     mul4 = (q31_t) ((q15_t) (inA2 >> 16) * (q15_t) (inB1 >> 16));
 118:./Libraries/CMSIS/DSP/Source/ComplexMathFunctions/arm_cmplx_mult_real_q15.c **** #else
 119:./Libraries/CMSIS/DSP/Source/ComplexMathFunctions/arm_cmplx_mult_real_q15.c ****     mul2 = (q31_t) ((q15_t) (inA1 >> 16) * (q15_t) (inB1 >> 16));
 120:./Libraries/CMSIS/DSP/Source/ComplexMathFunctions/arm_cmplx_mult_real_q15.c ****     mul1 = (q31_t) ((q15_t) inA1         * (q15_t) (inB1 >> 16));
 121:./Libraries/CMSIS/DSP/Source/ComplexMathFunctions/arm_cmplx_mult_real_q15.c ****     mul4 = (q31_t) ((q15_t) (inA2 >> 16) * (q15_t) inB1);
 122:./Libraries/CMSIS/DSP/Source/ComplexMathFunctions/arm_cmplx_mult_real_q15.c ****     mul3 = (q31_t) ((q15_t) inA2 * (q15_t) inB1);
 123:./Libraries/CMSIS/DSP/Source/ComplexMathFunctions/arm_cmplx_mult_real_q15.c **** #endif /* #ifndef ARM_MATH_BIG_ENDIAN */
 124:./Libraries/CMSIS/DSP/Source/ComplexMathFunctions/arm_cmplx_mult_real_q15.c **** 
 125:./Libraries/CMSIS/DSP/Source/ComplexMathFunctions/arm_cmplx_mult_real_q15.c ****     out1 = (q15_t) __SSAT(mul1 >> 15U, 16);
 126:./Libraries/CMSIS/DSP/Source/ComplexMathFunctions/arm_cmplx_mult_real_q15.c ****     out2 = (q15_t) __SSAT(mul2 >> 15U, 16);
ARM GAS  /tmp/cc6CmgAC.s 			page 4


 127:./Libraries/CMSIS/DSP/Source/ComplexMathFunctions/arm_cmplx_mult_real_q15.c ****     out3 = (q15_t) __SSAT(mul3 >> 15U, 16);
 128:./Libraries/CMSIS/DSP/Source/ComplexMathFunctions/arm_cmplx_mult_real_q15.c ****     out4 = (q15_t) __SSAT(mul4 >> 15U, 16);
 129:./Libraries/CMSIS/DSP/Source/ComplexMathFunctions/arm_cmplx_mult_real_q15.c **** 
 130:./Libraries/CMSIS/DSP/Source/ComplexMathFunctions/arm_cmplx_mult_real_q15.c ****     write_q15x2_ia (&pCmplxDst, __PKHBT(out1, out2, 16));
 131:./Libraries/CMSIS/DSP/Source/ComplexMathFunctions/arm_cmplx_mult_real_q15.c ****     write_q15x2_ia (&pCmplxDst, __PKHBT(out3, out4, 16));
 132:./Libraries/CMSIS/DSP/Source/ComplexMathFunctions/arm_cmplx_mult_real_q15.c **** #else
 133:./Libraries/CMSIS/DSP/Source/ComplexMathFunctions/arm_cmplx_mult_real_q15.c ****     in = *pSrcReal++;
 134:./Libraries/CMSIS/DSP/Source/ComplexMathFunctions/arm_cmplx_mult_real_q15.c ****     *pCmplxDst++ = (q15_t) __SSAT((((q31_t) *pSrcCmplx++ * in) >> 15), 16);
 135:./Libraries/CMSIS/DSP/Source/ComplexMathFunctions/arm_cmplx_mult_real_q15.c ****     *pCmplxDst++ = (q15_t) __SSAT((((q31_t) *pSrcCmplx++ * in) >> 15), 16);
 136:./Libraries/CMSIS/DSP/Source/ComplexMathFunctions/arm_cmplx_mult_real_q15.c **** 
 137:./Libraries/CMSIS/DSP/Source/ComplexMathFunctions/arm_cmplx_mult_real_q15.c ****     in = *pSrcReal++;
 138:./Libraries/CMSIS/DSP/Source/ComplexMathFunctions/arm_cmplx_mult_real_q15.c ****     *pCmplxDst++ = (q15_t) __SSAT((((q31_t) *pSrcCmplx++ * in) >> 15), 16);
 139:./Libraries/CMSIS/DSP/Source/ComplexMathFunctions/arm_cmplx_mult_real_q15.c ****     *pCmplxDst++ = (q15_t) __SSAT((((q31_t) *pSrcCmplx++ * in) >> 15), 16);
 140:./Libraries/CMSIS/DSP/Source/ComplexMathFunctions/arm_cmplx_mult_real_q15.c **** 
 141:./Libraries/CMSIS/DSP/Source/ComplexMathFunctions/arm_cmplx_mult_real_q15.c ****     in = *pSrcReal++;
 142:./Libraries/CMSIS/DSP/Source/ComplexMathFunctions/arm_cmplx_mult_real_q15.c ****     *pCmplxDst++ = (q15_t) __SSAT((((q31_t) *pSrcCmplx++ * in) >> 15), 16);
 143:./Libraries/CMSIS/DSP/Source/ComplexMathFunctions/arm_cmplx_mult_real_q15.c ****     *pCmplxDst++ = (q15_t) __SSAT((((q31_t) *pSrcCmplx++ * in) >> 15), 16);
 144:./Libraries/CMSIS/DSP/Source/ComplexMathFunctions/arm_cmplx_mult_real_q15.c **** 
 145:./Libraries/CMSIS/DSP/Source/ComplexMathFunctions/arm_cmplx_mult_real_q15.c ****     in = *pSrcReal++;
 146:./Libraries/CMSIS/DSP/Source/ComplexMathFunctions/arm_cmplx_mult_real_q15.c ****     *pCmplxDst++ = (q15_t) __SSAT((((q31_t) *pSrcCmplx++ * in) >> 15), 16);
 147:./Libraries/CMSIS/DSP/Source/ComplexMathFunctions/arm_cmplx_mult_real_q15.c ****     *pCmplxDst++ = (q15_t) __SSAT((((q31_t) *pSrcCmplx++ * in) >> 15), 16);
 148:./Libraries/CMSIS/DSP/Source/ComplexMathFunctions/arm_cmplx_mult_real_q15.c **** #endif
 149:./Libraries/CMSIS/DSP/Source/ComplexMathFunctions/arm_cmplx_mult_real_q15.c **** 
 150:./Libraries/CMSIS/DSP/Source/ComplexMathFunctions/arm_cmplx_mult_real_q15.c ****     /* Decrement loop counter */
 151:./Libraries/CMSIS/DSP/Source/ComplexMathFunctions/arm_cmplx_mult_real_q15.c ****     blkCnt--;
 152:./Libraries/CMSIS/DSP/Source/ComplexMathFunctions/arm_cmplx_mult_real_q15.c ****   }
 153:./Libraries/CMSIS/DSP/Source/ComplexMathFunctions/arm_cmplx_mult_real_q15.c **** 
 154:./Libraries/CMSIS/DSP/Source/ComplexMathFunctions/arm_cmplx_mult_real_q15.c ****   /* Loop unrolling: Compute remaining outputs */
 155:./Libraries/CMSIS/DSP/Source/ComplexMathFunctions/arm_cmplx_mult_real_q15.c ****   blkCnt = numSamples % 0x4U;
 156:./Libraries/CMSIS/DSP/Source/ComplexMathFunctions/arm_cmplx_mult_real_q15.c **** 
 157:./Libraries/CMSIS/DSP/Source/ComplexMathFunctions/arm_cmplx_mult_real_q15.c **** #else
 158:./Libraries/CMSIS/DSP/Source/ComplexMathFunctions/arm_cmplx_mult_real_q15.c **** 
 159:./Libraries/CMSIS/DSP/Source/ComplexMathFunctions/arm_cmplx_mult_real_q15.c ****   /* Initialize blkCnt with number of samples */
 160:./Libraries/CMSIS/DSP/Source/ComplexMathFunctions/arm_cmplx_mult_real_q15.c ****   blkCnt = numSamples;
  47              		.loc 1 160 10
  48 000e 3B68     		ldr	r3, [r7]
  49 0010 7B62     		str	r3, [r7, #36]
 161:./Libraries/CMSIS/DSP/Source/ComplexMathFunctions/arm_cmplx_mult_real_q15.c **** 
 162:./Libraries/CMSIS/DSP/Source/ComplexMathFunctions/arm_cmplx_mult_real_q15.c **** #endif /* #if defined (ARM_MATH_LOOPUNROLL) */
 163:./Libraries/CMSIS/DSP/Source/ComplexMathFunctions/arm_cmplx_mult_real_q15.c **** 
 164:./Libraries/CMSIS/DSP/Source/ComplexMathFunctions/arm_cmplx_mult_real_q15.c ****   while (blkCnt > 0U)
  50              		.loc 1 164 9
  51 0012 33E0     		b	.L2
  52              	.L3:
 165:./Libraries/CMSIS/DSP/Source/ComplexMathFunctions/arm_cmplx_mult_real_q15.c ****   {
 166:./Libraries/CMSIS/DSP/Source/ComplexMathFunctions/arm_cmplx_mult_real_q15.c ****     /* C[2 * i    ] = A[2 * i    ] * B[i]. */
 167:./Libraries/CMSIS/DSP/Source/ComplexMathFunctions/arm_cmplx_mult_real_q15.c ****     /* C[2 * i + 1] = A[2 * i + 1] * B[i]. */
 168:./Libraries/CMSIS/DSP/Source/ComplexMathFunctions/arm_cmplx_mult_real_q15.c **** 
 169:./Libraries/CMSIS/DSP/Source/ComplexMathFunctions/arm_cmplx_mult_real_q15.c ****     in = *pSrcReal++;
  53              		.loc 1 169 19
  54 0014 BB68     		ldr	r3, [r7, #8]
  55 0016 9A1C     		adds	r2, r3, #2
  56 0018 BA60     		str	r2, [r7, #8]
  57              		.loc 1 169 8
  58 001a 1B88     		ldrh	r3, [r3]	@ movhi
  59 001c 7B84     		strh	r3, [r7, #34]	@ movhi
  60              	.LBB2:
ARM GAS  /tmp/cc6CmgAC.s 			page 5


 170:./Libraries/CMSIS/DSP/Source/ComplexMathFunctions/arm_cmplx_mult_real_q15.c ****     /* store the result in the destination buffer. */
 171:./Libraries/CMSIS/DSP/Source/ComplexMathFunctions/arm_cmplx_mult_real_q15.c ****     *pCmplxDst++ = (q15_t) __SSAT((((q31_t) *pSrcCmplx++ * in) >> 15), 16);
  61              		.loc 1 171 28
  62 001e FB68     		ldr	r3, [r7, #12]
  63 0020 9A1C     		adds	r2, r3, #2
  64 0022 FA60     		str	r2, [r7, #12]
  65 0024 B3F90030 		ldrsh	r3, [r3]
  66 0028 1A46     		mov	r2, r3
  67 002a B7F92230 		ldrsh	r3, [r7, #34]
  68 002e 03FB02F3 		mul	r3, r3, r2
  69 0032 DB13     		asrs	r3, r3, #15
  70 0034 FB61     		str	r3, [r7, #28]
  71 0036 FB69     		ldr	r3, [r7, #28]
  72              		.syntax unified
  73              	@ 171 "./Libraries/CMSIS/DSP/Source/ComplexMathFunctions/arm_cmplx_mult_real_q15.c" 1
  74 0038 03F30F03 		ssat r3, #16, r3
  75              	@ 0 "" 2
  76              		.thumb
  77              		.syntax unified
  78 003c BB61     		str	r3, [r7, #24]
  79 003e B969     		ldr	r1, [r7, #24]
  80              	.LBE2:
  81              		.loc 1 171 15
  82 0040 7B68     		ldr	r3, [r7, #4]
  83 0042 9A1C     		adds	r2, r3, #2
  84 0044 7A60     		str	r2, [r7, #4]
  85              		.loc 1 171 20
  86 0046 0AB2     		sxth	r2, r1
  87              		.loc 1 171 18
  88 0048 1A80     		strh	r2, [r3]	@ movhi
  89              	.LBB3:
 172:./Libraries/CMSIS/DSP/Source/ComplexMathFunctions/arm_cmplx_mult_real_q15.c ****     *pCmplxDst++ = (q15_t) __SSAT((((q31_t) *pSrcCmplx++ * in) >> 15), 16);
  90              		.loc 1 172 28
  91 004a FB68     		ldr	r3, [r7, #12]
  92 004c 9A1C     		adds	r2, r3, #2
  93 004e FA60     		str	r2, [r7, #12]
  94 0050 B3F90030 		ldrsh	r3, [r3]
  95 0054 1A46     		mov	r2, r3
  96 0056 B7F92230 		ldrsh	r3, [r7, #34]
  97 005a 03FB02F3 		mul	r3, r3, r2
  98 005e DB13     		asrs	r3, r3, #15
  99 0060 7B61     		str	r3, [r7, #20]
 100 0062 7B69     		ldr	r3, [r7, #20]
 101              		.syntax unified
 102              	@ 172 "./Libraries/CMSIS/DSP/Source/ComplexMathFunctions/arm_cmplx_mult_real_q15.c" 1
 103 0064 03F30F03 		ssat r3, #16, r3
 104              	@ 0 "" 2
 105              		.thumb
 106              		.syntax unified
 107 0068 3B61     		str	r3, [r7, #16]
 108 006a 3969     		ldr	r1, [r7, #16]
 109              	.LBE3:
 110              		.loc 1 172 15
 111 006c 7B68     		ldr	r3, [r7, #4]
 112 006e 9A1C     		adds	r2, r3, #2
 113 0070 7A60     		str	r2, [r7, #4]
 114              		.loc 1 172 20
ARM GAS  /tmp/cc6CmgAC.s 			page 6


 115 0072 0AB2     		sxth	r2, r1
 116              		.loc 1 172 18
 117 0074 1A80     		strh	r2, [r3]	@ movhi
 173:./Libraries/CMSIS/DSP/Source/ComplexMathFunctions/arm_cmplx_mult_real_q15.c **** 
 174:./Libraries/CMSIS/DSP/Source/ComplexMathFunctions/arm_cmplx_mult_real_q15.c ****     /* Decrement loop counter */
 175:./Libraries/CMSIS/DSP/Source/ComplexMathFunctions/arm_cmplx_mult_real_q15.c ****     blkCnt--;
 118              		.loc 1 175 11
 119 0076 7B6A     		ldr	r3, [r7, #36]
 120 0078 013B     		subs	r3, r3, #1
 121 007a 7B62     		str	r3, [r7, #36]
 122              	.L2:
 164:./Libraries/CMSIS/DSP/Source/ComplexMathFunctions/arm_cmplx_mult_real_q15.c ****   {
 123              		.loc 1 164 9
 124 007c 7B6A     		ldr	r3, [r7, #36]
 125 007e 002B     		cmp	r3, #0
 126 0080 C8D1     		bne	.L3
 176:./Libraries/CMSIS/DSP/Source/ComplexMathFunctions/arm_cmplx_mult_real_q15.c ****   }
 177:./Libraries/CMSIS/DSP/Source/ComplexMathFunctions/arm_cmplx_mult_real_q15.c **** 
 178:./Libraries/CMSIS/DSP/Source/ComplexMathFunctions/arm_cmplx_mult_real_q15.c **** }
 127              		.loc 1 178 1
 128 0082 00BF     		nop
 129 0084 00BF     		nop
 130 0086 2C37     		adds	r7, r7, #44
 131              	.LCFI3:
 132              		.cfi_def_cfa_offset 4
 133 0088 BD46     		mov	sp, r7
 134              	.LCFI4:
 135              		.cfi_def_cfa_register 13
 136              		@ sp needed
 137 008a 5DF8047B 		ldr	r7, [sp], #4
 138              	.LCFI5:
 139              		.cfi_restore 7
 140              		.cfi_def_cfa_offset 0
 141 008e 7047     		bx	lr
 142              		.cfi_endproc
 143              	.LFE145:
 145              		.text
 146              	.Letext0:
 147              		.file 2 "/usr/lib/gcc/arm-none-eabi/9.2.1/include/stdint.h"
 148              		.file 3 "/usr/lib/gcc/arm-none-eabi/9.2.1/include/stddef.h"
 149              		.file 4 "/usr/include/newlib/sys/_types.h"
 150              		.file 5 "/usr/include/newlib/sys/reent.h"
 151              		.file 6 "/usr/include/newlib/sys/lock.h"
 152              		.file 7 "/usr/include/newlib/math.h"
 153              		.file 8 "./Libraries/CMSIS/DSP/Include/arm_math.h"
ARM GAS  /tmp/cc6CmgAC.s 			page 7


DEFINED SYMBOLS
                            *ABS*:0000000000000000 arm_cmplx_mult_real_q15.c
     /tmp/cc6CmgAC.s:17     .text.arm_cmplx_mult_real_q15:0000000000000000 $t
     /tmp/cc6CmgAC.s:25     .text.arm_cmplx_mult_real_q15:0000000000000000 arm_cmplx_mult_real_q15

NO UNDEFINED SYMBOLS
