ARM GAS  /tmp/ccNHLjuD.s 			page 1


   1              		.cpu cortex-m7
   2              		.eabi_attribute 28, 1
   3              		.eabi_attribute 20, 1
   4              		.eabi_attribute 21, 1
   5              		.eabi_attribute 23, 3
   6              		.eabi_attribute 24, 1
   7              		.eabi_attribute 25, 1
   8              		.eabi_attribute 26, 1
   9              		.eabi_attribute 30, 6
  10              		.eabi_attribute 34, 1
  11              		.eabi_attribute 18, 4
  12              		.file	"arm_fir_interpolate_init_q31.c"
  13              		.text
  14              	.Ltext0:
  15              		.cfi_sections	.debug_frame
  16              		.section	.text.arm_fir_interpolate_init_q31,"ax",%progbits
  17              		.align	1
  18              		.global	arm_fir_interpolate_init_q31
  19              		.arch armv7e-m
  20              		.syntax unified
  21              		.thumb
  22              		.thumb_func
  23              		.fpu fpv5-d16
  25              	arm_fir_interpolate_init_q31:
  26              	.LFB145:
  27              		.file 1 "./Libraries/CMSIS/DSP/Source/FilteringFunctions/arm_fir_interpolate_init_q31.c"
   1:./Libraries/CMSIS/DSP/Source/FilteringFunctions/arm_fir_interpolate_init_q31.c **** /* ----------------------------------------------------------------------
   2:./Libraries/CMSIS/DSP/Source/FilteringFunctions/arm_fir_interpolate_init_q31.c ****  * Project:      CMSIS DSP Library
   3:./Libraries/CMSIS/DSP/Source/FilteringFunctions/arm_fir_interpolate_init_q31.c ****  * Title:        arm_fir_interpolate_init_q31.c
   4:./Libraries/CMSIS/DSP/Source/FilteringFunctions/arm_fir_interpolate_init_q31.c ****  * Description:  Q31 FIR interpolator initialization function
   5:./Libraries/CMSIS/DSP/Source/FilteringFunctions/arm_fir_interpolate_init_q31.c ****  *
   6:./Libraries/CMSIS/DSP/Source/FilteringFunctions/arm_fir_interpolate_init_q31.c ****  * $Date:        18. March 2019
   7:./Libraries/CMSIS/DSP/Source/FilteringFunctions/arm_fir_interpolate_init_q31.c ****  * $Revision:    V1.6.0
   8:./Libraries/CMSIS/DSP/Source/FilteringFunctions/arm_fir_interpolate_init_q31.c ****  *
   9:./Libraries/CMSIS/DSP/Source/FilteringFunctions/arm_fir_interpolate_init_q31.c ****  * Target Processor: Cortex-M cores
  10:./Libraries/CMSIS/DSP/Source/FilteringFunctions/arm_fir_interpolate_init_q31.c ****  * -------------------------------------------------------------------- */
  11:./Libraries/CMSIS/DSP/Source/FilteringFunctions/arm_fir_interpolate_init_q31.c **** /*
  12:./Libraries/CMSIS/DSP/Source/FilteringFunctions/arm_fir_interpolate_init_q31.c ****  * Copyright (C) 2010-2019 ARM Limited or its affiliates. All rights reserved.
  13:./Libraries/CMSIS/DSP/Source/FilteringFunctions/arm_fir_interpolate_init_q31.c ****  *
  14:./Libraries/CMSIS/DSP/Source/FilteringFunctions/arm_fir_interpolate_init_q31.c ****  * SPDX-License-Identifier: Apache-2.0
  15:./Libraries/CMSIS/DSP/Source/FilteringFunctions/arm_fir_interpolate_init_q31.c ****  *
  16:./Libraries/CMSIS/DSP/Source/FilteringFunctions/arm_fir_interpolate_init_q31.c ****  * Licensed under the Apache License, Version 2.0 (the License); you may
  17:./Libraries/CMSIS/DSP/Source/FilteringFunctions/arm_fir_interpolate_init_q31.c ****  * not use this file except in compliance with the License.
  18:./Libraries/CMSIS/DSP/Source/FilteringFunctions/arm_fir_interpolate_init_q31.c ****  * You may obtain a copy of the License at
  19:./Libraries/CMSIS/DSP/Source/FilteringFunctions/arm_fir_interpolate_init_q31.c ****  *
  20:./Libraries/CMSIS/DSP/Source/FilteringFunctions/arm_fir_interpolate_init_q31.c ****  * www.apache.org/licenses/LICENSE-2.0
  21:./Libraries/CMSIS/DSP/Source/FilteringFunctions/arm_fir_interpolate_init_q31.c ****  *
  22:./Libraries/CMSIS/DSP/Source/FilteringFunctions/arm_fir_interpolate_init_q31.c ****  * Unless required by applicable law or agreed to in writing, software
  23:./Libraries/CMSIS/DSP/Source/FilteringFunctions/arm_fir_interpolate_init_q31.c ****  * distributed under the License is distributed on an AS IS BASIS, WITHOUT
  24:./Libraries/CMSIS/DSP/Source/FilteringFunctions/arm_fir_interpolate_init_q31.c ****  * WARRANTIES OR CONDITIONS OF ANY KIND, either express or implied.
  25:./Libraries/CMSIS/DSP/Source/FilteringFunctions/arm_fir_interpolate_init_q31.c ****  * See the License for the specific language governing permissions and
  26:./Libraries/CMSIS/DSP/Source/FilteringFunctions/arm_fir_interpolate_init_q31.c ****  * limitations under the License.
  27:./Libraries/CMSIS/DSP/Source/FilteringFunctions/arm_fir_interpolate_init_q31.c ****  */
  28:./Libraries/CMSIS/DSP/Source/FilteringFunctions/arm_fir_interpolate_init_q31.c **** 
  29:./Libraries/CMSIS/DSP/Source/FilteringFunctions/arm_fir_interpolate_init_q31.c **** #include "arm_math.h"
  30:./Libraries/CMSIS/DSP/Source/FilteringFunctions/arm_fir_interpolate_init_q31.c **** 
  31:./Libraries/CMSIS/DSP/Source/FilteringFunctions/arm_fir_interpolate_init_q31.c **** /**
ARM GAS  /tmp/ccNHLjuD.s 			page 2


  32:./Libraries/CMSIS/DSP/Source/FilteringFunctions/arm_fir_interpolate_init_q31.c ****   @ingroup groupFilters
  33:./Libraries/CMSIS/DSP/Source/FilteringFunctions/arm_fir_interpolate_init_q31.c ****  */
  34:./Libraries/CMSIS/DSP/Source/FilteringFunctions/arm_fir_interpolate_init_q31.c **** 
  35:./Libraries/CMSIS/DSP/Source/FilteringFunctions/arm_fir_interpolate_init_q31.c **** /**
  36:./Libraries/CMSIS/DSP/Source/FilteringFunctions/arm_fir_interpolate_init_q31.c ****   @addtogroup FIR_Interpolate
  37:./Libraries/CMSIS/DSP/Source/FilteringFunctions/arm_fir_interpolate_init_q31.c ****   @{
  38:./Libraries/CMSIS/DSP/Source/FilteringFunctions/arm_fir_interpolate_init_q31.c ****  */
  39:./Libraries/CMSIS/DSP/Source/FilteringFunctions/arm_fir_interpolate_init_q31.c **** 
  40:./Libraries/CMSIS/DSP/Source/FilteringFunctions/arm_fir_interpolate_init_q31.c **** /**
  41:./Libraries/CMSIS/DSP/Source/FilteringFunctions/arm_fir_interpolate_init_q31.c ****   @brief         Initialization function for the Q31 FIR interpolator.
  42:./Libraries/CMSIS/DSP/Source/FilteringFunctions/arm_fir_interpolate_init_q31.c ****   @param[in,out] S         points to an instance of the Q31 FIR interpolator structure
  43:./Libraries/CMSIS/DSP/Source/FilteringFunctions/arm_fir_interpolate_init_q31.c ****   @param[in]     L         upsample factor
  44:./Libraries/CMSIS/DSP/Source/FilteringFunctions/arm_fir_interpolate_init_q31.c ****   @param[in]     numTaps   number of filter coefficients in the filter
  45:./Libraries/CMSIS/DSP/Source/FilteringFunctions/arm_fir_interpolate_init_q31.c ****   @param[in]     pCoeffs   points to the filter coefficient buffer
  46:./Libraries/CMSIS/DSP/Source/FilteringFunctions/arm_fir_interpolate_init_q31.c ****   @param[in]     pState    points to the state buffer
  47:./Libraries/CMSIS/DSP/Source/FilteringFunctions/arm_fir_interpolate_init_q31.c ****   @param[in]     blockSize number of input samples to process per call
  48:./Libraries/CMSIS/DSP/Source/FilteringFunctions/arm_fir_interpolate_init_q31.c ****   @return        execution status
  49:./Libraries/CMSIS/DSP/Source/FilteringFunctions/arm_fir_interpolate_init_q31.c ****                    - \ref ARM_MATH_SUCCESS        : Operation successful
  50:./Libraries/CMSIS/DSP/Source/FilteringFunctions/arm_fir_interpolate_init_q31.c ****                    - \ref ARM_MATH_ARGUMENT_ERROR : filter length <code>numTaps</code> is not a mul
  51:./Libraries/CMSIS/DSP/Source/FilteringFunctions/arm_fir_interpolate_init_q31.c ****  
  52:./Libraries/CMSIS/DSP/Source/FilteringFunctions/arm_fir_interpolate_init_q31.c ****   @par           Details
  53:./Libraries/CMSIS/DSP/Source/FilteringFunctions/arm_fir_interpolate_init_q31.c ****                    <code>pCoeffs</code> points to the array of filter coefficients stored in time r
  54:./Libraries/CMSIS/DSP/Source/FilteringFunctions/arm_fir_interpolate_init_q31.c ****   <pre>
  55:./Libraries/CMSIS/DSP/Source/FilteringFunctions/arm_fir_interpolate_init_q31.c ****       {b[numTaps-1], b[numTaps-2], b[numTaps-2], ..., b[1], b[0]}
  56:./Libraries/CMSIS/DSP/Source/FilteringFunctions/arm_fir_interpolate_init_q31.c ****   </pre>
  57:./Libraries/CMSIS/DSP/Source/FilteringFunctions/arm_fir_interpolate_init_q31.c ****                    The length of the filter <code>numTaps</code> must be a multiple of the interpol
  58:./Libraries/CMSIS/DSP/Source/FilteringFunctions/arm_fir_interpolate_init_q31.c ****   @par
  59:./Libraries/CMSIS/DSP/Source/FilteringFunctions/arm_fir_interpolate_init_q31.c ****                    <code>pState</code> points to the array of state variables.
  60:./Libraries/CMSIS/DSP/Source/FilteringFunctions/arm_fir_interpolate_init_q31.c ****                    <code>pState</code> is of length <code>(numTaps/L)+blockSize-1</code> words
  61:./Libraries/CMSIS/DSP/Source/FilteringFunctions/arm_fir_interpolate_init_q31.c ****                    where <code>blockSize</code> is the number of input samples processed by each ca
  62:./Libraries/CMSIS/DSP/Source/FilteringFunctions/arm_fir_interpolate_init_q31.c ****  */
  63:./Libraries/CMSIS/DSP/Source/FilteringFunctions/arm_fir_interpolate_init_q31.c **** 
  64:./Libraries/CMSIS/DSP/Source/FilteringFunctions/arm_fir_interpolate_init_q31.c **** arm_status arm_fir_interpolate_init_q31(
  65:./Libraries/CMSIS/DSP/Source/FilteringFunctions/arm_fir_interpolate_init_q31.c ****         arm_fir_interpolate_instance_q31 * S,
  66:./Libraries/CMSIS/DSP/Source/FilteringFunctions/arm_fir_interpolate_init_q31.c ****         uint8_t L,
  67:./Libraries/CMSIS/DSP/Source/FilteringFunctions/arm_fir_interpolate_init_q31.c ****         uint16_t numTaps,
  68:./Libraries/CMSIS/DSP/Source/FilteringFunctions/arm_fir_interpolate_init_q31.c ****   const q31_t * pCoeffs,
  69:./Libraries/CMSIS/DSP/Source/FilteringFunctions/arm_fir_interpolate_init_q31.c ****         q31_t * pState,
  70:./Libraries/CMSIS/DSP/Source/FilteringFunctions/arm_fir_interpolate_init_q31.c ****         uint32_t blockSize)
  71:./Libraries/CMSIS/DSP/Source/FilteringFunctions/arm_fir_interpolate_init_q31.c **** {
  28              		.loc 1 71 1
  29              		.cfi_startproc
  30              		@ args = 8, pretend = 0, frame = 24
  31              		@ frame_needed = 1, uses_anonymous_args = 0
  32 0000 80B5     		push	{r7, lr}
  33              	.LCFI0:
  34              		.cfi_def_cfa_offset 8
  35              		.cfi_offset 7, -8
  36              		.cfi_offset 14, -4
  37 0002 86B0     		sub	sp, sp, #24
  38              	.LCFI1:
  39              		.cfi_def_cfa_offset 32
  40 0004 00AF     		add	r7, sp, #0
  41              	.LCFI2:
  42              		.cfi_def_cfa_register 7
  43 0006 F860     		str	r0, [r7, #12]
  44 0008 7B60     		str	r3, [r7, #4]
ARM GAS  /tmp/ccNHLjuD.s 			page 3


  45 000a 0B46     		mov	r3, r1
  46 000c FB72     		strb	r3, [r7, #11]
  47 000e 1346     		mov	r3, r2	@ movhi
  48 0010 3B81     		strh	r3, [r7, #8]	@ movhi
  72:./Libraries/CMSIS/DSP/Source/FilteringFunctions/arm_fir_interpolate_init_q31.c ****   arm_status status;
  73:./Libraries/CMSIS/DSP/Source/FilteringFunctions/arm_fir_interpolate_init_q31.c **** 
  74:./Libraries/CMSIS/DSP/Source/FilteringFunctions/arm_fir_interpolate_init_q31.c ****   /* The filter length must be a multiple of the interpolation factor */
  75:./Libraries/CMSIS/DSP/Source/FilteringFunctions/arm_fir_interpolate_init_q31.c ****   if ((numTaps % L) != 0U)
  49              		.loc 1 75 16
  50 0012 3B89     		ldrh	r3, [r7, #8]
  51 0014 FA7A     		ldrb	r2, [r7, #11]	@ zero_extendqisi2
  52 0016 93FBF2F1 		sdiv	r1, r3, r2
  53 001a 02FB01F2 		mul	r2, r2, r1
  54 001e 9B1A     		subs	r3, r3, r2
  55              		.loc 1 75 6
  56 0020 002B     		cmp	r3, #0
  57 0022 02D0     		beq	.L2
  76:./Libraries/CMSIS/DSP/Source/FilteringFunctions/arm_fir_interpolate_init_q31.c ****   {
  77:./Libraries/CMSIS/DSP/Source/FilteringFunctions/arm_fir_interpolate_init_q31.c ****     /* Set status as ARM_MATH_LENGTH_ERROR */
  78:./Libraries/CMSIS/DSP/Source/FilteringFunctions/arm_fir_interpolate_init_q31.c ****     status = ARM_MATH_LENGTH_ERROR;
  58              		.loc 1 78 12
  59 0024 FE23     		movs	r3, #254
  60 0026 FB75     		strb	r3, [r7, #23]
  61 0028 1DE0     		b	.L3
  62              	.L2:
  79:./Libraries/CMSIS/DSP/Source/FilteringFunctions/arm_fir_interpolate_init_q31.c ****   }
  80:./Libraries/CMSIS/DSP/Source/FilteringFunctions/arm_fir_interpolate_init_q31.c ****   else
  81:./Libraries/CMSIS/DSP/Source/FilteringFunctions/arm_fir_interpolate_init_q31.c ****   {
  82:./Libraries/CMSIS/DSP/Source/FilteringFunctions/arm_fir_interpolate_init_q31.c ****     /* Assign coefficient pointer */
  83:./Libraries/CMSIS/DSP/Source/FilteringFunctions/arm_fir_interpolate_init_q31.c ****     S->pCoeffs = pCoeffs;
  63              		.loc 1 83 16
  64 002a FB68     		ldr	r3, [r7, #12]
  65 002c 7A68     		ldr	r2, [r7, #4]
  66 002e 5A60     		str	r2, [r3, #4]
  84:./Libraries/CMSIS/DSP/Source/FilteringFunctions/arm_fir_interpolate_init_q31.c **** 
  85:./Libraries/CMSIS/DSP/Source/FilteringFunctions/arm_fir_interpolate_init_q31.c ****     /* Assign Interpolation factor */
  86:./Libraries/CMSIS/DSP/Source/FilteringFunctions/arm_fir_interpolate_init_q31.c ****     S->L = L;
  67              		.loc 1 86 10
  68 0030 FB68     		ldr	r3, [r7, #12]
  69 0032 FA7A     		ldrb	r2, [r7, #11]
  70 0034 1A70     		strb	r2, [r3]
  87:./Libraries/CMSIS/DSP/Source/FilteringFunctions/arm_fir_interpolate_init_q31.c **** 
  88:./Libraries/CMSIS/DSP/Source/FilteringFunctions/arm_fir_interpolate_init_q31.c ****     /* Assign polyPhaseLength */
  89:./Libraries/CMSIS/DSP/Source/FilteringFunctions/arm_fir_interpolate_init_q31.c ****     S->phaseLength = numTaps / L;
  71              		.loc 1 89 30
  72 0036 3A89     		ldrh	r2, [r7, #8]
  73 0038 FB7A     		ldrb	r3, [r7, #11]	@ zero_extendqisi2
  74 003a 92FBF3F3 		sdiv	r3, r2, r3
  75              		.loc 1 89 20
  76 003e 9AB2     		uxth	r2, r3
  77 0040 FB68     		ldr	r3, [r7, #12]
  78 0042 5A80     		strh	r2, [r3, #2]	@ movhi
  90:./Libraries/CMSIS/DSP/Source/FilteringFunctions/arm_fir_interpolate_init_q31.c **** 
  91:./Libraries/CMSIS/DSP/Source/FilteringFunctions/arm_fir_interpolate_init_q31.c ****     /* Clear state buffer and size of buffer is always phaseLength + blockSize - 1 */
  92:./Libraries/CMSIS/DSP/Source/FilteringFunctions/arm_fir_interpolate_init_q31.c ****     memset(pState, 0, (blockSize + ((uint32_t) S->phaseLength - 1U)) * sizeof(q31_t));
  79              		.loc 1 92 49
  80 0044 FB68     		ldr	r3, [r7, #12]
ARM GAS  /tmp/ccNHLjuD.s 			page 4


  81 0046 5B88     		ldrh	r3, [r3, #2]
  82              		.loc 1 92 37
  83 0048 1A46     		mov	r2, r3
  84              		.loc 1 92 34
  85 004a 7B6A     		ldr	r3, [r7, #36]
  86 004c 1344     		add	r3, r3, r2
  87 004e 013B     		subs	r3, r3, #1
  88              		.loc 1 92 70
  89 0050 9B00     		lsls	r3, r3, #2
  90              		.loc 1 92 5
  91 0052 1A46     		mov	r2, r3
  92 0054 0021     		movs	r1, #0
  93 0056 386A     		ldr	r0, [r7, #32]
  94 0058 FFF7FEFF 		bl	memset
  93:./Libraries/CMSIS/DSP/Source/FilteringFunctions/arm_fir_interpolate_init_q31.c **** 
  94:./Libraries/CMSIS/DSP/Source/FilteringFunctions/arm_fir_interpolate_init_q31.c ****     /* Assign state pointer */
  95:./Libraries/CMSIS/DSP/Source/FilteringFunctions/arm_fir_interpolate_init_q31.c ****     S->pState = pState;
  95              		.loc 1 95 15
  96 005c FB68     		ldr	r3, [r7, #12]
  97 005e 3A6A     		ldr	r2, [r7, #32]
  98 0060 9A60     		str	r2, [r3, #8]
  96:./Libraries/CMSIS/DSP/Source/FilteringFunctions/arm_fir_interpolate_init_q31.c **** 
  97:./Libraries/CMSIS/DSP/Source/FilteringFunctions/arm_fir_interpolate_init_q31.c ****     status = ARM_MATH_SUCCESS;
  99              		.loc 1 97 12
 100 0062 0023     		movs	r3, #0
 101 0064 FB75     		strb	r3, [r7, #23]
 102              	.L3:
  98:./Libraries/CMSIS/DSP/Source/FilteringFunctions/arm_fir_interpolate_init_q31.c ****   }
  99:./Libraries/CMSIS/DSP/Source/FilteringFunctions/arm_fir_interpolate_init_q31.c **** 
 100:./Libraries/CMSIS/DSP/Source/FilteringFunctions/arm_fir_interpolate_init_q31.c ****   return (status);
 103              		.loc 1 100 10
 104 0066 97F91730 		ldrsb	r3, [r7, #23]
 101:./Libraries/CMSIS/DSP/Source/FilteringFunctions/arm_fir_interpolate_init_q31.c **** }
 105              		.loc 1 101 1
 106 006a 1846     		mov	r0, r3
 107 006c 1837     		adds	r7, r7, #24
 108              	.LCFI3:
 109              		.cfi_def_cfa_offset 8
 110 006e BD46     		mov	sp, r7
 111              	.LCFI4:
 112              		.cfi_def_cfa_register 13
 113              		@ sp needed
 114 0070 80BD     		pop	{r7, pc}
 115              		.cfi_endproc
 116              	.LFE145:
 118              		.text
 119              	.Letext0:
 120              		.file 2 "/usr/lib/gcc/arm-none-eabi/9.2.1/include/stdint.h"
 121              		.file 3 "/usr/lib/gcc/arm-none-eabi/9.2.1/include/stddef.h"
 122              		.file 4 "/usr/include/newlib/sys/_types.h"
 123              		.file 5 "/usr/include/newlib/sys/reent.h"
 124              		.file 6 "/usr/include/newlib/sys/lock.h"
 125              		.file 7 "/usr/include/newlib/math.h"
 126              		.file 8 "./Libraries/CMSIS/DSP/Include/arm_math.h"
ARM GAS  /tmp/ccNHLjuD.s 			page 5


DEFINED SYMBOLS
                            *ABS*:0000000000000000 arm_fir_interpolate_init_q31.c
     /tmp/ccNHLjuD.s:17     .text.arm_fir_interpolate_init_q31:0000000000000000 $t
     /tmp/ccNHLjuD.s:25     .text.arm_fir_interpolate_init_q31:0000000000000000 arm_fir_interpolate_init_q31

UNDEFINED SYMBOLS
memset
