ARM GAS  /tmp/ccCcx0lk.s 			page 1


   1              		.cpu cortex-m7
   2              		.eabi_attribute 28, 1
   3              		.eabi_attribute 20, 1
   4              		.eabi_attribute 21, 1
   5              		.eabi_attribute 23, 3
   6              		.eabi_attribute 24, 1
   7              		.eabi_attribute 25, 1
   8              		.eabi_attribute 26, 1
   9              		.eabi_attribute 30, 6
  10              		.eabi_attribute 34, 1
  11              		.eabi_attribute 18, 4
  12              		.file	"arm_fir_init_f32.c"
  13              		.text
  14              	.Ltext0:
  15              		.cfi_sections	.debug_frame
  16              		.section	.text.arm_fir_init_f32,"ax",%progbits
  17              		.align	1
  18              		.global	arm_fir_init_f32
  19              		.arch armv7e-m
  20              		.syntax unified
  21              		.thumb
  22              		.thumb_func
  23              		.fpu fpv5-d16
  25              	arm_fir_init_f32:
  26              	.LFB145:
  27              		.file 1 "./Libraries/CMSIS/DSP/Source/FilteringFunctions/arm_fir_init_f32.c"
   1:./Libraries/CMSIS/DSP/Source/FilteringFunctions/arm_fir_init_f32.c **** /* ----------------------------------------------------------------------
   2:./Libraries/CMSIS/DSP/Source/FilteringFunctions/arm_fir_init_f32.c ****  * Project:      CMSIS DSP Library
   3:./Libraries/CMSIS/DSP/Source/FilteringFunctions/arm_fir_init_f32.c ****  * Title:        arm_fir_init_f32.c
   4:./Libraries/CMSIS/DSP/Source/FilteringFunctions/arm_fir_init_f32.c ****  * Description:  Floating-point FIR filter initialization function
   5:./Libraries/CMSIS/DSP/Source/FilteringFunctions/arm_fir_init_f32.c ****  *
   6:./Libraries/CMSIS/DSP/Source/FilteringFunctions/arm_fir_init_f32.c ****  * $Date:        18. March 2019
   7:./Libraries/CMSIS/DSP/Source/FilteringFunctions/arm_fir_init_f32.c ****  * $Revision:    V1.6.0
   8:./Libraries/CMSIS/DSP/Source/FilteringFunctions/arm_fir_init_f32.c ****  *
   9:./Libraries/CMSIS/DSP/Source/FilteringFunctions/arm_fir_init_f32.c ****  * Target Processor: Cortex-M cores
  10:./Libraries/CMSIS/DSP/Source/FilteringFunctions/arm_fir_init_f32.c ****  * -------------------------------------------------------------------- */
  11:./Libraries/CMSIS/DSP/Source/FilteringFunctions/arm_fir_init_f32.c **** /*
  12:./Libraries/CMSIS/DSP/Source/FilteringFunctions/arm_fir_init_f32.c ****  * Copyright (C) 2010-2019 ARM Limited or its affiliates. All rights reserved.
  13:./Libraries/CMSIS/DSP/Source/FilteringFunctions/arm_fir_init_f32.c ****  *
  14:./Libraries/CMSIS/DSP/Source/FilteringFunctions/arm_fir_init_f32.c ****  * SPDX-License-Identifier: Apache-2.0
  15:./Libraries/CMSIS/DSP/Source/FilteringFunctions/arm_fir_init_f32.c ****  *
  16:./Libraries/CMSIS/DSP/Source/FilteringFunctions/arm_fir_init_f32.c ****  * Licensed under the Apache License, Version 2.0 (the License); you may
  17:./Libraries/CMSIS/DSP/Source/FilteringFunctions/arm_fir_init_f32.c ****  * not use this file except in compliance with the License.
  18:./Libraries/CMSIS/DSP/Source/FilteringFunctions/arm_fir_init_f32.c ****  * You may obtain a copy of the License at
  19:./Libraries/CMSIS/DSP/Source/FilteringFunctions/arm_fir_init_f32.c ****  *
  20:./Libraries/CMSIS/DSP/Source/FilteringFunctions/arm_fir_init_f32.c ****  * www.apache.org/licenses/LICENSE-2.0
  21:./Libraries/CMSIS/DSP/Source/FilteringFunctions/arm_fir_init_f32.c ****  *
  22:./Libraries/CMSIS/DSP/Source/FilteringFunctions/arm_fir_init_f32.c ****  * Unless required by applicable law or agreed to in writing, software
  23:./Libraries/CMSIS/DSP/Source/FilteringFunctions/arm_fir_init_f32.c ****  * distributed under the License is distributed on an AS IS BASIS, WITHOUT
  24:./Libraries/CMSIS/DSP/Source/FilteringFunctions/arm_fir_init_f32.c ****  * WARRANTIES OR CONDITIONS OF ANY KIND, either express or implied.
  25:./Libraries/CMSIS/DSP/Source/FilteringFunctions/arm_fir_init_f32.c ****  * See the License for the specific language governing permissions and
  26:./Libraries/CMSIS/DSP/Source/FilteringFunctions/arm_fir_init_f32.c ****  * limitations under the License.
  27:./Libraries/CMSIS/DSP/Source/FilteringFunctions/arm_fir_init_f32.c ****  */
  28:./Libraries/CMSIS/DSP/Source/FilteringFunctions/arm_fir_init_f32.c **** 
  29:./Libraries/CMSIS/DSP/Source/FilteringFunctions/arm_fir_init_f32.c **** #include "arm_math.h"
  30:./Libraries/CMSIS/DSP/Source/FilteringFunctions/arm_fir_init_f32.c **** 
  31:./Libraries/CMSIS/DSP/Source/FilteringFunctions/arm_fir_init_f32.c **** /**
ARM GAS  /tmp/ccCcx0lk.s 			page 2


  32:./Libraries/CMSIS/DSP/Source/FilteringFunctions/arm_fir_init_f32.c ****   @ingroup groupFilters
  33:./Libraries/CMSIS/DSP/Source/FilteringFunctions/arm_fir_init_f32.c ****  */
  34:./Libraries/CMSIS/DSP/Source/FilteringFunctions/arm_fir_init_f32.c **** 
  35:./Libraries/CMSIS/DSP/Source/FilteringFunctions/arm_fir_init_f32.c **** /**
  36:./Libraries/CMSIS/DSP/Source/FilteringFunctions/arm_fir_init_f32.c ****   @addtogroup FIR
  37:./Libraries/CMSIS/DSP/Source/FilteringFunctions/arm_fir_init_f32.c ****   @{
  38:./Libraries/CMSIS/DSP/Source/FilteringFunctions/arm_fir_init_f32.c ****  */
  39:./Libraries/CMSIS/DSP/Source/FilteringFunctions/arm_fir_init_f32.c **** 
  40:./Libraries/CMSIS/DSP/Source/FilteringFunctions/arm_fir_init_f32.c **** /**
  41:./Libraries/CMSIS/DSP/Source/FilteringFunctions/arm_fir_init_f32.c ****   @brief         Initialization function for the floating-point FIR filter.
  42:./Libraries/CMSIS/DSP/Source/FilteringFunctions/arm_fir_init_f32.c ****   @param[in,out] S          points to an instance of the floating-point FIR filter structure
  43:./Libraries/CMSIS/DSP/Source/FilteringFunctions/arm_fir_init_f32.c ****   @param[in] 	 numTaps    number of filter coefficients in the filter
  44:./Libraries/CMSIS/DSP/Source/FilteringFunctions/arm_fir_init_f32.c ****   @param[in]     pCoeffs    points to the filter coefficients buffer
  45:./Libraries/CMSIS/DSP/Source/FilteringFunctions/arm_fir_init_f32.c ****   @param[in]     pState     points to the state buffer
  46:./Libraries/CMSIS/DSP/Source/FilteringFunctions/arm_fir_init_f32.c ****   @param[in]     blockSize  number of samples processed per call
  47:./Libraries/CMSIS/DSP/Source/FilteringFunctions/arm_fir_init_f32.c ****   @return        none
  48:./Libraries/CMSIS/DSP/Source/FilteringFunctions/arm_fir_init_f32.c **** 
  49:./Libraries/CMSIS/DSP/Source/FilteringFunctions/arm_fir_init_f32.c ****   @par           Details
  50:./Libraries/CMSIS/DSP/Source/FilteringFunctions/arm_fir_init_f32.c ****                    <code>pCoeffs</code> points to the array of filter coefficients stored in time r
  51:./Libraries/CMSIS/DSP/Source/FilteringFunctions/arm_fir_init_f32.c ****   <pre>
  52:./Libraries/CMSIS/DSP/Source/FilteringFunctions/arm_fir_init_f32.c ****       {b[numTaps-1], b[numTaps-2], b[N-2], ..., b[1], b[0]}
  53:./Libraries/CMSIS/DSP/Source/FilteringFunctions/arm_fir_init_f32.c ****   </pre>
  54:./Libraries/CMSIS/DSP/Source/FilteringFunctions/arm_fir_init_f32.c ****   @par
  55:./Libraries/CMSIS/DSP/Source/FilteringFunctions/arm_fir_init_f32.c ****                    <code>pState</code> points to the array of state variables.
  56:./Libraries/CMSIS/DSP/Source/FilteringFunctions/arm_fir_init_f32.c ****                    <code>pState</code> is of length <code>numTaps+blockSize-1</code> samples, where
  57:./Libraries/CMSIS/DSP/Source/FilteringFunctions/arm_fir_init_f32.c ****  */
  58:./Libraries/CMSIS/DSP/Source/FilteringFunctions/arm_fir_init_f32.c **** 
  59:./Libraries/CMSIS/DSP/Source/FilteringFunctions/arm_fir_init_f32.c **** void arm_fir_init_f32(
  60:./Libraries/CMSIS/DSP/Source/FilteringFunctions/arm_fir_init_f32.c ****         arm_fir_instance_f32 * S,
  61:./Libraries/CMSIS/DSP/Source/FilteringFunctions/arm_fir_init_f32.c ****         uint16_t numTaps,
  62:./Libraries/CMSIS/DSP/Source/FilteringFunctions/arm_fir_init_f32.c ****   const float32_t * pCoeffs,
  63:./Libraries/CMSIS/DSP/Source/FilteringFunctions/arm_fir_init_f32.c ****         float32_t * pState,
  64:./Libraries/CMSIS/DSP/Source/FilteringFunctions/arm_fir_init_f32.c ****         uint32_t blockSize)
  65:./Libraries/CMSIS/DSP/Source/FilteringFunctions/arm_fir_init_f32.c **** {
  28              		.loc 1 65 1
  29              		.cfi_startproc
  30              		@ args = 4, pretend = 0, frame = 16
  31              		@ frame_needed = 1, uses_anonymous_args = 0
  32 0000 80B5     		push	{r7, lr}
  33              	.LCFI0:
  34              		.cfi_def_cfa_offset 8
  35              		.cfi_offset 7, -8
  36              		.cfi_offset 14, -4
  37 0002 84B0     		sub	sp, sp, #16
  38              	.LCFI1:
  39              		.cfi_def_cfa_offset 24
  40 0004 00AF     		add	r7, sp, #0
  41              	.LCFI2:
  42              		.cfi_def_cfa_register 7
  43 0006 F860     		str	r0, [r7, #12]
  44 0008 7A60     		str	r2, [r7, #4]
  45 000a 3B60     		str	r3, [r7]
  46 000c 0B46     		mov	r3, r1	@ movhi
  47 000e 7B81     		strh	r3, [r7, #10]	@ movhi
  66:./Libraries/CMSIS/DSP/Source/FilteringFunctions/arm_fir_init_f32.c ****   /* Assign filter taps */
  67:./Libraries/CMSIS/DSP/Source/FilteringFunctions/arm_fir_init_f32.c ****   S->numTaps = numTaps;
  48              		.loc 1 67 14
ARM GAS  /tmp/ccCcx0lk.s 			page 3


  49 0010 FB68     		ldr	r3, [r7, #12]
  50 0012 7A89     		ldrh	r2, [r7, #10]	@ movhi
  51 0014 1A80     		strh	r2, [r3]	@ movhi
  68:./Libraries/CMSIS/DSP/Source/FilteringFunctions/arm_fir_init_f32.c **** 
  69:./Libraries/CMSIS/DSP/Source/FilteringFunctions/arm_fir_init_f32.c ****   /* Assign coefficient pointer */
  70:./Libraries/CMSIS/DSP/Source/FilteringFunctions/arm_fir_init_f32.c ****   S->pCoeffs = pCoeffs;
  52              		.loc 1 70 14
  53 0016 FB68     		ldr	r3, [r7, #12]
  54 0018 7A68     		ldr	r2, [r7, #4]
  55 001a 9A60     		str	r2, [r3, #8]
  71:./Libraries/CMSIS/DSP/Source/FilteringFunctions/arm_fir_init_f32.c **** 
  72:./Libraries/CMSIS/DSP/Source/FilteringFunctions/arm_fir_init_f32.c ****   /* Clear state buffer. The size is always (blockSize + numTaps - 1) */
  73:./Libraries/CMSIS/DSP/Source/FilteringFunctions/arm_fir_init_f32.c ****   memset(pState, 0, (numTaps + (blockSize - 1U)) * sizeof(float32_t));
  56              		.loc 1 73 30
  57 001c 7A89     		ldrh	r2, [r7, #10]
  58 001e BB69     		ldr	r3, [r7, #24]
  59 0020 1344     		add	r3, r3, r2
  60 0022 013B     		subs	r3, r3, #1
  61              		.loc 1 73 50
  62 0024 9B00     		lsls	r3, r3, #2
  63              		.loc 1 73 3
  64 0026 1A46     		mov	r2, r3
  65 0028 0021     		movs	r1, #0
  66 002a 3868     		ldr	r0, [r7]
  67 002c FFF7FEFF 		bl	memset
  74:./Libraries/CMSIS/DSP/Source/FilteringFunctions/arm_fir_init_f32.c **** 
  75:./Libraries/CMSIS/DSP/Source/FilteringFunctions/arm_fir_init_f32.c ****   /* Assign state pointer */
  76:./Libraries/CMSIS/DSP/Source/FilteringFunctions/arm_fir_init_f32.c ****   S->pState = pState;
  68              		.loc 1 76 13
  69 0030 FB68     		ldr	r3, [r7, #12]
  70 0032 3A68     		ldr	r2, [r7]
  71 0034 5A60     		str	r2, [r3, #4]
  77:./Libraries/CMSIS/DSP/Source/FilteringFunctions/arm_fir_init_f32.c **** }
  72              		.loc 1 77 1
  73 0036 00BF     		nop
  74 0038 1037     		adds	r7, r7, #16
  75              	.LCFI3:
  76              		.cfi_def_cfa_offset 8
  77 003a BD46     		mov	sp, r7
  78              	.LCFI4:
  79              		.cfi_def_cfa_register 13
  80              		@ sp needed
  81 003c 80BD     		pop	{r7, pc}
  82              		.cfi_endproc
  83              	.LFE145:
  85              		.text
  86              	.Letext0:
  87              		.file 2 "/usr/lib/gcc/arm-none-eabi/9.2.1/include/stdint.h"
  88              		.file 3 "/usr/lib/gcc/arm-none-eabi/9.2.1/include/stddef.h"
  89              		.file 4 "/usr/include/newlib/sys/_types.h"
  90              		.file 5 "/usr/include/newlib/sys/reent.h"
  91              		.file 6 "/usr/include/newlib/sys/lock.h"
  92              		.file 7 "/usr/include/newlib/math.h"
  93              		.file 8 "./Libraries/CMSIS/DSP/Include/arm_math.h"
ARM GAS  /tmp/ccCcx0lk.s 			page 4


DEFINED SYMBOLS
                            *ABS*:0000000000000000 arm_fir_init_f32.c
     /tmp/ccCcx0lk.s:17     .text.arm_fir_init_f32:0000000000000000 $t
     /tmp/ccCcx0lk.s:25     .text.arm_fir_init_f32:0000000000000000 arm_fir_init_f32

UNDEFINED SYMBOLS
memset
