ARM GAS  /tmp/ccRmzuvv.s 			page 1


   1              		.cpu cortex-m7
   2              		.eabi_attribute 28, 1
   3              		.eabi_attribute 20, 1
   4              		.eabi_attribute 21, 1
   5              		.eabi_attribute 23, 3
   6              		.eabi_attribute 24, 1
   7              		.eabi_attribute 25, 1
   8              		.eabi_attribute 26, 1
   9              		.eabi_attribute 30, 6
  10              		.eabi_attribute 34, 1
  11              		.eabi_attribute 18, 4
  12              		.file	"arm_max_f32.c"
  13              		.text
  14              	.Ltext0:
  15              		.cfi_sections	.debug_frame
  16              		.section	.text.arm_max_f32,"ax",%progbits
  17              		.align	1
  18              		.global	arm_max_f32
  19              		.arch armv7e-m
  20              		.syntax unified
  21              		.thumb
  22              		.thumb_func
  23              		.fpu fpv5-d16
  25              	arm_max_f32:
  26              	.LFB145:
  27              		.file 1 "./Libraries/CMSIS/DSP/Source/StatisticsFunctions/arm_max_f32.c"
   1:./Libraries/CMSIS/DSP/Source/StatisticsFunctions/arm_max_f32.c **** /* ----------------------------------------------------------------------
   2:./Libraries/CMSIS/DSP/Source/StatisticsFunctions/arm_max_f32.c ****  * Project:      CMSIS DSP Library
   3:./Libraries/CMSIS/DSP/Source/StatisticsFunctions/arm_max_f32.c ****  * Title:        arm_max_f32.c
   4:./Libraries/CMSIS/DSP/Source/StatisticsFunctions/arm_max_f32.c ****  * Description:  Maximum value of a floating-point vector
   5:./Libraries/CMSIS/DSP/Source/StatisticsFunctions/arm_max_f32.c ****  *
   6:./Libraries/CMSIS/DSP/Source/StatisticsFunctions/arm_max_f32.c ****  * $Date:        18. March 2019
   7:./Libraries/CMSIS/DSP/Source/StatisticsFunctions/arm_max_f32.c ****  * $Revision:    V1.6.0
   8:./Libraries/CMSIS/DSP/Source/StatisticsFunctions/arm_max_f32.c ****  *
   9:./Libraries/CMSIS/DSP/Source/StatisticsFunctions/arm_max_f32.c ****  * Target Processor: Cortex-M cores
  10:./Libraries/CMSIS/DSP/Source/StatisticsFunctions/arm_max_f32.c ****  * -------------------------------------------------------------------- */
  11:./Libraries/CMSIS/DSP/Source/StatisticsFunctions/arm_max_f32.c **** /*
  12:./Libraries/CMSIS/DSP/Source/StatisticsFunctions/arm_max_f32.c ****  * Copyright (C) 2010-2019 ARM Limited or its affiliates. All rights reserved.
  13:./Libraries/CMSIS/DSP/Source/StatisticsFunctions/arm_max_f32.c ****  *
  14:./Libraries/CMSIS/DSP/Source/StatisticsFunctions/arm_max_f32.c ****  * SPDX-License-Identifier: Apache-2.0
  15:./Libraries/CMSIS/DSP/Source/StatisticsFunctions/arm_max_f32.c ****  *
  16:./Libraries/CMSIS/DSP/Source/StatisticsFunctions/arm_max_f32.c ****  * Licensed under the Apache License, Version 2.0 (the License); you may
  17:./Libraries/CMSIS/DSP/Source/StatisticsFunctions/arm_max_f32.c ****  * not use this file except in compliance with the License.
  18:./Libraries/CMSIS/DSP/Source/StatisticsFunctions/arm_max_f32.c ****  * You may obtain a copy of the License at
  19:./Libraries/CMSIS/DSP/Source/StatisticsFunctions/arm_max_f32.c ****  *
  20:./Libraries/CMSIS/DSP/Source/StatisticsFunctions/arm_max_f32.c ****  * www.apache.org/licenses/LICENSE-2.0
  21:./Libraries/CMSIS/DSP/Source/StatisticsFunctions/arm_max_f32.c ****  *
  22:./Libraries/CMSIS/DSP/Source/StatisticsFunctions/arm_max_f32.c ****  * Unless required by applicable law or agreed to in writing, software
  23:./Libraries/CMSIS/DSP/Source/StatisticsFunctions/arm_max_f32.c ****  * distributed under the License is distributed on an AS IS BASIS, WITHOUT
  24:./Libraries/CMSIS/DSP/Source/StatisticsFunctions/arm_max_f32.c ****  * WARRANTIES OR CONDITIONS OF ANY KIND, either express or implied.
  25:./Libraries/CMSIS/DSP/Source/StatisticsFunctions/arm_max_f32.c ****  * See the License for the specific language governing permissions and
  26:./Libraries/CMSIS/DSP/Source/StatisticsFunctions/arm_max_f32.c ****  * limitations under the License.
  27:./Libraries/CMSIS/DSP/Source/StatisticsFunctions/arm_max_f32.c ****  */
  28:./Libraries/CMSIS/DSP/Source/StatisticsFunctions/arm_max_f32.c **** 
  29:./Libraries/CMSIS/DSP/Source/StatisticsFunctions/arm_max_f32.c **** #include "arm_math.h"
  30:./Libraries/CMSIS/DSP/Source/StatisticsFunctions/arm_max_f32.c **** #if defined(ARM_MATH_NEON)
  31:./Libraries/CMSIS/DSP/Source/StatisticsFunctions/arm_max_f32.c **** #include <limits.h>
ARM GAS  /tmp/ccRmzuvv.s 			page 2


  32:./Libraries/CMSIS/DSP/Source/StatisticsFunctions/arm_max_f32.c **** #endif
  33:./Libraries/CMSIS/DSP/Source/StatisticsFunctions/arm_max_f32.c **** 
  34:./Libraries/CMSIS/DSP/Source/StatisticsFunctions/arm_max_f32.c **** /**
  35:./Libraries/CMSIS/DSP/Source/StatisticsFunctions/arm_max_f32.c ****   @ingroup groupStats
  36:./Libraries/CMSIS/DSP/Source/StatisticsFunctions/arm_max_f32.c ****  */
  37:./Libraries/CMSIS/DSP/Source/StatisticsFunctions/arm_max_f32.c **** 
  38:./Libraries/CMSIS/DSP/Source/StatisticsFunctions/arm_max_f32.c **** /**
  39:./Libraries/CMSIS/DSP/Source/StatisticsFunctions/arm_max_f32.c ****   @defgroup Max Maximum
  40:./Libraries/CMSIS/DSP/Source/StatisticsFunctions/arm_max_f32.c **** 
  41:./Libraries/CMSIS/DSP/Source/StatisticsFunctions/arm_max_f32.c ****   Computes the maximum value of an array of data.
  42:./Libraries/CMSIS/DSP/Source/StatisticsFunctions/arm_max_f32.c ****   The function returns both the maximum value and its position within the array.
  43:./Libraries/CMSIS/DSP/Source/StatisticsFunctions/arm_max_f32.c ****   There are separate functions for floating-point, Q31, Q15, and Q7 data types.
  44:./Libraries/CMSIS/DSP/Source/StatisticsFunctions/arm_max_f32.c ****  */
  45:./Libraries/CMSIS/DSP/Source/StatisticsFunctions/arm_max_f32.c **** 
  46:./Libraries/CMSIS/DSP/Source/StatisticsFunctions/arm_max_f32.c **** /**
  47:./Libraries/CMSIS/DSP/Source/StatisticsFunctions/arm_max_f32.c ****   @addtogroup Max
  48:./Libraries/CMSIS/DSP/Source/StatisticsFunctions/arm_max_f32.c ****   @{
  49:./Libraries/CMSIS/DSP/Source/StatisticsFunctions/arm_max_f32.c ****  */
  50:./Libraries/CMSIS/DSP/Source/StatisticsFunctions/arm_max_f32.c **** 
  51:./Libraries/CMSIS/DSP/Source/StatisticsFunctions/arm_max_f32.c **** /**
  52:./Libraries/CMSIS/DSP/Source/StatisticsFunctions/arm_max_f32.c ****   @brief         Maximum value of a floating-point vector.
  53:./Libraries/CMSIS/DSP/Source/StatisticsFunctions/arm_max_f32.c ****   @param[in]     pSrc       points to the input vector
  54:./Libraries/CMSIS/DSP/Source/StatisticsFunctions/arm_max_f32.c ****   @param[in]     blockSize  number of samples in input vector
  55:./Libraries/CMSIS/DSP/Source/StatisticsFunctions/arm_max_f32.c ****   @param[out]    pResult    maximum value returned here
  56:./Libraries/CMSIS/DSP/Source/StatisticsFunctions/arm_max_f32.c ****   @param[out]    pIndex     index of maximum value returned here
  57:./Libraries/CMSIS/DSP/Source/StatisticsFunctions/arm_max_f32.c ****   @return        none
  58:./Libraries/CMSIS/DSP/Source/StatisticsFunctions/arm_max_f32.c ****  */
  59:./Libraries/CMSIS/DSP/Source/StatisticsFunctions/arm_max_f32.c **** #if defined(ARM_MATH_NEON)
  60:./Libraries/CMSIS/DSP/Source/StatisticsFunctions/arm_max_f32.c **** void arm_max_f32(
  61:./Libraries/CMSIS/DSP/Source/StatisticsFunctions/arm_max_f32.c ****   const float32_t * pSrc,
  62:./Libraries/CMSIS/DSP/Source/StatisticsFunctions/arm_max_f32.c ****   uint32_t blockSize,
  63:./Libraries/CMSIS/DSP/Source/StatisticsFunctions/arm_max_f32.c ****   float32_t * pResult,
  64:./Libraries/CMSIS/DSP/Source/StatisticsFunctions/arm_max_f32.c ****   uint32_t * pIndex)
  65:./Libraries/CMSIS/DSP/Source/StatisticsFunctions/arm_max_f32.c **** {
  66:./Libraries/CMSIS/DSP/Source/StatisticsFunctions/arm_max_f32.c ****   float32_t maxVal1, maxVal2, out;               /* Temporary variables to store the output value. 
  67:./Libraries/CMSIS/DSP/Source/StatisticsFunctions/arm_max_f32.c ****   uint32_t blkCnt, outIndex, count;              /* loop counter */
  68:./Libraries/CMSIS/DSP/Source/StatisticsFunctions/arm_max_f32.c **** 
  69:./Libraries/CMSIS/DSP/Source/StatisticsFunctions/arm_max_f32.c ****   float32x4_t outV, srcV;
  70:./Libraries/CMSIS/DSP/Source/StatisticsFunctions/arm_max_f32.c ****   float32x2_t outV2;
  71:./Libraries/CMSIS/DSP/Source/StatisticsFunctions/arm_max_f32.c **** 
  72:./Libraries/CMSIS/DSP/Source/StatisticsFunctions/arm_max_f32.c ****   uint32x4_t idxV;
  73:./Libraries/CMSIS/DSP/Source/StatisticsFunctions/arm_max_f32.c ****   uint32x4_t maxIdx={ULONG_MAX,ULONG_MAX,ULONG_MAX,ULONG_MAX};
  74:./Libraries/CMSIS/DSP/Source/StatisticsFunctions/arm_max_f32.c ****   uint32x4_t index={4,5,6,7};
  75:./Libraries/CMSIS/DSP/Source/StatisticsFunctions/arm_max_f32.c ****   uint32x4_t delta={4,4,4,4};
  76:./Libraries/CMSIS/DSP/Source/StatisticsFunctions/arm_max_f32.c ****   uint32x4_t countV={0,1,2,3};
  77:./Libraries/CMSIS/DSP/Source/StatisticsFunctions/arm_max_f32.c ****   uint32x2_t countV2;
  78:./Libraries/CMSIS/DSP/Source/StatisticsFunctions/arm_max_f32.c **** 
  79:./Libraries/CMSIS/DSP/Source/StatisticsFunctions/arm_max_f32.c ****   /* Initialise the count value. */
  80:./Libraries/CMSIS/DSP/Source/StatisticsFunctions/arm_max_f32.c ****   count = 0U;
  81:./Libraries/CMSIS/DSP/Source/StatisticsFunctions/arm_max_f32.c **** 
  82:./Libraries/CMSIS/DSP/Source/StatisticsFunctions/arm_max_f32.c ****   /* Initialise the index value to zero. */
  83:./Libraries/CMSIS/DSP/Source/StatisticsFunctions/arm_max_f32.c ****   outIndex = 0U;
  84:./Libraries/CMSIS/DSP/Source/StatisticsFunctions/arm_max_f32.c **** 
  85:./Libraries/CMSIS/DSP/Source/StatisticsFunctions/arm_max_f32.c ****   /* Load first input value that act as reference value for comparison */
  86:./Libraries/CMSIS/DSP/Source/StatisticsFunctions/arm_max_f32.c ****   if (blockSize <= 3)
  87:./Libraries/CMSIS/DSP/Source/StatisticsFunctions/arm_max_f32.c ****   {
  88:./Libraries/CMSIS/DSP/Source/StatisticsFunctions/arm_max_f32.c ****       out = *pSrc++;
ARM GAS  /tmp/ccRmzuvv.s 			page 3


  89:./Libraries/CMSIS/DSP/Source/StatisticsFunctions/arm_max_f32.c **** 
  90:./Libraries/CMSIS/DSP/Source/StatisticsFunctions/arm_max_f32.c ****       blkCnt = blockSize - 1;
  91:./Libraries/CMSIS/DSP/Source/StatisticsFunctions/arm_max_f32.c **** 
  92:./Libraries/CMSIS/DSP/Source/StatisticsFunctions/arm_max_f32.c ****       while (blkCnt > 0U)
  93:./Libraries/CMSIS/DSP/Source/StatisticsFunctions/arm_max_f32.c ****       {
  94:./Libraries/CMSIS/DSP/Source/StatisticsFunctions/arm_max_f32.c ****         /* Initialize maxVal to the next consecutive values one by one */
  95:./Libraries/CMSIS/DSP/Source/StatisticsFunctions/arm_max_f32.c ****         maxVal1 = *pSrc++;
  96:./Libraries/CMSIS/DSP/Source/StatisticsFunctions/arm_max_f32.c ****     
  97:./Libraries/CMSIS/DSP/Source/StatisticsFunctions/arm_max_f32.c ****         /* compare for the maximum value */
  98:./Libraries/CMSIS/DSP/Source/StatisticsFunctions/arm_max_f32.c ****         if (out < maxVal1)
  99:./Libraries/CMSIS/DSP/Source/StatisticsFunctions/arm_max_f32.c ****         {
 100:./Libraries/CMSIS/DSP/Source/StatisticsFunctions/arm_max_f32.c ****           /* Update the maximum value and it's index */
 101:./Libraries/CMSIS/DSP/Source/StatisticsFunctions/arm_max_f32.c ****           out = maxVal1;
 102:./Libraries/CMSIS/DSP/Source/StatisticsFunctions/arm_max_f32.c ****           outIndex = blockSize - blkCnt;
 103:./Libraries/CMSIS/DSP/Source/StatisticsFunctions/arm_max_f32.c ****         }
 104:./Libraries/CMSIS/DSP/Source/StatisticsFunctions/arm_max_f32.c ****     
 105:./Libraries/CMSIS/DSP/Source/StatisticsFunctions/arm_max_f32.c ****         /* Decrement the loop counter */
 106:./Libraries/CMSIS/DSP/Source/StatisticsFunctions/arm_max_f32.c ****         blkCnt--;
 107:./Libraries/CMSIS/DSP/Source/StatisticsFunctions/arm_max_f32.c ****       }
 108:./Libraries/CMSIS/DSP/Source/StatisticsFunctions/arm_max_f32.c ****   }
 109:./Libraries/CMSIS/DSP/Source/StatisticsFunctions/arm_max_f32.c ****   else
 110:./Libraries/CMSIS/DSP/Source/StatisticsFunctions/arm_max_f32.c ****   {
 111:./Libraries/CMSIS/DSP/Source/StatisticsFunctions/arm_max_f32.c ****       outV = vld1q_f32(pSrc);
 112:./Libraries/CMSIS/DSP/Source/StatisticsFunctions/arm_max_f32.c ****       pSrc += 4;
 113:./Libraries/CMSIS/DSP/Source/StatisticsFunctions/arm_max_f32.c ****  
 114:./Libraries/CMSIS/DSP/Source/StatisticsFunctions/arm_max_f32.c ****       /* Compute 4 outputs at a time */
 115:./Libraries/CMSIS/DSP/Source/StatisticsFunctions/arm_max_f32.c ****       blkCnt = (blockSize - 4 ) >> 2U;
 116:./Libraries/CMSIS/DSP/Source/StatisticsFunctions/arm_max_f32.c ****     
 117:./Libraries/CMSIS/DSP/Source/StatisticsFunctions/arm_max_f32.c ****       while (blkCnt > 0U)
 118:./Libraries/CMSIS/DSP/Source/StatisticsFunctions/arm_max_f32.c ****       {
 119:./Libraries/CMSIS/DSP/Source/StatisticsFunctions/arm_max_f32.c ****         srcV = vld1q_f32(pSrc);
 120:./Libraries/CMSIS/DSP/Source/StatisticsFunctions/arm_max_f32.c ****         pSrc += 4;
 121:./Libraries/CMSIS/DSP/Source/StatisticsFunctions/arm_max_f32.c ****     
 122:./Libraries/CMSIS/DSP/Source/StatisticsFunctions/arm_max_f32.c ****         idxV = vcgtq_f32(srcV, outV);
 123:./Libraries/CMSIS/DSP/Source/StatisticsFunctions/arm_max_f32.c ****         outV = vbslq_f32(idxV, srcV, outV );
 124:./Libraries/CMSIS/DSP/Source/StatisticsFunctions/arm_max_f32.c ****         countV = vbslq_u32(idxV, index,countV );
 125:./Libraries/CMSIS/DSP/Source/StatisticsFunctions/arm_max_f32.c ****     
 126:./Libraries/CMSIS/DSP/Source/StatisticsFunctions/arm_max_f32.c ****         index = vaddq_u32(index,delta);
 127:./Libraries/CMSIS/DSP/Source/StatisticsFunctions/arm_max_f32.c ****     
 128:./Libraries/CMSIS/DSP/Source/StatisticsFunctions/arm_max_f32.c ****         /* Decrement the loop counter */
 129:./Libraries/CMSIS/DSP/Source/StatisticsFunctions/arm_max_f32.c ****         blkCnt--;
 130:./Libraries/CMSIS/DSP/Source/StatisticsFunctions/arm_max_f32.c ****       }
 131:./Libraries/CMSIS/DSP/Source/StatisticsFunctions/arm_max_f32.c ****     
 132:./Libraries/CMSIS/DSP/Source/StatisticsFunctions/arm_max_f32.c ****       outV2 = vpmax_f32(vget_low_f32(outV),vget_high_f32(outV));
 133:./Libraries/CMSIS/DSP/Source/StatisticsFunctions/arm_max_f32.c ****       outV2 = vpmax_f32(outV2,outV2);
 134:./Libraries/CMSIS/DSP/Source/StatisticsFunctions/arm_max_f32.c ****       out = outV2[0];
 135:./Libraries/CMSIS/DSP/Source/StatisticsFunctions/arm_max_f32.c ****     
 136:./Libraries/CMSIS/DSP/Source/StatisticsFunctions/arm_max_f32.c ****       idxV = vceqq_f32(outV, vdupq_n_f32(out));
 137:./Libraries/CMSIS/DSP/Source/StatisticsFunctions/arm_max_f32.c ****       countV = vbslq_u32(idxV, countV,maxIdx);
 138:./Libraries/CMSIS/DSP/Source/StatisticsFunctions/arm_max_f32.c ****       
 139:./Libraries/CMSIS/DSP/Source/StatisticsFunctions/arm_max_f32.c ****       countV2 = vpmin_u32(vget_low_u32(countV),vget_high_u32(countV));
 140:./Libraries/CMSIS/DSP/Source/StatisticsFunctions/arm_max_f32.c ****       countV2 = vpmin_u32(countV2,countV2);
 141:./Libraries/CMSIS/DSP/Source/StatisticsFunctions/arm_max_f32.c ****       outIndex = countV2[0];
 142:./Libraries/CMSIS/DSP/Source/StatisticsFunctions/arm_max_f32.c ****     
 143:./Libraries/CMSIS/DSP/Source/StatisticsFunctions/arm_max_f32.c ****       /* if (blockSize - 1U) is not multiple of 4 */
 144:./Libraries/CMSIS/DSP/Source/StatisticsFunctions/arm_max_f32.c ****       blkCnt = (blockSize - 4 ) % 4U;
 145:./Libraries/CMSIS/DSP/Source/StatisticsFunctions/arm_max_f32.c ****     
ARM GAS  /tmp/ccRmzuvv.s 			page 4


 146:./Libraries/CMSIS/DSP/Source/StatisticsFunctions/arm_max_f32.c ****       while (blkCnt > 0U)
 147:./Libraries/CMSIS/DSP/Source/StatisticsFunctions/arm_max_f32.c ****       {
 148:./Libraries/CMSIS/DSP/Source/StatisticsFunctions/arm_max_f32.c ****         /* Initialize maxVal to the next consecutive values one by one */
 149:./Libraries/CMSIS/DSP/Source/StatisticsFunctions/arm_max_f32.c ****         maxVal1 = *pSrc++;
 150:./Libraries/CMSIS/DSP/Source/StatisticsFunctions/arm_max_f32.c ****     
 151:./Libraries/CMSIS/DSP/Source/StatisticsFunctions/arm_max_f32.c ****         /* compare for the maximum value */
 152:./Libraries/CMSIS/DSP/Source/StatisticsFunctions/arm_max_f32.c ****         if (out < maxVal1)
 153:./Libraries/CMSIS/DSP/Source/StatisticsFunctions/arm_max_f32.c ****         {
 154:./Libraries/CMSIS/DSP/Source/StatisticsFunctions/arm_max_f32.c ****           /* Update the maximum value and it's index */
 155:./Libraries/CMSIS/DSP/Source/StatisticsFunctions/arm_max_f32.c ****           out = maxVal1;
 156:./Libraries/CMSIS/DSP/Source/StatisticsFunctions/arm_max_f32.c ****           outIndex = blockSize - blkCnt ;
 157:./Libraries/CMSIS/DSP/Source/StatisticsFunctions/arm_max_f32.c ****         }
 158:./Libraries/CMSIS/DSP/Source/StatisticsFunctions/arm_max_f32.c ****     
 159:./Libraries/CMSIS/DSP/Source/StatisticsFunctions/arm_max_f32.c ****         /* Decrement the loop counter */
 160:./Libraries/CMSIS/DSP/Source/StatisticsFunctions/arm_max_f32.c ****         blkCnt--;
 161:./Libraries/CMSIS/DSP/Source/StatisticsFunctions/arm_max_f32.c ****       }
 162:./Libraries/CMSIS/DSP/Source/StatisticsFunctions/arm_max_f32.c ****     
 163:./Libraries/CMSIS/DSP/Source/StatisticsFunctions/arm_max_f32.c ****       
 164:./Libraries/CMSIS/DSP/Source/StatisticsFunctions/arm_max_f32.c ****   }
 165:./Libraries/CMSIS/DSP/Source/StatisticsFunctions/arm_max_f32.c **** 
 166:./Libraries/CMSIS/DSP/Source/StatisticsFunctions/arm_max_f32.c ****   /* Store the maximum value and it's index into destination pointers */
 167:./Libraries/CMSIS/DSP/Source/StatisticsFunctions/arm_max_f32.c ****   *pResult = out;
 168:./Libraries/CMSIS/DSP/Source/StatisticsFunctions/arm_max_f32.c ****   *pIndex = outIndex;
 169:./Libraries/CMSIS/DSP/Source/StatisticsFunctions/arm_max_f32.c **** }
 170:./Libraries/CMSIS/DSP/Source/StatisticsFunctions/arm_max_f32.c **** #else
 171:./Libraries/CMSIS/DSP/Source/StatisticsFunctions/arm_max_f32.c **** void arm_max_f32(
 172:./Libraries/CMSIS/DSP/Source/StatisticsFunctions/arm_max_f32.c ****   const float32_t * pSrc,
 173:./Libraries/CMSIS/DSP/Source/StatisticsFunctions/arm_max_f32.c ****         uint32_t blockSize,
 174:./Libraries/CMSIS/DSP/Source/StatisticsFunctions/arm_max_f32.c ****         float32_t * pResult,
 175:./Libraries/CMSIS/DSP/Source/StatisticsFunctions/arm_max_f32.c ****         uint32_t * pIndex)
 176:./Libraries/CMSIS/DSP/Source/StatisticsFunctions/arm_max_f32.c **** {
  28              		.loc 1 176 1
  29              		.cfi_startproc
  30              		@ args = 0, pretend = 0, frame = 32
  31              		@ frame_needed = 1, uses_anonymous_args = 0
  32              		@ link register save eliminated.
  33 0000 80B4     		push	{r7}
  34              	.LCFI0:
  35              		.cfi_def_cfa_offset 4
  36              		.cfi_offset 7, -4
  37 0002 89B0     		sub	sp, sp, #36
  38              	.LCFI1:
  39              		.cfi_def_cfa_offset 40
  40 0004 00AF     		add	r7, sp, #0
  41              	.LCFI2:
  42              		.cfi_def_cfa_register 7
  43 0006 F860     		str	r0, [r7, #12]
  44 0008 B960     		str	r1, [r7, #8]
  45 000a 7A60     		str	r2, [r7, #4]
  46 000c 3B60     		str	r3, [r7]
 177:./Libraries/CMSIS/DSP/Source/StatisticsFunctions/arm_max_f32.c ****         float32_t maxVal, out;                         /* Temporary variables to store the output v
 178:./Libraries/CMSIS/DSP/Source/StatisticsFunctions/arm_max_f32.c ****         uint32_t blkCnt, outIndex;                     /* Loop counter */
 179:./Libraries/CMSIS/DSP/Source/StatisticsFunctions/arm_max_f32.c **** 
 180:./Libraries/CMSIS/DSP/Source/StatisticsFunctions/arm_max_f32.c **** #if defined (ARM_MATH_LOOPUNROLL)
 181:./Libraries/CMSIS/DSP/Source/StatisticsFunctions/arm_max_f32.c ****         uint32_t index;                                /* index of maximum value */
 182:./Libraries/CMSIS/DSP/Source/StatisticsFunctions/arm_max_f32.c **** #endif
 183:./Libraries/CMSIS/DSP/Source/StatisticsFunctions/arm_max_f32.c **** 
ARM GAS  /tmp/ccRmzuvv.s 			page 5


 184:./Libraries/CMSIS/DSP/Source/StatisticsFunctions/arm_max_f32.c ****   /* Initialise index value to zero. */
 185:./Libraries/CMSIS/DSP/Source/StatisticsFunctions/arm_max_f32.c ****   outIndex = 0U;
  47              		.loc 1 185 12
  48 000e 0023     		movs	r3, #0
  49 0010 7B61     		str	r3, [r7, #20]
 186:./Libraries/CMSIS/DSP/Source/StatisticsFunctions/arm_max_f32.c **** 
 187:./Libraries/CMSIS/DSP/Source/StatisticsFunctions/arm_max_f32.c ****   /* Load first input value that act as reference value for comparision */
 188:./Libraries/CMSIS/DSP/Source/StatisticsFunctions/arm_max_f32.c ****   out = *pSrc++;
  50              		.loc 1 188 14
  51 0012 FB68     		ldr	r3, [r7, #12]
  52 0014 1A1D     		adds	r2, r3, #4
  53 0016 FA60     		str	r2, [r7, #12]
  54              		.loc 1 188 7
  55 0018 1B68     		ldr	r3, [r3]	@ float
  56 001a FB61     		str	r3, [r7, #28]	@ float
 189:./Libraries/CMSIS/DSP/Source/StatisticsFunctions/arm_max_f32.c **** 
 190:./Libraries/CMSIS/DSP/Source/StatisticsFunctions/arm_max_f32.c **** #if defined (ARM_MATH_LOOPUNROLL)
 191:./Libraries/CMSIS/DSP/Source/StatisticsFunctions/arm_max_f32.c ****   /* Initialise index of maximum value. */
 192:./Libraries/CMSIS/DSP/Source/StatisticsFunctions/arm_max_f32.c ****   index = 0U;
 193:./Libraries/CMSIS/DSP/Source/StatisticsFunctions/arm_max_f32.c **** 
 194:./Libraries/CMSIS/DSP/Source/StatisticsFunctions/arm_max_f32.c ****   /* Loop unrolling: Compute 4 outputs at a time */
 195:./Libraries/CMSIS/DSP/Source/StatisticsFunctions/arm_max_f32.c ****   blkCnt = (blockSize - 1U) >> 2U;
 196:./Libraries/CMSIS/DSP/Source/StatisticsFunctions/arm_max_f32.c **** 
 197:./Libraries/CMSIS/DSP/Source/StatisticsFunctions/arm_max_f32.c ****   while (blkCnt > 0U)
 198:./Libraries/CMSIS/DSP/Source/StatisticsFunctions/arm_max_f32.c ****   {
 199:./Libraries/CMSIS/DSP/Source/StatisticsFunctions/arm_max_f32.c ****     /* Initialize maxVal to next consecutive values one by one */
 200:./Libraries/CMSIS/DSP/Source/StatisticsFunctions/arm_max_f32.c ****     maxVal = *pSrc++;
 201:./Libraries/CMSIS/DSP/Source/StatisticsFunctions/arm_max_f32.c **** 
 202:./Libraries/CMSIS/DSP/Source/StatisticsFunctions/arm_max_f32.c ****     /* compare for the maximum value */
 203:./Libraries/CMSIS/DSP/Source/StatisticsFunctions/arm_max_f32.c ****     if (out < maxVal)
 204:./Libraries/CMSIS/DSP/Source/StatisticsFunctions/arm_max_f32.c ****     {
 205:./Libraries/CMSIS/DSP/Source/StatisticsFunctions/arm_max_f32.c ****       /* Update the maximum value and it's index */
 206:./Libraries/CMSIS/DSP/Source/StatisticsFunctions/arm_max_f32.c ****       out = maxVal;
 207:./Libraries/CMSIS/DSP/Source/StatisticsFunctions/arm_max_f32.c ****       outIndex = index + 1U;
 208:./Libraries/CMSIS/DSP/Source/StatisticsFunctions/arm_max_f32.c ****     }
 209:./Libraries/CMSIS/DSP/Source/StatisticsFunctions/arm_max_f32.c **** 
 210:./Libraries/CMSIS/DSP/Source/StatisticsFunctions/arm_max_f32.c ****     maxVal = *pSrc++;
 211:./Libraries/CMSIS/DSP/Source/StatisticsFunctions/arm_max_f32.c ****     if (out < maxVal)
 212:./Libraries/CMSIS/DSP/Source/StatisticsFunctions/arm_max_f32.c ****     {
 213:./Libraries/CMSIS/DSP/Source/StatisticsFunctions/arm_max_f32.c ****       out = maxVal;
 214:./Libraries/CMSIS/DSP/Source/StatisticsFunctions/arm_max_f32.c ****       outIndex = index + 2U;
 215:./Libraries/CMSIS/DSP/Source/StatisticsFunctions/arm_max_f32.c ****     }
 216:./Libraries/CMSIS/DSP/Source/StatisticsFunctions/arm_max_f32.c **** 
 217:./Libraries/CMSIS/DSP/Source/StatisticsFunctions/arm_max_f32.c ****     maxVal = *pSrc++;
 218:./Libraries/CMSIS/DSP/Source/StatisticsFunctions/arm_max_f32.c ****     if (out < maxVal)
 219:./Libraries/CMSIS/DSP/Source/StatisticsFunctions/arm_max_f32.c ****     {
 220:./Libraries/CMSIS/DSP/Source/StatisticsFunctions/arm_max_f32.c ****       out = maxVal;
 221:./Libraries/CMSIS/DSP/Source/StatisticsFunctions/arm_max_f32.c ****       outIndex = index + 3U;
 222:./Libraries/CMSIS/DSP/Source/StatisticsFunctions/arm_max_f32.c ****     }
 223:./Libraries/CMSIS/DSP/Source/StatisticsFunctions/arm_max_f32.c **** 
 224:./Libraries/CMSIS/DSP/Source/StatisticsFunctions/arm_max_f32.c ****     maxVal = *pSrc++;
 225:./Libraries/CMSIS/DSP/Source/StatisticsFunctions/arm_max_f32.c ****     if (out < maxVal)
 226:./Libraries/CMSIS/DSP/Source/StatisticsFunctions/arm_max_f32.c ****     {
 227:./Libraries/CMSIS/DSP/Source/StatisticsFunctions/arm_max_f32.c ****       out = maxVal;
 228:./Libraries/CMSIS/DSP/Source/StatisticsFunctions/arm_max_f32.c ****       outIndex = index + 4U;
 229:./Libraries/CMSIS/DSP/Source/StatisticsFunctions/arm_max_f32.c ****     }
 230:./Libraries/CMSIS/DSP/Source/StatisticsFunctions/arm_max_f32.c **** 
ARM GAS  /tmp/ccRmzuvv.s 			page 6


 231:./Libraries/CMSIS/DSP/Source/StatisticsFunctions/arm_max_f32.c ****     index += 4U;
 232:./Libraries/CMSIS/DSP/Source/StatisticsFunctions/arm_max_f32.c **** 
 233:./Libraries/CMSIS/DSP/Source/StatisticsFunctions/arm_max_f32.c ****     /* Decrement loop counter */
 234:./Libraries/CMSIS/DSP/Source/StatisticsFunctions/arm_max_f32.c ****     blkCnt--;
 235:./Libraries/CMSIS/DSP/Source/StatisticsFunctions/arm_max_f32.c ****   }
 236:./Libraries/CMSIS/DSP/Source/StatisticsFunctions/arm_max_f32.c **** 
 237:./Libraries/CMSIS/DSP/Source/StatisticsFunctions/arm_max_f32.c ****   /* Loop unrolling: Compute remaining outputs */
 238:./Libraries/CMSIS/DSP/Source/StatisticsFunctions/arm_max_f32.c ****   blkCnt = (blockSize - 1U) % 4U;
 239:./Libraries/CMSIS/DSP/Source/StatisticsFunctions/arm_max_f32.c **** 
 240:./Libraries/CMSIS/DSP/Source/StatisticsFunctions/arm_max_f32.c **** #else
 241:./Libraries/CMSIS/DSP/Source/StatisticsFunctions/arm_max_f32.c **** 
 242:./Libraries/CMSIS/DSP/Source/StatisticsFunctions/arm_max_f32.c ****   /* Initialize blkCnt with number of samples */
 243:./Libraries/CMSIS/DSP/Source/StatisticsFunctions/arm_max_f32.c ****   blkCnt = (blockSize - 1U);
  57              		.loc 1 243 10
  58 001c BB68     		ldr	r3, [r7, #8]
  59 001e 013B     		subs	r3, r3, #1
  60 0020 BB61     		str	r3, [r7, #24]
 244:./Libraries/CMSIS/DSP/Source/StatisticsFunctions/arm_max_f32.c **** 
 245:./Libraries/CMSIS/DSP/Source/StatisticsFunctions/arm_max_f32.c **** #endif /* #if defined (ARM_MATH_LOOPUNROLL) */
 246:./Libraries/CMSIS/DSP/Source/StatisticsFunctions/arm_max_f32.c **** 
 247:./Libraries/CMSIS/DSP/Source/StatisticsFunctions/arm_max_f32.c ****   while (blkCnt > 0U)
  61              		.loc 1 247 9
  62 0022 16E0     		b	.L2
  63              	.L5:
 248:./Libraries/CMSIS/DSP/Source/StatisticsFunctions/arm_max_f32.c ****   {
 249:./Libraries/CMSIS/DSP/Source/StatisticsFunctions/arm_max_f32.c ****     /* Initialize maxVal to the next consecutive values one by one */
 250:./Libraries/CMSIS/DSP/Source/StatisticsFunctions/arm_max_f32.c ****     maxVal = *pSrc++;
  64              		.loc 1 250 19
  65 0024 FB68     		ldr	r3, [r7, #12]
  66 0026 1A1D     		adds	r2, r3, #4
  67 0028 FA60     		str	r2, [r7, #12]
  68              		.loc 1 250 12
  69 002a 1B68     		ldr	r3, [r3]	@ float
  70 002c 3B61     		str	r3, [r7, #16]	@ float
 251:./Libraries/CMSIS/DSP/Source/StatisticsFunctions/arm_max_f32.c **** 
 252:./Libraries/CMSIS/DSP/Source/StatisticsFunctions/arm_max_f32.c ****     /* compare for the maximum value */
 253:./Libraries/CMSIS/DSP/Source/StatisticsFunctions/arm_max_f32.c ****     if (out < maxVal)
  71              		.loc 1 253 8
  72 002e 97ED077A 		vldr.32	s14, [r7, #28]
  73 0032 D7ED047A 		vldr.32	s15, [r7, #16]
  74 0036 B4EEE77A 		vcmpe.f32	s14, s15
  75 003a F1EE10FA 		vmrs	APSR_nzcv, FPSCR
  76 003e 05D5     		bpl	.L3
 254:./Libraries/CMSIS/DSP/Source/StatisticsFunctions/arm_max_f32.c ****     {
 255:./Libraries/CMSIS/DSP/Source/StatisticsFunctions/arm_max_f32.c ****       /* Update the maximum value and it's index */
 256:./Libraries/CMSIS/DSP/Source/StatisticsFunctions/arm_max_f32.c ****       out = maxVal;
  77              		.loc 1 256 11
  78 0040 3B69     		ldr	r3, [r7, #16]	@ float
  79 0042 FB61     		str	r3, [r7, #28]	@ float
 257:./Libraries/CMSIS/DSP/Source/StatisticsFunctions/arm_max_f32.c ****       outIndex = blockSize - blkCnt;
  80              		.loc 1 257 16
  81 0044 BA68     		ldr	r2, [r7, #8]
  82 0046 BB69     		ldr	r3, [r7, #24]
  83 0048 D31A     		subs	r3, r2, r3
  84 004a 7B61     		str	r3, [r7, #20]
  85              	.L3:
 258:./Libraries/CMSIS/DSP/Source/StatisticsFunctions/arm_max_f32.c ****     }
ARM GAS  /tmp/ccRmzuvv.s 			page 7


 259:./Libraries/CMSIS/DSP/Source/StatisticsFunctions/arm_max_f32.c **** 
 260:./Libraries/CMSIS/DSP/Source/StatisticsFunctions/arm_max_f32.c ****     /* Decrement loop counter */
 261:./Libraries/CMSIS/DSP/Source/StatisticsFunctions/arm_max_f32.c ****     blkCnt--;
  86              		.loc 1 261 11
  87 004c BB69     		ldr	r3, [r7, #24]
  88 004e 013B     		subs	r3, r3, #1
  89 0050 BB61     		str	r3, [r7, #24]
  90              	.L2:
 247:./Libraries/CMSIS/DSP/Source/StatisticsFunctions/arm_max_f32.c ****   {
  91              		.loc 1 247 9
  92 0052 BB69     		ldr	r3, [r7, #24]
  93 0054 002B     		cmp	r3, #0
  94 0056 E5D1     		bne	.L5
 262:./Libraries/CMSIS/DSP/Source/StatisticsFunctions/arm_max_f32.c ****   }
 263:./Libraries/CMSIS/DSP/Source/StatisticsFunctions/arm_max_f32.c **** 
 264:./Libraries/CMSIS/DSP/Source/StatisticsFunctions/arm_max_f32.c ****   /* Store the maximum value and it's index into destination pointers */
 265:./Libraries/CMSIS/DSP/Source/StatisticsFunctions/arm_max_f32.c ****   *pResult = out;
  95              		.loc 1 265 12
  96 0058 7B68     		ldr	r3, [r7, #4]
  97 005a FA69     		ldr	r2, [r7, #28]	@ float
  98 005c 1A60     		str	r2, [r3]	@ float
 266:./Libraries/CMSIS/DSP/Source/StatisticsFunctions/arm_max_f32.c ****   *pIndex = outIndex;
  99              		.loc 1 266 11
 100 005e 3B68     		ldr	r3, [r7]
 101 0060 7A69     		ldr	r2, [r7, #20]
 102 0062 1A60     		str	r2, [r3]
 267:./Libraries/CMSIS/DSP/Source/StatisticsFunctions/arm_max_f32.c **** }
 103              		.loc 1 267 1
 104 0064 00BF     		nop
 105 0066 2437     		adds	r7, r7, #36
 106              	.LCFI3:
 107              		.cfi_def_cfa_offset 4
 108 0068 BD46     		mov	sp, r7
 109              	.LCFI4:
 110              		.cfi_def_cfa_register 13
 111              		@ sp needed
 112 006a 5DF8047B 		ldr	r7, [sp], #4
 113              	.LCFI5:
 114              		.cfi_restore 7
 115              		.cfi_def_cfa_offset 0
 116 006e 7047     		bx	lr
 117              		.cfi_endproc
 118              	.LFE145:
 120              		.text
 121              	.Letext0:
 122              		.file 2 "/usr/lib/gcc/arm-none-eabi/9.2.1/include/stdint.h"
 123              		.file 3 "/usr/lib/gcc/arm-none-eabi/9.2.1/include/stddef.h"
 124              		.file 4 "/usr/include/newlib/sys/_types.h"
 125              		.file 5 "/usr/include/newlib/sys/reent.h"
 126              		.file 6 "/usr/include/newlib/sys/lock.h"
 127              		.file 7 "/usr/include/newlib/math.h"
 128              		.file 8 "./Libraries/CMSIS/DSP/Include/arm_math.h"
ARM GAS  /tmp/ccRmzuvv.s 			page 8


DEFINED SYMBOLS
                            *ABS*:0000000000000000 arm_max_f32.c
     /tmp/ccRmzuvv.s:17     .text.arm_max_f32:0000000000000000 $t
     /tmp/ccRmzuvv.s:25     .text.arm_max_f32:0000000000000000 arm_max_f32

NO UNDEFINED SYMBOLS
