ARM GAS  /tmp/ccCcqdHQ.s 			page 1


   1              		.cpu cortex-m7
   2              		.eabi_attribute 28, 1
   3              		.eabi_attribute 20, 1
   4              		.eabi_attribute 21, 1
   5              		.eabi_attribute 23, 3
   6              		.eabi_attribute 24, 1
   7              		.eabi_attribute 25, 1
   8              		.eabi_attribute 26, 1
   9              		.eabi_attribute 30, 6
  10              		.eabi_attribute 34, 1
  11              		.eabi_attribute 18, 4
  12              		.file	"arm_lms_norm_init_f32.c"
  13              		.text
  14              	.Ltext0:
  15              		.cfi_sections	.debug_frame
  16              		.section	.text.arm_lms_norm_init_f32,"ax",%progbits
  17              		.align	1
  18              		.global	arm_lms_norm_init_f32
  19              		.arch armv7e-m
  20              		.syntax unified
  21              		.thumb
  22              		.thumb_func
  23              		.fpu fpv5-d16
  25              	arm_lms_norm_init_f32:
  26              	.LFB145:
  27              		.file 1 "./Libraries/CMSIS/DSP/Source/FilteringFunctions/arm_lms_norm_init_f32.c"
   1:./Libraries/CMSIS/DSP/Source/FilteringFunctions/arm_lms_norm_init_f32.c **** /* ----------------------------------------------------------------------
   2:./Libraries/CMSIS/DSP/Source/FilteringFunctions/arm_lms_norm_init_f32.c ****  * Project:      CMSIS DSP Library
   3:./Libraries/CMSIS/DSP/Source/FilteringFunctions/arm_lms_norm_init_f32.c ****  * Title:        arm_lms_norm_init_f32.c
   4:./Libraries/CMSIS/DSP/Source/FilteringFunctions/arm_lms_norm_init_f32.c ****  * Description:  Floating-point NLMS filter initialization function
   5:./Libraries/CMSIS/DSP/Source/FilteringFunctions/arm_lms_norm_init_f32.c ****  *
   6:./Libraries/CMSIS/DSP/Source/FilteringFunctions/arm_lms_norm_init_f32.c ****  * $Date:        18. March 2019
   7:./Libraries/CMSIS/DSP/Source/FilteringFunctions/arm_lms_norm_init_f32.c ****  * $Revision:    V1.6.0
   8:./Libraries/CMSIS/DSP/Source/FilteringFunctions/arm_lms_norm_init_f32.c ****  *
   9:./Libraries/CMSIS/DSP/Source/FilteringFunctions/arm_lms_norm_init_f32.c ****  * Target Processor: Cortex-M cores
  10:./Libraries/CMSIS/DSP/Source/FilteringFunctions/arm_lms_norm_init_f32.c ****  * -------------------------------------------------------------------- */
  11:./Libraries/CMSIS/DSP/Source/FilteringFunctions/arm_lms_norm_init_f32.c **** /*
  12:./Libraries/CMSIS/DSP/Source/FilteringFunctions/arm_lms_norm_init_f32.c ****  * Copyright (C) 2010-2019 ARM Limited or its affiliates. All rights reserved.
  13:./Libraries/CMSIS/DSP/Source/FilteringFunctions/arm_lms_norm_init_f32.c ****  *
  14:./Libraries/CMSIS/DSP/Source/FilteringFunctions/arm_lms_norm_init_f32.c ****  * SPDX-License-Identifier: Apache-2.0
  15:./Libraries/CMSIS/DSP/Source/FilteringFunctions/arm_lms_norm_init_f32.c ****  *
  16:./Libraries/CMSIS/DSP/Source/FilteringFunctions/arm_lms_norm_init_f32.c ****  * Licensed under the Apache License, Version 2.0 (the License); you may
  17:./Libraries/CMSIS/DSP/Source/FilteringFunctions/arm_lms_norm_init_f32.c ****  * not use this file except in compliance with the License.
  18:./Libraries/CMSIS/DSP/Source/FilteringFunctions/arm_lms_norm_init_f32.c ****  * You may obtain a copy of the License at
  19:./Libraries/CMSIS/DSP/Source/FilteringFunctions/arm_lms_norm_init_f32.c ****  *
  20:./Libraries/CMSIS/DSP/Source/FilteringFunctions/arm_lms_norm_init_f32.c ****  * www.apache.org/licenses/LICENSE-2.0
  21:./Libraries/CMSIS/DSP/Source/FilteringFunctions/arm_lms_norm_init_f32.c ****  *
  22:./Libraries/CMSIS/DSP/Source/FilteringFunctions/arm_lms_norm_init_f32.c ****  * Unless required by applicable law or agreed to in writing, software
  23:./Libraries/CMSIS/DSP/Source/FilteringFunctions/arm_lms_norm_init_f32.c ****  * distributed under the License is distributed on an AS IS BASIS, WITHOUT
  24:./Libraries/CMSIS/DSP/Source/FilteringFunctions/arm_lms_norm_init_f32.c ****  * WARRANTIES OR CONDITIONS OF ANY KIND, either express or implied.
  25:./Libraries/CMSIS/DSP/Source/FilteringFunctions/arm_lms_norm_init_f32.c ****  * See the License for the specific language governing permissions and
  26:./Libraries/CMSIS/DSP/Source/FilteringFunctions/arm_lms_norm_init_f32.c ****  * limitations under the License.
  27:./Libraries/CMSIS/DSP/Source/FilteringFunctions/arm_lms_norm_init_f32.c ****  */
  28:./Libraries/CMSIS/DSP/Source/FilteringFunctions/arm_lms_norm_init_f32.c **** 
  29:./Libraries/CMSIS/DSP/Source/FilteringFunctions/arm_lms_norm_init_f32.c **** #include "arm_math.h"
  30:./Libraries/CMSIS/DSP/Source/FilteringFunctions/arm_lms_norm_init_f32.c **** 
  31:./Libraries/CMSIS/DSP/Source/FilteringFunctions/arm_lms_norm_init_f32.c **** /**
ARM GAS  /tmp/ccCcqdHQ.s 			page 2


  32:./Libraries/CMSIS/DSP/Source/FilteringFunctions/arm_lms_norm_init_f32.c ****   @ingroup groupFilters
  33:./Libraries/CMSIS/DSP/Source/FilteringFunctions/arm_lms_norm_init_f32.c ****  */
  34:./Libraries/CMSIS/DSP/Source/FilteringFunctions/arm_lms_norm_init_f32.c **** 
  35:./Libraries/CMSIS/DSP/Source/FilteringFunctions/arm_lms_norm_init_f32.c **** /**
  36:./Libraries/CMSIS/DSP/Source/FilteringFunctions/arm_lms_norm_init_f32.c ****   @addtogroup LMS_NORM
  37:./Libraries/CMSIS/DSP/Source/FilteringFunctions/arm_lms_norm_init_f32.c ****   @{
  38:./Libraries/CMSIS/DSP/Source/FilteringFunctions/arm_lms_norm_init_f32.c ****  */
  39:./Libraries/CMSIS/DSP/Source/FilteringFunctions/arm_lms_norm_init_f32.c **** 
  40:./Libraries/CMSIS/DSP/Source/FilteringFunctions/arm_lms_norm_init_f32.c **** /**
  41:./Libraries/CMSIS/DSP/Source/FilteringFunctions/arm_lms_norm_init_f32.c ****   @brief         Initialization function for floating-point normalized LMS filter.
  42:./Libraries/CMSIS/DSP/Source/FilteringFunctions/arm_lms_norm_init_f32.c ****   @param[in]     S         points to an instance of the floating-point LMS filter structure
  43:./Libraries/CMSIS/DSP/Source/FilteringFunctions/arm_lms_norm_init_f32.c ****   @param[in]     numTaps   number of filter coefficients
  44:./Libraries/CMSIS/DSP/Source/FilteringFunctions/arm_lms_norm_init_f32.c ****   @param[in]     pCoeffs   points to coefficient buffer
  45:./Libraries/CMSIS/DSP/Source/FilteringFunctions/arm_lms_norm_init_f32.c ****   @param[in]     pState    points to state buffer
  46:./Libraries/CMSIS/DSP/Source/FilteringFunctions/arm_lms_norm_init_f32.c ****   @param[in]     mu        step size that controls filter coefficient updates
  47:./Libraries/CMSIS/DSP/Source/FilteringFunctions/arm_lms_norm_init_f32.c ****   @param[in]     blockSize number of samples to process
  48:./Libraries/CMSIS/DSP/Source/FilteringFunctions/arm_lms_norm_init_f32.c ****   @return        none
  49:./Libraries/CMSIS/DSP/Source/FilteringFunctions/arm_lms_norm_init_f32.c **** 
  50:./Libraries/CMSIS/DSP/Source/FilteringFunctions/arm_lms_norm_init_f32.c ****   @par           Details
  51:./Libraries/CMSIS/DSP/Source/FilteringFunctions/arm_lms_norm_init_f32.c ****                    <code>pCoeffs</code> points to the array of filter coefficients stored in time r
  52:./Libraries/CMSIS/DSP/Source/FilteringFunctions/arm_lms_norm_init_f32.c ****   <pre>
  53:./Libraries/CMSIS/DSP/Source/FilteringFunctions/arm_lms_norm_init_f32.c ****      {b[numTaps-1], b[numTaps-2], b[N-2], ..., b[1], b[0]}
  54:./Libraries/CMSIS/DSP/Source/FilteringFunctions/arm_lms_norm_init_f32.c ****   </pre>
  55:./Libraries/CMSIS/DSP/Source/FilteringFunctions/arm_lms_norm_init_f32.c ****                    The initial filter coefficients serve as a starting point for the adaptive filte
  56:./Libraries/CMSIS/DSP/Source/FilteringFunctions/arm_lms_norm_init_f32.c ****                    <code>pState</code> points to an array of length <code>numTaps+blockSize-1</code
  57:./Libraries/CMSIS/DSP/Source/FilteringFunctions/arm_lms_norm_init_f32.c ****                    where <code>blockSize</code> is the number of input samples processed by each ca
  58:./Libraries/CMSIS/DSP/Source/FilteringFunctions/arm_lms_norm_init_f32.c ****  */
  59:./Libraries/CMSIS/DSP/Source/FilteringFunctions/arm_lms_norm_init_f32.c **** 
  60:./Libraries/CMSIS/DSP/Source/FilteringFunctions/arm_lms_norm_init_f32.c **** void arm_lms_norm_init_f32(
  61:./Libraries/CMSIS/DSP/Source/FilteringFunctions/arm_lms_norm_init_f32.c ****         arm_lms_norm_instance_f32 * S,
  62:./Libraries/CMSIS/DSP/Source/FilteringFunctions/arm_lms_norm_init_f32.c ****         uint16_t numTaps,
  63:./Libraries/CMSIS/DSP/Source/FilteringFunctions/arm_lms_norm_init_f32.c ****         float32_t * pCoeffs,
  64:./Libraries/CMSIS/DSP/Source/FilteringFunctions/arm_lms_norm_init_f32.c ****         float32_t * pState,
  65:./Libraries/CMSIS/DSP/Source/FilteringFunctions/arm_lms_norm_init_f32.c ****         float32_t mu,
  66:./Libraries/CMSIS/DSP/Source/FilteringFunctions/arm_lms_norm_init_f32.c ****         uint32_t blockSize)
  67:./Libraries/CMSIS/DSP/Source/FilteringFunctions/arm_lms_norm_init_f32.c **** {
  28              		.loc 1 67 1
  29              		.cfi_startproc
  30              		@ args = 4, pretend = 0, frame = 24
  31              		@ frame_needed = 1, uses_anonymous_args = 0
  32 0000 80B5     		push	{r7, lr}
  33              	.LCFI0:
  34              		.cfi_def_cfa_offset 8
  35              		.cfi_offset 7, -8
  36              		.cfi_offset 14, -4
  37 0002 86B0     		sub	sp, sp, #24
  38              	.LCFI1:
  39              		.cfi_def_cfa_offset 32
  40 0004 00AF     		add	r7, sp, #0
  41              	.LCFI2:
  42              		.cfi_def_cfa_register 7
  43 0006 7861     		str	r0, [r7, #20]
  44 0008 FA60     		str	r2, [r7, #12]
  45 000a BB60     		str	r3, [r7, #8]
  46 000c 87ED010A 		vstr.32	s0, [r7, #4]
  47 0010 0B46     		mov	r3, r1	@ movhi
  48 0012 7B82     		strh	r3, [r7, #18]	@ movhi
ARM GAS  /tmp/ccCcqdHQ.s 			page 3


  68:./Libraries/CMSIS/DSP/Source/FilteringFunctions/arm_lms_norm_init_f32.c ****   /* Assign filter taps */
  69:./Libraries/CMSIS/DSP/Source/FilteringFunctions/arm_lms_norm_init_f32.c ****   S->numTaps = numTaps;
  49              		.loc 1 69 14
  50 0014 7B69     		ldr	r3, [r7, #20]
  51 0016 7A8A     		ldrh	r2, [r7, #18]	@ movhi
  52 0018 1A80     		strh	r2, [r3]	@ movhi
  70:./Libraries/CMSIS/DSP/Source/FilteringFunctions/arm_lms_norm_init_f32.c **** 
  71:./Libraries/CMSIS/DSP/Source/FilteringFunctions/arm_lms_norm_init_f32.c ****   /* Assign coefficient pointer */
  72:./Libraries/CMSIS/DSP/Source/FilteringFunctions/arm_lms_norm_init_f32.c ****   S->pCoeffs = pCoeffs;
  53              		.loc 1 72 14
  54 001a 7B69     		ldr	r3, [r7, #20]
  55 001c FA68     		ldr	r2, [r7, #12]
  56 001e 9A60     		str	r2, [r3, #8]
  73:./Libraries/CMSIS/DSP/Source/FilteringFunctions/arm_lms_norm_init_f32.c **** 
  74:./Libraries/CMSIS/DSP/Source/FilteringFunctions/arm_lms_norm_init_f32.c ****   /* Clear state buffer and size is always blockSize + numTaps - 1 */
  75:./Libraries/CMSIS/DSP/Source/FilteringFunctions/arm_lms_norm_init_f32.c ****   memset(pState, 0, (numTaps + (blockSize - 1U)) * sizeof(float32_t));
  57              		.loc 1 75 30
  58 0020 7A8A     		ldrh	r2, [r7, #18]
  59 0022 3B6A     		ldr	r3, [r7, #32]
  60 0024 1344     		add	r3, r3, r2
  61 0026 013B     		subs	r3, r3, #1
  62              		.loc 1 75 50
  63 0028 9B00     		lsls	r3, r3, #2
  64              		.loc 1 75 3
  65 002a 1A46     		mov	r2, r3
  66 002c 0021     		movs	r1, #0
  67 002e B868     		ldr	r0, [r7, #8]
  68 0030 FFF7FEFF 		bl	memset
  76:./Libraries/CMSIS/DSP/Source/FilteringFunctions/arm_lms_norm_init_f32.c **** 
  77:./Libraries/CMSIS/DSP/Source/FilteringFunctions/arm_lms_norm_init_f32.c ****   /* Assign state pointer */
  78:./Libraries/CMSIS/DSP/Source/FilteringFunctions/arm_lms_norm_init_f32.c ****   S->pState = pState;
  69              		.loc 1 78 13
  70 0034 7B69     		ldr	r3, [r7, #20]
  71 0036 BA68     		ldr	r2, [r7, #8]
  72 0038 5A60     		str	r2, [r3, #4]
  79:./Libraries/CMSIS/DSP/Source/FilteringFunctions/arm_lms_norm_init_f32.c **** 
  80:./Libraries/CMSIS/DSP/Source/FilteringFunctions/arm_lms_norm_init_f32.c ****   /* Assign Step size value */
  81:./Libraries/CMSIS/DSP/Source/FilteringFunctions/arm_lms_norm_init_f32.c ****   S->mu = mu;
  73              		.loc 1 81 9
  74 003a 7B69     		ldr	r3, [r7, #20]
  75 003c 7A68     		ldr	r2, [r7, #4]	@ float
  76 003e DA60     		str	r2, [r3, #12]	@ float
  82:./Libraries/CMSIS/DSP/Source/FilteringFunctions/arm_lms_norm_init_f32.c **** 
  83:./Libraries/CMSIS/DSP/Source/FilteringFunctions/arm_lms_norm_init_f32.c ****   /* Initialise Energy to zero */
  84:./Libraries/CMSIS/DSP/Source/FilteringFunctions/arm_lms_norm_init_f32.c ****   S->energy = 0.0f;
  77              		.loc 1 84 13
  78 0040 7B69     		ldr	r3, [r7, #20]
  79 0042 4FF00002 		mov	r2, #0
  80 0046 1A61     		str	r2, [r3, #16]	@ float
  85:./Libraries/CMSIS/DSP/Source/FilteringFunctions/arm_lms_norm_init_f32.c **** 
  86:./Libraries/CMSIS/DSP/Source/FilteringFunctions/arm_lms_norm_init_f32.c ****   /* Initialise x0 to zero */
  87:./Libraries/CMSIS/DSP/Source/FilteringFunctions/arm_lms_norm_init_f32.c ****   S->x0 = 0.0f;
  81              		.loc 1 87 9
  82 0048 7B69     		ldr	r3, [r7, #20]
  83 004a 4FF00002 		mov	r2, #0
  84 004e 5A61     		str	r2, [r3, #20]	@ float
  88:./Libraries/CMSIS/DSP/Source/FilteringFunctions/arm_lms_norm_init_f32.c **** }
ARM GAS  /tmp/ccCcqdHQ.s 			page 4


  85              		.loc 1 88 1
  86 0050 00BF     		nop
  87 0052 1837     		adds	r7, r7, #24
  88              	.LCFI3:
  89              		.cfi_def_cfa_offset 8
  90 0054 BD46     		mov	sp, r7
  91              	.LCFI4:
  92              		.cfi_def_cfa_register 13
  93              		@ sp needed
  94 0056 80BD     		pop	{r7, pc}
  95              		.cfi_endproc
  96              	.LFE145:
  98              		.text
  99              	.Letext0:
 100              		.file 2 "/usr/lib/gcc/arm-none-eabi/9.2.1/include/stdint.h"
 101              		.file 3 "/usr/lib/gcc/arm-none-eabi/9.2.1/include/stddef.h"
 102              		.file 4 "/usr/include/newlib/sys/_types.h"
 103              		.file 5 "/usr/include/newlib/sys/reent.h"
 104              		.file 6 "/usr/include/newlib/sys/lock.h"
 105              		.file 7 "/usr/include/newlib/math.h"
 106              		.file 8 "./Libraries/CMSIS/DSP/Include/arm_math.h"
ARM GAS  /tmp/ccCcqdHQ.s 			page 5


DEFINED SYMBOLS
                            *ABS*:0000000000000000 arm_lms_norm_init_f32.c
     /tmp/ccCcqdHQ.s:17     .text.arm_lms_norm_init_f32:0000000000000000 $t
     /tmp/ccCcqdHQ.s:25     .text.arm_lms_norm_init_f32:0000000000000000 arm_lms_norm_init_f32

UNDEFINED SYMBOLS
memset
