ARM GAS  /tmp/cc90FH8R.s 			page 1


   1              		.cpu cortex-m7
   2              		.eabi_attribute 28, 1
   3              		.eabi_attribute 20, 1
   4              		.eabi_attribute 21, 1
   5              		.eabi_attribute 23, 3
   6              		.eabi_attribute 24, 1
   7              		.eabi_attribute 25, 1
   8              		.eabi_attribute 26, 1
   9              		.eabi_attribute 30, 6
  10              		.eabi_attribute 34, 1
  11              		.eabi_attribute 18, 4
  12              		.file	"arm_cmplx_mult_real_q31.c"
  13              		.text
  14              	.Ltext0:
  15              		.cfi_sections	.debug_frame
  16              		.section	.text.arm_cmplx_mult_real_q31,"ax",%progbits
  17              		.align	1
  18              		.global	arm_cmplx_mult_real_q31
  19              		.arch armv7e-m
  20              		.syntax unified
  21              		.thumb
  22              		.thumb_func
  23              		.fpu fpv5-d16
  25              	arm_cmplx_mult_real_q31:
  26              	.LFB145:
  27              		.file 1 "./Libraries/CMSIS/DSP/Source/ComplexMathFunctions/arm_cmplx_mult_real_q31.c"
   1:./Libraries/CMSIS/DSP/Source/ComplexMathFunctions/arm_cmplx_mult_real_q31.c **** /* ----------------------------------------------------------------------
   2:./Libraries/CMSIS/DSP/Source/ComplexMathFunctions/arm_cmplx_mult_real_q31.c ****  * Project:      CMSIS DSP Library
   3:./Libraries/CMSIS/DSP/Source/ComplexMathFunctions/arm_cmplx_mult_real_q31.c ****  * Title:        arm_cmplx_mult_real_q31.c
   4:./Libraries/CMSIS/DSP/Source/ComplexMathFunctions/arm_cmplx_mult_real_q31.c ****  * Description:  Q31 complex by real multiplication
   5:./Libraries/CMSIS/DSP/Source/ComplexMathFunctions/arm_cmplx_mult_real_q31.c ****  *
   6:./Libraries/CMSIS/DSP/Source/ComplexMathFunctions/arm_cmplx_mult_real_q31.c ****  * $Date:        18. March 2019
   7:./Libraries/CMSIS/DSP/Source/ComplexMathFunctions/arm_cmplx_mult_real_q31.c ****  * $Revision:    V1.6.0
   8:./Libraries/CMSIS/DSP/Source/ComplexMathFunctions/arm_cmplx_mult_real_q31.c ****  *
   9:./Libraries/CMSIS/DSP/Source/ComplexMathFunctions/arm_cmplx_mult_real_q31.c ****  * Target Processor: Cortex-M cores
  10:./Libraries/CMSIS/DSP/Source/ComplexMathFunctions/arm_cmplx_mult_real_q31.c ****  * -------------------------------------------------------------------- */
  11:./Libraries/CMSIS/DSP/Source/ComplexMathFunctions/arm_cmplx_mult_real_q31.c **** /*
  12:./Libraries/CMSIS/DSP/Source/ComplexMathFunctions/arm_cmplx_mult_real_q31.c ****  * Copyright (C) 2010-2019 ARM Limited or its affiliates. All rights reserved.
  13:./Libraries/CMSIS/DSP/Source/ComplexMathFunctions/arm_cmplx_mult_real_q31.c ****  *
  14:./Libraries/CMSIS/DSP/Source/ComplexMathFunctions/arm_cmplx_mult_real_q31.c ****  * SPDX-License-Identifier: Apache-2.0
  15:./Libraries/CMSIS/DSP/Source/ComplexMathFunctions/arm_cmplx_mult_real_q31.c ****  *
  16:./Libraries/CMSIS/DSP/Source/ComplexMathFunctions/arm_cmplx_mult_real_q31.c ****  * Licensed under the Apache License, Version 2.0 (the License); you may
  17:./Libraries/CMSIS/DSP/Source/ComplexMathFunctions/arm_cmplx_mult_real_q31.c ****  * not use this file except in compliance with the License.
  18:./Libraries/CMSIS/DSP/Source/ComplexMathFunctions/arm_cmplx_mult_real_q31.c ****  * You may obtain a copy of the License at
  19:./Libraries/CMSIS/DSP/Source/ComplexMathFunctions/arm_cmplx_mult_real_q31.c ****  *
  20:./Libraries/CMSIS/DSP/Source/ComplexMathFunctions/arm_cmplx_mult_real_q31.c ****  * www.apache.org/licenses/LICENSE-2.0
  21:./Libraries/CMSIS/DSP/Source/ComplexMathFunctions/arm_cmplx_mult_real_q31.c ****  *
  22:./Libraries/CMSIS/DSP/Source/ComplexMathFunctions/arm_cmplx_mult_real_q31.c ****  * Unless required by applicable law or agreed to in writing, software
  23:./Libraries/CMSIS/DSP/Source/ComplexMathFunctions/arm_cmplx_mult_real_q31.c ****  * distributed under the License is distributed on an AS IS BASIS, WITHOUT
  24:./Libraries/CMSIS/DSP/Source/ComplexMathFunctions/arm_cmplx_mult_real_q31.c ****  * WARRANTIES OR CONDITIONS OF ANY KIND, either express or implied.
  25:./Libraries/CMSIS/DSP/Source/ComplexMathFunctions/arm_cmplx_mult_real_q31.c ****  * See the License for the specific language governing permissions and
  26:./Libraries/CMSIS/DSP/Source/ComplexMathFunctions/arm_cmplx_mult_real_q31.c ****  * limitations under the License.
  27:./Libraries/CMSIS/DSP/Source/ComplexMathFunctions/arm_cmplx_mult_real_q31.c ****  */
  28:./Libraries/CMSIS/DSP/Source/ComplexMathFunctions/arm_cmplx_mult_real_q31.c **** 
  29:./Libraries/CMSIS/DSP/Source/ComplexMathFunctions/arm_cmplx_mult_real_q31.c **** #include "arm_math.h"
  30:./Libraries/CMSIS/DSP/Source/ComplexMathFunctions/arm_cmplx_mult_real_q31.c **** 
  31:./Libraries/CMSIS/DSP/Source/ComplexMathFunctions/arm_cmplx_mult_real_q31.c **** /**
ARM GAS  /tmp/cc90FH8R.s 			page 2


  32:./Libraries/CMSIS/DSP/Source/ComplexMathFunctions/arm_cmplx_mult_real_q31.c ****   @ingroup groupCmplxMath
  33:./Libraries/CMSIS/DSP/Source/ComplexMathFunctions/arm_cmplx_mult_real_q31.c ****  */
  34:./Libraries/CMSIS/DSP/Source/ComplexMathFunctions/arm_cmplx_mult_real_q31.c **** 
  35:./Libraries/CMSIS/DSP/Source/ComplexMathFunctions/arm_cmplx_mult_real_q31.c **** /**
  36:./Libraries/CMSIS/DSP/Source/ComplexMathFunctions/arm_cmplx_mult_real_q31.c ****   @addtogroup CmplxByRealMult
  37:./Libraries/CMSIS/DSP/Source/ComplexMathFunctions/arm_cmplx_mult_real_q31.c ****   @{
  38:./Libraries/CMSIS/DSP/Source/ComplexMathFunctions/arm_cmplx_mult_real_q31.c ****  */
  39:./Libraries/CMSIS/DSP/Source/ComplexMathFunctions/arm_cmplx_mult_real_q31.c **** 
  40:./Libraries/CMSIS/DSP/Source/ComplexMathFunctions/arm_cmplx_mult_real_q31.c **** /**
  41:./Libraries/CMSIS/DSP/Source/ComplexMathFunctions/arm_cmplx_mult_real_q31.c ****   @brief         Q31 complex-by-real multiplication.
  42:./Libraries/CMSIS/DSP/Source/ComplexMathFunctions/arm_cmplx_mult_real_q31.c ****   @param[in]     pSrcCmplx   points to complex input vector
  43:./Libraries/CMSIS/DSP/Source/ComplexMathFunctions/arm_cmplx_mult_real_q31.c ****   @param[in]     pSrcReal    points to real input vector
  44:./Libraries/CMSIS/DSP/Source/ComplexMathFunctions/arm_cmplx_mult_real_q31.c ****   @param[out]    pCmplxDst   points to complex output vector
  45:./Libraries/CMSIS/DSP/Source/ComplexMathFunctions/arm_cmplx_mult_real_q31.c ****   @param[in]     numSamples  number of samples in each vector
  46:./Libraries/CMSIS/DSP/Source/ComplexMathFunctions/arm_cmplx_mult_real_q31.c ****   @return        none
  47:./Libraries/CMSIS/DSP/Source/ComplexMathFunctions/arm_cmplx_mult_real_q31.c **** 
  48:./Libraries/CMSIS/DSP/Source/ComplexMathFunctions/arm_cmplx_mult_real_q31.c ****   @par           Scaling and Overflow Behavior
  49:./Libraries/CMSIS/DSP/Source/ComplexMathFunctions/arm_cmplx_mult_real_q31.c ****                    The function uses saturating arithmetic.
  50:./Libraries/CMSIS/DSP/Source/ComplexMathFunctions/arm_cmplx_mult_real_q31.c ****                    Results outside of the allowable Q31 range[0x80000000 0x7FFFFFFF] are saturated.
  51:./Libraries/CMSIS/DSP/Source/ComplexMathFunctions/arm_cmplx_mult_real_q31.c ****  */
  52:./Libraries/CMSIS/DSP/Source/ComplexMathFunctions/arm_cmplx_mult_real_q31.c **** 
  53:./Libraries/CMSIS/DSP/Source/ComplexMathFunctions/arm_cmplx_mult_real_q31.c **** void arm_cmplx_mult_real_q31(
  54:./Libraries/CMSIS/DSP/Source/ComplexMathFunctions/arm_cmplx_mult_real_q31.c ****   const q31_t * pSrcCmplx,
  55:./Libraries/CMSIS/DSP/Source/ComplexMathFunctions/arm_cmplx_mult_real_q31.c ****   const q31_t * pSrcReal,
  56:./Libraries/CMSIS/DSP/Source/ComplexMathFunctions/arm_cmplx_mult_real_q31.c ****         q31_t * pCmplxDst,
  57:./Libraries/CMSIS/DSP/Source/ComplexMathFunctions/arm_cmplx_mult_real_q31.c ****         uint32_t numSamples)
  58:./Libraries/CMSIS/DSP/Source/ComplexMathFunctions/arm_cmplx_mult_real_q31.c **** {
  28              		.loc 1 58 1
  29              		.cfi_startproc
  30              		@ args = 0, pretend = 0, frame = 40
  31              		@ frame_needed = 1, uses_anonymous_args = 0
  32              		@ link register save eliminated.
  33 0000 B0B4     		push	{r4, r5, r7}
  34              	.LCFI0:
  35              		.cfi_def_cfa_offset 12
  36              		.cfi_offset 4, -12
  37              		.cfi_offset 5, -8
  38              		.cfi_offset 7, -4
  39 0002 8BB0     		sub	sp, sp, #44
  40              	.LCFI1:
  41              		.cfi_def_cfa_offset 56
  42 0004 00AF     		add	r7, sp, #0
  43              	.LCFI2:
  44              		.cfi_def_cfa_register 7
  45 0006 F860     		str	r0, [r7, #12]
  46 0008 B960     		str	r1, [r7, #8]
  47 000a 7A60     		str	r2, [r7, #4]
  48 000c 3B60     		str	r3, [r7]
  59:./Libraries/CMSIS/DSP/Source/ComplexMathFunctions/arm_cmplx_mult_real_q31.c ****         uint32_t blkCnt;                               /* Loop counter */
  60:./Libraries/CMSIS/DSP/Source/ComplexMathFunctions/arm_cmplx_mult_real_q31.c ****         q31_t in;                                      /* Temporary variable */
  61:./Libraries/CMSIS/DSP/Source/ComplexMathFunctions/arm_cmplx_mult_real_q31.c **** 
  62:./Libraries/CMSIS/DSP/Source/ComplexMathFunctions/arm_cmplx_mult_real_q31.c **** #if defined (ARM_MATH_LOOPUNROLL)
  63:./Libraries/CMSIS/DSP/Source/ComplexMathFunctions/arm_cmplx_mult_real_q31.c **** 
  64:./Libraries/CMSIS/DSP/Source/ComplexMathFunctions/arm_cmplx_mult_real_q31.c ****   /* Loop unrolling: Compute 4 outputs at a time */
  65:./Libraries/CMSIS/DSP/Source/ComplexMathFunctions/arm_cmplx_mult_real_q31.c ****   blkCnt = numSamples >> 2U;
  66:./Libraries/CMSIS/DSP/Source/ComplexMathFunctions/arm_cmplx_mult_real_q31.c **** 
  67:./Libraries/CMSIS/DSP/Source/ComplexMathFunctions/arm_cmplx_mult_real_q31.c ****   while (blkCnt > 0U)
ARM GAS  /tmp/cc90FH8R.s 			page 3


  68:./Libraries/CMSIS/DSP/Source/ComplexMathFunctions/arm_cmplx_mult_real_q31.c ****   {
  69:./Libraries/CMSIS/DSP/Source/ComplexMathFunctions/arm_cmplx_mult_real_q31.c ****     /* C[2 * i    ] = A[2 * i    ] * B[i]. */
  70:./Libraries/CMSIS/DSP/Source/ComplexMathFunctions/arm_cmplx_mult_real_q31.c ****     /* C[2 * i + 1] = A[2 * i + 1] * B[i]. */
  71:./Libraries/CMSIS/DSP/Source/ComplexMathFunctions/arm_cmplx_mult_real_q31.c **** 
  72:./Libraries/CMSIS/DSP/Source/ComplexMathFunctions/arm_cmplx_mult_real_q31.c ****     in = *pSrcReal++;
  73:./Libraries/CMSIS/DSP/Source/ComplexMathFunctions/arm_cmplx_mult_real_q31.c **** #if defined (ARM_MATH_DSP)
  74:./Libraries/CMSIS/DSP/Source/ComplexMathFunctions/arm_cmplx_mult_real_q31.c ****     /* store saturated result in 1.31 format to destination buffer */
  75:./Libraries/CMSIS/DSP/Source/ComplexMathFunctions/arm_cmplx_mult_real_q31.c ****     *pCmplxDst++ = (__SSAT((q31_t) (((q63_t) *pSrcCmplx++ * in) >> 32), 31) << 1);
  76:./Libraries/CMSIS/DSP/Source/ComplexMathFunctions/arm_cmplx_mult_real_q31.c ****     *pCmplxDst++ = (__SSAT((q31_t) (((q63_t) *pSrcCmplx++ * in) >> 32), 31) << 1);
  77:./Libraries/CMSIS/DSP/Source/ComplexMathFunctions/arm_cmplx_mult_real_q31.c **** #else
  78:./Libraries/CMSIS/DSP/Source/ComplexMathFunctions/arm_cmplx_mult_real_q31.c ****     /* store result in destination buffer. */
  79:./Libraries/CMSIS/DSP/Source/ComplexMathFunctions/arm_cmplx_mult_real_q31.c ****     *pCmplxDst++ = (q31_t) clip_q63_to_q31(((q63_t) *pSrcCmplx++ * in) >> 31);
  80:./Libraries/CMSIS/DSP/Source/ComplexMathFunctions/arm_cmplx_mult_real_q31.c ****     *pCmplxDst++ = (q31_t) clip_q63_to_q31(((q63_t) *pSrcCmplx++ * in) >> 31);
  81:./Libraries/CMSIS/DSP/Source/ComplexMathFunctions/arm_cmplx_mult_real_q31.c **** #endif
  82:./Libraries/CMSIS/DSP/Source/ComplexMathFunctions/arm_cmplx_mult_real_q31.c **** 
  83:./Libraries/CMSIS/DSP/Source/ComplexMathFunctions/arm_cmplx_mult_real_q31.c ****     in = *pSrcReal++;
  84:./Libraries/CMSIS/DSP/Source/ComplexMathFunctions/arm_cmplx_mult_real_q31.c **** #if defined (ARM_MATH_DSP)
  85:./Libraries/CMSIS/DSP/Source/ComplexMathFunctions/arm_cmplx_mult_real_q31.c ****     *pCmplxDst++ = (__SSAT((q31_t) (((q63_t) *pSrcCmplx++ * in) >> 32), 31) << 1);
  86:./Libraries/CMSIS/DSP/Source/ComplexMathFunctions/arm_cmplx_mult_real_q31.c ****     *pCmplxDst++ = (__SSAT((q31_t) (((q63_t) *pSrcCmplx++ * in) >> 32), 31) << 1);
  87:./Libraries/CMSIS/DSP/Source/ComplexMathFunctions/arm_cmplx_mult_real_q31.c **** #else
  88:./Libraries/CMSIS/DSP/Source/ComplexMathFunctions/arm_cmplx_mult_real_q31.c ****     *pCmplxDst++ = (q31_t) clip_q63_to_q31(((q63_t) *pSrcCmplx++ * in) >> 31);
  89:./Libraries/CMSIS/DSP/Source/ComplexMathFunctions/arm_cmplx_mult_real_q31.c ****     *pCmplxDst++ = (q31_t) clip_q63_to_q31(((q63_t) *pSrcCmplx++ * in) >> 31);
  90:./Libraries/CMSIS/DSP/Source/ComplexMathFunctions/arm_cmplx_mult_real_q31.c **** #endif
  91:./Libraries/CMSIS/DSP/Source/ComplexMathFunctions/arm_cmplx_mult_real_q31.c **** 
  92:./Libraries/CMSIS/DSP/Source/ComplexMathFunctions/arm_cmplx_mult_real_q31.c ****     in = *pSrcReal++;
  93:./Libraries/CMSIS/DSP/Source/ComplexMathFunctions/arm_cmplx_mult_real_q31.c **** #if defined (ARM_MATH_DSP)
  94:./Libraries/CMSIS/DSP/Source/ComplexMathFunctions/arm_cmplx_mult_real_q31.c ****     *pCmplxDst++ = (__SSAT((q31_t) (((q63_t) *pSrcCmplx++ * in) >> 32), 31) << 1);
  95:./Libraries/CMSIS/DSP/Source/ComplexMathFunctions/arm_cmplx_mult_real_q31.c ****     *pCmplxDst++ = (__SSAT((q31_t) (((q63_t) *pSrcCmplx++ * in) >> 32), 31) << 1);
  96:./Libraries/CMSIS/DSP/Source/ComplexMathFunctions/arm_cmplx_mult_real_q31.c **** #else
  97:./Libraries/CMSIS/DSP/Source/ComplexMathFunctions/arm_cmplx_mult_real_q31.c ****     *pCmplxDst++ = (q31_t) clip_q63_to_q31(((q63_t) *pSrcCmplx++ * in) >> 31);
  98:./Libraries/CMSIS/DSP/Source/ComplexMathFunctions/arm_cmplx_mult_real_q31.c ****     *pCmplxDst++ = (q31_t) clip_q63_to_q31(((q63_t) *pSrcCmplx++ * in) >> 31);
  99:./Libraries/CMSIS/DSP/Source/ComplexMathFunctions/arm_cmplx_mult_real_q31.c **** #endif
 100:./Libraries/CMSIS/DSP/Source/ComplexMathFunctions/arm_cmplx_mult_real_q31.c **** 
 101:./Libraries/CMSIS/DSP/Source/ComplexMathFunctions/arm_cmplx_mult_real_q31.c ****     in = *pSrcReal++;
 102:./Libraries/CMSIS/DSP/Source/ComplexMathFunctions/arm_cmplx_mult_real_q31.c **** #if defined (ARM_MATH_DSP)
 103:./Libraries/CMSIS/DSP/Source/ComplexMathFunctions/arm_cmplx_mult_real_q31.c ****     *pCmplxDst++ = (__SSAT((q31_t) (((q63_t) *pSrcCmplx++ * in) >> 32), 31) << 1);
 104:./Libraries/CMSIS/DSP/Source/ComplexMathFunctions/arm_cmplx_mult_real_q31.c ****     *pCmplxDst++ = (__SSAT((q31_t) (((q63_t) *pSrcCmplx++ * in) >> 32), 31) << 1);
 105:./Libraries/CMSIS/DSP/Source/ComplexMathFunctions/arm_cmplx_mult_real_q31.c **** #else
 106:./Libraries/CMSIS/DSP/Source/ComplexMathFunctions/arm_cmplx_mult_real_q31.c ****     *pCmplxDst++ = (q31_t) clip_q63_to_q31(((q63_t) *pSrcCmplx++ * in) >> 31);
 107:./Libraries/CMSIS/DSP/Source/ComplexMathFunctions/arm_cmplx_mult_real_q31.c ****     *pCmplxDst++ = (q31_t) clip_q63_to_q31(((q63_t) *pSrcCmplx++ * in) >> 31);
 108:./Libraries/CMSIS/DSP/Source/ComplexMathFunctions/arm_cmplx_mult_real_q31.c **** #endif
 109:./Libraries/CMSIS/DSP/Source/ComplexMathFunctions/arm_cmplx_mult_real_q31.c **** 
 110:./Libraries/CMSIS/DSP/Source/ComplexMathFunctions/arm_cmplx_mult_real_q31.c ****     /* Decrement loop counter */
 111:./Libraries/CMSIS/DSP/Source/ComplexMathFunctions/arm_cmplx_mult_real_q31.c ****     blkCnt--;
 112:./Libraries/CMSIS/DSP/Source/ComplexMathFunctions/arm_cmplx_mult_real_q31.c ****   }
 113:./Libraries/CMSIS/DSP/Source/ComplexMathFunctions/arm_cmplx_mult_real_q31.c **** 
 114:./Libraries/CMSIS/DSP/Source/ComplexMathFunctions/arm_cmplx_mult_real_q31.c ****   /* Loop unrolling: Compute remaining outputs */
 115:./Libraries/CMSIS/DSP/Source/ComplexMathFunctions/arm_cmplx_mult_real_q31.c ****   blkCnt = numSamples % 0x4U;
 116:./Libraries/CMSIS/DSP/Source/ComplexMathFunctions/arm_cmplx_mult_real_q31.c **** 
 117:./Libraries/CMSIS/DSP/Source/ComplexMathFunctions/arm_cmplx_mult_real_q31.c **** #else
 118:./Libraries/CMSIS/DSP/Source/ComplexMathFunctions/arm_cmplx_mult_real_q31.c **** 
 119:./Libraries/CMSIS/DSP/Source/ComplexMathFunctions/arm_cmplx_mult_real_q31.c ****   /* Initialize blkCnt with number of samples */
 120:./Libraries/CMSIS/DSP/Source/ComplexMathFunctions/arm_cmplx_mult_real_q31.c ****   blkCnt = numSamples;
  49              		.loc 1 120 10
  50 000e 3B68     		ldr	r3, [r7]
  51 0010 7B62     		str	r3, [r7, #36]
 121:./Libraries/CMSIS/DSP/Source/ComplexMathFunctions/arm_cmplx_mult_real_q31.c **** 
ARM GAS  /tmp/cc90FH8R.s 			page 4


 122:./Libraries/CMSIS/DSP/Source/ComplexMathFunctions/arm_cmplx_mult_real_q31.c **** #endif /* #if defined (ARM_MATH_LOOPUNROLL) */
 123:./Libraries/CMSIS/DSP/Source/ComplexMathFunctions/arm_cmplx_mult_real_q31.c **** 
 124:./Libraries/CMSIS/DSP/Source/ComplexMathFunctions/arm_cmplx_mult_real_q31.c ****   while (blkCnt > 0U)
  52              		.loc 1 124 9
  53 0012 53E0     		b	.L2
  54              	.L3:
 125:./Libraries/CMSIS/DSP/Source/ComplexMathFunctions/arm_cmplx_mult_real_q31.c ****   {
 126:./Libraries/CMSIS/DSP/Source/ComplexMathFunctions/arm_cmplx_mult_real_q31.c ****     /* C[2 * i    ] = A[2 * i    ] * B[i]. */
 127:./Libraries/CMSIS/DSP/Source/ComplexMathFunctions/arm_cmplx_mult_real_q31.c ****     /* C[2 * i + 1] = A[2 * i + 1] * B[i]. */
 128:./Libraries/CMSIS/DSP/Source/ComplexMathFunctions/arm_cmplx_mult_real_q31.c **** 
 129:./Libraries/CMSIS/DSP/Source/ComplexMathFunctions/arm_cmplx_mult_real_q31.c ****     in = *pSrcReal++;
  55              		.loc 1 129 19
  56 0014 BB68     		ldr	r3, [r7, #8]
  57 0016 1A1D     		adds	r2, r3, #4
  58 0018 BA60     		str	r2, [r7, #8]
  59              		.loc 1 129 8
  60 001a 1B68     		ldr	r3, [r3]
  61 001c 3B62     		str	r3, [r7, #32]
  62              	.LBB2:
 130:./Libraries/CMSIS/DSP/Source/ComplexMathFunctions/arm_cmplx_mult_real_q31.c **** #if defined (ARM_MATH_DSP)
 131:./Libraries/CMSIS/DSP/Source/ComplexMathFunctions/arm_cmplx_mult_real_q31.c ****     /* store saturated result in 1.31 format to destination buffer */
 132:./Libraries/CMSIS/DSP/Source/ComplexMathFunctions/arm_cmplx_mult_real_q31.c ****     *pCmplxDst++ = (__SSAT((q31_t) (((q63_t) *pSrcCmplx++ * in) >> 32), 31) << 1);
  63              		.loc 1 132 21
  64 001e FB68     		ldr	r3, [r7, #12]
  65 0020 1A1D     		adds	r2, r3, #4
  66 0022 FA60     		str	r2, [r7, #12]
  67 0024 1B68     		ldr	r3, [r3]
  68 0026 1846     		mov	r0, r3
  69 0028 4FEAE071 		asr	r1, r0, #31
  70 002c 3B6A     		ldr	r3, [r7, #32]
  71 002e 1A46     		mov	r2, r3
  72 0030 4FEAE273 		asr	r3, r2, #31
  73 0034 02FB01F5 		mul	r5, r2, r1
  74 0038 00FB03F4 		mul	r4, r0, r3
  75 003c 2C44     		add	r4, r4, r5
  76 003e A0FB0223 		umull	r2, r3, r0, r2
  77 0042 E118     		adds	r1, r4, r3
  78 0044 0B46     		mov	r3, r1
  79 0046 4FF00000 		mov	r0, #0
  80 004a 4FF00001 		mov	r1, #0
  81 004e 1800     		movs	r0, r3
  82 0050 D917     		asrs	r1, r3, #31
  83 0052 0346     		mov	r3, r0
  84 0054 FB61     		str	r3, [r7, #28]
  85 0056 FB69     		ldr	r3, [r7, #28]
  86              		.syntax unified
  87              	@ 132 "./Libraries/CMSIS/DSP/Source/ComplexMathFunctions/arm_cmplx_mult_real_q31.c" 1
  88 0058 03F31E03 		ssat r3, #31, r3
  89              	@ 0 "" 2
  90              		.thumb
  91              		.syntax unified
  92 005c BB61     		str	r3, [r7, #24]
  93 005e BA69     		ldr	r2, [r7, #24]
  94              	.LBE2:
  95              		.loc 1 132 15
  96 0060 7B68     		ldr	r3, [r7, #4]
  97 0062 191D     		adds	r1, r3, #4
ARM GAS  /tmp/cc90FH8R.s 			page 5


  98 0064 7960     		str	r1, [r7, #4]
  99              		.loc 1 132 77
 100 0066 5200     		lsls	r2, r2, #1
 101              		.loc 1 132 18
 102 0068 1A60     		str	r2, [r3]
 103              	.LBB3:
 133:./Libraries/CMSIS/DSP/Source/ComplexMathFunctions/arm_cmplx_mult_real_q31.c ****     *pCmplxDst++ = (__SSAT((q31_t) (((q63_t) *pSrcCmplx++ * in) >> 32), 31) << 1);
 104              		.loc 1 133 21
 105 006a FB68     		ldr	r3, [r7, #12]
 106 006c 1A1D     		adds	r2, r3, #4
 107 006e FA60     		str	r2, [r7, #12]
 108 0070 1B68     		ldr	r3, [r3]
 109 0072 1846     		mov	r0, r3
 110 0074 4FEAE071 		asr	r1, r0, #31
 111 0078 3B6A     		ldr	r3, [r7, #32]
 112 007a 1A46     		mov	r2, r3
 113 007c 4FEAE273 		asr	r3, r2, #31
 114 0080 02FB01F5 		mul	r5, r2, r1
 115 0084 00FB03F4 		mul	r4, r0, r3
 116 0088 2C44     		add	r4, r4, r5
 117 008a A0FB0223 		umull	r2, r3, r0, r2
 118 008e E118     		adds	r1, r4, r3
 119 0090 0B46     		mov	r3, r1
 120 0092 4FF00000 		mov	r0, #0
 121 0096 4FF00001 		mov	r1, #0
 122 009a 1800     		movs	r0, r3
 123 009c D917     		asrs	r1, r3, #31
 124 009e 0346     		mov	r3, r0
 125 00a0 7B61     		str	r3, [r7, #20]
 126 00a2 7B69     		ldr	r3, [r7, #20]
 127              		.syntax unified
 128              	@ 133 "./Libraries/CMSIS/DSP/Source/ComplexMathFunctions/arm_cmplx_mult_real_q31.c" 1
 129 00a4 03F31E03 		ssat r3, #31, r3
 130              	@ 0 "" 2
 131              		.thumb
 132              		.syntax unified
 133 00a8 3B61     		str	r3, [r7, #16]
 134 00aa 3A69     		ldr	r2, [r7, #16]
 135              	.LBE3:
 136              		.loc 1 133 15
 137 00ac 7B68     		ldr	r3, [r7, #4]
 138 00ae 191D     		adds	r1, r3, #4
 139 00b0 7960     		str	r1, [r7, #4]
 140              		.loc 1 133 77
 141 00b2 5200     		lsls	r2, r2, #1
 142              		.loc 1 133 18
 143 00b4 1A60     		str	r2, [r3]
 134:./Libraries/CMSIS/DSP/Source/ComplexMathFunctions/arm_cmplx_mult_real_q31.c **** #else
 135:./Libraries/CMSIS/DSP/Source/ComplexMathFunctions/arm_cmplx_mult_real_q31.c ****     /* store result in destination buffer. */
 136:./Libraries/CMSIS/DSP/Source/ComplexMathFunctions/arm_cmplx_mult_real_q31.c ****     *pCmplxDst++ = (q31_t) clip_q63_to_q31(((q63_t) *pSrcCmplx++ * in) >> 31);
 137:./Libraries/CMSIS/DSP/Source/ComplexMathFunctions/arm_cmplx_mult_real_q31.c ****     *pCmplxDst++ = (q31_t) clip_q63_to_q31(((q63_t) *pSrcCmplx++ * in) >> 31);
 138:./Libraries/CMSIS/DSP/Source/ComplexMathFunctions/arm_cmplx_mult_real_q31.c **** #endif
 139:./Libraries/CMSIS/DSP/Source/ComplexMathFunctions/arm_cmplx_mult_real_q31.c **** 
 140:./Libraries/CMSIS/DSP/Source/ComplexMathFunctions/arm_cmplx_mult_real_q31.c ****     /* Decrement loop counter */
 141:./Libraries/CMSIS/DSP/Source/ComplexMathFunctions/arm_cmplx_mult_real_q31.c ****     blkCnt--;
 144              		.loc 1 141 11
 145 00b6 7B6A     		ldr	r3, [r7, #36]
ARM GAS  /tmp/cc90FH8R.s 			page 6


 146 00b8 013B     		subs	r3, r3, #1
 147 00ba 7B62     		str	r3, [r7, #36]
 148              	.L2:
 124:./Libraries/CMSIS/DSP/Source/ComplexMathFunctions/arm_cmplx_mult_real_q31.c ****   {
 149              		.loc 1 124 9
 150 00bc 7B6A     		ldr	r3, [r7, #36]
 151 00be 002B     		cmp	r3, #0
 152 00c0 A8D1     		bne	.L3
 142:./Libraries/CMSIS/DSP/Source/ComplexMathFunctions/arm_cmplx_mult_real_q31.c ****   }
 143:./Libraries/CMSIS/DSP/Source/ComplexMathFunctions/arm_cmplx_mult_real_q31.c **** 
 144:./Libraries/CMSIS/DSP/Source/ComplexMathFunctions/arm_cmplx_mult_real_q31.c **** }
 153              		.loc 1 144 1
 154 00c2 00BF     		nop
 155 00c4 00BF     		nop
 156 00c6 2C37     		adds	r7, r7, #44
 157              	.LCFI3:
 158              		.cfi_def_cfa_offset 12
 159 00c8 BD46     		mov	sp, r7
 160              	.LCFI4:
 161              		.cfi_def_cfa_register 13
 162              		@ sp needed
 163 00ca B0BC     		pop	{r4, r5, r7}
 164              	.LCFI5:
 165              		.cfi_restore 7
 166              		.cfi_restore 5
 167              		.cfi_restore 4
 168              		.cfi_def_cfa_offset 0
 169 00cc 7047     		bx	lr
 170              		.cfi_endproc
 171              	.LFE145:
 173              		.text
 174              	.Letext0:
 175              		.file 2 "/usr/lib/gcc/arm-none-eabi/9.2.1/include/stdint.h"
 176              		.file 3 "/usr/lib/gcc/arm-none-eabi/9.2.1/include/stddef.h"
 177              		.file 4 "/usr/include/newlib/sys/_types.h"
 178              		.file 5 "/usr/include/newlib/sys/reent.h"
 179              		.file 6 "/usr/include/newlib/sys/lock.h"
 180              		.file 7 "/usr/include/newlib/math.h"
 181              		.file 8 "./Libraries/CMSIS/DSP/Include/arm_math.h"
ARM GAS  /tmp/cc90FH8R.s 			page 7


DEFINED SYMBOLS
                            *ABS*:0000000000000000 arm_cmplx_mult_real_q31.c
     /tmp/cc90FH8R.s:17     .text.arm_cmplx_mult_real_q31:0000000000000000 $t
     /tmp/cc90FH8R.s:25     .text.arm_cmplx_mult_real_q31:0000000000000000 arm_cmplx_mult_real_q31

NO UNDEFINED SYMBOLS
