ARM GAS  /tmp/cc5wSXeO.s 			page 1


   1              		.cpu cortex-m7
   2              		.eabi_attribute 28, 1
   3              		.eabi_attribute 20, 1
   4              		.eabi_attribute 21, 1
   5              		.eabi_attribute 23, 3
   6              		.eabi_attribute 24, 1
   7              		.eabi_attribute 25, 1
   8              		.eabi_attribute 26, 1
   9              		.eabi_attribute 30, 6
  10              		.eabi_attribute 34, 1
  11              		.eabi_attribute 18, 4
  12              		.file	"arm_fill_q31.c"
  13              		.text
  14              	.Ltext0:
  15              		.cfi_sections	.debug_frame
  16              		.section	.text.arm_fill_q31,"ax",%progbits
  17              		.align	1
  18              		.global	arm_fill_q31
  19              		.arch armv7e-m
  20              		.syntax unified
  21              		.thumb
  22              		.thumb_func
  23              		.fpu fpv5-d16
  25              	arm_fill_q31:
  26              	.LFB145:
  27              		.file 1 "./Libraries/CMSIS/DSP/Source/SupportFunctions/arm_fill_q31.c"
   1:./Libraries/CMSIS/DSP/Source/SupportFunctions/arm_fill_q31.c **** /* ----------------------------------------------------------------------
   2:./Libraries/CMSIS/DSP/Source/SupportFunctions/arm_fill_q31.c ****  * Project:      CMSIS DSP Library
   3:./Libraries/CMSIS/DSP/Source/SupportFunctions/arm_fill_q31.c ****  * Title:        arm_fill_q31.c
   4:./Libraries/CMSIS/DSP/Source/SupportFunctions/arm_fill_q31.c ****  * Description:  Fills a constant value into a Q31 vector
   5:./Libraries/CMSIS/DSP/Source/SupportFunctions/arm_fill_q31.c ****  *
   6:./Libraries/CMSIS/DSP/Source/SupportFunctions/arm_fill_q31.c ****  * $Date:        18. March 2019
   7:./Libraries/CMSIS/DSP/Source/SupportFunctions/arm_fill_q31.c ****  * $Revision:    V1.6.0
   8:./Libraries/CMSIS/DSP/Source/SupportFunctions/arm_fill_q31.c ****  *
   9:./Libraries/CMSIS/DSP/Source/SupportFunctions/arm_fill_q31.c ****  * Target Processor: Cortex-M cores
  10:./Libraries/CMSIS/DSP/Source/SupportFunctions/arm_fill_q31.c ****  * -------------------------------------------------------------------- */
  11:./Libraries/CMSIS/DSP/Source/SupportFunctions/arm_fill_q31.c **** /*
  12:./Libraries/CMSIS/DSP/Source/SupportFunctions/arm_fill_q31.c ****  * Copyright (C) 2010-2019 ARM Limited or its affiliates. All rights reserved.
  13:./Libraries/CMSIS/DSP/Source/SupportFunctions/arm_fill_q31.c ****  *
  14:./Libraries/CMSIS/DSP/Source/SupportFunctions/arm_fill_q31.c ****  * SPDX-License-Identifier: Apache-2.0
  15:./Libraries/CMSIS/DSP/Source/SupportFunctions/arm_fill_q31.c ****  *
  16:./Libraries/CMSIS/DSP/Source/SupportFunctions/arm_fill_q31.c ****  * Licensed under the Apache License, Version 2.0 (the License); you may
  17:./Libraries/CMSIS/DSP/Source/SupportFunctions/arm_fill_q31.c ****  * not use this file except in compliance with the License.
  18:./Libraries/CMSIS/DSP/Source/SupportFunctions/arm_fill_q31.c ****  * You may obtain a copy of the License at
  19:./Libraries/CMSIS/DSP/Source/SupportFunctions/arm_fill_q31.c ****  *
  20:./Libraries/CMSIS/DSP/Source/SupportFunctions/arm_fill_q31.c ****  * www.apache.org/licenses/LICENSE-2.0
  21:./Libraries/CMSIS/DSP/Source/SupportFunctions/arm_fill_q31.c ****  *
  22:./Libraries/CMSIS/DSP/Source/SupportFunctions/arm_fill_q31.c ****  * Unless required by applicable law or agreed to in writing, software
  23:./Libraries/CMSIS/DSP/Source/SupportFunctions/arm_fill_q31.c ****  * distributed under the License is distributed on an AS IS BASIS, WITHOUT
  24:./Libraries/CMSIS/DSP/Source/SupportFunctions/arm_fill_q31.c ****  * WARRANTIES OR CONDITIONS OF ANY KIND, either express or implied.
  25:./Libraries/CMSIS/DSP/Source/SupportFunctions/arm_fill_q31.c ****  * See the License for the specific language governing permissions and
  26:./Libraries/CMSIS/DSP/Source/SupportFunctions/arm_fill_q31.c ****  * limitations under the License.
  27:./Libraries/CMSIS/DSP/Source/SupportFunctions/arm_fill_q31.c ****  */
  28:./Libraries/CMSIS/DSP/Source/SupportFunctions/arm_fill_q31.c **** 
  29:./Libraries/CMSIS/DSP/Source/SupportFunctions/arm_fill_q31.c **** #include "arm_math.h"
  30:./Libraries/CMSIS/DSP/Source/SupportFunctions/arm_fill_q31.c **** 
  31:./Libraries/CMSIS/DSP/Source/SupportFunctions/arm_fill_q31.c **** /**
ARM GAS  /tmp/cc5wSXeO.s 			page 2


  32:./Libraries/CMSIS/DSP/Source/SupportFunctions/arm_fill_q31.c ****   @ingroup groupSupport
  33:./Libraries/CMSIS/DSP/Source/SupportFunctions/arm_fill_q31.c ****  */
  34:./Libraries/CMSIS/DSP/Source/SupportFunctions/arm_fill_q31.c **** 
  35:./Libraries/CMSIS/DSP/Source/SupportFunctions/arm_fill_q31.c **** /**
  36:./Libraries/CMSIS/DSP/Source/SupportFunctions/arm_fill_q31.c ****   @addtogroup Fill
  37:./Libraries/CMSIS/DSP/Source/SupportFunctions/arm_fill_q31.c ****   @{
  38:./Libraries/CMSIS/DSP/Source/SupportFunctions/arm_fill_q31.c ****  */
  39:./Libraries/CMSIS/DSP/Source/SupportFunctions/arm_fill_q31.c **** 
  40:./Libraries/CMSIS/DSP/Source/SupportFunctions/arm_fill_q31.c **** /**
  41:./Libraries/CMSIS/DSP/Source/SupportFunctions/arm_fill_q31.c ****   @brief         Fills a constant value into a Q31 vector.
  42:./Libraries/CMSIS/DSP/Source/SupportFunctions/arm_fill_q31.c ****   @param[in]     value      input value to be filled
  43:./Libraries/CMSIS/DSP/Source/SupportFunctions/arm_fill_q31.c ****   @param[out]    pDst       points to output vector
  44:./Libraries/CMSIS/DSP/Source/SupportFunctions/arm_fill_q31.c ****   @param[in]     blockSize  number of samples in each vector
  45:./Libraries/CMSIS/DSP/Source/SupportFunctions/arm_fill_q31.c ****   @return        none
  46:./Libraries/CMSIS/DSP/Source/SupportFunctions/arm_fill_q31.c ****  */
  47:./Libraries/CMSIS/DSP/Source/SupportFunctions/arm_fill_q31.c **** 
  48:./Libraries/CMSIS/DSP/Source/SupportFunctions/arm_fill_q31.c **** void arm_fill_q31(
  49:./Libraries/CMSIS/DSP/Source/SupportFunctions/arm_fill_q31.c ****   q31_t value,
  50:./Libraries/CMSIS/DSP/Source/SupportFunctions/arm_fill_q31.c ****   q31_t * pDst,
  51:./Libraries/CMSIS/DSP/Source/SupportFunctions/arm_fill_q31.c ****   uint32_t blockSize)
  52:./Libraries/CMSIS/DSP/Source/SupportFunctions/arm_fill_q31.c **** {
  28              		.loc 1 52 1
  29              		.cfi_startproc
  30              		@ args = 0, pretend = 0, frame = 24
  31              		@ frame_needed = 1, uses_anonymous_args = 0
  32              		@ link register save eliminated.
  33 0000 80B4     		push	{r7}
  34              	.LCFI0:
  35              		.cfi_def_cfa_offset 4
  36              		.cfi_offset 7, -4
  37 0002 87B0     		sub	sp, sp, #28
  38              	.LCFI1:
  39              		.cfi_def_cfa_offset 32
  40 0004 00AF     		add	r7, sp, #0
  41              	.LCFI2:
  42              		.cfi_def_cfa_register 7
  43 0006 F860     		str	r0, [r7, #12]
  44 0008 B960     		str	r1, [r7, #8]
  45 000a 7A60     		str	r2, [r7, #4]
  53:./Libraries/CMSIS/DSP/Source/SupportFunctions/arm_fill_q31.c ****   uint32_t blkCnt;                               /* Loop counter */
  54:./Libraries/CMSIS/DSP/Source/SupportFunctions/arm_fill_q31.c **** 
  55:./Libraries/CMSIS/DSP/Source/SupportFunctions/arm_fill_q31.c **** #if defined (ARM_MATH_LOOPUNROLL)
  56:./Libraries/CMSIS/DSP/Source/SupportFunctions/arm_fill_q31.c **** 
  57:./Libraries/CMSIS/DSP/Source/SupportFunctions/arm_fill_q31.c ****   /* Loop unrolling: Compute 4 outputs at a time */
  58:./Libraries/CMSIS/DSP/Source/SupportFunctions/arm_fill_q31.c ****   blkCnt = blockSize >> 2U;
  59:./Libraries/CMSIS/DSP/Source/SupportFunctions/arm_fill_q31.c **** 
  60:./Libraries/CMSIS/DSP/Source/SupportFunctions/arm_fill_q31.c ****   while (blkCnt > 0U)
  61:./Libraries/CMSIS/DSP/Source/SupportFunctions/arm_fill_q31.c ****   {
  62:./Libraries/CMSIS/DSP/Source/SupportFunctions/arm_fill_q31.c ****     /* C = value */
  63:./Libraries/CMSIS/DSP/Source/SupportFunctions/arm_fill_q31.c **** 
  64:./Libraries/CMSIS/DSP/Source/SupportFunctions/arm_fill_q31.c ****     /* Fill value in destination buffer */
  65:./Libraries/CMSIS/DSP/Source/SupportFunctions/arm_fill_q31.c ****     *pDst++ = value;
  66:./Libraries/CMSIS/DSP/Source/SupportFunctions/arm_fill_q31.c ****     *pDst++ = value;
  67:./Libraries/CMSIS/DSP/Source/SupportFunctions/arm_fill_q31.c ****     *pDst++ = value;
  68:./Libraries/CMSIS/DSP/Source/SupportFunctions/arm_fill_q31.c ****     *pDst++ = value;
  69:./Libraries/CMSIS/DSP/Source/SupportFunctions/arm_fill_q31.c **** 
  70:./Libraries/CMSIS/DSP/Source/SupportFunctions/arm_fill_q31.c ****     /* Decrement loop counter */
ARM GAS  /tmp/cc5wSXeO.s 			page 3


  71:./Libraries/CMSIS/DSP/Source/SupportFunctions/arm_fill_q31.c ****     blkCnt--;
  72:./Libraries/CMSIS/DSP/Source/SupportFunctions/arm_fill_q31.c ****   }
  73:./Libraries/CMSIS/DSP/Source/SupportFunctions/arm_fill_q31.c **** 
  74:./Libraries/CMSIS/DSP/Source/SupportFunctions/arm_fill_q31.c ****   /* Loop unrolling: Compute remaining outputs */
  75:./Libraries/CMSIS/DSP/Source/SupportFunctions/arm_fill_q31.c ****   blkCnt = blockSize % 0x4U;
  76:./Libraries/CMSIS/DSP/Source/SupportFunctions/arm_fill_q31.c **** 
  77:./Libraries/CMSIS/DSP/Source/SupportFunctions/arm_fill_q31.c **** #else
  78:./Libraries/CMSIS/DSP/Source/SupportFunctions/arm_fill_q31.c **** 
  79:./Libraries/CMSIS/DSP/Source/SupportFunctions/arm_fill_q31.c ****   /* Initialize blkCnt with number of samples */
  80:./Libraries/CMSIS/DSP/Source/SupportFunctions/arm_fill_q31.c ****   blkCnt = blockSize;
  46              		.loc 1 80 10
  47 000c 7B68     		ldr	r3, [r7, #4]
  48 000e 7B61     		str	r3, [r7, #20]
  81:./Libraries/CMSIS/DSP/Source/SupportFunctions/arm_fill_q31.c **** 
  82:./Libraries/CMSIS/DSP/Source/SupportFunctions/arm_fill_q31.c **** #endif /* #if defined (ARM_MATH_LOOPUNROLL) */
  83:./Libraries/CMSIS/DSP/Source/SupportFunctions/arm_fill_q31.c **** 
  84:./Libraries/CMSIS/DSP/Source/SupportFunctions/arm_fill_q31.c ****   while (blkCnt > 0U)
  49              		.loc 1 84 9
  50 0010 07E0     		b	.L2
  51              	.L3:
  85:./Libraries/CMSIS/DSP/Source/SupportFunctions/arm_fill_q31.c ****   {
  86:./Libraries/CMSIS/DSP/Source/SupportFunctions/arm_fill_q31.c ****     /* C = value */
  87:./Libraries/CMSIS/DSP/Source/SupportFunctions/arm_fill_q31.c **** 
  88:./Libraries/CMSIS/DSP/Source/SupportFunctions/arm_fill_q31.c ****     /* Fill value in destination buffer */
  89:./Libraries/CMSIS/DSP/Source/SupportFunctions/arm_fill_q31.c ****     *pDst++ = value;
  52              		.loc 1 89 10
  53 0012 BB68     		ldr	r3, [r7, #8]
  54 0014 1A1D     		adds	r2, r3, #4
  55 0016 BA60     		str	r2, [r7, #8]
  56              		.loc 1 89 13
  57 0018 FA68     		ldr	r2, [r7, #12]
  58 001a 1A60     		str	r2, [r3]
  90:./Libraries/CMSIS/DSP/Source/SupportFunctions/arm_fill_q31.c **** 
  91:./Libraries/CMSIS/DSP/Source/SupportFunctions/arm_fill_q31.c ****     /* Decrement loop counter */
  92:./Libraries/CMSIS/DSP/Source/SupportFunctions/arm_fill_q31.c ****     blkCnt--;
  59              		.loc 1 92 11
  60 001c 7B69     		ldr	r3, [r7, #20]
  61 001e 013B     		subs	r3, r3, #1
  62 0020 7B61     		str	r3, [r7, #20]
  63              	.L2:
  84:./Libraries/CMSIS/DSP/Source/SupportFunctions/arm_fill_q31.c ****   {
  64              		.loc 1 84 9
  65 0022 7B69     		ldr	r3, [r7, #20]
  66 0024 002B     		cmp	r3, #0
  67 0026 F4D1     		bne	.L3
  93:./Libraries/CMSIS/DSP/Source/SupportFunctions/arm_fill_q31.c ****   }
  94:./Libraries/CMSIS/DSP/Source/SupportFunctions/arm_fill_q31.c **** }
  68              		.loc 1 94 1
  69 0028 00BF     		nop
  70 002a 00BF     		nop
  71 002c 1C37     		adds	r7, r7, #28
  72              	.LCFI3:
  73              		.cfi_def_cfa_offset 4
  74 002e BD46     		mov	sp, r7
  75              	.LCFI4:
  76              		.cfi_def_cfa_register 13
  77              		@ sp needed
ARM GAS  /tmp/cc5wSXeO.s 			page 4


  78 0030 5DF8047B 		ldr	r7, [sp], #4
  79              	.LCFI5:
  80              		.cfi_restore 7
  81              		.cfi_def_cfa_offset 0
  82 0034 7047     		bx	lr
  83              		.cfi_endproc
  84              	.LFE145:
  86              		.text
  87              	.Letext0:
  88              		.file 2 "/usr/lib/gcc/arm-none-eabi/9.2.1/include/stdint.h"
  89              		.file 3 "/usr/lib/gcc/arm-none-eabi/9.2.1/include/stddef.h"
  90              		.file 4 "/usr/include/newlib/sys/_types.h"
  91              		.file 5 "/usr/include/newlib/sys/reent.h"
  92              		.file 6 "/usr/include/newlib/sys/lock.h"
  93              		.file 7 "/usr/include/newlib/math.h"
  94              		.file 8 "./Libraries/CMSIS/DSP/Include/arm_math.h"
ARM GAS  /tmp/cc5wSXeO.s 			page 5


DEFINED SYMBOLS
                            *ABS*:0000000000000000 arm_fill_q31.c
     /tmp/cc5wSXeO.s:17     .text.arm_fill_q31:0000000000000000 $t
     /tmp/cc5wSXeO.s:25     .text.arm_fill_q31:0000000000000000 arm_fill_q31

NO UNDEFINED SYMBOLS
