ARM GAS  /tmp/ccDXVCST.s 			page 1


   1              		.cpu cortex-m7
   2              		.eabi_attribute 28, 1
   3              		.eabi_attribute 20, 1
   4              		.eabi_attribute 21, 1
   5              		.eabi_attribute 23, 3
   6              		.eabi_attribute 24, 1
   7              		.eabi_attribute 25, 1
   8              		.eabi_attribute 26, 1
   9              		.eabi_attribute 30, 6
  10              		.eabi_attribute 34, 1
  11              		.eabi_attribute 18, 4
  12              		.file	"arm_mat_init_f32.c"
  13              		.text
  14              	.Ltext0:
  15              		.cfi_sections	.debug_frame
  16              		.section	.text.arm_mat_init_f32,"ax",%progbits
  17              		.align	1
  18              		.global	arm_mat_init_f32
  19              		.arch armv7e-m
  20              		.syntax unified
  21              		.thumb
  22              		.thumb_func
  23              		.fpu fpv5-d16
  25              	arm_mat_init_f32:
  26              	.LFB145:
  27              		.file 1 "./Libraries/CMSIS/DSP/Source/MatrixFunctions/arm_mat_init_f32.c"
   1:./Libraries/CMSIS/DSP/Source/MatrixFunctions/arm_mat_init_f32.c **** /* ----------------------------------------------------------------------
   2:./Libraries/CMSIS/DSP/Source/MatrixFunctions/arm_mat_init_f32.c ****  * Project:      CMSIS DSP Library
   3:./Libraries/CMSIS/DSP/Source/MatrixFunctions/arm_mat_init_f32.c ****  * Title:        arm_mat_init_f32.c
   4:./Libraries/CMSIS/DSP/Source/MatrixFunctions/arm_mat_init_f32.c ****  * Description:  Floating-point matrix initialization
   5:./Libraries/CMSIS/DSP/Source/MatrixFunctions/arm_mat_init_f32.c ****  *
   6:./Libraries/CMSIS/DSP/Source/MatrixFunctions/arm_mat_init_f32.c ****  * $Date:        18. March 2019
   7:./Libraries/CMSIS/DSP/Source/MatrixFunctions/arm_mat_init_f32.c ****  * $Revision:    V1.6.0
   8:./Libraries/CMSIS/DSP/Source/MatrixFunctions/arm_mat_init_f32.c ****  *
   9:./Libraries/CMSIS/DSP/Source/MatrixFunctions/arm_mat_init_f32.c ****  * Target Processor: Cortex-M cores
  10:./Libraries/CMSIS/DSP/Source/MatrixFunctions/arm_mat_init_f32.c ****  * -------------------------------------------------------------------- */
  11:./Libraries/CMSIS/DSP/Source/MatrixFunctions/arm_mat_init_f32.c **** /*
  12:./Libraries/CMSIS/DSP/Source/MatrixFunctions/arm_mat_init_f32.c ****  * Copyright (C) 2010-2019 ARM Limited or its affiliates. All rights reserved.
  13:./Libraries/CMSIS/DSP/Source/MatrixFunctions/arm_mat_init_f32.c ****  *
  14:./Libraries/CMSIS/DSP/Source/MatrixFunctions/arm_mat_init_f32.c ****  * SPDX-License-Identifier: Apache-2.0
  15:./Libraries/CMSIS/DSP/Source/MatrixFunctions/arm_mat_init_f32.c ****  *
  16:./Libraries/CMSIS/DSP/Source/MatrixFunctions/arm_mat_init_f32.c ****  * Licensed under the Apache License, Version 2.0 (the License); you may
  17:./Libraries/CMSIS/DSP/Source/MatrixFunctions/arm_mat_init_f32.c ****  * not use this file except in compliance with the License.
  18:./Libraries/CMSIS/DSP/Source/MatrixFunctions/arm_mat_init_f32.c ****  * You may obtain a copy of the License at
  19:./Libraries/CMSIS/DSP/Source/MatrixFunctions/arm_mat_init_f32.c ****  *
  20:./Libraries/CMSIS/DSP/Source/MatrixFunctions/arm_mat_init_f32.c ****  * www.apache.org/licenses/LICENSE-2.0
  21:./Libraries/CMSIS/DSP/Source/MatrixFunctions/arm_mat_init_f32.c ****  *
  22:./Libraries/CMSIS/DSP/Source/MatrixFunctions/arm_mat_init_f32.c ****  * Unless required by applicable law or agreed to in writing, software
  23:./Libraries/CMSIS/DSP/Source/MatrixFunctions/arm_mat_init_f32.c ****  * distributed under the License is distributed on an AS IS BASIS, WITHOUT
  24:./Libraries/CMSIS/DSP/Source/MatrixFunctions/arm_mat_init_f32.c ****  * WARRANTIES OR CONDITIONS OF ANY KIND, either express or implied.
  25:./Libraries/CMSIS/DSP/Source/MatrixFunctions/arm_mat_init_f32.c ****  * See the License for the specific language governing permissions and
  26:./Libraries/CMSIS/DSP/Source/MatrixFunctions/arm_mat_init_f32.c ****  * limitations under the License.
  27:./Libraries/CMSIS/DSP/Source/MatrixFunctions/arm_mat_init_f32.c ****  */
  28:./Libraries/CMSIS/DSP/Source/MatrixFunctions/arm_mat_init_f32.c **** 
  29:./Libraries/CMSIS/DSP/Source/MatrixFunctions/arm_mat_init_f32.c **** #include "arm_math.h"
  30:./Libraries/CMSIS/DSP/Source/MatrixFunctions/arm_mat_init_f32.c **** 
  31:./Libraries/CMSIS/DSP/Source/MatrixFunctions/arm_mat_init_f32.c **** /**
ARM GAS  /tmp/ccDXVCST.s 			page 2


  32:./Libraries/CMSIS/DSP/Source/MatrixFunctions/arm_mat_init_f32.c ****   @ingroup groupMatrix
  33:./Libraries/CMSIS/DSP/Source/MatrixFunctions/arm_mat_init_f32.c ****  */
  34:./Libraries/CMSIS/DSP/Source/MatrixFunctions/arm_mat_init_f32.c **** 
  35:./Libraries/CMSIS/DSP/Source/MatrixFunctions/arm_mat_init_f32.c **** /**
  36:./Libraries/CMSIS/DSP/Source/MatrixFunctions/arm_mat_init_f32.c ****   @defgroup MatrixInit Matrix Initialization
  37:./Libraries/CMSIS/DSP/Source/MatrixFunctions/arm_mat_init_f32.c ****  
  38:./Libraries/CMSIS/DSP/Source/MatrixFunctions/arm_mat_init_f32.c ****   Initializes the underlying matrix data structure.
  39:./Libraries/CMSIS/DSP/Source/MatrixFunctions/arm_mat_init_f32.c ****   The functions set the <code>numRows</code>,
  40:./Libraries/CMSIS/DSP/Source/MatrixFunctions/arm_mat_init_f32.c ****   <code>numCols</code>, and <code>pData</code> fields
  41:./Libraries/CMSIS/DSP/Source/MatrixFunctions/arm_mat_init_f32.c ****   of the matrix data structure.
  42:./Libraries/CMSIS/DSP/Source/MatrixFunctions/arm_mat_init_f32.c ****  */
  43:./Libraries/CMSIS/DSP/Source/MatrixFunctions/arm_mat_init_f32.c **** 
  44:./Libraries/CMSIS/DSP/Source/MatrixFunctions/arm_mat_init_f32.c **** /**
  45:./Libraries/CMSIS/DSP/Source/MatrixFunctions/arm_mat_init_f32.c ****   @addtogroup MatrixInit
  46:./Libraries/CMSIS/DSP/Source/MatrixFunctions/arm_mat_init_f32.c ****   @{
  47:./Libraries/CMSIS/DSP/Source/MatrixFunctions/arm_mat_init_f32.c ****  */
  48:./Libraries/CMSIS/DSP/Source/MatrixFunctions/arm_mat_init_f32.c **** 
  49:./Libraries/CMSIS/DSP/Source/MatrixFunctions/arm_mat_init_f32.c **** /**
  50:./Libraries/CMSIS/DSP/Source/MatrixFunctions/arm_mat_init_f32.c ****   @brief         Floating-point matrix initialization.
  51:./Libraries/CMSIS/DSP/Source/MatrixFunctions/arm_mat_init_f32.c ****   @param[in,out] S         points to an instance of the floating-point matrix structure
  52:./Libraries/CMSIS/DSP/Source/MatrixFunctions/arm_mat_init_f32.c ****   @param[in]     nRows     number of rows in the matrix
  53:./Libraries/CMSIS/DSP/Source/MatrixFunctions/arm_mat_init_f32.c ****   @param[in]     nColumns  number of columns in the matrix
  54:./Libraries/CMSIS/DSP/Source/MatrixFunctions/arm_mat_init_f32.c ****   @param[in]     pData     points to the matrix data array
  55:./Libraries/CMSIS/DSP/Source/MatrixFunctions/arm_mat_init_f32.c ****   @return        none
  56:./Libraries/CMSIS/DSP/Source/MatrixFunctions/arm_mat_init_f32.c ****  */
  57:./Libraries/CMSIS/DSP/Source/MatrixFunctions/arm_mat_init_f32.c **** 
  58:./Libraries/CMSIS/DSP/Source/MatrixFunctions/arm_mat_init_f32.c **** void arm_mat_init_f32(
  59:./Libraries/CMSIS/DSP/Source/MatrixFunctions/arm_mat_init_f32.c ****   arm_matrix_instance_f32 * S,
  60:./Libraries/CMSIS/DSP/Source/MatrixFunctions/arm_mat_init_f32.c ****   uint16_t nRows,
  61:./Libraries/CMSIS/DSP/Source/MatrixFunctions/arm_mat_init_f32.c ****   uint16_t nColumns,
  62:./Libraries/CMSIS/DSP/Source/MatrixFunctions/arm_mat_init_f32.c ****   float32_t * pData)
  63:./Libraries/CMSIS/DSP/Source/MatrixFunctions/arm_mat_init_f32.c **** {
  28              		.loc 1 63 1
  29              		.cfi_startproc
  30              		@ args = 0, pretend = 0, frame = 16
  31              		@ frame_needed = 1, uses_anonymous_args = 0
  32              		@ link register save eliminated.
  33 0000 80B4     		push	{r7}
  34              	.LCFI0:
  35              		.cfi_def_cfa_offset 4
  36              		.cfi_offset 7, -4
  37 0002 85B0     		sub	sp, sp, #20
  38              	.LCFI1:
  39              		.cfi_def_cfa_offset 24
  40 0004 00AF     		add	r7, sp, #0
  41              	.LCFI2:
  42              		.cfi_def_cfa_register 7
  43 0006 F860     		str	r0, [r7, #12]
  44 0008 7B60     		str	r3, [r7, #4]
  45 000a 0B46     		mov	r3, r1	@ movhi
  46 000c 7B81     		strh	r3, [r7, #10]	@ movhi
  47 000e 1346     		mov	r3, r2	@ movhi
  48 0010 3B81     		strh	r3, [r7, #8]	@ movhi
  64:./Libraries/CMSIS/DSP/Source/MatrixFunctions/arm_mat_init_f32.c ****   /* Assign Number of Rows */
  65:./Libraries/CMSIS/DSP/Source/MatrixFunctions/arm_mat_init_f32.c ****   S->numRows = nRows;
  49              		.loc 1 65 14
  50 0012 FB68     		ldr	r3, [r7, #12]
ARM GAS  /tmp/ccDXVCST.s 			page 3


  51 0014 7A89     		ldrh	r2, [r7, #10]	@ movhi
  52 0016 1A80     		strh	r2, [r3]	@ movhi
  66:./Libraries/CMSIS/DSP/Source/MatrixFunctions/arm_mat_init_f32.c **** 
  67:./Libraries/CMSIS/DSP/Source/MatrixFunctions/arm_mat_init_f32.c ****   /* Assign Number of Columns */
  68:./Libraries/CMSIS/DSP/Source/MatrixFunctions/arm_mat_init_f32.c ****   S->numCols = nColumns;
  53              		.loc 1 68 14
  54 0018 FB68     		ldr	r3, [r7, #12]
  55 001a 3A89     		ldrh	r2, [r7, #8]	@ movhi
  56 001c 5A80     		strh	r2, [r3, #2]	@ movhi
  69:./Libraries/CMSIS/DSP/Source/MatrixFunctions/arm_mat_init_f32.c **** 
  70:./Libraries/CMSIS/DSP/Source/MatrixFunctions/arm_mat_init_f32.c ****   /* Assign Data pointer */
  71:./Libraries/CMSIS/DSP/Source/MatrixFunctions/arm_mat_init_f32.c ****   S->pData = pData;
  57              		.loc 1 71 12
  58 001e FB68     		ldr	r3, [r7, #12]
  59 0020 7A68     		ldr	r2, [r7, #4]
  60 0022 5A60     		str	r2, [r3, #4]
  72:./Libraries/CMSIS/DSP/Source/MatrixFunctions/arm_mat_init_f32.c **** }
  61              		.loc 1 72 1
  62 0024 00BF     		nop
  63 0026 1437     		adds	r7, r7, #20
  64              	.LCFI3:
  65              		.cfi_def_cfa_offset 4
  66 0028 BD46     		mov	sp, r7
  67              	.LCFI4:
  68              		.cfi_def_cfa_register 13
  69              		@ sp needed
  70 002a 5DF8047B 		ldr	r7, [sp], #4
  71              	.LCFI5:
  72              		.cfi_restore 7
  73              		.cfi_def_cfa_offset 0
  74 002e 7047     		bx	lr
  75              		.cfi_endproc
  76              	.LFE145:
  78              		.text
  79              	.Letext0:
  80              		.file 2 "/usr/lib/gcc/arm-none-eabi/9.2.1/include/stdint.h"
  81              		.file 3 "/usr/lib/gcc/arm-none-eabi/9.2.1/include/stddef.h"
  82              		.file 4 "/usr/include/newlib/sys/_types.h"
  83              		.file 5 "/usr/include/newlib/sys/reent.h"
  84              		.file 6 "/usr/include/newlib/sys/lock.h"
  85              		.file 7 "/usr/include/newlib/math.h"
  86              		.file 8 "./Libraries/CMSIS/DSP/Include/arm_math.h"
ARM GAS  /tmp/ccDXVCST.s 			page 4


DEFINED SYMBOLS
                            *ABS*:0000000000000000 arm_mat_init_f32.c
     /tmp/ccDXVCST.s:17     .text.arm_mat_init_f32:0000000000000000 $t
     /tmp/ccDXVCST.s:25     .text.arm_mat_init_f32:0000000000000000 arm_mat_init_f32

NO UNDEFINED SYMBOLS
