ARM GAS  /tmp/ccW2agQ2.s 			page 1


   1              		.cpu cortex-m7
   2              		.eabi_attribute 28, 1
   3              		.eabi_attribute 20, 1
   4              		.eabi_attribute 21, 1
   5              		.eabi_attribute 23, 3
   6              		.eabi_attribute 24, 1
   7              		.eabi_attribute 25, 1
   8              		.eabi_attribute 26, 1
   9              		.eabi_attribute 30, 6
  10              		.eabi_attribute 34, 1
  11              		.eabi_attribute 18, 4
  12              		.file	"arm_nn_activations_q7.c"
  13              		.text
  14              	.Ltext0:
  15              		.cfi_sections	.debug_frame
  16              		.section	.text.arm_nn_activations_direct_q7,"ax",%progbits
  17              		.align	1
  18              		.global	arm_nn_activations_direct_q7
  19              		.arch armv7e-m
  20              		.syntax unified
  21              		.thumb
  22              		.thumb_func
  23              		.fpu fpv5-d16
  25              	arm_nn_activations_direct_q7:
  26              	.LFB149:
  27              		.file 1 "./Libraries/CMSIS/NN/Source/ActivationFunctions/arm_nn_activations_q7.c"
   1:./Libraries/CMSIS/NN/Source/ActivationFunctions/arm_nn_activations_q7.c **** /*
   2:./Libraries/CMSIS/NN/Source/ActivationFunctions/arm_nn_activations_q7.c ****  * Copyright (C) 2010-2018 Arm Limited or its affiliates. All rights reserved.
   3:./Libraries/CMSIS/NN/Source/ActivationFunctions/arm_nn_activations_q7.c ****  *
   4:./Libraries/CMSIS/NN/Source/ActivationFunctions/arm_nn_activations_q7.c ****  * SPDX-License-Identifier: Apache-2.0
   5:./Libraries/CMSIS/NN/Source/ActivationFunctions/arm_nn_activations_q7.c ****  *
   6:./Libraries/CMSIS/NN/Source/ActivationFunctions/arm_nn_activations_q7.c ****  * Licensed under the Apache License, Version 2.0 (the License); you may
   7:./Libraries/CMSIS/NN/Source/ActivationFunctions/arm_nn_activations_q7.c ****  * not use this file except in compliance with the License.
   8:./Libraries/CMSIS/NN/Source/ActivationFunctions/arm_nn_activations_q7.c ****  * You may obtain a copy of the License at
   9:./Libraries/CMSIS/NN/Source/ActivationFunctions/arm_nn_activations_q7.c ****  *
  10:./Libraries/CMSIS/NN/Source/ActivationFunctions/arm_nn_activations_q7.c ****  * www.apache.org/licenses/LICENSE-2.0
  11:./Libraries/CMSIS/NN/Source/ActivationFunctions/arm_nn_activations_q7.c ****  *
  12:./Libraries/CMSIS/NN/Source/ActivationFunctions/arm_nn_activations_q7.c ****  * Unless required by applicable law or agreed to in writing, software
  13:./Libraries/CMSIS/NN/Source/ActivationFunctions/arm_nn_activations_q7.c ****  * distributed under the License is distributed on an AS IS BASIS, WITHOUT
  14:./Libraries/CMSIS/NN/Source/ActivationFunctions/arm_nn_activations_q7.c ****  * WARRANTIES OR CONDITIONS OF ANY KIND, either express or implied.
  15:./Libraries/CMSIS/NN/Source/ActivationFunctions/arm_nn_activations_q7.c ****  * See the License for the specific language governing permissions and
  16:./Libraries/CMSIS/NN/Source/ActivationFunctions/arm_nn_activations_q7.c ****  * limitations under the License.
  17:./Libraries/CMSIS/NN/Source/ActivationFunctions/arm_nn_activations_q7.c ****  */
  18:./Libraries/CMSIS/NN/Source/ActivationFunctions/arm_nn_activations_q7.c **** 
  19:./Libraries/CMSIS/NN/Source/ActivationFunctions/arm_nn_activations_q7.c **** /* ----------------------------------------------------------------------
  20:./Libraries/CMSIS/NN/Source/ActivationFunctions/arm_nn_activations_q7.c ****  * Project:      CMSIS NN Library
  21:./Libraries/CMSIS/NN/Source/ActivationFunctions/arm_nn_activations_q7.c ****  * Title:        arm_nn_activations_q7.c
  22:./Libraries/CMSIS/NN/Source/ActivationFunctions/arm_nn_activations_q7.c ****  * Description:  Q7 neural network activation function using direct table look-up
  23:./Libraries/CMSIS/NN/Source/ActivationFunctions/arm_nn_activations_q7.c ****  *
  24:./Libraries/CMSIS/NN/Source/ActivationFunctions/arm_nn_activations_q7.c ****  * $Date:        17. January 2018
  25:./Libraries/CMSIS/NN/Source/ActivationFunctions/arm_nn_activations_q7.c ****  * $Revision:    V.1.0.0
  26:./Libraries/CMSIS/NN/Source/ActivationFunctions/arm_nn_activations_q7.c ****  *
  27:./Libraries/CMSIS/NN/Source/ActivationFunctions/arm_nn_activations_q7.c ****  * Target Processor:  Cortex-M cores
  28:./Libraries/CMSIS/NN/Source/ActivationFunctions/arm_nn_activations_q7.c ****  *
  29:./Libraries/CMSIS/NN/Source/ActivationFunctions/arm_nn_activations_q7.c ****  * -------------------------------------------------------------------- */
  30:./Libraries/CMSIS/NN/Source/ActivationFunctions/arm_nn_activations_q7.c **** 
  31:./Libraries/CMSIS/NN/Source/ActivationFunctions/arm_nn_activations_q7.c **** #include "arm_math.h"
ARM GAS  /tmp/ccW2agQ2.s 			page 2


  32:./Libraries/CMSIS/NN/Source/ActivationFunctions/arm_nn_activations_q7.c **** #include "arm_common_tables.h"
  33:./Libraries/CMSIS/NN/Source/ActivationFunctions/arm_nn_activations_q7.c **** #include "arm_nnfunctions.h"
  34:./Libraries/CMSIS/NN/Source/ActivationFunctions/arm_nn_activations_q7.c **** 
  35:./Libraries/CMSIS/NN/Source/ActivationFunctions/arm_nn_activations_q7.c **** /**
  36:./Libraries/CMSIS/NN/Source/ActivationFunctions/arm_nn_activations_q7.c ****  *  @ingroup groupNN
  37:./Libraries/CMSIS/NN/Source/ActivationFunctions/arm_nn_activations_q7.c ****  */
  38:./Libraries/CMSIS/NN/Source/ActivationFunctions/arm_nn_activations_q7.c **** 
  39:./Libraries/CMSIS/NN/Source/ActivationFunctions/arm_nn_activations_q7.c **** /**
  40:./Libraries/CMSIS/NN/Source/ActivationFunctions/arm_nn_activations_q7.c ****  * @addtogroup Acti
  41:./Libraries/CMSIS/NN/Source/ActivationFunctions/arm_nn_activations_q7.c ****  * @{
  42:./Libraries/CMSIS/NN/Source/ActivationFunctions/arm_nn_activations_q7.c ****  */
  43:./Libraries/CMSIS/NN/Source/ActivationFunctions/arm_nn_activations_q7.c **** 
  44:./Libraries/CMSIS/NN/Source/ActivationFunctions/arm_nn_activations_q7.c ****   /**
  45:./Libraries/CMSIS/NN/Source/ActivationFunctions/arm_nn_activations_q7.c ****    * @brief Q7 neural network activation function using direct table look-up
  46:./Libraries/CMSIS/NN/Source/ActivationFunctions/arm_nn_activations_q7.c ****    * @param[in,out]   data        pointer to input
  47:./Libraries/CMSIS/NN/Source/ActivationFunctions/arm_nn_activations_q7.c ****    * @param[in]       size        number of elements
  48:./Libraries/CMSIS/NN/Source/ActivationFunctions/arm_nn_activations_q7.c ****    * @param[in]       int_width   bit-width of the integer part, assume to be smaller than 3
  49:./Libraries/CMSIS/NN/Source/ActivationFunctions/arm_nn_activations_q7.c ****    * @param[in]       type        type of activation functions
  50:./Libraries/CMSIS/NN/Source/ActivationFunctions/arm_nn_activations_q7.c ****    * @return none.
  51:./Libraries/CMSIS/NN/Source/ActivationFunctions/arm_nn_activations_q7.c ****    *
  52:./Libraries/CMSIS/NN/Source/ActivationFunctions/arm_nn_activations_q7.c ****    * @details
  53:./Libraries/CMSIS/NN/Source/ActivationFunctions/arm_nn_activations_q7.c ****    * 
  54:./Libraries/CMSIS/NN/Source/ActivationFunctions/arm_nn_activations_q7.c ****    * This is the direct table look-up approach.
  55:./Libraries/CMSIS/NN/Source/ActivationFunctions/arm_nn_activations_q7.c ****    *
  56:./Libraries/CMSIS/NN/Source/ActivationFunctions/arm_nn_activations_q7.c ****    * Assume here the integer part of the fixed-point is <= 3.
  57:./Libraries/CMSIS/NN/Source/ActivationFunctions/arm_nn_activations_q7.c ****    * More than 3 just not making much sense, makes no difference with
  58:./Libraries/CMSIS/NN/Source/ActivationFunctions/arm_nn_activations_q7.c ****    * saturation followed by any of these activation functions. 
  59:./Libraries/CMSIS/NN/Source/ActivationFunctions/arm_nn_activations_q7.c ****    */
  60:./Libraries/CMSIS/NN/Source/ActivationFunctions/arm_nn_activations_q7.c **** 
  61:./Libraries/CMSIS/NN/Source/ActivationFunctions/arm_nn_activations_q7.c **** void arm_nn_activations_direct_q7(q7_t * data, uint16_t size, uint16_t int_width, arm_nn_activation
  62:./Libraries/CMSIS/NN/Source/ActivationFunctions/arm_nn_activations_q7.c **** {
  28              		.loc 1 62 1
  29              		.cfi_startproc
  30              		@ args = 0, pretend = 0, frame = 40
  31              		@ frame_needed = 1, uses_anonymous_args = 0
  32              		@ link register save eliminated.
  33 0000 80B4     		push	{r7}
  34              	.LCFI0:
  35              		.cfi_def_cfa_offset 4
  36              		.cfi_offset 7, -4
  37 0002 8BB0     		sub	sp, sp, #44
  38              	.LCFI1:
  39              		.cfi_def_cfa_offset 48
  40 0004 00AF     		add	r7, sp, #0
  41              	.LCFI2:
  42              		.cfi_def_cfa_register 7
  43 0006 F860     		str	r0, [r7, #12]
  44 0008 0846     		mov	r0, r1
  45 000a 1146     		mov	r1, r2
  46 000c 1A46     		mov	r2, r3
  47 000e 0346     		mov	r3, r0	@ movhi
  48 0010 7B81     		strh	r3, [r7, #10]	@ movhi
  49 0012 0B46     		mov	r3, r1	@ movhi
  50 0014 3B81     		strh	r3, [r7, #8]	@ movhi
  51 0016 1346     		mov	r3, r2
  52 0018 FB71     		strb	r3, [r7, #7]
  63:./Libraries/CMSIS/NN/Source/ActivationFunctions/arm_nn_activations_q7.c ****     uint16_t  i = size;
ARM GAS  /tmp/ccW2agQ2.s 			page 3


  53              		.loc 1 63 15
  54 001a 7B89     		ldrh	r3, [r7, #10]	@ movhi
  55 001c FB84     		strh	r3, [r7, #38]	@ movhi
  64:./Libraries/CMSIS/NN/Source/ActivationFunctions/arm_nn_activations_q7.c ****     q7_t     *pIn = data;
  56              		.loc 1 64 15
  57 001e FB68     		ldr	r3, [r7, #12]
  58 0020 3B62     		str	r3, [r7, #32]
  65:./Libraries/CMSIS/NN/Source/ActivationFunctions/arm_nn_activations_q7.c ****     q7_t     *pOut = data;
  59              		.loc 1 65 15
  60 0022 FB68     		ldr	r3, [r7, #12]
  61 0024 FB61     		str	r3, [r7, #28]
  66:./Libraries/CMSIS/NN/Source/ActivationFunctions/arm_nn_activations_q7.c ****     q7_t      in;
  67:./Libraries/CMSIS/NN/Source/ActivationFunctions/arm_nn_activations_q7.c ****     q7_t      out;
  68:./Libraries/CMSIS/NN/Source/ActivationFunctions/arm_nn_activations_q7.c ****     uint16_t  shift_size = 3 - int_width;
  62              		.loc 1 68 15
  63 0026 3B89     		ldrh	r3, [r7, #8]	@ movhi
  64 0028 C3F10303 		rsb	r3, r3, #3
  65 002c FB82     		strh	r3, [r7, #22]	@ movhi
  69:./Libraries/CMSIS/NN/Source/ActivationFunctions/arm_nn_activations_q7.c ****     const q7_t *lookup_table;
  70:./Libraries/CMSIS/NN/Source/ActivationFunctions/arm_nn_activations_q7.c ****     switch (type)
  66              		.loc 1 70 5
  67 002e FB79     		ldrb	r3, [r7, #7]	@ zero_extendqisi2
  68 0030 002B     		cmp	r3, #0
  69 0032 02D1     		bne	.L2
  71:./Libraries/CMSIS/NN/Source/ActivationFunctions/arm_nn_activations_q7.c ****     {
  72:./Libraries/CMSIS/NN/Source/ActivationFunctions/arm_nn_activations_q7.c ****     case ARM_SIGMOID:
  73:./Libraries/CMSIS/NN/Source/ActivationFunctions/arm_nn_activations_q7.c ****         lookup_table = sigmoidTable_q7;
  70              		.loc 1 73 22
  71 0034 144B     		ldr	r3, .L6
  72 0036 BB61     		str	r3, [r7, #24]
  74:./Libraries/CMSIS/NN/Source/ActivationFunctions/arm_nn_activations_q7.c ****         break;
  73              		.loc 1 74 9
  74 0038 02E0     		b	.L3
  75              	.L2:
  75:./Libraries/CMSIS/NN/Source/ActivationFunctions/arm_nn_activations_q7.c ****     case ARM_TANH:
  76:./Libraries/CMSIS/NN/Source/ActivationFunctions/arm_nn_activations_q7.c ****     default:
  77:./Libraries/CMSIS/NN/Source/ActivationFunctions/arm_nn_activations_q7.c ****         lookup_table = tanhTable_q7;
  76              		.loc 1 77 22
  77 003a 144B     		ldr	r3, .L6+4
  78 003c BB61     		str	r3, [r7, #24]
  78:./Libraries/CMSIS/NN/Source/ActivationFunctions/arm_nn_activations_q7.c ****         break;
  79              		.loc 1 78 9
  80 003e 00BF     		nop
  81              	.L3:
  79:./Libraries/CMSIS/NN/Source/ActivationFunctions/arm_nn_activations_q7.c ****     }
  80:./Libraries/CMSIS/NN/Source/ActivationFunctions/arm_nn_activations_q7.c ****     while (i)
  82              		.loc 1 80 11
  83 0040 17E0     		b	.L4
  84              	.L5:
  81:./Libraries/CMSIS/NN/Source/ActivationFunctions/arm_nn_activations_q7.c ****     {
  82:./Libraries/CMSIS/NN/Source/ActivationFunctions/arm_nn_activations_q7.c ****         in = *pIn++;
  85              		.loc 1 82 18
  86 0042 3B6A     		ldr	r3, [r7, #32]
  87 0044 5A1C     		adds	r2, r3, #1
  88 0046 3A62     		str	r2, [r7, #32]
  89              		.loc 1 82 12
  90 0048 1B78     		ldrb	r3, [r3]
ARM GAS  /tmp/ccW2agQ2.s 			page 4


  91 004a 7B75     		strb	r3, [r7, #21]
  83:./Libraries/CMSIS/NN/Source/ActivationFunctions/arm_nn_activations_q7.c ****         out = lookup_table[(uint8_t) (in >> shift_size)];
  92              		.loc 1 83 42
  93 004c 97F91520 		ldrsb	r2, [r7, #21]
  94 0050 FB8A     		ldrh	r3, [r7, #22]
  95 0052 42FA03F3 		asr	r3, r2, r3
  96              		.loc 1 83 28
  97 0056 DBB2     		uxtb	r3, r3
  98 0058 1A46     		mov	r2, r3
  99              		.loc 1 83 27
 100 005a BB69     		ldr	r3, [r7, #24]
 101 005c 1344     		add	r3, r3, r2
 102              		.loc 1 83 13
 103 005e 1B78     		ldrb	r3, [r3]
 104 0060 3B75     		strb	r3, [r7, #20]
  84:./Libraries/CMSIS/NN/Source/ActivationFunctions/arm_nn_activations_q7.c ****         *pOut++ = out;
 105              		.loc 1 84 14
 106 0062 FB69     		ldr	r3, [r7, #28]
 107 0064 5A1C     		adds	r2, r3, #1
 108 0066 FA61     		str	r2, [r7, #28]
 109              		.loc 1 84 17
 110 0068 3A7D     		ldrb	r2, [r7, #20]
 111 006a 1A70     		strb	r2, [r3]
  85:./Libraries/CMSIS/NN/Source/ActivationFunctions/arm_nn_activations_q7.c ****         i--;
 112              		.loc 1 85 10
 113 006c FB8C     		ldrh	r3, [r7, #38]
 114 006e 013B     		subs	r3, r3, #1
 115 0070 FB84     		strh	r3, [r7, #38]	@ movhi
 116              	.L4:
  80:./Libraries/CMSIS/NN/Source/ActivationFunctions/arm_nn_activations_q7.c ****     {
 117              		.loc 1 80 11 discriminator 1
 118 0072 FB8C     		ldrh	r3, [r7, #38]
 119 0074 002B     		cmp	r3, #0
 120 0076 E4D1     		bne	.L5
  86:./Libraries/CMSIS/NN/Source/ActivationFunctions/arm_nn_activations_q7.c ****     }
  87:./Libraries/CMSIS/NN/Source/ActivationFunctions/arm_nn_activations_q7.c **** }
 121              		.loc 1 87 1
 122 0078 00BF     		nop
 123 007a 00BF     		nop
 124 007c 2C37     		adds	r7, r7, #44
 125              	.LCFI3:
 126              		.cfi_def_cfa_offset 4
 127 007e BD46     		mov	sp, r7
 128              	.LCFI4:
 129              		.cfi_def_cfa_register 13
 130              		@ sp needed
 131 0080 5DF8047B 		ldr	r7, [sp], #4
 132              	.LCFI5:
 133              		.cfi_restore 7
 134              		.cfi_def_cfa_offset 0
 135 0084 7047     		bx	lr
 136              	.L7:
 137 0086 00BF     		.align	2
 138              	.L6:
 139 0088 00000000 		.word	sigmoidTable_q7
 140 008c 00000000 		.word	tanhTable_q7
 141              		.cfi_endproc
ARM GAS  /tmp/ccW2agQ2.s 			page 5


 142              	.LFE149:
 144              		.text
 145              	.Letext0:
 146              		.file 2 "/usr/lib/gcc/arm-none-eabi/9.2.1/include/stdint.h"
 147              		.file 3 "/usr/lib/gcc/arm-none-eabi/9.2.1/include/stddef.h"
 148              		.file 4 "/usr/include/newlib/sys/_types.h"
 149              		.file 5 "/usr/include/newlib/sys/reent.h"
 150              		.file 6 "/usr/include/newlib/sys/lock.h"
 151              		.file 7 "/usr/include/newlib/math.h"
 152              		.file 8 "./Libraries/CMSIS/DSP/Include/arm_math.h"
 153              		.file 9 "./Libraries/CMSIS/DSP/Include/arm_common_tables.h"
 154              		.file 10 "./Libraries/CMSIS/NN/Include/arm_nnsupportfunctions.h"
 155              		.file 11 "./Libraries/CMSIS/NN/Include/arm_nn_tables.h"
ARM GAS  /tmp/ccW2agQ2.s 			page 6


DEFINED SYMBOLS
                            *ABS*:0000000000000000 arm_nn_activations_q7.c
     /tmp/ccW2agQ2.s:17     .text.arm_nn_activations_direct_q7:0000000000000000 $t
     /tmp/ccW2agQ2.s:25     .text.arm_nn_activations_direct_q7:0000000000000000 arm_nn_activations_direct_q7
     /tmp/ccW2agQ2.s:139    .text.arm_nn_activations_direct_q7:0000000000000088 $d

UNDEFINED SYMBOLS
sigmoidTable_q7
tanhTable_q7
