ARM GAS  /tmp/ccGZsDQ2.s 			page 1


   1              		.cpu cortex-m7
   2              		.eabi_attribute 28, 1
   3              		.eabi_attribute 20, 1
   4              		.eabi_attribute 21, 1
   5              		.eabi_attribute 23, 3
   6              		.eabi_attribute 24, 1
   7              		.eabi_attribute 25, 1
   8              		.eabi_attribute 26, 1
   9              		.eabi_attribute 30, 6
  10              		.eabi_attribute 34, 1
  11              		.eabi_attribute 18, 4
  12              		.file	"font20.c"
  13              		.text
  14              	.Ltext0:
  15              		.cfi_sections	.debug_frame
  16              		.global	Font20_Table
  17              		.section	.rodata.Font20_Table,"a"
  18              		.align	2
  21              	Font20_Table:
  22 0000 00000000 		.ascii	"\000\000\000\000\000\000\000\000\000\000\000\000\000"
  22      00000000 
  22      00000000 
  22      00
  23 000d 00000000 		.ascii	"\000\000\000\000\000\000\000\000\000\000\000\000\000"
  23      00000000 
  23      00000000 
  23      00
  24 001a 00000000 		.ascii	"\000\000\000\000\000\000\000\000\000\000\000\000\000"
  24      00000000 
  24      00000000 
  24      00
  25 0027 00000007 		.ascii	"\000\000\000\007\000\007\000\007\000\007\000\007\000"
  25      00070007 
  25      00070007 
  25      00
  26 0034 07000700 		.ascii	"\007\000\007\000\002\000\002\000\000\000\000\000\007"
  26      02000200 
  26      00000000 
  26      07
  27 0041 00070000 		.ascii	"\000\007\000\000\000\000\000\000\000\000\000\000\000"
  27      00000000 
  27      00000000 
  27      00
  28 004e 00000000 		.ascii	"\000\000\000\000\000\000\034\340\034\340\034\340\010"
  28      00001CE0 
  28      1CE01CE0 
  28      08
  29 005b 40084008 		.ascii	"@\010@\010@\000\000\000\000\000\000\000\000\000\000"
  29      40000000 
  29      00000000 
  29      000000
  30 006a 00000000 		.ascii	"\000\000\000\000\000\000\000\000\000\000\000\000\000"
  30      00000000 
  30      00000000 
  30      00
  31 0077 000CC00C 		.ascii	"\000\014\300\014\300\014\300\014\300\014\300?\360?\360"
  31      C00CC00C 
ARM GAS  /tmp/ccGZsDQ2.s 			page 2


  31      C00CC03F 
  31      F03FF0
  32 0086 0CC00CC0 		.ascii	"\014\300\014\300?\360?\360\014\300\014\300\014\300\014"
  32      3FF03FF0 
  32      0CC00CC0 
  32      0CC00C
  33 0095 C00CC000 		.ascii	"\300\014\300\000\000\000\000\000\000\000\000\003\000"
  33      00000000 
  33      00000003 
  33      00
  34 00a2 030007E0 		.ascii	"\003\000\007\340\017\340\030`\030\000\037\000\017\300"
  34      0FE01860 
  34      18001F00 
  34      0FC0
  35 00b0 00E01860 		.ascii	"\000\340\030`\030`\037\300\037\200\003\000\003\000\003"
  35      18601FC0 
  35      1F800300 
  35      030003
  36 00bf 00000000 		.ascii	"\000\000\000\000\000\000\000\000\000\000\000\034\000"
  36      00000000 
  36      0000001C 
  36      00
  37 00cc 22002200 		.ascii	"\"\000\"\000\"\000\034`\001\340\017\200<\0001\300\002"
  37      22001C60 
  37      01E00F80 
  37      3C0031C0 
  37      02
  38 00dd 20022002 		.ascii	" \002 \002 \001\300\000\000\000\000\000\000\000\000"
  38      2001C000 
  38      00000000 
  38      000000
  39 00ec 00000000 		.ascii	"\000\000\000\000\000\000\000\000\000\000\003\340\017"
  39      00000000 
  39      000003E0 
  39      0F
  40 00f9 E00C000C 		.ascii	"\340\014\000\014\000\006\000\0170\037\360\031\340\030"
  40      0006000F 
  40      301FF019 
  40      E018
  41 0107 C01FF007 		.ascii	"\300\037\360\007\260\000\000\000\000\000\000\000\000"
  41      B0000000 
  41      00000000 
  41      00
  42 0114 00000000 		.ascii	"\000\000\000\000\000\000\000\000\003\200\003\200\003"
  42      00000000 
  42      03800380 
  42      03
  43 0121 80010001 		.ascii	"\200\001\000\001\000\001\000\000\000\000\000\000\000"
  43      00010000 
  43      00000000 
  43      00
  44 012e 00000000 		.ascii	"\000\000\000\000\000\000\000\000\000\000\000\000\000"
  44      00000000 
  44      00000000 
  44      00
  45 013b 00000000 		.ascii	"\000\000\000\000\000\000\000\000\300\000\300\001\200"
  45      00000000 
ARM GAS  /tmp/ccGZsDQ2.s 			page 3


  45      C000C001 
  45      80
  46 0148 01800180 		.ascii	"\001\200\001\200\003\000\003\000\003\000\003\000\003"
  46      03000300 
  46      03000300 
  46      03
  47 0155 00030001 		.ascii	"\000\003\000\001\200\001\200\001\200\000\300\000\300"
  47      80018001 
  47      8000C000 
  47      C0
  48 0162 00000000 		.ascii	"\000\000\000\000\000\000\000\000\014\000\014\000\006"
  48      00000000 
  48      0C000C00 
  48      06
  49 016f 00060006 		.ascii	"\000\006\000\006\000\003\000\003\000\003\000\003\000"
  49      00030003 
  49      00030003 
  49      00
  50 017c 03000300 		.ascii	"\003\000\003\000\006\000\006\000\006\000\014\000\014"
  50      06000600 
  50      06000C00 
  50      0C
  51 0189 00000000 		.ascii	"\000\000\000\000\000\000\000\000\000\003\000\003\000"
  51      00000000 
  51      00030003 
  51      00
  52 0196 03001B60 		.ascii	"\003\000\033`\037\340\007\200\007\200\017\300\014\300"
  52      1FE00780 
  52      07800FC0 
  52      0CC0
  53 01a4 00000000 		.ascii	"\000\000\000\000\000\000\000\000\000\000\000\000\000"
  53      00000000 
  53      00000000 
  53      00
  54 01b1 00000000 		.ascii	"\000\000\000\000\000\000\000\000\000\000\000\000\000"
  54      00000000 
  54      00000000 
  54      00
  55 01be 03000300 		.ascii	"\003\000\003\000\003\000\003\000?\360?\360\003\000\003"
  55      03000300 
  55      3FF03FF0 
  55      030003
  56 01cd 00030003 		.ascii	"\000\003\000\003\000\000\000\000\000\000\000\000\000"
  56      00000000 
  56      00000000 
  56      00
  57 01da 00000000 		.ascii	"\000\000\000\000\000\000\000\000\000\000\000\000\000"
  57      00000000 
  57      00000000 
  57      00
  58 01e7 00000000 		.ascii	"\000\000\000\000\000\000\000\000\000\000\000\000\000"
  58      00000000 
  58      00000000 
  58      00
  59 01f4 00000380 		.ascii	"\000\000\003\200\003\000\003\000\006\000\006\000\004"
  59      03000300 
  59      06000600 
ARM GAS  /tmp/ccGZsDQ2.s 			page 4


  59      04
  60 0201 00000000 		.ascii	"\000\000\000\000\000\000\000\000\000\000\000\000\000"
  60      00000000 
  60      00000000 
  60      00
  61 020e 00000000 		.ascii	"\000\000\000\000\000\000\000\000?\340?\340\000\000\000"
  61      00000000 
  61      3FE03FE0 
  61      000000
  62 021d 00000000 		.ascii	"\000\000\000\000\000\000\000\000\000\000\000\000\000"
  62      00000000 
  62      00000000 
  62      00
  63 022a 00000000 		.ascii	"\000\000\000\000\000\000\000\000\000\000\000\000\000"
  63      00000000 
  63      00000000 
  63      00
  64 0237 00000000 		.ascii	"\000\000\000\000\000\000\000\000\000\000\000\000\000"
  64      00000000 
  64      00000000 
  64      00
  65 0244 00000380 		.ascii	"\000\000\003\200\003\200\003\200\000\000\000\000\000"
  65      03800380 
  65      00000000 
  65      00
  66 0251 00000000 		.ascii	"\000\000\000\000\000\000\000\000`\000`\000\300\000\300"
  66      00000000 
  66      60006000 
  66      C000C0
  67 0260 00C00180 		.ascii	"\000\300\001\200\001\200\003\000\003\000\006\000\006"
  67      01800300 
  67      03000600 
  67      06
  68 026d 000C000C 		.ascii	"\000\014\000\014\000\014\000\030\000\030\000\000\000"
  68      000C0018 
  68      00180000 
  68      00
  69 027a 00000000 		.ascii	"\000\000\000\000\000\000\000\000\017\200\037\300\030"
  69      00000000 
  69      0F801FC0 
  69      18
  70 0287 C0306030 		.ascii	"\3000`0`0`0`0`0`0`\030\300\037\300\017\200\000\000\000"
  70      60306030 
  70      60306030 
  70      60306018 
  70      C01FC00F 
  71 029f 00000000 		.ascii	"\000\000\000\000\000\000\000\000\000\000\000\003\000"
  71      00000000 
  71      00000003 
  71      00
  72 02ac 1F001F00 		.ascii	"\037\000\037\000\003\000\003\000\003\000\003\000\003"
  72      03000300 
  72      03000300 
  72      03
  73 02b9 00030003 		.ascii	"\000\003\000\003\000\003\000\037\340\037\340\000\000"
  73      0003001F 
  73      E01FE000 
ARM GAS  /tmp/ccGZsDQ2.s 			page 5


  73      00
  74 02c6 00000000 		.ascii	"\000\000\000\000\000\000\000\000\000\000\000\000\017"
  74      00000000 
  74      00000000 
  74      0F
  75 02d3 801FC038 		.ascii	"\200\037\3008\3400`\000`\000\300\001\200\003\000\006"
  75      E0306000 
  75      6000C001 
  75      80030006 
  76 02e3 000C0018 		.ascii	"\000\014\000\030\000?\340?\340\000\000\000\000\000\000"
  76      003FE03F 
  76      E0000000 
  76      000000
  77 02f2 00000000 		.ascii	"\000\000\000\000\000\000\000\000\017\200?\3000\340\000"
  77      00000000 
  77      0F803FC0 
  77      30E000
  78 0301 6000E007 		.ascii	"`\000\340\007\300\007\300\000\340\000`\000``\340\177"
  78      C007C000 
  78      E0006000 
  78      6060E07F 
  79 0311 C03F8000 		.ascii	"\300?\200\000\000\000\000\000\000\000\000\000\000\000"
  79      00000000 
  79      00000000 
  79      0000
  80 031f 00000001 		.ascii	"\000\000\000\001\300\003\300\003\300\006\300\014\300"
  80      C003C003 
  80      C006C00C 
  80      C0
  81 032c 0CC018C0 		.ascii	"\014\300\030\3000\300?\340?\340\000\300\003\340\003"
  81      30C03FE0 
  81      3FE000C0 
  81      03E003
  82 033b E0000000 		.ascii	"\340\000\000\000\000\000\000\000\000\000\000\000\000"
  82      00000000 
  82      00000000 
  82      00
  83 0348 00001FC0 		.ascii	"\000\000\037\300\037\300\030\000\030\000\037\200\037"
  83      1FC01800 
  83      18001F80 
  83      1F
  84 0355 C018E000 		.ascii	"\300\030\340\000`\000`\000`0\340?\300\037\200\000\000"
  84      60006000 
  84      6030E03F 
  84      C01F8000 
  84      00
  85 0366 00000000 		.ascii	"\000\000\000\000\000\000\000\000\000\000\000\000\003"
  85      00000000 
  85      00000000 
  85      03
  86 0373 E00FE01E 		.ascii	"\340\017\340\036\000\030\0008\0007\200?\3008\3400`0"
  86      00180038 
  86      0037803F 
  86      C038E030 
  86      6030
  87 0385 6018E01F 		.ascii	"`\030\340\037\300\007\200\000\000\000\000\000\000\000"
  87      C0078000 
ARM GAS  /tmp/ccGZsDQ2.s 			page 6


  87      00000000 
  87      0000
  88 0393 00000000 		.ascii	"\000\000\000\000\000\000\000?\340?\3400`\000`\000\300"
  88      0000003F 
  88      E03FE030 
  88      60006000 
  88      C0
  89 03a4 00C000C0 		.ascii	"\000\300\000\300\001\200\001\200\001\200\003\000\003"
  89      01800180 
  89      01800300 
  89      03
  90 03b1 00030000 		.ascii	"\000\003\000\000\000\000\000\000\000\000\000\000\000"
  90      00000000 
  90      00000000 
  90      00
  91 03be 00000000 		.ascii	"\000\000\000\000\017\200\037\3008\3400`8\340\037\300"
  91      0F801FC0 
  91      38E03060 
  91      38E01FC0 
  92 03ce 1FC038E0 		.ascii	"\037\3008\3400`0`8\340\037\300\017\200\000\000\000\000"
  92      30603060 
  92      38E01FC0 
  92      0F800000 
  92      0000
  93 03e0 00000000 		.ascii	"\000\000\000\000\000\000\000\000\000\000\017\000\037"
  93      00000000 
  93      00000F00 
  93      1F
  94 03ed C038C030 		.ascii	"\3008\3000`0`8\340\037\340\017`\000\340\000\300\003"
  94      60306038 
  94      E01FE00F 
  94      6000E000 
  94      C003
  95 03ff C03F803E 		.ascii	"\300?\200>\000\000\000\000\000\000\000\000\000\000\000"
  95      00000000 
  95      00000000 
  95      000000
  96 040e 00000000 		.ascii	"\000\000\000\000\000\000\000\000\000\000\000\000\003"
  96      00000000 
  96      00000000 
  96      03
  97 041b 80038003 		.ascii	"\200\003\200\003\200\000\000\000\000\000\000\003\200"
  97      80000000 
  97      00000003 
  97      80
  98 0428 03800380 		.ascii	"\003\200\003\200\000\000\000\000\000\000\000\000\000"
  98      00000000 
  98      00000000 
  98      00
  99 0435 00000000 		.ascii	"\000\000\000\000\000\000\000\000\000\000\000\000\000"
  99      00000000 
  99      00000000 
  99      00
 100 0442 01C001C0 		.ascii	"\001\300\001\300\001\300\000\000\000\000\000\000\003"
 100      01C00000 
 100      00000000 
 100      03
ARM GAS  /tmp/ccGZsDQ2.s 			page 7


 101 044f 80030006 		.ascii	"\200\003\000\006\000\006\000\004\000\000\000\000\000"
 101      00060004 
 101      00000000 
 101      00
 102 045c 00000000 		.ascii	"\000\000\000\000\000\000\000\000\000\000\0000\000\360"
 102      00000000 
 102      00000030 
 102      00F0
 103 046a 03C00700 		.ascii	"\003\300\007\000\034\000x\000\034\000\007\000\003\300"
 103      1C007800 
 103      1C000700 
 103      03C0
 104 0478 00F00030 		.ascii	"\000\360\0000\000\000\000\000\000\000\000\000\000\000"
 104      00000000 
 104      00000000 
 104      0000
 105 0486 00000000 		.ascii	"\000\000\000\000\000\000\000\000\000\000\000\000\177"
 105      00000000 
 105      00000000 
 105      7F
 106 0493 F07FF000 		.ascii	"\360\177\360\000\000\000\000\177\360\177\360\000\000"
 106      0000007F 
 106      F07FF000 
 106      00
 107 04a0 00000000 		.ascii	"\000\000\000\000\000\000\000\000\000\000\000\000\000"
 107      00000000 
 107      00000000 
 107      00
 108 04ad 00000000 		.ascii	"\000\000\000\000\000\000\000\000\0000\000<\000\017\000"
 108      00000000 
 108      0030003C 
 108      000F00
 109 04bc 038000E0 		.ascii	"\003\200\000\340\000x\000\340\003\200\017\000<\0000"
 109      007800E0 
 109      03800F00 
 109      3C0030
 110 04cb 00000000 		.ascii	"\000\000\000\000\000\000\000\000\000\000\000\000\000"
 110      00000000 
 110      00000000 
 110      00
 111 04d8 00000000 		.ascii	"\000\000\000\000\017\200\037\300\030`\030`\000`\001"
 111      0F801FC0 
 111      18601860 
 111      006001
 112 04e7 C0038003 		.ascii	"\300\003\200\003\000\000\000\000\000\007\000\007\000"
 112      00000000 
 112      00070007 
 112      00
 113 04f4 00000000 		.ascii	"\000\000\000\000\000\000\000\000\000\000\000\000\000"
 113      00000000 
 113      00000000 
 113      00
 114 0501 0003800C 		.ascii	"\000\003\200\014\200\010@\020@\020@\021\300\022@\022"
 114      80084010 
 114      40104011 
 114      C0124012 
 115 0511 40124011 		.ascii	"@\022@\021\300\020\000\010\000\010@\007\200\000\000"
ARM GAS  /tmp/ccGZsDQ2.s 			page 8


 115      C0100008 
 115      00084007 
 115      800000
 116 0520 00000000 		.ascii	"\000\000\000\000\000\000\000\000\000\000\000\000\037"
 116      00000000 
 116      00000000 
 116      1F
 117 052d 801F8003 		.ascii	"\200\037\200\003\200\006\300\006\300\014\300\014`\037"
 117      8006C006 
 117      C00CC00C 
 117      601F
 118 053b E01FE030 		.ascii	"\340\037\34000xxxx\000\000\000\000\000\000\000\000\000"
 118      30787878 
 118      78000000 
 118      00000000 
 118      0000
 119 054d 00000000 		.ascii	"\000\000\000\000\000\000\000?\200?\300\030`\030`\030"
 119      0000003F 
 119      803FC018 
 119      60186018 
 120 055d E01FC01F 		.ascii	"\340\037\300\037\340\030p\0300\0300?\360?\340\000\000"
 120      E0187018 
 120      3018303F 
 120      F03FE000 
 120      00
 121 056e 00000000 		.ascii	"\000\000\000\000\000\000\000\000\000\000\000\000\000"
 121      00000000 
 121      00000000 
 121      00
 122 057b 0007B00F 		.ascii	"\000\007\260\017\360\034p800\0000\0000\0000\00080\034"
 122      F01C7038 
 122      30300030 
 122      00300030 
 122      0038301C 
 123 058f 700FE007 		.ascii	"p\017\340\007\300\000\000\000\000\000\000\000\000\000"
 123      C0000000 
 123      00000000 
 123      0000
 124 059d 00000000 		.ascii	"\000\000\000\000\000\000\000\177\200\177\3000\3400p"
 124      0000007F 
 124      807FC030 
 124      E03070
 125 05ac 30303030 		.ascii	"000000000p0\340\177\300\177\200\000\000\000\000\000"
 125      30303030 
 125      307030E0 
 125      7FC07F80 
 125      00000000 
 126 05c1 00000000 		.ascii	"\000\000\000\000\000\000\000\000\000\000\000?\360?\360"
 126      00000000 
 126      0000003F 
 126      F03FF0
 127 05d0 18301830 		.ascii	"\0300\0300\031\200\037\200\037\200\031\200\0300\030"
 127      19801F80 
 127      1F801980 
 127      183018
 128 05df 303FF03F 		.ascii	"0?\360?\360\000\000\000\000\000\000\000\000\000\000"
 128      F0000000 
ARM GAS  /tmp/ccGZsDQ2.s 			page 9


 128      00000000 
 128      000000
 129 05ee 00000000 		.ascii	"\000\000\000\000\000\000?\360?\360\0300\0300\031\200"
 129      00003FF0 
 129      3FF01830 
 129      18301980 
 130 05fe 1F801F80 		.ascii	"\037\200\037\200\031\200\030\000\030\000?\000?\000\000"
 130      19801800 
 130      18003F00 
 130      3F0000
 131 060d 00000000 		.ascii	"\000\000\000\000\000\000\000\000\000\000\000\000\000"
 131      00000000 
 131      00000000 
 131      00
 132 061a 000007B0 		.ascii	"\000\000\007\260\037\360\030p000\0000\0001\3701\370"
 132      1FF01870 
 132      30303000 
 132      300031F8 
 132      31F8
 133 062c 30301830 		.ascii	"00\0300\037\360\007\300\000\000\000\000\000\000\000"
 133      1FF007C0 
 133      00000000 
 133      000000
 134 063b 00000000 		.ascii	"\000\000\000\000\000\000\000\000\000<\360<\360\030`"
 134      00000000 
 134      003CF03C 
 134      F01860
 135 064a 18601860 		.ascii	"\030`\030`\037\340\037\340\030`\030`\030`<\360<\360"
 135      1FE01FE0 
 135      18601860 
 135      18603CF0 
 135      3CF0
 136 065c 00000000 		.ascii	"\000\000\000\000\000\000\000\000\000\000\000\000\000"
 136      00000000 
 136      00000000 
 136      00
 137 0669 0000001F 		.ascii	"\000\000\000\037\340\037\340\003\000\003\000\003\000"
 137      E01FE003 
 137      00030003 
 137      00
 138 0676 03000300 		.ascii	"\003\000\003\000\003\000\003\000\003\000\037\340\037"
 138      03000300 
 138      03001FE0 
 138      1F
 139 0683 E0000000 		.ascii	"\340\000\000\000\000\000\000\000\000\000\000\000\000"
 139      00000000 
 139      00000000 
 139      00
 140 0690 00000000 		.ascii	"\000\000\000\000\003\370\003\370\000`\000`\000`\000"
 140      03F803F8 
 140      00600060 
 140      006000
 141 069f 60306030 		.ascii	"`0`0`0`0\340?\300\017\200\000\000\000\000\000\000\000"
 141      60306030 
 141      E03FC00F 
 141      80000000 
 141      00000000 
ARM GAS  /tmp/ccGZsDQ2.s 			page 10


 142 06b3 00000000 		.ascii	"\000\000\000\000\000\000\000\000\000>\370>\370\030\340"
 142      00000000 
 142      003EF83E 
 142      F818E0
 143 06c2 19801B00 		.ascii	"\031\200\033\000\037\000\035\200\030\300\030\300\030"
 143      1F001D80 
 143      18C018C0 
 143      18
 144 06cf 603E783E 		.ascii	"`>x>8\000\000\000\000\000\000\000\000\000\000\000\000"
 144      38000000 
 144      00000000 
 144      00000000 
 144      00
 145 06e0 00000000 		.ascii	"\000\000\000\000?\000?\000\014\000\014\000\014\000\014"
 145      3F003F00 
 145      0C000C00 
 145      0C000C
 146 06ef 000C000C 		.ascii	"\000\014\000\0140\0140\0140?\360?\360\000\000\000\000"
 146      300C300C 
 146      303FF03F 
 146      F0000000 
 146      00
 147 0700 00000000 		.ascii	"\000\000\000\000\000\000\000\000\000\000\000\000xxx"
 147      00000000 
 147      00000000 
 147      787878
 148 070f 7838703C 		.ascii	"x8p<\3604\2607\2607\260303000|\370|\370\000\000\000"
 148      F034B037 
 148      B037B033 
 148      30333030 
 148      307CF87C 
 149 0727 00000000 		.ascii	"\000\000\000\000\000\000\000\000\000\000\000\000\000"
 149      00000000 
 149      00000000 
 149      00
 150 0734 39F03DF0 		.ascii	"9\360=\360\034`\036`\036`\033`\033`\031\340\031\340"
 150      1C601E60 
 150      1E601B60 
 150      1B6019E0 
 150      19E0
 151 0746 18E03EE0 		.ascii	"\030\340>\340>`\000\000\000\000\000\000\000\000\000"
 151      3E600000 
 151      00000000 
 151      000000
 152 0755 00000000 		.ascii	"\000\000\000\000\000\000\000\007\200\017\300\034\340"
 152      00000007 
 152      800FC01C 
 152      E0
 153 0762 38703030 		.ascii	"8p000000008p\034\340\017\300\007\200\000\000\000\000"
 153      30303030 
 153      30303870 
 153      1CE00FC0 
 153      07800000 
 154 0778 00000000 		.ascii	"\000\000\000\000\000\000\000\000\000\000\000\000?\300"
 154      00000000 
 154      00000000 
 154      3FC0
ARM GAS  /tmp/ccGZsDQ2.s 			page 11


 155 0786 3FE01870 		.ascii	"?\340\030p\0300\0300\030p\037\340\037\300\030\000\030"
 155      18301830 
 155      18701FE0 
 155      1FC01800 
 155      18
 156 0797 003F003F 		.ascii	"\000?\000?\000\000\000\000\000\000\000\000\000\000\000"
 156      00000000 
 156      00000000 
 156      000000
 157 07a6 00000000 		.ascii	"\000\000\000\000\000\000\007\200\017\300\034\3408p0"
 157      00000780 
 157      0FC01CE0 
 157      387030
 158 07b5 30303030 		.ascii	"00000008p\034\340\017\300\007\200\007\260\017\360\014"
 158      30303038 
 158      701CE00F 
 158      C0078007 
 158      B00FF00C 
 159 07c9 E0000000 		.ascii	"\340\000\000\000\000\000\000"
 159      000000
 160 07d0 00000000 		.ascii	"\000\000\000\000?\300?\340\030p\0300\030p\037\340\037"
 160      3FC03FE0 
 160      18701830 
 160      18701FE0 
 160      1F
 161 07e1 C018E018 		.ascii	"\300\030\340\030`\030p>8>\030\000\000\000\000\000\000"
 161      6018703E 
 161      383E1800 
 161      00000000 
 161      00
 162 07f2 00000000 		.ascii	"\000\000\000\000\000\000\000\000\000\000\017\260\037"
 162      00000000 
 162      00000FB0 
 162      1F
 163 07ff F0387030 		.ascii	"\3608p008\000\037\200\007\340\000p008p?\3407\300\000"
 163      3038001F 
 163      8007E000 
 163      70303038 
 163      703FE037 
 164 0815 00000000 		.ascii	"\000\000\000\000\000\000\000\000\000\000\000\000\000"
 164      00000000 
 164      00000000 
 164      00
 165 0822 00003FF0 		.ascii	"\000\000?\360?\360303030\003\000\003\000\003\000\003"
 165      3FF03330 
 165      33303330 
 165      03000300 
 165      030003
 166 0835 0003000F 		.ascii	"\000\003\000\017\300\017\300\000\000\000\000\000\000"
 166      C00FC000 
 166      00000000 
 166      00
 167 0842 00000000 		.ascii	"\000\000\000\000\000\000\000\000\000\000<\360<\360\030"
 167      00000000 
 167      00003CF0 
 167      3CF018
 168 0851 60186018 		.ascii	"`\030`\030`\030`\030`\030`\030`\034\340\017\300\007"
ARM GAS  /tmp/ccGZsDQ2.s 			page 12


 168      60186018 
 168      60186018 
 168      601CE00F 
 168      C007
 169 0863 80000000 		.ascii	"\200\000\000\000\000\000\000\000\000\000\000\000\000"
 169      00000000 
 169      00000000 
 169      00
 170 0870 00000000 		.ascii	"\000\000\000\000x\360x\3600`0`\030\300\030\300\015\200"
 170      78F078F0 
 170      30603060 
 170      18C018C0 
 170      0D80
 171 0882 0D800D80 		.ascii	"\015\200\015\200\007\000\007\000\007\000\000\000\000"
 171      07000700 
 171      07000000 
 171      00
 172 088f 00000000 		.ascii	"\000\000\000\000\000\000\000\000\000\000\000\000\000"
 172      00000000 
 172      00000000 
 172      00
 173 089c 7C7C7C7C 		.ascii	"||||0\0303\2303\2303\2306\330\026\320\034p\034p\034"
 173      30183398 
 173      33983398 
 173      36D816D0 
 173      1C701C70 
 174 08b1 70183000 		.ascii	"p\0300\000\000\000\000\000\000\000\000\000\000\000\000"
 174      00000000 
 174      00000000 
 174      000000
 175 08c0 00000000 		.ascii	"\000\000\000\000x\360x\3600`\030\300\015\200\007\000"
 175      78F078F0 
 175      306018C0 
 175      0D800700 
 176 08d0 07000D80 		.ascii	"\007\000\015\200\030\3000`x\360x\360\000\000\000\000"
 176      18C03060 
 176      78F078F0 
 176      00000000 
 177 08e0 00000000 		.ascii	"\000\000\000\000\000\000\000\000\000\000\000\000<\360"
 177      00000000 
 177      00000000 
 177      3CF0
 178 08ee 3CF01860 		.ascii	"<\360\030`\014\300\007\200\007\200\003\000\003\000\003"
 178      0CC00780 
 178      07800300 
 178      030003
 179 08fd 0003000F 		.ascii	"\000\003\000\017\300\017\300\000\000\000\000\000\000"
 179      C00FC000 
 179      00000000 
 179      00
 180 090a 00000000 		.ascii	"\000\000\000\000\000\000\000\000\000\000\037\340\037"
 180      00000000 
 180      00001FE0 
 180      1F
 181 0917 E0186018 		.ascii	"\340\030`\030\300\001\200\003\000\003\000\006\000\014"
 181      C0018003 
 181      00030006 
ARM GAS  /tmp/ccGZsDQ2.s 			page 13


 181      000C
 182 0925 6018601F 		.ascii	"`\030`\037\340\037\340\000\000\000\000\000\000\000\000"
 182      E01FE000 
 182      00000000 
 182      000000
 183 0934 00000000 		.ascii	"\000\000\000\000\000\000\003\300\003\300\003\000\003"
 183      000003C0 
 183      03C00300 
 183      03
 184 0941 00030003 		.ascii	"\000\003\000\003\000\003\000\003\000\003\000\003\000"
 184      00030003 
 184      00030003 
 184      00
 185 094e 03000300 		.ascii	"\003\000\003\000\003\000\003\000\003\300\003\300\000"
 185      03000300 
 185      03C003C0 
 185      00
 186 095b 00000000 		.ascii	"\000\000\000\000\000\030\000\030\000\014\000\014\000"
 186      00180018 
 186      000C000C 
 186      00
 187 0968 0C000600 		.ascii	"\014\000\006\000\006\000\003\000\003\000\001\200\001"
 187      06000300 
 187      03000180 
 187      01
 188 0975 8000C000 		.ascii	"\200\000\300\000\300\000\300\000`\000`\000\000\000\000"
 188      C000C000 
 188      60006000 
 188      000000
 189 0984 00000000 		.ascii	"\000\000\000\000\000\000\017\000\017\000\003\000\003"
 189      00000F00 
 189      0F000300 
 189      03
 190 0991 00030003 		.ascii	"\000\003\000\003\000\003\000\003\000\003\000\003\000"
 190      00030003 
 190      00030003 
 190      00
 191 099e 03000300 		.ascii	"\003\000\003\000\003\000\003\000\017\000\017\000\000"
 191      03000300 
 191      0F000F00 
 191      00
 192 09ab 00000000 		.ascii	"\000\000\000\000\000\000\000\002\000\007\000\015\200"
 192      00000002 
 192      0007000D 
 192      80
 193 09b8 18C03060 		.ascii	"\030\3000`  \000\000\000\000\000\000\000\000\000\000"
 193      20200000 
 193      00000000 
 193      00000000 
 194 09c8 00000000 		.ascii	"\000\000\000\000\000\000\000\000\000\000\000\000\000"
 194      00000000 
 194      00000000 
 194      00
 195 09d5 00000000 		.ascii	"\000\000\000\000\000\000\000\000\000\000\000\000\000"
 195      00000000 
 195      00000000 
 195      00
ARM GAS  /tmp/ccGZsDQ2.s 			page 14


 196 09e2 00000000 		.ascii	"\000\000\000\000\000\000\000\000\000\000\000\000\000"
 196      00000000 
 196      00000000 
 196      00
 197 09ef 00000000 		.ascii	"\000\000\000\000\000\000\000\000\000\000\000\000\000"
 197      00000000 
 197      00000000 
 197      00
 198 09fc FFFCFFFC 		.ascii	"\377\374\377\374\000\000\004\000\003\000\000\200\000"
 198      00000400 
 198      03000080 
 198      00
 199 0a09 00000000 		.ascii	"\000\000\000\000\000\000\000\000\000\000\000\000\000"
 199      00000000 
 199      00000000 
 199      00
 200 0a16 00000000 		.ascii	"\000\000\000\000\000\000\000\000\000\000\000\000\000"
 200      00000000 
 200      00000000 
 200      00
 201 0a23 00000000 		.ascii	"\000\000\000\000\000\000\000\000\000\000\000\000\000"
 201      00000000 
 201      00000000 
 201      00
 202 0a30 00000FC0 		.ascii	"\000\000\017\300\037\340\000`\017\340\037\3408`0\340"
 202      1FE00060 
 202      0FE01FE0 
 202      386030E0 
 203 0a40 3FF01F70 		.ascii	"?\360\037p\000\000\000\000\000\000\000\000\000\000\000"
 203      00000000 
 203      00000000 
 203      000000
 204 0a4f 00000070 		.ascii	"\000\000\000p\000p\0000\0000\0007\200?\3408`0000008"
 204      00700030 
 204      00300037 
 204      803FE038 
 204      60303030 
 205 0a67 607FE077 		.ascii	"`\177\340w\200\000\000\000\000\000\000\000\000\000\000"
 205      80000000 
 205      00000000 
 205      000000
 206 0a76 00000000 		.ascii	"\000\000\000\000\000\000\000\000\000\000\000\000\007"
 206      00000000 
 206      00000000 
 206      07
 207 0a83 B01FF018 		.ascii	"\260\037\360\0300000\0000\00080\037\360\017\300\000"
 207      30303030 
 207      00300038 
 207      301FF00F 
 207      C000
 208 0a95 00000000 		.ascii	"\000\000\000\000\000\000\000\000\000\000\000\000\000"
 208      00000000 
 208      00000000 
 208      00
 209 0aa2 00700070 		.ascii	"\000p\000p\0000\0000\007\260\037\360\030p0000008p\037"
 209      00300030 
 209      07B01FF0 
ARM GAS  /tmp/ccGZsDQ2.s 			page 15


 209      18703030 
 209      30303030 
 210 0ab9 F807B800 		.ascii	"\370\007\270\000\000\000\000\000\000\000\000\000\000"
 210      00000000 
 210      00000000 
 210      00
 211 0ac6 00000000 		.ascii	"\000\000\000\000\000\000\000\000\000\000\000\000\007"
 211      00000000 
 211      00000000 
 211      07
 212 0ad3 801FE018 		.ascii	"\200\037\340\030`?\360?\3600\000\0300\037\360\007\300"
 212      603FF03F 
 212      F0300018 
 212      301FF007 
 212      C0
 213 0ae4 00000000 		.ascii	"\000\000\000\000\000\000\000\000\000\000\000\000\000"
 213      00000000 
 213      00000000 
 213      00
 214 0af1 0003F007 		.ascii	"\000\003\360\007\360\006\000\006\000\037\340\037\340"
 214      F0060006 
 214      001FE01F 
 214      E0
 215 0afe 06000600 		.ascii	"\006\000\006\000\006\000\006\000\006\000\037\340\037"
 215      06000600 
 215      06001FE0 
 215      1F
 216 0b0b E0000000 		.ascii	"\340\000\000\000\000\000\000\000\000\000\000\000\000"
 216      00000000 
 216      00000000 
 216      00
 217 0b18 00000000 		.ascii	"\000\000\000\000\000\000\000\000\000\000\007\270\037"
 217      00000000 
 217      000007B8 
 217      1F
 218 0b25 F8187030 		.ascii	"\370\030p000000\030p\037\360\007\260\0000\000p\017\340"
 218      30303030 
 218      3018701F 
 218      F007B000 
 218      3000700F 
 219 0b3a 0FC00000 		.ascii	"\017\300\000\000\000\000\000\0008\0008\000\030\000\030"
 219      00000000 
 219      38003800 
 219      180018
 220 0b49 001BC01F 		.ascii	"\000\033\300\037\340\034`\030`\030`\030`\030`<\360<"
 220      E01C6018 
 220      60186018 
 220      6018603C 
 220      F03C
 221 0b5b F0000000 		.ascii	"\360\000\000\000\000\000\000\000\000\000\000\000\000"
 221      00000000 
 221      00000000 
 221      00
 222 0b68 00000300 		.ascii	"\000\000\003\000\003\000\000\000\000\000\037\000\037"
 222      03000000 
 222      00001F00 
 222      1F
ARM GAS  /tmp/ccGZsDQ2.s 			page 16


 223 0b75 00030003 		.ascii	"\000\003\000\003\000\003\000\003\000\003\000\037\340"
 223      00030003 
 223      0003001F 
 223      E0
 224 0b82 1FE00000 		.ascii	"\037\340\000\000\000\000\000\000\000\000\000\000\000"
 224      00000000 
 224      00000000 
 224      00
 225 0b8f 00000003 		.ascii	"\000\000\000\003\000\003\000\000\000\000\000\037\300"
 225      00030000 
 225      0000001F 
 225      C0
 226 0b9c 1FC000C0 		.ascii	"\037\300\000\300\000\300\000\300\000\300\000\300\000"
 226      00C000C0 
 226      00C000C0 
 226      00
 227 0ba9 C000C000 		.ascii	"\300\000\300\000\300\001\300?\200?\000\000\000\000\000"
 227      C001C03F 
 227      803F0000 
 227      000000
 228 0bb8 00003800 		.ascii	"\000\0008\0008\000\030\000\030\000\033\340\033\340\033"
 228      38001800 
 228      18001BE0 
 228      1BE01B
 229 0bc7 001E001E 		.ascii	"\000\036\000\036\000\033\000\031\2009\3609\360\000\000"
 229      001B0019 
 229      8039F039 
 229      F00000
 230 0bd6 00000000 		.ascii	"\000\000\000\000\000\000\000\000\000\000\000\000\037"
 230      00000000 
 230      00000000 
 230      1F
 231 0be3 001F0003 		.ascii	"\000\037\000\003\000\003\000\003\000\003\000\003\000"
 231      00030003 
 231      00030003 
 231      00
 232 0bf0 03000300 		.ascii	"\003\000\003\000\003\000\003\000\037\340\037\340\000"
 232      03000300 
 232      1FE01FE0 
 232      00
 233 0bfd 00000000 		.ascii	"\000\000\000\000\000\000\000\000\000\000\000\000\000"
 233      00000000 
 233      00000000 
 233      00
 234 0c0a 00000000 		.ascii	"\000\000\000\000\000\000\000\000~\340\177\360303030"
 234      00000000 
 234      7EE07FF0 
 234      33303330 
 234      3330
 235 0c1c 33303330 		.ascii	"3030{\270{\270\000\000\000\000\000\000\000\000\000\000"
 235      7BB87BB8 
 235      00000000 
 235      00000000 
 235      0000
 236 0c2e 00000000 		.ascii	"\000\000\000\000\000\000\000\000\000\000\000\000;\300"
 236      00000000 
 236      00000000 
ARM GAS  /tmp/ccGZsDQ2.s 			page 17


 236      3BC0
 237 0c3c 3FE01C60 		.ascii	"?\340\034`\030`\030`\030`\030`<\360<\360\000\000\000"
 237      18601860 
 237      18601860 
 237      3CF03CF0 
 237      000000
 238 0c4f 00000000 		.ascii	"\000\000\000\000\000\000\000\000\000\000\000\000\000"
 238      00000000 
 238      00000000 
 238      00
 239 0c5c 00000000 		.ascii	"\000\000\000\000\000\000\007\200\037\340\030`000000"
 239      00000780 
 239      1FE01860 
 239      30303030 
 239      3030
 240 0c6e 18601FE0 		.ascii	"\030`\037\340\007\200\000\000\000\000\000\000\000\000"
 240      07800000 
 240      00000000 
 240      0000
 241 0c7c 00000000 		.ascii	"\000\000\000\000\000\000\000\000\000\000\000\000\000"
 241      00000000 
 241      00000000 
 241      00
 242 0c89 0077807F 		.ascii	"\000w\200\177\3408`0000008`?\3407\2000\0000\000|\000"
 242      E0386030 
 242      30303030 
 242      3038603F 
 242      E0378030 
 243 0ca2 7C000000 		.ascii	"|\000\000\000\000\000\000\000\000\000\000\000\000\000"
 243      00000000 
 243      00000000 
 243      0000
 244 0cb0 000007B8 		.ascii	"\000\000\007\270\037\370\030p000000\030p\037\360\007"
 244      1FF81870 
 244      30303030 
 244      30301870 
 244      1FF007
 245 0cc3 B0003000 		.ascii	"\260\0000\0000\000\370\000\370\000\000\000\000\000\000"
 245      3000F800 
 245      F8000000 
 245      000000
 246 0cd2 00000000 		.ascii	"\000\000\000\000\000\000\000\000<\340=\360\0170\016"
 246      00000000 
 246      3CE03DF0 
 246      0F300E
 247 0ce1 000C000C 		.ascii	"\000\014\000\014\000\014\000?\300?\300\000\000\000\000"
 247      000C003F 
 247      C03FC000 
 247      000000
 248 0cf0 00000000 		.ascii	"\000\000\000\000\000\000\000\000\000\000\000\000\000"
 248      00000000 
 248      00000000 
 248      00
 249 0cfd 00000000 		.ascii	"\000\000\000\000\000\007\340\037\340\030`\036\000\017"
 249      0007E01F 
 249      E018601E 
 249      000F
ARM GAS  /tmp/ccGZsDQ2.s 			page 18


 250 0d0b C001E018 		.ascii	"\300\001\340\030`\037\340\037\200\000\000\000\000\000"
 250      601FE01F 
 250      80000000 
 250      0000
 251 0d19 00000000 		.ascii	"\000\000\000\000\000\000\000\000\000\000\000\014\000"
 251      00000000 
 251      0000000C 
 251      00
 252 0d26 0C000C00 		.ascii	"\014\000\014\000?\340?\340\014\000\014\000\014\000\014"
 252      3FE03FE0 
 252      0C000C00 
 252      0C000C
 253 0d35 000C300F 		.ascii	"\000\0140\017\360\007\300\000\000\000\000\000\000\000"
 253      F007C000 
 253      00000000 
 253      0000
 254 0d43 00000000 		.ascii	"\000\000\000\000\000\000\000\000\000\000\000\000\000"
 254      00000000 
 254      00000000 
 254      00
 255 0d50 000038E0 		.ascii	"\000\0008\3408\340\030`\030`\030`\030`\030\340\037\360"
 255      38E01860 
 255      18601860 
 255      186018E0 
 255      1FF0
 256 0d62 0F700000 		.ascii	"\017p\000\000\000\000\000\000\000\000\000\000\000\000"
 256      00000000 
 256      00000000 
 256      0000
 257 0d70 00000000 		.ascii	"\000\000\000\000\000\000\000\000\000\000x\360x\3600"
 257      00000000 
 257      000078F0 
 257      78F030
 258 0d7f 6018C018 		.ascii	"`\030\300\030\300\015\200\015\200\007\000\007\000\000"
 258      C00D800D 
 258      80070007 
 258      0000
 259 0d8d 00000000 		.ascii	"\000\000\000\000\000\000\000\000\000\000\000\000\000"
 259      00000000 
 259      00000000 
 259      00
 260 0d9a 00000000 		.ascii	"\000\000\000\000\000\000\000\000x\360x\3602`2`7\340"
 260      00000000 
 260      78F078F0 
 260      32603260 
 260      37E0
 261 0dac 1DC01DC0 		.ascii	"\035\300\035\300\030\300\030\300\000\000\000\000\000"
 261      18C018C0 
 261      00000000 
 261      00
 262 0db9 00000000 		.ascii	"\000\000\000\000\000\000\000\000\000\000\000\000\000"
 262      00000000 
 262      00000000 
 262      00
 263 0dc6 00000000 		.ascii	"\000\000\000\000<\360<\360\014\300\007\200\003\000\007"
 263      3CF03CF0 
 263      0CC00780 
ARM GAS  /tmp/ccGZsDQ2.s 			page 19


 263      030007
 264 0dd5 800CC03C 		.ascii	"\200\014\300<\360<\360\000\000\000\000\000\000\000\000"
 264      F03CF000 
 264      00000000 
 264      000000
 265 0de4 00000000 		.ascii	"\000\000\000\000\000\000\000\000\000\000\000\000\000"
 265      00000000 
 265      00000000 
 265      00
 266 0df1 0078F078 		.ascii	"\000x\360x\3600`\030\300\030\300\015\200\017\200\007"
 266      F0306018 
 266      C018C00D 
 266      800F8007 
 267 0e01 00060006 		.ascii	"\000\006\000\006\000\014\000\177\000\177\000\000\000"
 267      000C007F 
 267      007F0000 
 267      00
 268 0e0e 00000000 		.ascii	"\000\000\000\000\000\000\000\000\000\000\000\000\037"
 268      00000000 
 268      00000000 
 268      1F
 269 0e1b E01FE018 		.ascii	"\340\037\340\030\300\001\200\003\000\006\000\014`\037"
 269      C0018003 
 269      0006000C 
 269      601F
 270 0e29 E01FE000 		.ascii	"\340\037\340\000\000\000\000\000\000\000\000\000\000"
 270      00000000 
 270      00000000 
 270      00
 271 0e36 00000000 		.ascii	"\000\000\000\000\001\300\003\300\003\000\003\000\003"
 271      01C003C0 
 271      03000300 
 271      03
 272 0e43 00030003 		.ascii	"\000\003\000\003\000\007\000\016\000\007\000\003\000"
 272      0007000E 
 272      00070003 
 272      00
 273 0e50 03000300 		.ascii	"\003\000\003\000\003\000\003\300\001\300\000\000\000"
 273      030003C0 
 273      01C00000 
 273      00
 274 0e5d 00000000 		.ascii	"\000\000\000\000\000\003\000\003\000\003\000\003\000"
 274      00030003 
 274      00030003 
 274      00
 275 0e6a 03000300 		.ascii	"\003\000\003\000\003\000\003\000\003\000\003\000\003"
 275      03000300 
 275      03000300 
 275      03
 276 0e77 00030003 		.ascii	"\000\003\000\003\000\003\000\003\000\003\000\000\000"
 276      00030003 
 276      00030000 
 276      00
 277 0e84 00000000 		.ascii	"\000\000\000\000\000\000\034\000\036\000\006\000\006"
 277      00001C00 
 277      1E000600 
 277      06
ARM GAS  /tmp/ccGZsDQ2.s 			page 20


 278 0e91 00060006 		.ascii	"\000\006\000\006\000\006\000\007\000\003\200\007\000"
 278      00060007 
 278      00038007 
 278      00
 279 0e9e 06000600 		.ascii	"\006\000\006\000\006\000\006\000\036\000\034\000\000"
 279      06000600 
 279      1E001C00 
 279      00
 280 0eab 00000000 		.ascii	"\000\000\000\000\000\000\000\000\000\000\000\000\000"
 280      00000000 
 280      00000000 
 280      00
 281 0eb8 00000000 		.ascii	"\000\000\000\000\016\000?03\360\001\340\000\000\000"
 281      0E003F30 
 281      33F001E0 
 281      000000
 282 0ec7 00000000 		.ascii	"\000\000\000\000\000\000\000\000\000\000\000\000\000"
 282      00000000 
 282      00000000 
 282      00
 283 0ed4 00000000 		.ascii	"\000\000\000\000"
 284              		.global	Font20
 285              		.section	.data.Font20,"aw"
 286              		.align	2
 289              	Font20:
 290 0000 00000000 		.word	Font20_Table
 291 0004 0E00     		.short	14
 292 0006 1400     		.short	20
 293              		.text
 294              	.Letext0:
 295              		.file 1 "/usr/lib/gcc/arm-none-eabi/9.2.1/include/stdint.h"
 296              		.file 2 "./BSP/ST/Fonts/fonts.h"
 297              		.file 3 "./BSP/ST/Fonts/font20.c"
ARM GAS  /tmp/ccGZsDQ2.s 			page 21


DEFINED SYMBOLS
                            *ABS*:0000000000000000 font20.c
     /tmp/ccGZsDQ2.s:21     .rodata.Font20_Table:0000000000000000 Font20_Table
     /tmp/ccGZsDQ2.s:18     .rodata.Font20_Table:0000000000000000 $d
     /tmp/ccGZsDQ2.s:289    .data.Font20:0000000000000000 Font20
     /tmp/ccGZsDQ2.s:286    .data.Font20:0000000000000000 $d

NO UNDEFINED SYMBOLS
