ARM GAS  /tmp/cccomJnl.s 			page 1


   1              		.cpu cortex-m7
   2              		.eabi_attribute 28, 1
   3              		.eabi_attribute 20, 1
   4              		.eabi_attribute 21, 1
   5              		.eabi_attribute 23, 3
   6              		.eabi_attribute 24, 1
   7              		.eabi_attribute 25, 1
   8              		.eabi_attribute 26, 1
   9              		.eabi_attribute 30, 6
  10              		.eabi_attribute 34, 1
  11              		.eabi_attribute 18, 4
  12              		.file	"font8.c"
  13              		.text
  14              	.Ltext0:
  15              		.cfi_sections	.debug_frame
  16              		.global	Font8_Table
  17              		.section	.rodata.Font8_Table,"a"
  18              		.align	2
  21              	Font8_Table:
  22 0000 00000000 		.ascii	"\000\000\000\000\000\000\000\000    \000 \000\000PP"
  22      00000000 
  22      20202020 
  22      00200000 
  22      5050
  23 0012 00000000 		.ascii	"\000\000\000\000\000\000(P\370P\370P\240\000 0`0\020"
  23      00002850 
  23      F850F850 
  23      A0002030 
  23      603010
  24 0025 60200020 		.ascii	"` \000  \030`\020\020\000\000\0008 `Px\000\000   \000"
  24      20186010 
  24      10000000 
  24      38206050 
  24      78000020 
  25 003c 00000000 		.ascii	"\000\000\000\000\020     \020\000@     @\000 p P\000"
  25      10202020 
  25      20201000 
  25      40202020 
  25      20204000 
  26 0055 00000000 		.ascii	"\000\000\000\000  \370  \000\000\000\000\000\000\020"
  26      2020F820 
  26      20000000 
  26      00000010 
  27 0065 20200000 		.ascii	"  \000\000\000\000p\000\000\000\000\000\000\000\000"
  27      00007000 
  27      00000000 
  27      000000
  28 0074 00200000 		.ascii	"\000 \000\000\020   @@\200\000 PPPP \000\000`    \370"
  28      10202020 
  28      40408000 
  28      20505050 
  28      50200000 
  29 008e 00002050 		.ascii	"\000\000 P  @p\000\000 P\020 \020`\000\000\0200Px\020"
  29      20204070 
  29      00002050 
  29      10201060 
  29      00001030 
ARM GAS  /tmp/cccomJnl.s 			page 2


  30 00a5 38000070 		.ascii	"8\000\000p@`\020P \000\0000@`PP`\000\000pP\020   \000"
  30      40601050 
  30      20000030 
  30      40605050 
  30      60000070 
  31 00bf 00205020 		.ascii	"\000 P PP \000\0000PP0\020`\000\000\000\000 \000\000"
  31      50502000 
  31      00305050 
  31      30106000 
  31      00000020 
  32 00d5 20000000 		.ascii	" \000\000\000\000\020\000\020 \000\000\000\020 \300"
  32      00100010 
  32      20000000 
  32      1020C0
  33 00e4 20100000 		.ascii	" \020\000\000\000p\000p\000\000\000\000\000@ \030 @"
  33      00700070 
  33      00000000 
  33      00402018 
  33      2040
  34 00f6 00002050 		.ascii	"\000\000 P\020 \000 \000\0000HHXH@8\000` Pp\210\330"
  34      10200020 
  34      00003048 
  34      48584840 
  34      38006020 
  35 010e 0000F048 		.ascii	"\000\000\360HpHH\360\000\000pP@@@0\000\000\360HHHH\360"
  35      704848F0 
  35      00007050 
  35      40404030 
  35      0000F048 
  36 0126 0000F848 		.ascii	"\000\000\370H`@H\370\000\000\370H`@@\340\000\000p@@"
  36      604048F8 
  36      0000F848 
  36      604040E0 
  36      00007040 
  37 013b 58503000 		.ascii	"XP0\000\000\350HxHH\350\000\000p    p\000\0008\020\020"
  37      00E84878 
  37      4848E800 
  37      00702020 
  37      20207000 
  38 0153 50502000 		.ascii	"PP \000\000\330P`pP\330\000\000\340@@@H\370\000\000"
  38      00D85060 
  38      7050D800 
  38      00E04040 
  38      4048F800 
  39 0168 D8D8D8A8 		.ascii	"\330\330\330\250\210\330\000\000\330hhXX\350\000\000"
  39      88D80000 
  39      D8686858 
  39      58E80000 
  40 0178 30484848 		.ascii	"0HHHH0\000\000\360HHp@\340\000\0000HHHH0\030\000\360"
  40      48300000 
  40      F0484870 
  40      40E00000 
  40      30484848 
  41 0191 48487048 		.ascii	"HHpH\350\000\000pP \020Pp\000\000\370\250   p\000\000"
  41      E8000070 
  41      50201050 
  41      700000F8 
ARM GAS  /tmp/cccomJnl.s 			page 3


  41      A8202020 
  42 01a8 D8484848 		.ascii	"\330HHHH0\000\000\330\210HPP0\000\000\330\210\250\250"
  42      48300000 
  42      D8884850 
  42      50300000 
  42      D888A8A8 
  43 01bc A8500000 		.ascii	"\250P\000\000\330P  P\330\000\000\330\210P  p\000\000"
  43      D8502020 
  43      50D80000 
  43      D8885020 
  43      20700000 
  44 01d0 78481020 		.ascii	"xH\020 Hx\000\0000     0\000\200@@   \020\000`     "
  44      48780000 
  44      30202020 
  44      20203000 
  44      80404020 
  45 01ee 60002020 		.ascii	"`\000  P\000\000\000\000\000\000\000\000\000\000\000"
  45      50000000 
  45      00000000 
  45      00000000 
  46 01fe 00F82010 		.ascii	"\000\370 \020\000\000\000\000\000\000\000\0000\020p"
  46      00000000 
  46      00000000 
  46      301070
  47 020d 780000C0 		.ascii	"x\000\000\300@pHH\360\000\000\000\000p@@p\000\000\030"
  47      40704848 
  47      F0000000 
  47      00704040 
  47      70000018 
  48 0221 08384848 		.ascii	"\0108HH8\000\000\000\000pp@0\000\000\020 p  p\000\000"
  48      38000000 
  48      00707040 
  48      30000010 
  48      20702020 
  49 0238 00003848 		.ascii	"\000\0008HH8\0100\300@pHH\350\000\000 \000`  p\000\000"
  49      48380830 
  49      C0407048 
  49      48E80000 
  49      20006020 
  50 0250 20007010 		.ascii	" \000p\020\020\020\020p\300@XpP\330\000\000`    p\000"
  50      10101070 
  50      C0405870 
  50      50D80000 
  50      60202020 
  51 0267 000000D0 		.ascii	"\000\000\000\320\250\250\250\000\000\000\000\360HH\310"
  51      A8A8A800 
  51      000000F0 
  51      4848C8
  52 0276 00000000 		.ascii	"\000\000\000\0000HH0\000\000\000\000\360HHp@\340\000"
  52      30484830 
  52      00000000 
  52      F0484870 
  52      40E000
  53 0289 00384848 		.ascii	"\0008HH8\010\030\000\000x  p\000\000\000\0000 \020`"
  53      38081800 
  53      00782020 
  53      70000000 
ARM GAS  /tmp/cccomJnl.s 			page 4


  53      00302010 
  54 029e 00000040 		.ascii	"\000\000\000@\360@H0\000\000\000\000\330HH8\000\000"
  54      F0404830 
  54      00000000 
  54      D8484838 
  54      0000
  55 02b0 0000C848 		.ascii	"\000\000\310H00\000\000\000\000\330\250\250P\000\000"
  55      30300000 
  55      0000D8A8 
  55      A8500000 
  56 02c0 00004830 		.ascii	"\000\000H00H\000\000\000\000\330PP  `\000\000xP(x\000"
  56      30480000 
  56      0000D850 
  56      50202060 
  56      00007850 
  57 02d7 00102020 		.ascii	"\000\020  `  \020\000       \000@  0  @\000\000\000"
  57      60202010 
  57      00202020 
  57      20202020 
  57      00402020 
  58 02f2 00285000 		.ascii	"\000(P\000\000\000"
  58      0000
  59              		.global	Font8
  60              		.section	.data.Font8,"aw"
  61              		.align	2
  64              	Font8:
  65 0000 00000000 		.word	Font8_Table
  66 0004 0500     		.short	5
  67 0006 0800     		.short	8
  68              		.text
  69              	.Letext0:
  70              		.file 1 "/usr/lib/gcc/arm-none-eabi/9.2.1/include/stdint.h"
  71              		.file 2 "./BSP/ST/Fonts/fonts.h"
  72              		.file 3 "./BSP/ST/Fonts/font8.c"
ARM GAS  /tmp/cccomJnl.s 			page 5


DEFINED SYMBOLS
                            *ABS*:0000000000000000 font8.c
     /tmp/cccomJnl.s:21     .rodata.Font8_Table:0000000000000000 Font8_Table
     /tmp/cccomJnl.s:18     .rodata.Font8_Table:0000000000000000 $d
     /tmp/cccomJnl.s:64     .data.Font8:0000000000000000 Font8
     /tmp/cccomJnl.s:61     .data.Font8:0000000000000000 $d

NO UNDEFINED SYMBOLS
