ARM GAS  /tmp/cctVNghU.s 			page 1


   1              		.cpu cortex-m7
   2              		.eabi_attribute 28, 1
   3              		.eabi_attribute 20, 1
   4              		.eabi_attribute 21, 1
   5              		.eabi_attribute 23, 3
   6              		.eabi_attribute 24, 1
   7              		.eabi_attribute 25, 1
   8              		.eabi_attribute 26, 1
   9              		.eabi_attribute 30, 6
  10              		.eabi_attribute 34, 1
  11              		.eabi_attribute 18, 4
  12              		.file	"font16.c"
  13              		.text
  14              	.Ltext0:
  15              		.cfi_sections	.debug_frame
  16              		.global	Font16_Table
  17              		.section	.rodata.Font16_Table,"a"
  18              		.align	2
  21              	Font16_Table:
  22 0000 00000000 		.ascii	"\000\000\000\000\000\000\000\000\000\000\000\000\000"
  22      00000000 
  22      00000000 
  22      00
  23 000d 00000000 		.ascii	"\000\000\000\000\000\000\000\000\000\000\000\000\000"
  23      00000000 
  23      00000000 
  23      00
  24 001a 00000000 		.ascii	"\000\000\000\000\000\000\000\000\014\000\014\000\014"
  24      00000000 
  24      0C000C00 
  24      0C
  25 0027 000C000C 		.ascii	"\000\014\000\014\000\014\000\014\000\014\000\000\000"
  25      000C000C 
  25      000C0000 
  25      00
  26 0034 0C000000 		.ascii	"\014\000\000\000\000\000\000\000\000\000\000\000\000"
  26      00000000 
  26      00000000 
  26      00
  27 0041 0000001D 		.ascii	"\000\000\000\035\300\035\300\010\200\010\200\010\200"
  27      C01DC008 
  27      80088008 
  27      80
  28 004e 00000000 		.ascii	"\000\000\000\000\000\000\000\000\000\000\000\000\000"
  28      00000000 
  28      00000000 
  28      00
  29 005b 00000000 		.ascii	"\000\000\000\000\000\000\000\015\200\015\200\015\200"
  29      0000000D 
  29      800D800D 
  29      80
  30 0068 0D803FC0 		.ascii	"\015\200?\300\033\000?\300\033\000\033\000\033\000\033"
  30      1B003FC0 
  30      1B001B00 
  30      1B001B
  31 0077 00000000 		.ascii	"\000\000\000\000\000\000\000\000\000\004\000\037\200"
  31      00000000 
ARM GAS  /tmp/cctVNghU.s 			page 2


  31      0004001F 
  31      80
  32 0084 31803180 		.ascii	"1\2001\2008\000\036\000\017\000\003\2001\2001\200?\000"
  32      38001E00 
  32      0F000380 
  32      31803180 
  32      3F00
  33 0096 04000400 		.ascii	"\004\000\004\000\000\000\000\000\000\000\000\000\030"
  33      00000000 
  33      00000000 
  33      18
  34 00a3 00240024 		.ascii	"\000$\000$\000\030\300\007\200\036\0001\200\002@\002"
  34      0018C007 
  34      801E0031 
  34      80024002 
  35 00b3 40018000 		.ascii	"@\001\200\000\000\000\000\000\000\000\000\000\000\000"
  35      00000000 
  35      00000000 
  35      0000
  36 00c1 0000000F 		.ascii	"\000\000\000\017\000\030\000\030\000\030\000\014\000"
  36      00180018 
  36      0018000C 
  36      00
  37 00ce 1D803700 		.ascii	"\035\2007\0003\000\035\200\000\000\000\000\000\000\000"
  37      33001D80 
  37      00000000 
  37      000000
  38 00dd 00000000 		.ascii	"\000\000\000\000\000\000\000\007\000\007\000\002\000"
  38      00000007 
  38      00070002 
  38      00
  39 00ea 02000200 		.ascii	"\002\000\002\000\000\000\000\000\000\000\000\000\000"
  39      00000000 
  39      00000000 
  39      00
  40 00f7 00000000 		.ascii	"\000\000\000\000\000\000\000\000\000\000\000\003\000"
  40      00000000 
  40      00000003 
  40      00
  41 0104 03000600 		.ascii	"\003\000\006\000\016\000\014\000\014\000\014\000\014"
  41      0E000C00 
  41      0C000C00 
  41      0C
  42 0111 000E0006 		.ascii	"\000\016\000\006\000\003\000\003\000\000\000\000\000"
  42      00030003 
  42      00000000 
  42      00
  43 011e 00000000 		.ascii	"\000\000\000\000\030\000\030\000\014\000\006\000\006"
  43      18001800 
  43      0C000600 
  43      06
  44 012b 00060006 		.ascii	"\000\006\000\006\000\006\000\006\000\014\000\034\000"
  44      00060006 
  44      000C001C 
  44      00
  45 0138 18000000 		.ascii	"\030\000\000\000\000\000\000\000\000\000\006\000\006"
  45      00000000 
ARM GAS  /tmp/cctVNghU.s 			page 3


  45      00000600 
  45      06
  46 0145 003FC03F 		.ascii	"\000?\300?\300\017\000\037\200\031\200\000\000\000\000"
  46      C00F001F 
  46      80198000 
  46      000000
  47 0154 00000000 		.ascii	"\000\000\000\000\000\000\000\000\000\000\000\000\000"
  47      00000000 
  47      00000000 
  47      00
  48 0161 00000000 		.ascii	"\000\000\000\000\000\004\000\004\000\004\000?\200\004"
  48      00040004 
  48      0004003F 
  48      8004
  49 016f 00040004 		.ascii	"\000\004\000\004\000\000\000\000\000\000\000\000\000"
  49      00000000 
  49      00000000 
  49      00
  50 017c 00000000 		.ascii	"\000\000\000\000\000\000\000\000\000\000\000\000\000"
  50      00000000 
  50      00000000 
  50      00
  51 0189 00000000 		.ascii	"\000\000\000\000\000\000\000\000\000\006\000\004\000"
  51      00000000 
  51      00060004 
  51      00
  52 0196 0C000800 		.ascii	"\014\000\010\000\010\000\000\000\000\000\000\000\000"
  52      08000000 
  52      00000000 
  52      00
  53 01a3 00000000 		.ascii	"\000\000\000\000\000\000\000\000\000?\200\000\000\000"
  53      00000000 
  53      003F8000 
  53      0000
  54 01b1 00000000 		.ascii	"\000\000\000\000\000\000\000\000\000\000\000\000\000"
  54      00000000 
  54      00000000 
  54      00
  55 01be 00000000 		.ascii	"\000\000\000\000\000\000\000\000\000\000\000\000\000"
  55      00000000 
  55      00000000 
  55      00
  56 01cb 00000000 		.ascii	"\000\000\000\000\000\000\000\014\000\014\000\000\000"
  56      0000000C 
  56      000C0000 
  56      00
  57 01d8 00000000 		.ascii	"\000\000\000\000\000\000\000\000\000\300\000\300\001"
  57      00000000 
  57      00C000C0 
  57      01
  58 01e5 80018003 		.ascii	"\200\001\200\003\000\003\000\006\000\014\000\014\000"
  58      00030006 
  58      000C000C 
  58      00
  59 01f2 18001800 		.ascii	"\030\000\030\0000\0000\000\000\000\000\000\000\000\000"
  59      30003000 
  59      00000000 
ARM GAS  /tmp/cctVNghU.s 			page 4


  59      000000
  60 0201 000E001B 		.ascii	"\000\016\000\033\0001\2001\2001\2001\2001\2001\200\033"
  60      00318031 
  60      80318031 
  60      80318031 
  60      801B
  61 0213 000E0000 		.ascii	"\000\016\000\000\000\000\000\000\000\000\000\000\000"
  61      00000000 
  61      00000000 
  61      00
  62 0220 00000600 		.ascii	"\000\000\006\000>\000\006\000\006\000\006\000\006\000"
  62      3E000600 
  62      06000600 
  62      0600
  63 022e 06000600 		.ascii	"\006\000\006\000\006\000?\300\000\000\000\000\000\000"
  63      06003FC0 
  63      00000000 
  63      0000
  64 023c 00000000 		.ascii	"\000\000\000\000\000\000\017\000\031\2001\2001\200\003"
  64      00000F00 
  64      19803180 
  64      318003
  65 024b 0006000C 		.ascii	"\000\006\000\014\000\030\0000\000?\200\000\000\000\000"
  65      00180030 
  65      003F8000 
  65      000000
  66 025a 00000000 		.ascii	"\000\000\000\000\000\000\000\000?\000a\200\001\200\003"
  66      00000000 
  66      3F006180 
  66      018003
  67 0269 001F0003 		.ascii	"\000\037\000\003\200\001\200\001\200a\200?\000\000\000"
  67      80018001 
  67      8061803F 
  67      000000
  68 0278 00000000 		.ascii	"\000\000\000\000\000\000\000\000\000\000\007\000\007"
  68      00000000 
  68      00000700 
  68      07
  69 0285 000F000B 		.ascii	"\000\017\000\013\000\033\000\023\0003\000?\200\003\000"
  69      001B0013 
  69      0033003F 
  69      800300
  70 0294 0F800000 		.ascii	"\017\200\000\000\000\000\000\000\000\000\000\000\000"
  70      00000000 
  70      00000000 
  70      00
  71 02a1 001F8018 		.ascii	"\000\037\200\030\000\030\000\030\000\037\000\021\200"
  71      00180018 
  71      001F0011 
  71      80
  72 02ae 01800180 		.ascii	"\001\200\001\200!\200\037\000\000\000\000\000\000\000"
  72      21801F00 
  72      00000000 
  72      0000
  73 02bc 00000000 		.ascii	"\000\000\000\000\000\000\007\200\034\000\030\0000\000"
  73      00000780 
  73      1C001800 
ARM GAS  /tmp/cctVNghU.s 			page 5


  73      3000
  74 02ca 37003980 		.ascii	"7\0009\2001\2001\200\031\200\017\000\000\000\000\000"
  74      31803180 
  74      19800F00 
  74      00000000 
  75 02da 00000000 		.ascii	"\000\000\000\000\000\000\000\000\177\000C\000\003\000"
  75      00000000 
  75      7F004300 
  75      0300
  76 02e8 06000600 		.ascii	"\006\000\006\000\006\000\006\000\014\000\014\000\014"
  76      06000600 
  76      0C000C00 
  76      0C
  77 02f5 00000000 		.ascii	"\000\000\000\000\000\000\000\000\000\000\000\000\000"
  77      00000000 
  77      00000000 
  77      00
  78 0302 1F003180 		.ascii	"\037\0001\2001\2001\200\037\0001\2001\2001\2001\200"
  78      31803180 
  78      1F003180 
  78      31803180 
  78      3180
  79 0314 1F000000 		.ascii	"\037\000\000\000\000\000\000\000\000\000\000\000\000"
  79      00000000 
  79      00000000 
  79      00
  80 0321 001E0033 		.ascii	"\000\036\0003\0001\2001\2003\200\035\200\001\200\003"
  80      00318031 
  80      8033801D 
  80      80018003 
  81 0331 0007003C 		.ascii	"\000\007\000<\000\000\000\000\000\000\000\000\000\000"
  81      00000000 
  81      00000000 
  81      0000
  82 033f 00000000 		.ascii	"\000\000\000\000\000\000\000\000\000\014\000\014\000"
  82      00000000 
  82      000C000C 
  82      00
  83 034c 00000000 		.ascii	"\000\000\000\000\000\000\014\000\014\000\000\000\000"
  83      00000C00 
  83      0C000000 
  83      00
  84 0359 00000000 		.ascii	"\000\000\000\000\000\000\000\000\000\000\000\000\000"
  84      00000000 
  84      00000000 
  84      00
  85 0366 00000300 		.ascii	"\000\000\003\000\003\000\000\000\000\000\000\000\006"
  85      03000000 
  85      00000000 
  85      06
  86 0373 00040008 		.ascii	"\000\004\000\010\000\010\000\000\000\000\000\000\000"
  86      00080000 
  86      00000000 
  86      00
  87 0380 00000000 		.ascii	"\000\000\000\000\000\300\003\000\004\000\030\000`\000"
  87      00C00300 
  87      04001800 
ARM GAS  /tmp/cctVNghU.s 			page 6


  87      6000
  88 038e 18000400 		.ascii	"\030\000\004\000\003\000\000\300\000\000\000\000\000"
  88      030000C0 
  88      00000000 
  88      00
  89 039b 00000000 		.ascii	"\000\000\000\000\000\000\000\000\000\000\000\000\000"
  89      00000000 
  89      00000000 
  89      00
  90 03a8 00007FC0 		.ascii	"\000\000\177\300\000\000\177\300\000\000\000\000\000"
  90      00007FC0 
  90      00000000 
  90      00
  91 03b5 00000000 		.ascii	"\000\000\000\000\000\000\000\000\000\000\000\000\000"
  91      00000000 
  91      00000000 
  91      00
  92 03c2 00006000 		.ascii	"\000\000`\000\030\000\004\000\003\000\000\300\003\000"
  92      18000400 
  92      030000C0 
  92      0300
  93 03d0 04001800 		.ascii	"\004\000\030\000`\000\000\000\000\000\000\000\000\000"
  93      60000000 
  93      00000000 
  93      0000
  94 03de 00000000 		.ascii	"\000\000\000\000\000\000\037\0001\2001\200\001\200\007"
  94      00001F00 
  94      31803180 
  94      018007
  95 03ed 000C000C 		.ascii	"\000\014\000\014\000\000\000\014\000\000\000\000\000"
  95      0000000C 
  95      00000000 
  95      00
  96 03fa 00000000 		.ascii	"\000\000\000\000\000\000\000\000\016\000\021\000!\000"
  96      00000000 
  96      0E001100 
  96      2100
  97 0408 21002700 		.ascii	"!\000'\000)\000)\000'\000 \000\021\000\016\000\000\000"
  97      29002900 
  97      27002000 
  97      11000E00 
  97      0000
  98 041a 00000000 		.ascii	"\000\000\000\000\000\000\000\000\000\000?\000\017\000"
  98      00000000 
  98      00003F00 
  98      0F00
  99 0428 09001980 		.ascii	"\011\000\031\200\031\200\037\2000\3000\300y\340\000"
  99      19801F80 
  99      30C030C0 
  99      79E000
 100 0437 00000000 		.ascii	"\000\000\000\000\000\000\000\000\000\000\000\000\000"
 100      00000000 
 100      00000000 
 100      00
 101 0444 7F003180 		.ascii	"\177\0001\2001\2001\200?\0001\2001\2001\200\177\000"
 101      31803180 
 101      3F003180 
ARM GAS  /tmp/cctVNghU.s 			page 7


 101      31803180 
 101      7F00
 102 0456 00000000 		.ascii	"\000\000\000\000\000\000\000\000\000\000\000\000\000"
 102      00000000 
 102      00000000 
 102      00
 103 0463 001F4030 		.ascii	"\000\037@0\300`@`\000`\000`\000`@0\200\037\000\000\000"
 103      C0604060 
 103      00600060 
 103      00604030 
 103      801F0000 
 104 0478 00000000 		.ascii	"\000\000\000\000\000\000\000\000\000\000\000\000\177"
 104      00000000 
 104      00000000 
 104      7F
 105 0485 00318030 		.ascii	"\0001\2000\3000\3000\3000\3000\3001\200\177\000\000"
 105      C030C030 
 105      C030C030 
 105      C031807F 
 105      0000
 106 0497 00000000 		.ascii	"\000\000\000\000\000\000\000\000\000\000\000\000\000"
 106      00000000 
 106      00000000 
 106      00
 107 04a4 7F803080 		.ascii	"\177\2000\2000\2002\000>\0002\0000\2000\200\177\200"
 107      30803200 
 107      3E003200 
 107      30803080 
 107      7F80
 108 04b6 00000000 		.ascii	"\000\000\000\000\000\000\000\000\000\000\000\000\000"
 108      00000000 
 108      00000000 
 108      00
 109 04c3 007FC030 		.ascii	"\000\177\3000@0@2\000>\0002\0000\0000\000|\000\000\000"
 109      40304032 
 109      003E0032 
 109      00300030 
 109      007C0000 
 110 04d8 00000000 		.ascii	"\000\000\000\000\000\000\000\000\000\000\000\000\036"
 110      00000000 
 110      00000000 
 110      1E
 111 04e5 80318060 		.ascii	"\2001\200`\200`\000`\000g\300a\2001\200\037\000\000"
 111      80600060 
 111      0067C061 
 111      8031801F 
 111      0000
 112 04f7 00000000 		.ascii	"\000\000\000\000\000\000\000\000\000\000\000\000\000"
 112      00000000 
 112      00000000 
 112      00
 113 0504 7BC03180 		.ascii	"{\3001\2001\2001\200?\2001\2001\2001\200{\300\000\000"
 113      31803180 
 113      3F803180 
 113      31803180 
 113      7BC00000 
 114 0518 00000000 		.ascii	"\000\000\000\000\000\000\000\000\000\000\000\000?\300"
ARM GAS  /tmp/cctVNghU.s 			page 8


 114      00000000 
 114      00000000 
 114      3FC0
 115 0526 06000600 		.ascii	"\006\000\006\000\006\000\006\000\006\000\006\000\006"
 115      06000600 
 115      06000600 
 115      06
 116 0533 003FC000 		.ascii	"\000?\300\000\000\000\000\000\000\000\000\000\000\000"
 116      00000000 
 116      00000000 
 116      0000
 117 0541 0000001F 		.ascii	"\000\000\000\037\300\003\000\003\000\003\000\003\000"
 117      C0030003 
 117      00030003 
 117      00
 118 054e 63006300 		.ascii	"c\000c\000c\000>\000\000\000\000\000\000\000\000\000"
 118      63003E00 
 118      00000000 
 118      00000000 
 119 055e 00000000 		.ascii	"\000\000\000\000\000\000{\3001\2003\0006\000<\000>\000"
 119      00007BC0 
 119      31803300 
 119      36003C00 
 119      3E00
 120 0570 33003180 		.ascii	"3\0001\200y\300\000\000\000\000\000\000\000\000\000"
 120      79C00000 
 120      00000000 
 120      000000
 121 057f 00000000 		.ascii	"\000\000\000\000\000~\000\030\000\030\000\030\000\030"
 121      007E0018 
 121      00180018 
 121      0018
 122 058d 00184018 		.ascii	"\000\030@\030@\030@\177\300\000\000\000\000\000\000"
 122      4018407F 
 122      C0000000 
 122      000000
 123 059c 00000000 		.ascii	"\000\000\000\000\000\000\000\000\340\340`\300q\300{"
 123      00000000 
 123      E0E060C0 
 123      71C07B
 124 05ab C06AC06E 		.ascii	"\300j\300n\300d\300`\300\373\340\000\000\000\000\000"
 124      C064C060 
 124      C0FBE000 
 124      00000000 
 125 05bb 00000000 		.ascii	"\000\000\000\000\000\000\000\000\000s\3001\2009\200"
 125      00000000 
 125      0073C031 
 125      803980
 126 05ca 3D803580 		.ascii	"=\2005\2007\2003\2001\200y\200\000\000\000\000\000\000"
 126      37803380 
 126      31807980 
 126      00000000 
 126      0000
 127 05dc 00000000 		.ascii	"\000\000\000\000\000\000\000\000\037\0001\200`\300`"
 127      00000000 
 127      1F003180 
 127      60C060
ARM GAS  /tmp/cctVNghU.s 			page 9


 128 05eb C060C060 		.ascii	"\300`\300`\300`\3001\200\037\000\000\000\000\000\000"
 128      C060C031 
 128      801F0000 
 128      00000000 
 129 05fb 00000000 		.ascii	"\000\000\000\000\000\000\000\000\000\177\0001\2001\200"
 129      00000000 
 129      007F0031 
 129      803180
 130 060a 31803180 		.ascii	"1\2001\200?\0000\0000\000~\000\000\000\000\000\000\000"
 130      3F003000 
 130      30007E00 
 130      00000000 
 130      0000
 131 061c 00000000 		.ascii	"\000\000\000\000\000\000\000\000\037\0001\200`\300`"
 131      00000000 
 131      1F003180 
 131      60C060
 132 062b C060C060 		.ascii	"\300`\300`\300`\3001\200\037\000\014\300\037\200\000"
 132      C060C031 
 132      801F000C 
 132      C01F8000 
 133 063b 00000000 		.ascii	"\000\000\000\000\000\000\000\000\000\177\0001\2001\200"
 133      00000000 
 133      007F0031 
 133      803180
 134 064a 31803E00 		.ascii	"1\200>\0003\0001\2001\200|\340\000\000\000\000\000\000"
 134      33003180 
 134      31807CE0 
 134      00000000 
 134      0000
 135 065c 00000000 		.ascii	"\000\000\000\000\000\000\000\000\037\2001\2001\2008"
 135      00000000 
 135      1F803180 
 135      318038
 136 066b 001F0003 		.ascii	"\000\037\000\003\2001\2001\200?\000\000\000\000\000"
 136      80318031 
 136      803F0000 
 136      000000
 137 067a 00000000 		.ascii	"\000\000\000\000\000\000\000\000\000\000\177\200L\200"
 137      00000000 
 137      00007F80 
 137      4C80
 138 0688 4C804C80 		.ascii	"L\200L\200\014\000\014\000\014\000\014\000?\000\000"
 138      0C000C00 
 138      0C000C00 
 138      3F0000
 139 0697 00000000 		.ascii	"\000\000\000\000\000\000\000\000\000\000\000\000\000"
 139      00000000 
 139      00000000 
 139      00
 140 06a4 7BC03180 		.ascii	"{\3001\2001\2001\2001\2001\2001\2001\200\037\000\000"
 140      31803180 
 140      31803180 
 140      31803180 
 140      1F0000
 141 06b7 00000000 		.ascii	"\000\000\000\000\000\000\000\000\000\000\000\000\000"
 141      00000000 
ARM GAS  /tmp/cctVNghU.s 			page 10


 141      00000000 
 141      00
 142 06c4 7BC03180 		.ascii	"{\3001\2001\200\033\000\033\000\033\000\012\000\016"
 142      31801B00 
 142      1B001B00 
 142      0A000E
 143 06d3 000E0000 		.ascii	"\000\016\000\000\000\000\000\000\000\000\000\000\000"
 143      00000000 
 143      00000000 
 143      00
 144 06e0 00000000 		.ascii	"\000\000\000\000\373\340`\300d\300n\300n\300*\200;\200"
 144      FBE060C0 
 144      64C06EC0 
 144      6EC02A80 
 144      3B80
 145 06f2 3B803180 		.ascii	";\2001\200\000\000\000\000\000\000\000\000\000\000\000"
 145      00000000 
 145      00000000 
 145      000000
 146 0701 0000007B 		.ascii	"\000\000\000{\3001\200\033\000\016\000\016\000\016\000"
 146      C031801B 
 146      000E000E 
 146      000E00
 147 0710 1B003180 		.ascii	"\033\0001\200{\300\000\000\000\000\000\000\000\000\000"
 147      7BC00000 
 147      00000000 
 147      000000
 148 071f 00000000 		.ascii	"\000\000\000\000\000y\3400\300\031\200\017\000\006\000"
 148      0079E030 
 148      C019800F 
 148      000600
 149 072e 06000600 		.ascii	"\006\000\006\000\006\000\037\200\000\000\000\000\000"
 149      06001F80 
 149      00000000 
 149      00
 150 073b 00000000 		.ascii	"\000\000\000\000\000\000\000\000\000?\200!\200#\000"
 150      00000000 
 150      003F8021 
 150      802300
 151 074a 06000400 		.ascii	"\006\000\004\000\014\000\030\2000\200?\200\000\000\000"
 151      0C001880 
 151      30803F80 
 151      000000
 152 0759 00000000 		.ascii	"\000\000\000\000\000\000\000\000\000\007\200\006\000"
 152      00000000 
 152      00078006 
 152      00
 153 0766 06000600 		.ascii	"\006\000\006\000\006\000\006\000\006\000\006\000\006"
 153      06000600 
 153      06000600 
 153      06
 154 0773 00060006 		.ascii	"\000\006\000\006\000\007\200\000\000\000\000\000\000"
 154      00078000 
 154      00000000 
 154      00
 155 0780 30003000 		.ascii	"0\0000\000\030\000\030\000\014\000\014\000\006\000\003"
 155      18001800 
ARM GAS  /tmp/cctVNghU.s 			page 11


 155      0C000C00 
 155      060003
 156 078f 00030001 		.ascii	"\000\003\000\001\200\001\200\000\300\000\300\000\000"
 156      80018000 
 156      C000C000 
 156      00
 157 079c 00000000 		.ascii	"\000\000\000\000\000\000\036\000\006\000\006\000\006"
 157      00001E00 
 157      06000600 
 157      06
 158 07a9 00060006 		.ascii	"\000\006\000\006\000\006\000\006\000\006\000\006\000"
 158      00060006 
 158      00060006 
 158      00
 159 07b6 06001E00 		.ascii	"\006\000\036\000\000\000\000\000\000\000\004\000\012"
 159      00000000 
 159      00000400 
 159      0A
 160 07c3 000A0011 		.ascii	"\000\012\000\021\000 \200 \200\000\000\000\000"
 160      00208020 
 160      80000000 
 160      00
 161 07d0 00000000 		.ascii	"\000\000\000\000\000\000\000\000\000\000\000\000\000"
 161      00000000 
 161      00000000 
 161      00
 162 07dd 00000000 		.ascii	"\000\000\000\000\000\000\000\000\000\000\000\000\000"
 162      00000000 
 162      00000000 
 162      00
 163 07ea 00000000 		.ascii	"\000\000\000\000\000\000\000\000\000\000\000\000\000"
 163      00000000 
 163      00000000 
 163      00
 164 07f7 00000000 		.ascii	"\000\000\000\000\000\000\000\377\340\010\000\004\000"
 164      000000FF 
 164      E0080004 
 164      00
 165 0804 02000000 		.ascii	"\002\000\000\000\000\000\000\000\000\000\000\000\000"
 165      00000000 
 165      00000000 
 165      00
 166 0811 00000000 		.ascii	"\000\000\000\000\000\000\000\000\000\000\000\000\000"
 166      00000000 
 166      00000000 
 166      00
 167 081e 00000000 		.ascii	"\000\000\000\000\000\000\000\000\000\000\037\000\001"
 167      00000000 
 167      00001F00 
 167      01
 168 082b 8001801F 		.ascii	"\200\001\200\037\2001\2003\200\035\300\000\000\000\000"
 168      80318033 
 168      801DC000 
 168      000000
 169 083a 00000000 		.ascii	"\000\000\000\000\000\000\000\000p\0000\0000\0007\000"
 169      00000000 
 169      70003000 
ARM GAS  /tmp/cctVNghU.s 			page 12


 169      30003700 
 170 084a 398030C0 		.ascii	"9\2000\3000\3000\3009\200w\000\000\000\000\000\000\000"
 170      30C030C0 
 170      39807700 
 170      00000000 
 170      0000
 171 085c 00000000 		.ascii	"\000\000\000\000\000\000\000\000\000\000\000\000\036"
 171      00000000 
 171      00000000 
 171      1E
 172 0869 80318060 		.ascii	"\2001\200`\200`\000`\2001\200\037\000\000\000\000\000"
 172      80600060 
 172      8031801F 
 172      00000000 
 172      00
 173 087a 00000000 		.ascii	"\000\000\000\000\000\000\000\000\003\200\001\200\001"
 173      00000000 
 173      03800180 
 173      01
 174 0887 801D8033 		.ascii	"\200\035\2003\200a\200a\200a\2003\200\035\300\000\000"
 174      80618061 
 174      80618033 
 174      801DC000 
 174      00
 175 0898 00000000 		.ascii	"\000\000\000\000\000\000\000\000\000\000\000\000\000"
 175      00000000 
 175      00000000 
 175      00
 176 08a5 0000001F 		.ascii	"\000\000\000\037\0001\200`\300\177\300`\0000\300\037"
 176      00318060 
 176      C07FC060 
 176      0030C01F 
 177 08b5 80000000 		.ascii	"\200\000\000\000\000\000\000\000\000\000\000\000\000"
 177      00000000 
 177      00000000 
 177      00
 178 08c2 07E00C00 		.ascii	"\007\340\014\000\014\000?\200\014\000\014\000\014\000"
 178      0C003F80 
 178      0C000C00 
 178      0C00
 179 08d0 0C000C00 		.ascii	"\014\000\014\000?\200\000\000\000\000\000\000\000\000"
 179      3F800000 
 179      00000000 
 179      0000
 180 08de 00000000 		.ascii	"\000\000\000\000\000\000\000\000\000\000\035\3003\200"
 180      00000000 
 180      00001DC0 
 180      3380
 181 08ec 61806180 		.ascii	"a\200a\200a\2003\200\035\200\001\200\001\200\037\000"
 181      61803380 
 181      1D800180 
 181      01801F00 
 182 08fc 00000000 		.ascii	"\000\000\000\000\000\000p\0000\0000\0007\0009\2001\200"
 182      00007000 
 182      30003000 
 182      37003980 
 182      3180
ARM GAS  /tmp/cctVNghU.s 			page 13


 183 090e 31803180 		.ascii	"1\2001\2001\200{\300\000\000\000\000\000\000\000\000"
 183      31807BC0 
 183      00000000 
 183      00000000 
 184 091e 00000000 		.ascii	"\000\000\000\000\006\000\006\000\000\000\036\000\006"
 184      06000600 
 184      00001E00 
 184      06
 185 092b 00060006 		.ascii	"\000\006\000\006\000\006\000\006\000?\300\000\000\000"
 185      00060006 
 185      003FC000 
 185      0000
 186 0939 00000000 		.ascii	"\000\000\000\000\000\000\000\000\000\006\000\006\000"
 186      00000000 
 186      00060006 
 186      00
 187 0946 00003F00 		.ascii	"\000\000?\000\003\000\003\000\003\000\003\000\003\000"
 187      03000300 
 187      03000300 
 187      0300
 188 0954 03000300 		.ascii	"\003\000\003\000\003\000>\000\000\000\000\000\000\000"
 188      03003E00 
 188      00000000 
 188      0000
 189 0962 70003000 		.ascii	"p\0000\0000\0007\2006\000<\000<\0006\0003\000w\300\000"
 189      30003780 
 189      36003C00 
 189      3C003600 
 189      330077C0 
 190 0977 00000000 		.ascii	"\000\000\000\000\000\000\000\000\000\000\000\036\000"
 190      00000000 
 190      0000001E 
 190      00
 191 0984 06000600 		.ascii	"\006\000\006\000\006\000\006\000\006\000\006\000\006"
 191      06000600 
 191      06000600 
 191      06
 192 0991 0006003F 		.ascii	"\000\006\000?\300\000\000\000\000\000\000\000\000\000"
 192      C0000000 
 192      00000000 
 192      0000
 193 099f 00000000 		.ascii	"\000\000\000\000\000\000\000\000\000\177\2006\3006\300"
 193      00000000 
 193      007F8036 
 193      C036C0
 194 09ae 36C036C0 		.ascii	"6\3006\3006\300v\340\000\000\000\000\000\000\000\000"
 194      36C076E0 
 194      00000000 
 194      00000000 
 195 09be 00000000 		.ascii	"\000\000\000\000\000\000\000\000\000\000w\0009\2001"
 195      00000000 
 195      00007700 
 195      398031
 196 09cd 80318031 		.ascii	"\2001\2001\2001\200{\300\000\000\000\000\000\000\000"
 196      8031807B 
 196      C0000000 
 196      00000000 
ARM GAS  /tmp/cctVNghU.s 			page 14


 197 09dd 00000000 		.ascii	"\000\000\000\000\000\000\000\000\000\000\000\037\000"
 197      00000000 
 197      0000001F 
 197      00
 198 09ea 318060C0 		.ascii	"1\200`\300`\300`\3001\200\037\000\000\000\000\000\000"
 198      60C060C0 
 198      31801F00 
 198      00000000 
 198      00
 199 09fb 00000000 		.ascii	"\000\000\000\000\000\000\000\000\000\000\000\000\000"
 199      00000000 
 199      00000000 
 199      00
 200 0a08 77003980 		.ascii	"w\0009\2000\3000\3000\3009\2007\0000\0000\000|\000\000"
 200      30C030C0 
 200      30C03980 
 200      37003000 
 200      30007C00 
 201 0a1d 00000000 		.ascii	"\000\000\000\000\000\000\000\000\000\000\000\035\300"
 201      00000000 
 201      0000001D 
 201      C0
 202 0a2a 33806180 		.ascii	"3\200a\200a\200a\2003\200\035\200\001\200\001\200\007"
 202      61806180 
 202      33801D80 
 202      01800180 
 202      07
 203 0a3b C0000000 		.ascii	"\300\000\000\000\000\000\000\000\000\000\000\000\000"
 203      00000000 
 203      00000000 
 203      00
 204 0a48 7B801CC0 		.ascii	"{\200\034\300\030\000\030\000\030\000\030\000\177\000"
 204      18001800 
 204      18001800 
 204      7F00
 205 0a56 00000000 		.ascii	"\000\000\000\000\000\000\000\000\000\000\000\000\000"
 205      00000000 
 205      00000000 
 205      00
 206 0a63 00000000 		.ascii	"\000\000\000\000\000\037\2001\200<\000\037\000\003\200"
 206      001F8031 
 206      803C001F 
 206      000380
 207 0a72 31803F00 		.ascii	"1\200?\000\000\000\000\000\000\000\000\000\000\000\000"
 207      00000000 
 207      00000000 
 207      000000
 208 0a81 00180018 		.ascii	"\000\030\000\030\000\030\000\177\000\030\000\030\000"
 208      0018007F 
 208      00180018 
 208      00
 209 0a8e 18001800 		.ascii	"\030\000\030\000\030\200\017\000\000\000\000\000\000"
 209      18800F00 
 209      00000000 
 209      00
 210 0a9b 00000000 		.ascii	"\000\000\000\000\000\000\000\000\000\000\000\000\000"
 210      00000000 
ARM GAS  /tmp/cctVNghU.s 			page 15


 210      00000000 
 210      00
 211 0aa8 73803180 		.ascii	"s\2001\2001\2001\2001\2003\200\035\300\000\000\000\000"
 211      31803180 
 211      31803380 
 211      1DC00000 
 211      0000
 212 0aba 00000000 		.ascii	"\000\000\000\000\000\000\000\000\000\000\000\000\000"
 212      00000000 
 212      00000000 
 212      00
 213 0ac7 007BC031 		.ascii	"\000{\3001\2001\200\033\000\033\000\016\000\016\000"
 213      8031801B 
 213      001B000E 
 213      000E00
 214 0ad6 00000000 		.ascii	"\000\000\000\000\000\000\000\000\000\000\000\000\000"
 214      00000000 
 214      00000000 
 214      00
 215 0ae3 00000000 		.ascii	"\000\000\000\000\000\361\340`\300d\300n\300;\200;\200"
 215      00F1E060 
 215      C064C06E 
 215      C03B803B 
 215      80
 216 0af4 31800000 		.ascii	"1\200\000\000\000\000\000\000\000\000\000\000\000\000"
 216      00000000 
 216      00000000 
 216      0000
 217 0b02 00000000 		.ascii	"\000\000\000\000\000\000{\300\033\000\016\000\016\000"
 217      00007BC0 
 217      1B000E00 
 217      0E00
 218 0b10 0E001B00 		.ascii	"\016\000\033\000{\300\000\000\000\000\000\000\000\000"
 218      7BC00000 
 218      00000000 
 218      0000
 219 0b1e 00000000 		.ascii	"\000\000\000\000\000\000\000\000\000\000y\3400\300\031"
 219      00000000 
 219      000079E0 
 219      30C019
 220 0b2d 8019800B 		.ascii	"\200\031\200\013\000\017\000\006\000\006\000\014\000"
 220      000F0006 
 220      0006000C 
 220      00
 221 0b3a 3E000000 		.ascii	">\000\000\000\000\000\000\000\000\000\000\000\000\000"
 221      00000000 
 221      00000000 
 221      0000
 222 0b48 3F802180 		.ascii	"?\200!\200\003\000\016\000\030\0000\200?\200\000\000"
 222      03000E00 
 222      18003080 
 222      3F800000 
 223 0b58 00000000 		.ascii	"\000\000\000\000\000\000\000\000\000\000\006\000\014"
 223      00000000 
 223      00000600 
 223      0C
 224 0b65 000C000C 		.ascii	"\000\014\000\014\000\014\000\014\000\030\000\014\000"
ARM GAS  /tmp/cctVNghU.s 			page 16


 224      000C000C 
 224      0018000C 
 224      00
 225 0b72 0C000C00 		.ascii	"\014\000\014\000\014\000\006\000\000\000\000\000\000"
 225      0C000600 
 225      00000000 
 225      00
 226 0b7f 00000006 		.ascii	"\000\000\000\006\000\006\000\006\000\006\000\006\000"
 226      00060006 
 226      00060006 
 226      00
 227 0b8c 06000600 		.ascii	"\006\000\006\000\006\000\006\000\006\000\006\000\006"
 227      06000600 
 227      06000600 
 227      06
 228 0b99 00000000 		.ascii	"\000\000\000\000\000\000\000\000\000\014\000\006\000"
 228      00000000 
 228      000C0006 
 228      00
 229 0ba6 06000600 		.ascii	"\006\000\006\000\006\000\006\000\003\000\006\000\006"
 229      06000600 
 229      03000600 
 229      06
 230 0bb3 00060006 		.ascii	"\000\006\000\006\000\014\000\000\000\000\000\000\000"
 230      000C0000 
 230      00000000 
 230      00
 231 0bc0 00000000 		.ascii	"\000\000\000\000\000\000\000\000\000\000\030\000$\200"
 231      00000000 
 231      00001800 
 231      2480
 232 0bce 03000000 		.ascii	"\003\000\000\000\000\000\000\000\000\000\000\000\000"
 232      00000000 
 232      00000000 
 232      00
 233 0bdb 00000000 		.ascii	"\000\000\000\000\000"
 233      00
 234              		.global	Font16
 235              		.section	.data.Font16,"aw"
 236              		.align	2
 239              	Font16:
 240 0000 00000000 		.word	Font16_Table
 241 0004 0B00     		.short	11
 242 0006 1000     		.short	16
 243              		.text
 244              	.Letext0:
 245              		.file 1 "/usr/lib/gcc/arm-none-eabi/9.2.1/include/stdint.h"
 246              		.file 2 "./BSP/ST/Fonts/fonts.h"
 247              		.file 3 "./BSP/ST/Fonts/font16.c"
ARM GAS  /tmp/cctVNghU.s 			page 17


DEFINED SYMBOLS
                            *ABS*:0000000000000000 font16.c
     /tmp/cctVNghU.s:21     .rodata.Font16_Table:0000000000000000 Font16_Table
     /tmp/cctVNghU.s:18     .rodata.Font16_Table:0000000000000000 $d
     /tmp/cctVNghU.s:239    .data.Font16:0000000000000000 Font16
     /tmp/cctVNghU.s:236    .data.Font16:0000000000000000 $d

NO UNDEFINED SYMBOLS
