ARM GAS  /tmp/cctn93XE.s 			page 1


   1              		.cpu cortex-m7
   2              		.eabi_attribute 28, 1
   3              		.eabi_attribute 20, 1
   4              		.eabi_attribute 21, 1
   5              		.eabi_attribute 23, 3
   6              		.eabi_attribute 24, 1
   7              		.eabi_attribute 25, 1
   8              		.eabi_attribute 26, 1
   9              		.eabi_attribute 30, 6
  10              		.eabi_attribute 34, 1
  11              		.eabi_attribute 18, 4
  12              		.file	"font12.c"
  13              		.text
  14              	.Ltext0:
  15              		.cfi_sections	.debug_frame
  16              		.global	Font12_Table
  17              		.section	.rodata.Font12_Table,"a"
  18              		.align	2
  21              	Font12_Table:
  22 0000 00000000 		.ascii	"\000\000\000\000\000\000\000\000\000\000\000\000\000"
  22      00000000 
  22      00000000 
  22      00
  23 000d 10101010 		.ascii	"\020\020\020\020\020\000\000\020\000\000\000\000lHH"
  23      10000010 
  23      00000000 
  23      6C4848
  24 001c 00000000 		.ascii	"\000\000\000\000\000\000\000\000\000\024\024(|(|(PP"
  24      00000000 
  24      00141428 
  24      7C287C28 
  24      5050
  25 002e 00000010 		.ascii	"\000\000\000\0208@@8Hp\020\020\000\000\000 P \014p\010"
  25      38404038 
  25      48701010 
  25      00000020 
  25      50200C70 
  26 0043 14080000 		.ascii	"\024\010\000\000\000\000\000\000\030  TH4\000\000\000"
  26      00000000 
  26      18202054 
  26      48340000 
  26      00
  27 0054 00101010 		.ascii	"\000\020\020\020\020\000\000\000\000\000\000\000\000"
  27      10000000 
  27      00000000 
  27      00
  28 0061 08081010 		.ascii	"\010\010\020\020\020\020\020\020\010\010\000\000  \020"
  28      10101010 
  28      08080000 
  28      202010
  29 0070 10101010 		.ascii	"\020\020\020\020\020  \000\000\020|\020((\000\000\000"
  29      10202000 
  29      00107C10 
  29      28280000 
  29      00
  30 0081 00000000 		.ascii	"\000\000\000\000\000\020\020\020\376\020\020\020\000"
  30      00101010 
ARM GAS  /tmp/cctn93XE.s 			page 2


  30      FE101010 
  30      00
  31 008e 00000000 		.ascii	"\000\000\000\000\000\000\000\000\000\030\0200 \000\000"
  31      00000000 
  31      00181030 
  31      200000
  32 009d 00000000 		.ascii	"\000\000\000\000|\000\000\000\000\000\000\000\000\000"
  32      7C000000 
  32      00000000 
  32      0000
  33 00ab 00000000 		.ascii	"\000\000\000\00000\000\000\000\000\004\004\010\010\020"
  33      30300000 
  33      00000404 
  33      080810
  34 00ba 10202040 		.ascii	"\020  @\000\000\0008DDDDDD8\000\000\000\0000\020\020"
  34      00000038 
  34      44444444 
  34      44443800 
  34      00000030 
  35 00d0 10101010 		.ascii	"\020\020\020\020|\000\000\000\0008D\004\010\020 D|\000"
  35      7C000000 
  35      00384404 
  35      08102044 
  35      7C00
  36 00e2 00000038 		.ascii	"\000\000\0008D\004\030\004\004D8\000\000\000\000\014"
  36      44041804 
  36      04443800 
  36      0000000C 
  37 00f2 14142444 		.ascii	"\024\024$D~\004\016\000\000\000\000<  8\004\004D8\000"
  37      7E040E00 
  37      0000003C 
  37      20203804 
  37      04443800 
  38 0106 0000001C 		.ascii	"\000\000\000\034 @xDDD8\000\000\000\000|D\004\010\010"
  38      20407844 
  38      44443800 
  38      0000007C 
  38      44040808 
  39 011a 08101000 		.ascii	"\010\020\020\000\000\000\0008DD8DDD8\000\000\000\000"
  39      00000038 
  39      44443844 
  39      44443800 
  39      000000
  40 012d 38444444 		.ascii	"8DDD<\004\010p\000\000\000\000\000\00000\000\00000\000"
  40      3C040870 
  40      00000000 
  40      00003030 
  40      00003030 
  41 0142 00000000 		.ascii	"\000\000\000\000\000\030\030\000\000\0300 \000\000\000"
  41      00181800 
  41      00183020 
  41      000000
  42 0151 000C1060 		.ascii	"\000\014\020`\200`\020\014\000\000\000\000\000\000\000"
  42      8060100C 
  42      00000000 
  42      000000
  43 0160 7C007C00 		.ascii	"|\000|\000\000\000\000\000\000\000\300 \030\004\030"
ARM GAS  /tmp/cctn93XE.s 			page 3


  43      00000000 
  43      0000C020 
  43      180418
  44 016f 20C00000 		.ascii	" \300\000\000\000\000\000\030$\004\010\020\0000\000"
  44      00000018 
  44      24040810 
  44      003000
  45 017e 00003844 		.ascii	"\000\0008DDLTTL@D8\000\000\0000\020(((|D\356\000\000"
  45      444C5454 
  45      4C404438 
  45      00000030 
  45      10282828 
  46 0197 0000F844 		.ascii	"\000\000\370DDxDDD\370\000\000\000\000<D@@@@D8\000\000"
  46      44784444 
  46      44F80000 
  46      00003C44 
  46      40404040 
  47 01af 0000F048 		.ascii	"\000\000\360HDDDDH\360\000\000\000\000\374DPpP@D\374"
  47      44444444 
  47      48F00000 
  47      0000FC44 
  47      50705040 
  48 01c5 00000000 		.ascii	"\000\000\000\000~\"(8(  p\000\000\000\000<D@@NDD8\000"
  48      7E222838 
  48      28202070 
  48      00000000 
  48      3C444040 
  49 01de 000000EE 		.ascii	"\000\000\000\356DD|DDD\356\000\000\000\000|\020\020"
  49      44447C44 
  49      4444EE00 
  49      0000007C 
  49      1010
  50 01f0 10101010 		.ascii	"\020\020\020\020|\000\000\000\000<\010\010\010HHH0\000"
  50      7C000000 
  50      003C0808 
  50      08484848 
  50      3000
  51 0202 000000EE 		.ascii	"\000\000\000\356DHPpHD\346\000\000\000\000p    $$|\000"
  51      44485070 
  51      4844E600 
  51      00000070 
  51      20202020 
  52 021a 000000EE 		.ascii	"\000\000\000\356llTTDD\356\000\000\000\000\356ddTTT"
  52      6C6C5454 
  52      4444EE00 
  52      000000EE 
  52      64645454 
  53 022f 4CEC0000 		.ascii	"L\354\000\000\000\0008DDDDDD8\000\000\000\000x$$$8 "
  53      00003844 
  53      44444444 
  53      44380000 
  53      00007824 
  54 0247 20700000 		.ascii	" p\000\000\000\0008DDDDDD8\034\000\000\000\370DDDxH"
  54      00003844 
  54      44444444 
  54      44381C00 
  54      0000F844 
ARM GAS  /tmp/cctn93XE.s 			page 4


  55 025f 44E20000 		.ascii	"D\342\000\000\000\0004L@8\004\004dX\000\000\000\000"
  55      0000344C 
  55      40380404 
  55      64580000 
  55      0000
  56 0271 FE921010 		.ascii	"\376\222\020\020\020\020\0208\000\000\000\000\356DD"
  56      10101038 
  56      00000000 
  56      EE4444
  57 0280 44444444 		.ascii	"DDDD8\000\000\000\000\356DD(((\020\020\000\000\000\000"
  57      38000000 
  57      00EE4444 
  57      28282810 
  57      10000000 
  58 0295 EE444454 		.ascii	"\356DDTTTT(\000\000\000\000\306D(\020\020(D\306\000"
  58      54545428 
  58      00000000 
  58      C6442810 
  58      102844C6 
  59 02aa 000000EE 		.ascii	"\000\000\000\356D((\020\020\0208\000\000\000\000|D\010"
  59      44282810 
  59      10103800 
  59      0000007C 
  59      4408
  60 02bc 10102044 		.ascii	"\020\020 D|\000\000\000\0008        8\000\000@   \020"
  60      7C000000 
  60      00382020 
  60      20202020 
  60      20203800 
  61 02d6 10080808 		.ascii	"\020\010\010\010\000\000\0008\010\010\010\010\010\010"
  61      00000038 
  61      08080808 
  61      0808
  62 02e4 08083800 		.ascii	"\010\0108\000\000\020\020(D\000\000\000\000\000\000"
  62      00101028 
  62      44000000 
  62      000000
  63 02f3 00000000 		.ascii	"\000\000\000\000\000\000\000\000\000\000\000\000\376"
  63      00000000 
  63      00000000 
  63      FE
  64 0300 00100800 		.ascii	"\000\020\010\000\000\000\000\000\000\000\000\000\000"
  64      00000000 
  64      00000000 
  64      00
  65 030d 00003844 		.ascii	"\000\0008D<DD>\000\000\000\000\300@XdDDD\370\000\000"
  65      3C44443E 
  65      00000000 
  65      C0405864 
  65      444444F8 
  66 0323 00000000 		.ascii	"\000\000\000\000<D@@D8\000\000\000\000\014\0044LDDD"
  66      3C444040 
  66      44380000 
  66      00000C04 
  66      344C4444 
  67 0338 3E000000 		.ascii	">\000\000\000\000\000\0008D|@@<\000\000\000\000\034"
  67      00000038 
ARM GAS  /tmp/cctn93XE.s 			page 5


  67      447C4040 
  67      3C000000 
  67      001C
  68 034a 207C2020 		.ascii	" |    |\000\000\000\000\000\0006LDDD<\0048\000\000\300"
  68      20207C00 
  68      00000000 
  68      00364C44 
  68      44443C04 
  69 0362 40586444 		.ascii	"@XdDDD\356\000\000\000\000\020\000p\020\020\020\020"
  69      4444EE00 
  69      00000010 
  69      00701010 
  69      1010
  70 0374 7C000000 		.ascii	"|\000\000\000\000\020\000x\010\010\010\010\010\010p"
  70      00100078 
  70      08080808 
  70      080870
  71 0383 0000C040 		.ascii	"\000\000\300@\\HpPH\334\000\000\000\0000\020\020\020"
  71      5C487050 
  71      48DC0000 
  71      00003010 
  71      1010
  72 0395 1010107C 		.ascii	"\020\020\020|\000\000\000\000\000\000\350TTTT\376\000"
  72      00000000 
  72      0000E854 
  72      545454FE 
  72      00
  73 03a6 00000000 		.ascii	"\000\000\000\000\000\330dDDD\356\000\000\000\000\000"
  73      00D86444 
  73      4444EE00 
  73      00000000 
  74 03b6 00384444 		.ascii	"\0008DDDD8\000\000\000\000\000\000\330dDDDx@\340\000"
  74      44443800 
  74      00000000 
  74      00D86444 
  74      44447840 
  75 03cc 00000036 		.ascii	"\000\000\0006LDDD<\004\016\000\000\000\000l0   |\000"
  75      4C444444 
  75      3C040E00 
  75      0000006C 
  75      30202020 
  76 03e2 00000000 		.ascii	"\000\000\000\000\000<D8\004Dx\000\000\000\000\000 |"
  76      003C4438 
  76      04447800 
  76      00000000 
  76      207C
  77 03f4 20202022 		.ascii	"   \"\034\000\000\000\000\000\000\314DDDL6\000\000\000"
  77      1C000000 
  77      000000CC 
  77      4444444C 
  77      36000000 
  78 0408 000000EE 		.ascii	"\000\000\000\356DD((\020\000\000\000\000\000\000\356"
  78      44442828 
  78      10000000 
  78      000000EE 
  79 0418 44545454 		.ascii	"DTTT(\000\000\000\000\000\000\314H00H\314\000\000\000"
  79      28000000 
ARM GAS  /tmp/cctn93XE.s 			page 6


  79      000000CC 
  79      48303048 
  79      CC000000 
  80 042c 000000EE 		.ascii	"\000\000\000\356D$(\030\020\020x\000\000\000\000|H\020"
  80      44242818 
  80      10107800 
  80      0000007C 
  80      4810
  81 043e 20447C00 		.ascii	" D|\000\000\000\000\010\020\020\020\020 \020\020\020"
  81      00000008 
  81      10101010 
  81      20101010 
  82 044e 08000010 		.ascii	"\010\000\000\020\020\020\020\020\020\020\020\020\000"
  82      10101010 
  82      10101010 
  82      00
  83 045b 00002010 		.ascii	"\000\000 \020\020\020\020\010\020\020\020 \000\000\000"
  83      10101008 
  83      10101020 
  83      000000
  84 046a 00000024 		.ascii	"\000\000\000$X\000\000\000\000\000"
  84      58000000 
  84      0000
  85              		.global	Font12
  86              		.section	.data.Font12,"aw"
  87              		.align	2
  90              	Font12:
  91 0000 00000000 		.word	Font12_Table
  92 0004 0700     		.short	7
  93 0006 0C00     		.short	12
  94              		.text
  95              	.Letext0:
  96              		.file 1 "/usr/lib/gcc/arm-none-eabi/9.2.1/include/stdint.h"
  97              		.file 2 "./BSP/ST/Fonts/fonts.h"
  98              		.file 3 "./BSP/ST/Fonts/font12.c"
ARM GAS  /tmp/cctn93XE.s 			page 7


DEFINED SYMBOLS
                            *ABS*:0000000000000000 font12.c
     /tmp/cctn93XE.s:21     .rodata.Font12_Table:0000000000000000 Font12_Table
     /tmp/cctn93XE.s:18     .rodata.Font12_Table:0000000000000000 $d
     /tmp/cctn93XE.s:90     .data.Font12:0000000000000000 Font12
     /tmp/cctn93XE.s:87     .data.Font12:0000000000000000 $d

NO UNDEFINED SYMBOLS
