ARM GAS  /tmp/ccRHtU08.s 			page 1


   1              		.cpu cortex-m7
   2              		.eabi_attribute 28, 1
   3              		.eabi_attribute 20, 1
   4              		.eabi_attribute 21, 1
   5              		.eabi_attribute 23, 3
   6              		.eabi_attribute 24, 1
   7              		.eabi_attribute 25, 1
   8              		.eabi_attribute 26, 1
   9              		.eabi_attribute 30, 6
  10              		.eabi_attribute 34, 1
  11              		.eabi_attribute 18, 4
  12              		.file	"stm32h7xx_hal_tim.c"
  13              		.text
  14              	.Ltext0:
  15              		.cfi_sections	.debug_frame
  16              	.Letext0:
  17              		.file 1 "/usr/lib/gcc/arm-none-eabi/9.2.1/include/stdint.h"
  18              		.file 2 "./Libraries/CMSIS/Core/Include/core_cm7.h"
  19              		.file 3 "./Libraries/CMSIS/Device/ST/STM32H7xx/Include/system_stm32h7xx.h"
  20              		.file 4 "/usr/lib/gcc/arm-none-eabi/9.2.1/include/stddef.h"
  21              		.file 5 "/usr/include/newlib/sys/_types.h"
  22              		.file 6 "/usr/include/newlib/sys/reent.h"
  23              		.file 7 "/usr/include/newlib/sys/lock.h"
  24              		.file 8 "/usr/include/newlib/math.h"
  25              		.file 9 "./Libraries/STM32H7xx_HAL_Driver/Inc/stm32h7xx_hal_def.h"
  26              		.file 10 "./Libraries/STM32H7xx_HAL_Driver/Inc/stm32h7xx_hal_flash.h"
  27              		.file 11 "./Libraries/STM32H7xx_HAL_Driver/Inc/stm32h7xx_hal_uart.h"
  28              		.file 12 "./Libraries/STM32H7xx_HAL_Driver/Inc/stm32h7xx_hal.h"
ARM GAS  /tmp/ccRHtU08.s 			page 2


DEFINED SYMBOLS
                            *ABS*:0000000000000000 stm32h7xx_hal_tim.c

NO UNDEFINED SYMBOLS
