ARM GAS  /tmp/ccBo3w2v.s 			page 1


   1              		.cpu cortex-m7
   2              		.eabi_attribute 28, 1
   3              		.eabi_attribute 20, 1
   4              		.eabi_attribute 21, 1
   5              		.eabi_attribute 23, 3
   6              		.eabi_attribute 24, 1
   7              		.eabi_attribute 25, 1
   8              		.eabi_attribute 26, 1
   9              		.eabi_attribute 30, 6
  10              		.eabi_attribute 34, 1
  11              		.eabi_attribute 18, 4
  12              		.file	"stm32h7xx_hal_msp.c"
  13              		.text
  14              	.Ltext0:
  15              		.cfi_sections	.debug_frame
  16              	.Letext0:
  17              		.file 1 "/usr/lib/gcc/arm-none-eabi/9.2.1/include/stdint.h"
  18              		.file 2 "./Libraries/CMSIS/Core/Include/core_cm7.h"
  19              		.file 3 "./Libraries/CMSIS/Device/ST/STM32H7xx/Include/system_stm32h7xx.h"
  20              		.file 4 "./Libraries/CMSIS/Device/ST/STM32H7xx/Include/stm32h747xx.h"
  21              		.file 5 "/usr/lib/gcc/arm-none-eabi/9.2.1/include/stddef.h"
  22              		.file 6 "/usr/include/newlib/sys/_types.h"
  23              		.file 7 "/usr/include/newlib/sys/reent.h"
  24              		.file 8 "/usr/include/newlib/sys/lock.h"
  25              		.file 9 "/usr/include/newlib/math.h"
  26              		.file 10 "./Libraries/STM32H7xx_HAL_Driver/Inc/stm32h7xx_hal_def.h"
  27              		.file 11 "./Libraries/STM32H7xx_HAL_Driver/Inc/stm32h7xx_hal_dma.h"
  28              		.file 12 "./Libraries/STM32H7xx_HAL_Driver/Inc/stm32h7xx_hal_mdma.h"
  29              		.file 13 "./Libraries/STM32H7xx_HAL_Driver/Inc/stm32h7xx_hal_dma2d.h"
  30              		.file 14 "./Libraries/STM32H7xx_HAL_Driver/Inc/stm32h7xx_hal_dsi.h"
  31              		.file 15 "./Libraries/STM32H7xx_HAL_Driver/Inc/stm32h7xx_hal_exti.h"
  32              		.file 16 "./Libraries/STM32H7xx_HAL_Driver/Inc/stm32h7xx_hal_flash.h"
  33              		.file 17 "./Libraries/STM32H7xx_HAL_Driver/Inc/stm32h7xx_hal_i2c.h"
  34              		.file 18 "./Libraries/STM32H7xx_HAL_Driver/Inc/stm32h7xx_hal_ltdc.h"
  35              		.file 19 "./Libraries/STM32H7xx_HAL_Driver/Inc/stm32h7xx_ll_fmc.h"
  36              		.file 20 "./Libraries/STM32H7xx_HAL_Driver/Inc/stm32h7xx_hal_sdram.h"
  37              		.file 21 "./Libraries/STM32H7xx_HAL_Driver/Inc/stm32h7xx_hal_uart.h"
  38              		.file 22 "./Libraries/STM32H7xx_HAL_Driver/Inc/stm32h7xx_hal.h"
  39              		.file 23 "./BSP/ST/stm32h747i_discovery.h"
  40              		.file 24 "./BSP/ST/lcd.h"
  41              		.file 25 "./BSP/ST/../Components/otm8009a/otm8009a_reg.h"
  42              		.file 26 "./BSP/ST/../Components/otm8009a/otm8009a.h"
  43              		.file 27 "./BSP/ST/../Components/adv7533/adv7533_reg.h"
  44              		.file 28 "./BSP/ST/../Components/adv7533/adv7533.h"
  45              		.file 29 "./BSP/ST/stm32h747i_discovery_lcd.h"
  46              		.file 30 "./BSP/ST/stm32h747i_discovery_sdram.h"
  47              		.file 31 "./BSP/ST/stm32h747i_discovery_bus.h"
  48              		.file 32 "./BSP/ST/Fonts/../Fonts/fonts.h"
ARM GAS  /tmp/ccBo3w2v.s 			page 2


DEFINED SYMBOLS
                            *ABS*:0000000000000000 stm32h7xx_hal_msp.c

NO UNDEFINED SYMBOLS
